[0.009s] Invoking command in '/home/ur5e_user/workspace/build/unified_vision_system': CMAKE_PREFIX_PATH=/opt/ros/humble /usr/bin/cmake --build /home/ur5e_user/workspace/build/unified_vision_system -- -j12 -l12
[0.062s] Built target ament_cmake_python_copy_unified_vision_system
[0.176s] running egg_info
[0.182s] writing unified_vision_system.egg-info/PKG-INFO
[0.182s] writing dependency_links to unified_vision_system.egg-info/dependency_links.txt
[0.182s] writing top-level names to unified_vision_system.egg-info/top_level.txt
[0.199s] reading manifest file 'unified_vision_system.egg-info/SOURCES.txt'
[0.199s] writing manifest file 'unified_vision_system.egg-info/SOURCES.txt'
[0.225s] Built target ament_cmake_python_build_unified_vision_system_egg
[0.235s] Invoked command in '/home/ur5e_user/workspace/build/unified_vision_system' returned '0': CMAKE_PREFIX_PATH=/opt/ros/humble /usr/bin/cmake --build /home/ur5e_user/workspace/build/unified_vision_system -- -j12 -l12
[0.244s] Invoking command in '/home/ur5e_user/workspace/build/unified_vision_system': CMAKE_PREFIX_PATH=/opt/ros/humble /usr/bin/cmake --install /home/ur5e_user/workspace/build/unified_vision_system
[0.252s] -- Install configuration: ""
[0.252s] -- Up-to-date: /home/ur5e_user/workspace/install/unified_vision_system/share/unified_vision_system/environment/pythonpath.sh
[0.252s] -- Up-to-date: /home/ur5e_user/workspace/install/unified_vision_system/share/unified_vision_system/environment/pythonpath.dsv
[0.252s] -- Up-to-date: /home/ur5e_user/workspace/install/unified_vision_system/lib/python3.11/site-packages/unified_vision_system-1.0.0-py3.11.egg-info
[0.252s] -- Installing: /home/ur5e_user/workspace/install/unified_vision_system/lib/python3.11/site-packages/unified_vision_system-1.0.0-py3.11.egg-info/PKG-INFO
[0.252s] -- Installing: /home/ur5e_user/workspace/install/unified_vision_system/lib/python3.11/site-packages/unified_vision_system-1.0.0-py3.11.egg-info/SOURCES.txt
[0.252s] -- Installing: /home/ur5e_user/workspace/install/unified_vision_system/lib/python3.11/site-packages/unified_vision_system-1.0.0-py3.11.egg-info/top_level.txt
[0.252s] -- Installing: /home/ur5e_user/workspace/install/unified_vision_system/lib/python3.11/site-packages/unified_vision_system-1.0.0-py3.11.egg-info/dependency_links.txt
[0.252s] -- Up-to-date: /home/ur5e_user/workspace/install/unified_vision_system/lib/python3.11/site-packages/unified_vision_system
[0.252s] -- Up-to-date: /home/ur5e_user/workspace/install/unified_vision_system/lib/python3.11/site-packages/unified_vision_system/__init__.py
[0.278s] Listing '/home/ur5e_user/workspace/install/unified_vision_system/lib/python3.11/site-packages/unified_vision_system'...
[0.283s] -- Up-to-date: /home/ur5e_user/workspace/install/unified_vision_system/lib/unified_vision_system/unified_vision_system_node.py
[0.283s] -- Up-to-date: /home/ur5e_user/workspace/install/unified_vision_system/lib/unified_vision_system/create_sim_calibration.py
[0.283s] -- Up-to-date: /home/ur5e_user/workspace/install/unified_vision_system/share/unified_vision_system/launch
[0.283s] -- Up-to-date: /home/ur5e_user/workspace/install/unified_vision_system/share/unified_vision_system/launch/test_unified_vision_system.py
[0.283s] -- Up-to-date: /home/ur5e_user/workspace/install/unified_vision_system/share/unified_vision_system/launch/.DS_Store
[0.283s] -- Up-to-date: /home/ur5e_user/workspace/install/unified_vision_system/share/unified_vision_system/launch/__pycache__
[0.283s] -- Up-to-date: /home/ur5e_user/workspace/install/unified_vision_system/share/unified_vision_system/launch/__pycache__/launch_gazebo_with_red_cube.cpython-313.pyc
[0.283s] -- Up-to-date: /home/ur5e_user/workspace/install/unified_vision_system/share/unified_vision_system/launch/__pycache__/test_unified_vision_system.cpython-313.pyc
[0.284s] -- Up-to-date: /home/ur5e_user/workspace/install/unified_vision_system/share/unified_vision_system/launch/launch_gazebo_with_red_cube.py
[0.284s] -- Up-to-date: /home/ur5e_user/workspace/install/unified_vision_system/share/unified_vision_system/config
[0.284s] -- Up-to-date: /home/ur5e_user/workspace/install/unified_vision_system/share/unified_vision_system/config/simulation_controllers.yaml
[0.284s] -- Up-to-date: /home/ur5e_user/workspace/install/unified_vision_system/share/unified_vision_system/config/ur5e_robotiq.srdf.xacro
[0.284s] -- Up-to-date: /home/ur5e_user/workspace/install/unified_vision_system/share/unified_vision_system/config/simulation_controllers.yaml.sync
[0.284s] -- Up-to-date: /home/ur5e_user/workspace/install/unified_vision_system/share/unified_vision_system/urdf
[0.284s] -- Up-to-date: /home/ur5e_user/workspace/install/unified_vision_system/share/unified_vision_system/urdf/ur5e_robotiq_realsense.urdf.xacro.sync
[0.284s] -- Up-to-date: /home/ur5e_user/workspace/install/unified_vision_system/share/unified_vision_system/urdf/robotiq_arg85.urdf
[0.284s] -- Installing: /home/ur5e_user/workspace/install/unified_vision_system/share/unified_vision_system/urdf/ur5e_robotiq_realsense.urdf.xacro
[0.284s] -- Up-to-date: /home/ur5e_user/workspace/install/unified_vision_system/share/unified_vision_system/urdf/ur5e_with_realsense.urdf.xacro
[0.284s] -- Up-to-date: /home/ur5e_user/workspace/install/unified_vision_system/share/unified_vision_system/urdf/.DS_Store
[0.284s] -- Up-to-date: /home/ur5e_user/workspace/install/unified_vision_system/share/unified_vision_system/urdf/ur5e_robotiq_realsense.urdf.xacro.backup
[0.284s] -- Installing: /home/ur5e_user/workspace/install/unified_vision_system/share/unified_vision_system/urdf/robotiq_85_stable.urdf.xacro
[0.284s] -- Up-to-date: /home/ur5e_user/workspace/install/unified_vision_system/share/unified_vision_system/urdf/ur5e_robotiq_realsense.urdf.xacro.backup.old
[0.284s] -- Up-to-date: /home/ur5e_user/workspace/install/unified_vision_system/share/unified_vision_system/worlds
[0.284s] -- Up-to-date: /home/ur5e_user/workspace/install/unified_vision_system/share/unified_vision_system/worlds/ur5e_vision_world.world
[0.285s] -- Up-to-date: /home/ur5e_user/workspace/install/unified_vision_system/share/unified_vision_system/meshes
[0.285s] -- Up-to-date: /home/ur5e_user/workspace/install/unified_vision_system/share/unified_vision_system/meshes/outer_knuckle_coarse.STL
[0.285s] -- Up-to-date: /home/ur5e_user/workspace/install/unified_vision_system/share/unified_vision_system/meshes/inner_knuckle_coarse.STL
[0.285s] -- Up-to-date: /home/ur5e_user/workspace/install/unified_vision_system/share/unified_vision_system/meshes/outer_finger_fine.STL
[0.285s] -- Up-to-date: /home/ur5e_user/workspace/install/unified_vision_system/share/unified_vision_system/meshes/inner_finger_fine.STL
[0.285s] -- Up-to-date: /home/ur5e_user/workspace/install/unified_vision_system/share/unified_vision_system/meshes/robotiq_85_base_link_fine.STL
[0.285s] -- Up-to-date: /home/ur5e_user/workspace/install/unified_vision_system/share/unified_vision_system/meshes/inner_finger_coarse.STL
[0.285s] -- Up-to-date: /home/ur5e_user/workspace/install/unified_vision_system/share/unified_vision_system/meshes/inner_knuckle_fine.STL
[0.285s] -- Up-to-date: /home/ur5e_user/workspace/install/unified_vision_system/share/unified_vision_system/meshes/robotiq_85_base_link_coarse.STL
[0.285s] -- Up-to-date: /home/ur5e_user/workspace/install/unified_vision_system/share/unified_vision_system/meshes/outer_finger_coarse.STL
[0.285s] -- Up-to-date: /home/ur5e_user/workspace/install/unified_vision_system/share/unified_vision_system/meshes/outer_knuckle_fine.STL
[0.285s] -- Up-to-date: /home/ur5e_user/workspace/install/unified_vision_system/share/ament_index/resource_index/package_run_dependencies/unified_vision_system
[0.285s] -- Up-to-date: /home/ur5e_user/workspace/install/unified_vision_system/share/ament_index/resource_index/parent_prefix_path/unified_vision_system
[0.285s] -- Up-to-date: /home/ur5e_user/workspace/install/unified_vision_system/share/unified_vision_system/environment/ament_prefix_path.sh
[0.285s] -- Up-to-date: /home/ur5e_user/workspace/install/unified_vision_system/share/unified_vision_system/environment/ament_prefix_path.dsv
[0.285s] -- Up-to-date: /home/ur5e_user/workspace/install/unified_vision_system/share/unified_vision_system/environment/path.sh
[0.285s] -- Up-to-date: /home/ur5e_user/workspace/install/unified_vision_system/share/unified_vision_system/environment/path.dsv
[0.285s] -- Up-to-date: /home/ur5e_user/workspace/install/unified_vision_system/share/unified_vision_system/local_setup.bash
[0.286s] -- Up-to-date: /home/ur5e_user/workspace/install/unified_vision_system/share/unified_vision_system/local_setup.sh
[0.286s] -- Up-to-date: /home/ur5e_user/workspace/install/unified_vision_system/share/unified_vision_system/local_setup.zsh
[0.286s] -- Up-to-date: /home/ur5e_user/workspace/install/unified_vision_system/share/unified_vision_system/local_setup.dsv
[0.286s] -- Installing: /home/ur5e_user/workspace/install/unified_vision_system/share/unified_vision_system/package.dsv
[0.286s] -- Up-to-date: /home/ur5e_user/workspace/install/unified_vision_system/share/ament_index/resource_index/packages/unified_vision_system
[0.286s] -- Up-to-date: /home/ur5e_user/workspace/install/unified_vision_system/share/unified_vision_system/cmake/unified_vision_systemConfig.cmake
[0.286s] -- Up-to-date: /home/ur5e_user/workspace/install/unified_vision_system/share/unified_vision_system/cmake/unified_vision_systemConfig-version.cmake
[0.286s] -- Up-to-date: /home/ur5e_user/workspace/install/unified_vision_system/share/unified_vision_system/package.xml
[0.287s] Invoked command in '/home/ur5e_user/workspace/build/unified_vision_system' returned '0': CMAKE_PREFIX_PATH=/opt/ros/humble /usr/bin/cmake --install /home/ur5e_user/workspace/build/unified_vision_system
