[0.012s] Invoking command in '/workspace/build/unified_vision_system': CMAKE_PREFIX_PATH=/workspace/install/ur_description:/workspace/install/robotiq_description:/opt/ros/humble:/workspace/install/robotiq_2f_85_gripper_visualization:/workspace/install/unified_vision_system:/workspace/install/robotiq_hardware_tests:/workspace/install/robotiq_driver:/workspace/install/serial:/workspace/install/robotiq_controllers CONDA_PROMPT_MODIFIER=(base) /usr/bin/cmake /workspace/src/unified_vision_system -DAMENT_CMAKE_SYMLINK_INSTALL=1 -DCMAKE_INSTALL_PREFIX=/workspace/install/unified_vision_system
[0.065s] -- The C compiler identification is GNU 11.4.0
[0.112s] -- The CXX compiler identification is GNU 11.4.0
[0.120s] -- Detecting C compiler ABI info
[0.182s] -- Detecting C compiler ABI info - done
[0.186s] -- Check for working C compiler: /usr/bin/cc - skipped
[0.186s] -- Detecting C compile features
[0.186s] -- Detecting C compile features - done
[0.189s] -- Detecting CXX compiler ABI info
[0.261s] -- Detecting CXX compiler ABI info - done
[0.266s] -- Check for working CXX compiler: /usr/bin/c++ - skipped
[0.266s] -- Detecting CXX compile features
[0.267s] -- Detecting CXX compile features - done
[0.270s] -- Found ament_cmake: 1.3.12 (/opt/ros/humble/share/ament_cmake/cmake)
[0.507s] -- Found Python3: /opt/miniconda3/bin/python3 (found version "3.11.5") found components: Interpreter 
[0.555s] -- Override CMake install command with custom implementation using symlinks instead of copying resources
[0.716s] -- Configuring done
[0.719s] -- Generating done
[0.722s] -- Build files have been written to: /workspace/build/unified_vision_system
[0.726s] Invoked command in '/workspace/build/unified_vision_system' returned '0': CMAKE_PREFIX_PATH=/workspace/install/ur_description:/workspace/install/robotiq_description:/opt/ros/humble:/workspace/install/robotiq_2f_85_gripper_visualization:/workspace/install/unified_vision_system:/workspace/install/robotiq_hardware_tests:/workspace/install/robotiq_driver:/workspace/install/serial:/workspace/install/robotiq_controllers CONDA_PROMPT_MODIFIER=(base) /usr/bin/cmake /workspace/src/unified_vision_system -DAMENT_CMAKE_SYMLINK_INSTALL=1 -DCMAKE_INSTALL_PREFIX=/workspace/install/unified_vision_system
[0.727s] Invoking command in '/workspace/build/unified_vision_system': CMAKE_PREFIX_PATH=/workspace/install/ur_description:/workspace/install/robotiq_description:/opt/ros/humble:/workspace/install/robotiq_2f_85_gripper_visualization:/workspace/install/unified_vision_system:/workspace/install/robotiq_hardware_tests:/workspace/install/robotiq_driver:/workspace/install/serial:/workspace/install/robotiq_controllers CONDA_PROMPT_MODIFIER=(base) /usr/bin/cmake --build /workspace/build/unified_vision_system -- -j12 -l12
[0.776s] Built target ament_cmake_python_symlink_unified_vision_system
[0.880s] running egg_info
[0.881s] creating unified_vision_system.egg-info
[0.885s] writing unified_vision_system.egg-info/PKG-INFO
[0.886s] writing dependency_links to unified_vision_system.egg-info/dependency_links.txt
[0.886s] writing top-level names to unified_vision_system.egg-info/top_level.txt
[0.886s] writing manifest file 'unified_vision_system.egg-info/SOURCES.txt'
[0.900s] reading manifest file 'unified_vision_system.egg-info/SOURCES.txt'
[0.901s] writing manifest file 'unified_vision_system.egg-info/SOURCES.txt'
[0.932s] Built target ament_cmake_python_build_unified_vision_system_egg
[0.943s] Invoked command in '/workspace/build/unified_vision_system' returned '0': CMAKE_PREFIX_PATH=/workspace/install/ur_description:/workspace/install/robotiq_description:/opt/ros/humble:/workspace/install/robotiq_2f_85_gripper_visualization:/workspace/install/unified_vision_system:/workspace/install/robotiq_hardware_tests:/workspace/install/robotiq_driver:/workspace/install/serial:/workspace/install/robotiq_controllers CONDA_PROMPT_MODIFIER=(base) /usr/bin/cmake --build /workspace/build/unified_vision_system -- -j12 -l12
[0.952s] Invoking command in '/workspace/build/unified_vision_system': CMAKE_PREFIX_PATH=/workspace/install/ur_description:/workspace/install/robotiq_description:/opt/ros/humble:/workspace/install/robotiq_2f_85_gripper_visualization:/workspace/install/unified_vision_system:/workspace/install/robotiq_hardware_tests:/workspace/install/robotiq_driver:/workspace/install/serial:/workspace/install/robotiq_controllers CONDA_PROMPT_MODIFIER=(base) /usr/bin/cmake --install /workspace/build/unified_vision_system
[0.959s] -- Install configuration: ""
[0.959s] -- Execute custom install script
[0.959s] -- Symlinking: /workspace/install/unified_vision_system/share/unified_vision_system/environment/pythonpath.sh
[0.968s] -- Symlinking: /workspace/install/unified_vision_system/share/unified_vision_system/environment/pythonpath.dsv
[0.975s] -- Symlinking: /workspace/install/unified_vision_system/lib/python3.11/site-packages/unified_vision_system-1.0.0-py3.11.egg-info/PKG-INFO
[0.982s] -- Symlinking: /workspace/install/unified_vision_system/lib/python3.11/site-packages/unified_vision_system-1.0.0-py3.11.egg-info/SOURCES.txt
[0.990s] -- Symlinking: /workspace/install/unified_vision_system/lib/python3.11/site-packages/unified_vision_system-1.0.0-py3.11.egg-info/dependency_links.txt
[0.997s] -- Symlinking: /workspace/install/unified_vision_system/lib/python3.11/site-packages/unified_vision_system-1.0.0-py3.11.egg-info/top_level.txt
[1.007s] -- Symlinking: /workspace/install/unified_vision_system/lib/python3.11/site-packages/unified_vision_system/__init__.py
[1.015s] -- Symlinking: /workspace/install/unified_vision_system/lib/python3.11/site-packages/unified_vision_system/calibration/CameraCalibration.py
[1.026s] -- Symlinking: /workspace/install/unified_vision_system/lib/python3.11/site-packages/unified_vision_system/calibration/EyeInHandSafetyChecker.py
[1.033s] -- Symlinking: /workspace/install/unified_vision_system/lib/python3.11/site-packages/unified_vision_system/calibration/HandEyeCalibrator.py
[1.041s] -- Symlinking: /workspace/install/unified_vision_system/lib/python3.11/site-packages/unified_vision_system/calibration/__init__.py
[1.049s] -- Symlinking: /workspace/install/unified_vision_system/lib/python3.11/site-packages/unified_vision_system/control/HybridIKWrapper.py
[1.058s] -- Symlinking: /workspace/install/unified_vision_system/lib/python3.11/site-packages/unified_vision_system/control/UR30Kinematics.py
[1.066s] -- Symlinking: /workspace/install/unified_vision_system/lib/python3.11/site-packages/unified_vision_system/control/__init__.py
[1.073s] -- Symlinking: /workspace/install/unified_vision_system/lib/python3.11/site-packages/unified_vision_system/control/ur30_grasp_controller.py
[1.080s] -- Symlinking: /workspace/install/unified_vision_system/lib/python3.11/site-packages/unified_vision_system/control/ur30_robot_rtb.py
[1.089s] -- Symlinking: /workspace/install/unified_vision_system/lib/python3.11/site-packages/unified_vision_system/hri/ConstructionClarificationManager.py
[1.095s] -- Symlinking: /workspace/install/unified_vision_system/lib/python3.11/site-packages/unified_vision_system/hri/ConstructionRasaNLP.py
[1.102s] -- Symlinking: /workspace/install/unified_vision_system/lib/python3.11/site-packages/unified_vision_system/hri/ConstructionTTSManager.py
[1.110s] -- Symlinking: /workspace/install/unified_vision_system/lib/python3.11/site-packages/unified_vision_system/hri/EnhancedConstructionRAG.py
[1.119s] -- Symlinking: /workspace/install/unified_vision_system/lib/python3.11/site-packages/unified_vision_system/hri/ExperimentalController.py
[1.128s] -- Symlinking: /workspace/install/unified_vision_system/lib/python3.11/site-packages/unified_vision_system/hri/SpeechCommandProcessor.py
[1.137s] -- Symlinking: /workspace/install/unified_vision_system/lib/python3.11/site-packages/unified_vision_system/hri/__init__.py
[1.145s] -- Symlinking: /workspace/install/unified_vision_system/lib/python3.11/site-packages/unified_vision_system/metrics/BehavioralMetrics.py
[1.153s] -- Symlinking: /workspace/install/unified_vision_system/lib/python3.11/site-packages/unified_vision_system/metrics/NASATLXAssessment.py
[1.161s] -- Symlinking: /workspace/install/unified_vision_system/lib/python3.11/site-packages/unified_vision_system/metrics/TrustQuestionnaire.py
[1.170s] -- Symlinking: /workspace/install/unified_vision_system/lib/python3.11/site-packages/unified_vision_system/metrics/__init__.py
[1.176s] -- Symlinking: /workspace/install/unified_vision_system/lib/python3.11/site-packages/unified_vision_system/perception/DepthAwareDetector.py
[1.183s] -- Symlinking: /workspace/install/unified_vision_system/lib/python3.11/site-packages/unified_vision_system/perception/GraspPointDetector.py
[1.190s] -- Symlinking: /workspace/install/unified_vision_system/lib/python3.11/site-packages/unified_vision_system/perception/OWLViTDetector.py
[1.197s] -- Symlinking: /workspace/install/unified_vision_system/lib/python3.11/site-packages/unified_vision_system/perception/WorkSpaceValidator.py
[1.203s] -- Symlinking: /workspace/install/unified_vision_system/lib/python3.11/site-packages/unified_vision_system/perception/__init__.py
[1.212s] -- Symlinking: /workspace/install/unified_vision_system/lib/python3.11/site-packages/unified_vision_system/system/UnifiedVisionSystem.py
[1.223s] -- Symlinking: /workspace/install/unified_vision_system/lib/python3.11/site-packages/unified_vision_system/system/UnifiedVisionSystemSim.py
[1.232s] -- Symlinking: /workspace/install/unified_vision_system/lib/python3.11/site-packages/unified_vision_system/system/__init__.py
[1.240s] -- Symlinking: /workspace/install/unified_vision_system/lib/unified_vision_system/unified_vision_system_node.py
[1.248s] -- Symlinking: /workspace/install/unified_vision_system/lib/unified_vision_system/create_sim_calibration.py
[1.256s] -- Symlinking: /workspace/install/unified_vision_system/share/unified_vision_system/launch/.DS_Store
[1.263s] -- Symlinking: /workspace/install/unified_vision_system/share/unified_vision_system/launch/launch_gazebo_with_red_cube.py
[1.270s] -- Symlinking: /workspace/install/unified_vision_system/share/unified_vision_system/launch/test_unified_vision_system.py
[1.277s] -- Symlinking: /workspace/install/unified_vision_system/share/unified_vision_system/config/simulation_controllers.yaml
[1.283s] -- Symlinking: /workspace/install/unified_vision_system/share/unified_vision_system/config/simulation_controllers.yaml.sync
[1.291s] -- Symlinking: /workspace/install/unified_vision_system/share/unified_vision_system/config/ur30_robotiq.srdf.xacro
[1.299s] -- Symlinking: /workspace/install/unified_vision_system/share/unified_vision_system/config/ur30_vision_moveit.rviz
[1.307s] -- Symlinking: /workspace/install/unified_vision_system/share/unified_vision_system/urdf/.DS_Store
[1.316s] -- Symlinking: /workspace/install/unified_vision_system/share/unified_vision_system/urdf/robotiq_85_stable.urdf.xacro
[1.326s] -- Symlinking: /workspace/install/unified_vision_system/share/unified_vision_system/urdf/robotiq_arg85.urdf
[1.333s] -- Symlinking: /workspace/install/unified_vision_system/share/unified_vision_system/urdf/simple_parallel_gripper.urdf.xacro
[1.341s] -- Symlinking: /workspace/install/unified_vision_system/share/unified_vision_system/urdf/ur30_camera_only.urdf.xacro
[1.349s] -- Symlinking: /workspace/install/unified_vision_system/share/unified_vision_system/urdf/ur30_robotiq_realsense.urdf.xacro
[1.357s] -- Symlinking: /workspace/install/unified_vision_system/share/unified_vision_system/urdf/ur30_simple_gripper_camera.urdf.xacro
[1.364s] -- Symlinking: /workspace/install/unified_vision_system/share/unified_vision_system/urdf/ur30_simple_gripper_realsense.urdf.xacro
[1.372s] -- Symlinking: /workspace/install/unified_vision_system/share/unified_vision_system/worlds/ur30_vision_world.world
[1.381s] -- Symlinking: /workspace/install/unified_vision_system/share/unified_vision_system/meshes/inner_finger_coarse.STL
[1.388s] -- Symlinking: /workspace/install/unified_vision_system/share/unified_vision_system/meshes/inner_finger_fine.STL
[1.397s] -- Symlinking: /workspace/install/unified_vision_system/share/unified_vision_system/meshes/inner_knuckle_coarse.STL
[1.405s] -- Symlinking: /workspace/install/unified_vision_system/share/unified_vision_system/meshes/inner_knuckle_fine.STL
[1.415s] -- Symlinking: /workspace/install/unified_vision_system/share/unified_vision_system/meshes/outer_finger_coarse.STL
[1.424s] -- Symlinking: /workspace/install/unified_vision_system/share/unified_vision_system/meshes/outer_finger_fine.STL
[1.432s] -- Symlinking: /workspace/install/unified_vision_system/share/unified_vision_system/meshes/outer_knuckle_coarse.STL
[1.440s] -- Symlinking: /workspace/install/unified_vision_system/share/unified_vision_system/meshes/outer_knuckle_fine.STL
[1.448s] -- Symlinking: /workspace/install/unified_vision_system/share/unified_vision_system/meshes/robotiq_85_base_link_coarse.STL
[1.457s] -- Symlinking: /workspace/install/unified_vision_system/share/unified_vision_system/meshes/robotiq_85_base_link_fine.STL
[1.466s] -- Symlinking: /workspace/install/unified_vision_system/share/ament_index/resource_index/package_run_dependencies/unified_vision_system
[1.473s] -- Symlinking: /workspace/install/unified_vision_system/share/ament_index/resource_index/parent_prefix_path/unified_vision_system
[1.480s] -- Symlinking: /workspace/install/unified_vision_system/share/unified_vision_system/environment/ament_prefix_path.sh
[1.488s] -- Symlinking: /workspace/install/unified_vision_system/share/unified_vision_system/environment/ament_prefix_path.dsv
[1.496s] -- Symlinking: /workspace/install/unified_vision_system/share/unified_vision_system/environment/path.sh
[1.502s] -- Symlinking: /workspace/install/unified_vision_system/share/unified_vision_system/environment/path.dsv
[1.511s] -- Symlinking: /workspace/install/unified_vision_system/share/unified_vision_system/local_setup.bash
[1.521s] -- Symlinking: /workspace/install/unified_vision_system/share/unified_vision_system/local_setup.sh
[1.530s] -- Symlinking: /workspace/install/unified_vision_system/share/unified_vision_system/local_setup.zsh
[1.538s] -- Symlinking: /workspace/install/unified_vision_system/share/unified_vision_system/local_setup.dsv
[1.544s] -- Symlinking: /workspace/install/unified_vision_system/share/unified_vision_system/package.dsv
[1.552s] -- Symlinking: /workspace/install/unified_vision_system/share/ament_index/resource_index/packages/unified_vision_system
[1.559s] -- Symlinking: /workspace/install/unified_vision_system/share/unified_vision_system/cmake/ament_cmake_export_dependencies-extras.cmake
[1.566s] -- Symlinking: /workspace/install/unified_vision_system/share/unified_vision_system/cmake/unified_vision_systemConfig.cmake
[1.574s] -- Symlinking: /workspace/install/unified_vision_system/share/unified_vision_system/cmake/unified_vision_systemConfig-version.cmake
[1.582s] -- Symlinking: /workspace/install/unified_vision_system/share/unified_vision_system/package.xml
[1.653s] Listing '/workspace/install/unified_vision_system/lib/python3.11/site-packages/unified_vision_system'...
[1.653s] Compiling '/workspace/install/unified_vision_system/lib/python3.11/site-packages/unified_vision_system/__init__.py'...
[1.653s] Listing '/workspace/install/unified_vision_system/lib/python3.11/site-packages/unified_vision_system/calibration'...
[1.653s] Compiling '/workspace/install/unified_vision_system/lib/python3.11/site-packages/unified_vision_system/calibration/CameraCalibration.py'...
[1.653s] Compiling '/workspace/install/unified_vision_system/lib/python3.11/site-packages/unified_vision_system/calibration/EyeInHandSafetyChecker.py'...
[1.653s] Compiling '/workspace/install/unified_vision_system/lib/python3.11/site-packages/unified_vision_system/calibration/HandEyeCalibrator.py'...
[1.654s] Compiling '/workspace/install/unified_vision_system/lib/python3.11/site-packages/unified_vision_system/calibration/__init__.py'...
[1.654s] Listing '/workspace/install/unified_vision_system/lib/python3.11/site-packages/unified_vision_system/control'...
[1.654s] Compiling '/workspace/install/unified_vision_system/lib/python3.11/site-packages/unified_vision_system/control/HybridIKWrapper.py'...
[1.654s] Compiling '/workspace/install/unified_vision_system/lib/python3.11/site-packages/unified_vision_system/control/UR30Kinematics.py'...
[1.654s] Compiling '/workspace/install/unified_vision_system/lib/python3.11/site-packages/unified_vision_system/control/__init__.py'...
[1.654s] Compiling '/workspace/install/unified_vision_system/lib/python3.11/site-packages/unified_vision_system/control/ur30_grasp_controller.py'...
[1.654s] Compiling '/workspace/install/unified_vision_system/lib/python3.11/site-packages/unified_vision_system/control/ur30_robot_rtb.py'...
[1.654s] Listing '/workspace/install/unified_vision_system/lib/python3.11/site-packages/unified_vision_system/hri'...
[1.654s] Compiling '/workspace/install/unified_vision_system/lib/python3.11/site-packages/unified_vision_system/hri/ConstructionClarificationManager.py'...
[1.654s] Compiling '/workspace/install/unified_vision_system/lib/python3.11/site-packages/unified_vision_system/hri/ConstructionRasaNLP.py'...
[1.654s] Compiling '/workspace/install/unified_vision_system/lib/python3.11/site-packages/unified_vision_system/hri/ConstructionTTSManager.py'...
[1.654s] Compiling '/workspace/install/unified_vision_system/lib/python3.11/site-packages/unified_vision_system/hri/EnhancedConstructionRAG.py'...
[1.654s] Compiling '/workspace/install/unified_vision_system/lib/python3.11/site-packages/unified_vision_system/hri/ExperimentalController.py'...
[1.654s] Compiling '/workspace/install/unified_vision_system/lib/python3.11/site-packages/unified_vision_system/hri/SpeechCommandProcessor.py'...
[1.654s] Compiling '/workspace/install/unified_vision_system/lib/python3.11/site-packages/unified_vision_system/hri/__init__.py'...
[1.654s] Listing '/workspace/install/unified_vision_system/lib/python3.11/site-packages/unified_vision_system/metrics'...
[1.654s] Compiling '/workspace/install/unified_vision_system/lib/python3.11/site-packages/unified_vision_system/metrics/BehavioralMetrics.py'...
[1.654s] Compiling '/workspace/install/unified_vision_system/lib/python3.11/site-packages/unified_vision_system/metrics/NASATLXAssessment.py'...
[1.654s] Compiling '/workspace/install/unified_vision_system/lib/python3.11/site-packages/unified_vision_system/metrics/TrustQuestionnaire.py'...
[1.654s] Compiling '/workspace/install/unified_vision_system/lib/python3.11/site-packages/unified_vision_system/metrics/__init__.py'...
[1.654s] Listing '/workspace/install/unified_vision_system/lib/python3.11/site-packages/unified_vision_system/perception'...
[1.654s] Compiling '/workspace/install/unified_vision_system/lib/python3.11/site-packages/unified_vision_system/perception/DepthAwareDetector.py'...
[1.655s] Compiling '/workspace/install/unified_vision_system/lib/python3.11/site-packages/unified_vision_system/perception/GraspPointDetector.py'...
[1.655s] Compiling '/workspace/install/unified_vision_system/lib/python3.11/site-packages/unified_vision_system/perception/OWLViTDetector.py'...
[1.655s] Compiling '/workspace/install/unified_vision_system/lib/python3.11/site-packages/unified_vision_system/perception/WorkSpaceValidator.py'...
[1.655s] Compiling '/workspace/install/unified_vision_system/lib/python3.11/site-packages/unified_vision_system/perception/__init__.py'...
[1.655s] Listing '/workspace/install/unified_vision_system/lib/python3.11/site-packages/unified_vision_system/system'...
[1.655s] Compiling '/workspace/install/unified_vision_system/lib/python3.11/site-packages/unified_vision_system/system/UnifiedVisionSystem.py'...
[1.655s] Compiling '/workspace/install/unified_vision_system/lib/python3.11/site-packages/unified_vision_system/system/UnifiedVisionSystemSim.py'...
[1.655s] Compiling '/workspace/install/unified_vision_system/lib/python3.11/site-packages/unified_vision_system/system/__init__.py'...
[1.660s] Invoked command in '/workspace/build/unified_vision_system' returned '0': CMAKE_PREFIX_PATH=/workspace/install/ur_description:/workspace/install/robotiq_description:/opt/ros/humble:/workspace/install/robotiq_2f_85_gripper_visualization:/workspace/install/unified_vision_system:/workspace/install/robotiq_hardware_tests:/workspace/install/robotiq_driver:/workspace/install/serial:/workspace/install/robotiq_controllers CONDA_PROMPT_MODIFIER=(base) /usr/bin/cmake --install /workspace/build/unified_vision_system
