[0.057s] Invoking command in '/home/ur5e_user/workspace/build/robotiq_controllers': CMAKE_PREFIX_PATH=/home/ur5e_user/workspace/install/robotiq_description:/opt/ros/humble:/home/ur5e_user/workspace/install/robotiq_2f_85_gripper_visualization:/home/ur5e_user/workspace/install/unified_vision_system:/opt/miniconda3/envs/ur5e_vlm_environment:/opt/miniconda3/envs/ur5e_vlm_environment/x86_64-conda-linux-gnu/sysroot/usr CONDA_PROMPT_MODIFIER=(ur5e_vlm_environment) /opt/miniconda3/envs/ur5e_vlm_environment/bin/cmake /home/ur5e_user/workspace/src/ros2_robotiq_gripper/robotiq_controllers -DAMENT_CMAKE_SYMLINK_INSTALL=1 -DCMAKE_INSTALL_PREFIX=/home/ur5e_user/workspace/install/robotiq_controllers
[0.064s] [0mCMake Deprecation Warning at CMakeLists.txt:1 (cmake_minimum_required):
[0.064s]   Compatibility with CMake < 3.10 will be removed from a future version of
[0.065s]   CMake.
[0.065s] 
[0.065s]   Update the VERSION argument <min> value.  Or, use the <min>...<max> syntax
[0.065s]   to tell CMake that the project requires at least <min> but has been updated
[0.065s]   to work with policies introduced by <max> or earlier.
[0.065s] 
[0.065s] [0m
[0.139s] -- The C compiler identification is GNU 15.1.0
[0.313s] -- The CXX compiler identification is GNU 15.1.0
[0.321s] -- Detecting C compiler ABI info
[0.418s] -- Detecting C compiler ABI info - done
[0.441s] -- Check for working C compiler: /opt/miniconda3/envs/ur5e_vlm_environment/bin/x86_64-conda-linux-gnu-cc - skipped
[0.441s] -- Detecting C compile features
[0.441s] -- Detecting C compile features - done
[0.452s] -- Detecting CXX compiler ABI info
[0.547s] -- Detecting CXX compiler ABI info - done
[0.565s] -- Check for working CXX compiler: /opt/miniconda3/envs/ur5e_vlm_environment/bin/x86_64-conda-linux-gnu-c++ - skipped
[0.565s] -- Detecting CXX compile features
[0.565s] -- Detecting CXX compile features - done
[0.578s] -- Found ament_cmake: 1.3.12 (/opt/ros/humble/share/ament_cmake/cmake)
[0.676s] -- Found Python3: /opt/miniconda3/envs/ur5e_vlm_environment/bin/python3 (found version "3.11.13") found components: Interpreter
[0.738s] -- Override CMake install command with custom implementation using symlinks instead of copying resources
[0.785s] -- Found controller_interface: 2.51.0 (/opt/ros/humble/share/controller_interface/cmake)
[0.832s] -- Found rosidl_generator_c: 3.1.7 (/opt/ros/humble/share/rosidl_generator_c/cmake)
[0.837s] -- Found rosidl_adapter: 3.1.7 (/opt/ros/humble/share/rosidl_adapter/cmake)
[0.847s] -- Found rosidl_generator_cpp: 3.1.7 (/opt/ros/humble/share/rosidl_generator_cpp/cmake)
[0.862s] -- Using all available rosidl_typesupport_c: rosidl_typesupport_fastrtps_c;rosidl_typesupport_introspection_c
[0.885s] -- Using all available rosidl_typesupport_cpp: rosidl_typesupport_fastrtps_cpp;rosidl_typesupport_introspection_cpp
[1.070s] [31mCMake Error at /opt/ros/humble/share/class_loader/cmake/ament_cmake_export_dependencies-extras.cmake:21 (find_package):
[1.070s]   By not providing "Findconsole_bridge.cmake" in CMAKE_MODULE_PATH this
[1.070s]   project has asked CMake to find a package configuration file provided by
[1.070s]   "console_bridge", but CMake did not find one.
[1.070s] 
[1.070s]   Could not find a package configuration file provided by "console_bridge"
[1.070s]   with any of the following names:
[1.070s] 
[1.070s]     console_bridgeConfig.cmake
[1.070s]     console_bridge-config.cmake
[1.071s] 
[1.071s]   Add the installation prefix of "console_bridge" to CMAKE_PREFIX_PATH or set
[1.071s]   "console_bridge_DIR" to a directory containing one of the above files.  If
[1.071s]   "console_bridge" provides a separate development package or SDK, be sure it
[1.071s]   has been installed.
[1.071s] Call Stack (most recent call first):
[1.071s]   /opt/ros/humble/share/class_loader/cmake/class_loaderConfig.cmake:41 (include)
[1.071s]   /opt/ros/humble/share/pluginlib/cmake/ament_cmake_export_dependencies-extras.cmake:21 (find_package)
[1.071s]   /opt/ros/humble/share/pluginlib/cmake/pluginlibConfig.cmake:41 (include)
[1.071s]   /opt/ros/humble/share/hardware_interface/cmake/ament_cmake_export_dependencies-extras.cmake:21 (find_package)
[1.071s]   /opt/ros/humble/share/hardware_interface/cmake/hardware_interfaceConfig.cmake:41 (include)
[1.071s]   /opt/ros/humble/share/controller_interface/cmake/ament_cmake_export_dependencies-extras.cmake:21 (find_package)
[1.071s]   /opt/ros/humble/share/controller_interface/cmake/controller_interfaceConfig.cmake:41 (include)
[1.071s]   CMakeLists.txt:10 (find_package)
[1.071s] 
[1.071s] [0m
[1.072s] -- Configuring incomplete, errors occurred!
