[0.027s] Invoking command in '/workspace/build/robotiq_2f_85_gripper_visualization': /usr/bin/cmake --build /workspace/build/robotiq_2f_85_gripper_visualization -- -j12 -l12
[0.069s] -- Found ament_cmake: 1.3.12 (/opt/ros/humble/share/ament_cmake/cmake)
[0.218s] -- Found xacro: 2.0.13 (/opt/ros/humble/share/xacro/cmake)
[0.295s] -- Configuring done
[0.298s] -- Generating done
[0.300s] -- Build files have been written to: /workspace/build/robotiq_2f_85_gripper_visualization
[0.323s] Invoked command in '/workspace/build/robotiq_2f_85_gripper_visualization' returned '0': /usr/bin/cmake --build /workspace/build/robotiq_2f_85_gripper_visualization -- -j12 -l12
[0.333s] Invoking command in '/workspace/build/robotiq_2f_85_gripper_visualization': /usr/bin/cmake --install /workspace/build/robotiq_2f_85_gripper_visualization
[0.338s] -- Install configuration: ""
[0.338s] -- Up-to-date: /workspace/install/robotiq_2f_85_gripper_visualization/share/robotiq_2f_85_gripper_visualization/meshes
[0.338s] -- Up-to-date: /workspace/install/robotiq_2f_85_gripper_visualization/share/robotiq_2f_85_gripper_visualization/meshes/collision
[0.339s] -- Up-to-date: /workspace/install/robotiq_2f_85_gripper_visualization/share/robotiq_2f_85_gripper_visualization/meshes/collision/robotiq_arg2f_85_outer_knuckle.dae
[0.339s] -- Up-to-date: /workspace/install/robotiq_2f_85_gripper_visualization/share/robotiq_2f_85_gripper_visualization/meshes/collision/robotiq_arg2f_85_base_link.stl
[0.339s] -- Up-to-date: /workspace/install/robotiq_2f_85_gripper_visualization/share/robotiq_2f_85_gripper_visualization/meshes/collision/robotiq_arg2f_85_outer_finger.dae
[0.339s] -- Up-to-date: /workspace/install/robotiq_2f_85_gripper_visualization/share/robotiq_2f_85_gripper_visualization/meshes/collision/robotiq_arg2f_85_inner_knuckle.dae
[0.339s] -- Up-to-date: /workspace/install/robotiq_2f_85_gripper_visualization/share/robotiq_2f_85_gripper_visualization/meshes/collision/robotiq_arg2f_85_inner_finger.dae
[0.339s] -- Up-to-date: /workspace/install/robotiq_2f_85_gripper_visualization/share/robotiq_2f_85_gripper_visualization/meshes/collision/robotiq_arg2f_base_link.stl
[0.339s] -- Up-to-date: /workspace/install/robotiq_2f_85_gripper_visualization/share/robotiq_2f_85_gripper_visualization/meshes/visual
[0.339s] -- Up-to-date: /workspace/install/robotiq_2f_85_gripper_visualization/share/robotiq_2f_85_gripper_visualization/meshes/visual/robotiq_gripper_coupling.stl
[0.339s] -- Up-to-date: /workspace/install/robotiq_2f_85_gripper_visualization/share/robotiq_2f_85_gripper_visualization/meshes/visual/robotiq_arg2f_85_outer_knuckle.dae
[0.339s] -- Up-to-date: /workspace/install/robotiq_2f_85_gripper_visualization/share/robotiq_2f_85_gripper_visualization/meshes/visual/robotiq_arg2f_85_outer_finger.dae
[0.339s] -- Up-to-date: /workspace/install/robotiq_2f_85_gripper_visualization/share/robotiq_2f_85_gripper_visualization/meshes/visual/robotiq_arg2f_85_inner_knuckle.dae
[0.339s] -- Up-to-date: /workspace/install/robotiq_2f_85_gripper_visualization/share/robotiq_2f_85_gripper_visualization/meshes/visual/robotiq_arg2f_85_base_link.dae
[0.339s] -- Up-to-date: /workspace/install/robotiq_2f_85_gripper_visualization/share/robotiq_2f_85_gripper_visualization/meshes/visual/robotiq_arg2f_85_inner_finger.dae
[0.339s] -- Up-to-date: /workspace/install/robotiq_2f_85_gripper_visualization/share/robotiq_2f_85_gripper_visualization/meshes/visual/robotiq_arg2f_85_pad.dae
[0.339s] -- Up-to-date: /workspace/install/robotiq_2f_85_gripper_visualization/share/robotiq_2f_85_gripper_visualization/urdf
[0.339s] -- Up-to-date: /workspace/install/robotiq_2f_85_gripper_visualization/share/robotiq_2f_85_gripper_visualization/urdf/robotiq_arg2f_85_model.xacro
[0.340s] -- Up-to-date: /workspace/install/robotiq_2f_85_gripper_visualization/share/robotiq_2f_85_gripper_visualization/urdf/robotiq_arg2f_85_model_macro.xacro
[0.340s] -- Up-to-date: /workspace/install/robotiq_2f_85_gripper_visualization/share/robotiq_2f_85_gripper_visualization/urdf/robotiq_arg2f.xacro
[0.340s] -- Up-to-date: /workspace/install/robotiq_2f_85_gripper_visualization/share/robotiq_2f_85_gripper_visualization/urdf/robotiq_arg2f_transmission.xacro
[0.340s] -- Up-to-date: /workspace/install/robotiq_2f_85_gripper_visualization/share/robotiq_2f_85_gripper_visualization/launch
[0.340s] -- Up-to-date: /workspace/install/robotiq_2f_85_gripper_visualization/share/robotiq_2f_85_gripper_visualization/launch/test_2f_85_model.launch
[0.340s] -- Up-to-date: /workspace/install/robotiq_2f_85_gripper_visualization/share/ament_index/resource_index/package_run_dependencies/robotiq_2f_85_gripper_visualization
[0.340s] -- Up-to-date: /workspace/install/robotiq_2f_85_gripper_visualization/share/ament_index/resource_index/parent_prefix_path/robotiq_2f_85_gripper_visualization
[0.340s] -- Installing: /workspace/install/robotiq_2f_85_gripper_visualization/share/robotiq_2f_85_gripper_visualization/environment/ament_prefix_path.sh
[0.340s] -- Installing: /workspace/install/robotiq_2f_85_gripper_visualization/share/robotiq_2f_85_gripper_visualization/environment/ament_prefix_path.dsv
[0.340s] -- Installing: /workspace/install/robotiq_2f_85_gripper_visualization/share/robotiq_2f_85_gripper_visualization/environment/path.sh
[0.340s] -- Installing: /workspace/install/robotiq_2f_85_gripper_visualization/share/robotiq_2f_85_gripper_visualization/environment/path.dsv
[0.340s] -- Up-to-date: /workspace/install/robotiq_2f_85_gripper_visualization/share/robotiq_2f_85_gripper_visualization/local_setup.bash
[0.340s] -- Up-to-date: /workspace/install/robotiq_2f_85_gripper_visualization/share/robotiq_2f_85_gripper_visualization/local_setup.sh
[0.340s] -- Up-to-date: /workspace/install/robotiq_2f_85_gripper_visualization/share/robotiq_2f_85_gripper_visualization/local_setup.zsh
[0.340s] -- Installing: /workspace/install/robotiq_2f_85_gripper_visualization/share/robotiq_2f_85_gripper_visualization/local_setup.dsv
[0.340s] -- Installing: /workspace/install/robotiq_2f_85_gripper_visualization/share/robotiq_2f_85_gripper_visualization/package.dsv
[0.341s] -- Up-to-date: /workspace/install/robotiq_2f_85_gripper_visualization/share/ament_index/resource_index/packages/robotiq_2f_85_gripper_visualization
[0.341s] -- Up-to-date: /workspace/install/robotiq_2f_85_gripper_visualization/share/robotiq_2f_85_gripper_visualization/cmake/robotiq_2f_85_gripper_visualizationConfig.cmake
[0.341s] -- Up-to-date: /workspace/install/robotiq_2f_85_gripper_visualization/share/robotiq_2f_85_gripper_visualization/cmake/robotiq_2f_85_gripper_visualizationConfig-version.cmake
[0.341s] -- Up-to-date: /workspace/install/robotiq_2f_85_gripper_visualization/share/robotiq_2f_85_gripper_visualization/package.xml
[0.343s] Invoked command in '/workspace/build/robotiq_2f_85_gripper_visualization' returned '0': /usr/bin/cmake --install /workspace/build/robotiq_2f_85_gripper_visualization
