[0.049s] Invoking command in '/home/ur5e_user/workspace/build/robotiq_2f_85_gripper_visualization': CONDA_PROMPT_MODIFIER=(ur5e_vlm_environment) /opt/miniconda3/envs/ur5e_vlm_environment/bin/cmake /home/ur5e_user/workspace/src/robotiq_2f_85_gripper_visualization -DCATKIN_INSTALL_INTO_PREFIX_ROOT=0 -DCATKIN_SYMLINK_INSTALL=ON -DCMAKE_INSTALL_PREFIX=/home/ur5e_user/workspace/install/robotiq_2f_85_gripper_visualization
[0.070s] [0mCMake Deprecation Warning at CMakeLists.txt:1 (cmake_minimum_required):
[0.070s]   Compatibility with CMake < 3.10 will be removed from a future version of
[0.071s]   CMake.
[0.071s] 
[0.071s]   Update the VERSION argument <min> value.  Or, use the <min>...<max> syntax
[0.071s]   to tell CMake that the project requires at least <min> but has been updated
[0.071s]   to work with policies introduced by <max> or earlier.
[0.071s] 
[0.071s] [0m
[0.071s] -- Found ament_cmake: 1.3.12 (/opt/ros/humble/share/ament_cmake/cmake)
[0.287s] -- Found xacro: 2.0.13 (/opt/ros/humble/share/xacro/cmake)
[0.386s] -- Configuring done (0.3s)
[0.390s] -- Generating done (0.0s)
[0.391s] [33mCMake Warning:
[0.391s]   Manually-specified variables were not used by the project:
[0.391s] 
[0.391s]     CATKIN_SYMLINK_INSTALL
[0.391s] 
[0.391s] [0m
[0.393s] -- Build files have been written to: /home/ur5e_user/workspace/build/robotiq_2f_85_gripper_visualization
