[0.167s] DEBUG:colcon:Command line arguments: ['/usr/bin/colcon', 'build']
[0.167s] DEBUG:colcon:Parsed command line arguments: Namespace(log_base=None, log_level=None, verb_name='build', build_base='build', install_base='install', merge_install=False, symlink_install=False, test_result_base=None, continue_on_error=False, executor='parallel', parallel_workers=12, event_handlers=None, ignore_user_meta=False, metas=['./colcon.meta'], base_paths=['.'], packages_ignore=None, packages_ignore_regex=None, paths=None, packages_up_to=None, packages_up_to_regex=None, packages_above=None, packages_above_and_dependencies=None, packages_above_depth=None, packages_select_by_dep=None, packages_skip_by_dep=None, packages_skip_up_to=None, packages_select_build_failed=False, packages_skip_build_finished=False, packages_select_test_failures=False, packages_skip_test_passed=False, packages_select=None, packages_skip=None, packages_select_regex=None, packages_skip_regex=None, packages_start=None, packages_end=None, allow_overriding=[], cmake_args=None, cmake_target=None, cmake_target_skip_unavailable=False, cmake_clean_cache=False, cmake_clean_first=False, cmake_force_configure=False, ament_cmake_args=None, catkin_cmake_args=None, catkin_skip_building_tests=False, verb_parser=<colcon_defaults.argument_parser.defaults.DefaultArgumentsDecorator object at 0x728145b3bc40>, verb_extension=<colcon_core.verb.build.BuildVerb object at 0x728145c790c0>, main=<bound method BuildVerb.main of <colcon_core.verb.build.BuildVerb object at 0x728145c790c0>>)
[0.465s] Level 1:colcon.colcon_core.package_discovery:discover_packages(colcon_meta) check parameters
[0.466s] Level 1:colcon.colcon_core.package_discovery:discover_packages(recursive) check parameters
[0.466s] Level 1:colcon.colcon_core.package_discovery:discover_packages(ignore) check parameters
[0.466s] Level 1:colcon.colcon_core.package_discovery:discover_packages(path) check parameters
[0.466s] Level 1:colcon.colcon_core.package_discovery:discover_packages(colcon_meta) discover
[0.466s] Level 1:colcon.colcon_core.package_discovery:discover_packages(recursive) discover
[0.466s] INFO:colcon.colcon_core.package_discovery:Crawling recursively for packages in '/home/ur5e_user/workspace'
[0.466s] Level 1:colcon.colcon_core.package_identification:_identify(.) by extensions ['ignore', 'ignore_ament_install']
[0.466s] Level 1:colcon.colcon_core.package_identification:_identify(.) by extension 'ignore'
[0.466s] Level 1:colcon.colcon_core.package_identification:_identify(.) by extension 'ignore_ament_install'
[0.466s] Level 1:colcon.colcon_core.package_identification:_identify(.) by extensions ['colcon_pkg']
[0.466s] Level 1:colcon.colcon_core.package_identification:_identify(.) by extension 'colcon_pkg'
[0.466s] Level 1:colcon.colcon_core.package_identification:_identify(.) by extensions ['colcon_meta']
[0.466s] Level 1:colcon.colcon_core.package_identification:_identify(.) by extension 'colcon_meta'
[0.466s] Level 1:colcon.colcon_core.package_identification:_identify(.) by extensions ['ros']
[0.466s] Level 1:colcon.colcon_core.package_identification:_identify(.) by extension 'ros'
[0.479s] Level 1:colcon.colcon_core.package_identification:_identify(.) by extensions ['cmake', 'python']
[0.479s] Level 1:colcon.colcon_core.package_identification:_identify(.) by extension 'cmake'
[0.479s] Level 1:colcon.colcon_core.package_identification:_identify(.) by extension 'python'
[0.479s] Level 1:colcon.colcon_core.package_identification:_identify(.) by extensions ['python_setup_py']
[0.479s] Level 1:colcon.colcon_core.package_identification:_identify(.) by extension 'python_setup_py'
[0.479s] Level 1:colcon.colcon_core.package_identification:_identify(build) by extensions ['ignore', 'ignore_ament_install']
[0.479s] Level 1:colcon.colcon_core.package_identification:_identify(build) by extension 'ignore'
[0.480s] Level 1:colcon.colcon_core.package_identification:_identify(build) ignored
[0.480s] Level 1:colcon.colcon_core.package_identification:_identify(install) by extensions ['ignore', 'ignore_ament_install']
[0.480s] Level 1:colcon.colcon_core.package_identification:_identify(install) by extension 'ignore'
[0.480s] Level 1:colcon.colcon_core.package_identification:_identify(install) ignored
[0.480s] Level 1:colcon.colcon_core.package_identification:_identify(log) by extensions ['ignore', 'ignore_ament_install']
[0.480s] Level 1:colcon.colcon_core.package_identification:_identify(log) by extension 'ignore'
[0.480s] Level 1:colcon.colcon_core.package_identification:_identify(log) ignored
[0.480s] Level 1:colcon.colcon_core.package_identification:_identify(meshes) by extensions ['ignore', 'ignore_ament_install']
[0.480s] Level 1:colcon.colcon_core.package_identification:_identify(meshes) by extension 'ignore'
[0.480s] Level 1:colcon.colcon_core.package_identification:_identify(meshes) by extension 'ignore_ament_install'
[0.480s] Level 1:colcon.colcon_core.package_identification:_identify(meshes) by extensions ['colcon_pkg']
[0.480s] Level 1:colcon.colcon_core.package_identification:_identify(meshes) by extension 'colcon_pkg'
[0.480s] Level 1:colcon.colcon_core.package_identification:_identify(meshes) by extensions ['colcon_meta']
[0.480s] Level 1:colcon.colcon_core.package_identification:_identify(meshes) by extension 'colcon_meta'
[0.480s] Level 1:colcon.colcon_core.package_identification:_identify(meshes) by extensions ['ros']
[0.480s] Level 1:colcon.colcon_core.package_identification:_identify(meshes) by extension 'ros'
[0.480s] Level 1:colcon.colcon_core.package_identification:_identify(meshes) by extensions ['cmake', 'python']
[0.480s] Level 1:colcon.colcon_core.package_identification:_identify(meshes) by extension 'cmake'
[0.480s] Level 1:colcon.colcon_core.package_identification:_identify(meshes) by extension 'python'
[0.480s] Level 1:colcon.colcon_core.package_identification:_identify(meshes) by extensions ['python_setup_py']
[0.481s] Level 1:colcon.colcon_core.package_identification:_identify(meshes) by extension 'python_setup_py'
[0.481s] Level 1:colcon.colcon_core.package_identification:_identify(meshes/robotiq_2f_85) by extensions ['ignore', 'ignore_ament_install']
[0.481s] Level 1:colcon.colcon_core.package_identification:_identify(meshes/robotiq_2f_85) by extension 'ignore'
[0.481s] Level 1:colcon.colcon_core.package_identification:_identify(meshes/robotiq_2f_85) by extension 'ignore_ament_install'
[0.481s] Level 1:colcon.colcon_core.package_identification:_identify(meshes/robotiq_2f_85) by extensions ['colcon_pkg']
[0.481s] Level 1:colcon.colcon_core.package_identification:_identify(meshes/robotiq_2f_85) by extension 'colcon_pkg'
[0.481s] Level 1:colcon.colcon_core.package_identification:_identify(meshes/robotiq_2f_85) by extensions ['colcon_meta']
[0.481s] Level 1:colcon.colcon_core.package_identification:_identify(meshes/robotiq_2f_85) by extension 'colcon_meta'
[0.481s] Level 1:colcon.colcon_core.package_identification:_identify(meshes/robotiq_2f_85) by extensions ['ros']
[0.481s] Level 1:colcon.colcon_core.package_identification:_identify(meshes/robotiq_2f_85) by extension 'ros'
[0.481s] Level 1:colcon.colcon_core.package_identification:_identify(meshes/robotiq_2f_85) by extensions ['cmake', 'python']
[0.481s] Level 1:colcon.colcon_core.package_identification:_identify(meshes/robotiq_2f_85) by extension 'cmake'
[0.481s] Level 1:colcon.colcon_core.package_identification:_identify(meshes/robotiq_2f_85) by extension 'python'
[0.481s] Level 1:colcon.colcon_core.package_identification:_identify(meshes/robotiq_2f_85) by extensions ['python_setup_py']
[0.481s] Level 1:colcon.colcon_core.package_identification:_identify(meshes/robotiq_2f_85) by extension 'python_setup_py'
[0.481s] Level 1:colcon.colcon_core.package_identification:_identify(meshes/robotiq_2f_85/collision) by extensions ['ignore', 'ignore_ament_install']
[0.481s] Level 1:colcon.colcon_core.package_identification:_identify(meshes/robotiq_2f_85/collision) by extension 'ignore'
[0.481s] Level 1:colcon.colcon_core.package_identification:_identify(meshes/robotiq_2f_85/collision) by extension 'ignore_ament_install'
[0.481s] Level 1:colcon.colcon_core.package_identification:_identify(meshes/robotiq_2f_85/collision) by extensions ['colcon_pkg']
[0.481s] Level 1:colcon.colcon_core.package_identification:_identify(meshes/robotiq_2f_85/collision) by extension 'colcon_pkg'
[0.481s] Level 1:colcon.colcon_core.package_identification:_identify(meshes/robotiq_2f_85/collision) by extensions ['colcon_meta']
[0.481s] Level 1:colcon.colcon_core.package_identification:_identify(meshes/robotiq_2f_85/collision) by extension 'colcon_meta'
[0.481s] Level 1:colcon.colcon_core.package_identification:_identify(meshes/robotiq_2f_85/collision) by extensions ['ros']
[0.481s] Level 1:colcon.colcon_core.package_identification:_identify(meshes/robotiq_2f_85/collision) by extension 'ros'
[0.482s] Level 1:colcon.colcon_core.package_identification:_identify(meshes/robotiq_2f_85/collision) by extensions ['cmake', 'python']
[0.482s] Level 1:colcon.colcon_core.package_identification:_identify(meshes/robotiq_2f_85/collision) by extension 'cmake'
[0.482s] Level 1:colcon.colcon_core.package_identification:_identify(meshes/robotiq_2f_85/collision) by extension 'python'
[0.482s] Level 1:colcon.colcon_core.package_identification:_identify(meshes/robotiq_2f_85/collision) by extensions ['python_setup_py']
[0.482s] Level 1:colcon.colcon_core.package_identification:_identify(meshes/robotiq_2f_85/collision) by extension 'python_setup_py'
[0.482s] Level 1:colcon.colcon_core.package_identification:_identify(meshes/robotiq_2f_85/visual) by extensions ['ignore', 'ignore_ament_install']
[0.482s] Level 1:colcon.colcon_core.package_identification:_identify(meshes/robotiq_2f_85/visual) by extension 'ignore'
[0.482s] Level 1:colcon.colcon_core.package_identification:_identify(meshes/robotiq_2f_85/visual) by extension 'ignore_ament_install'
[0.482s] Level 1:colcon.colcon_core.package_identification:_identify(meshes/robotiq_2f_85/visual) by extensions ['colcon_pkg']
[0.482s] Level 1:colcon.colcon_core.package_identification:_identify(meshes/robotiq_2f_85/visual) by extension 'colcon_pkg'
[0.482s] Level 1:colcon.colcon_core.package_identification:_identify(meshes/robotiq_2f_85/visual) by extensions ['colcon_meta']
[0.482s] Level 1:colcon.colcon_core.package_identification:_identify(meshes/robotiq_2f_85/visual) by extension 'colcon_meta'
[0.482s] Level 1:colcon.colcon_core.package_identification:_identify(meshes/robotiq_2f_85/visual) by extensions ['ros']
[0.482s] Level 1:colcon.colcon_core.package_identification:_identify(meshes/robotiq_2f_85/visual) by extension 'ros'
[0.482s] Level 1:colcon.colcon_core.package_identification:_identify(meshes/robotiq_2f_85/visual) by extensions ['cmake', 'python']
[0.482s] Level 1:colcon.colcon_core.package_identification:_identify(meshes/robotiq_2f_85/visual) by extension 'cmake'
[0.482s] Level 1:colcon.colcon_core.package_identification:_identify(meshes/robotiq_2f_85/visual) by extension 'python'
[0.482s] Level 1:colcon.colcon_core.package_identification:_identify(meshes/robotiq_2f_85/visual) by extensions ['python_setup_py']
[0.482s] Level 1:colcon.colcon_core.package_identification:_identify(meshes/robotiq_2f_85/visual) by extension 'python_setup_py'
[0.482s] Level 1:colcon.colcon_core.package_identification:_identify(vision) by extensions ['ignore', 'ignore_ament_install']
[0.482s] Level 1:colcon.colcon_core.package_identification:_identify(vision) by extension 'ignore'
[0.482s] Level 1:colcon.colcon_core.package_identification:_identify(vision) by extension 'ignore_ament_install'
[0.483s] Level 1:colcon.colcon_core.package_identification:_identify(vision) by extensions ['colcon_pkg']
[0.483s] Level 1:colcon.colcon_core.package_identification:_identify(vision) by extension 'colcon_pkg'
[0.483s] Level 1:colcon.colcon_core.package_identification:_identify(vision) by extensions ['colcon_meta']
[0.483s] Level 1:colcon.colcon_core.package_identification:_identify(vision) by extension 'colcon_meta'
[0.483s] Level 1:colcon.colcon_core.package_identification:_identify(vision) by extensions ['ros']
[0.483s] Level 1:colcon.colcon_core.package_identification:_identify(vision) by extension 'ros'
[0.484s] DEBUG:colcon.colcon_core.package_identification:Failed to parse potential ROS package manifest in'vision': Error(s) in package 'vision/package.xml':
The manifest contains invalid XML:
not well-formed (invalid token): line 1, column 1
[0.484s] Level 1:colcon.colcon_core.package_identification:_identify(vision) by extensions ['cmake', 'python']
[0.484s] Level 1:colcon.colcon_core.package_identification:_identify(vision) by extension 'cmake'
[0.486s] Level 1:colcon.colcon_core.package_identification:_identify(vision) by extension 'python'
[0.486s] DEBUG:colcon.colcon_core.package_identification:Package 'vision' with type 'cmake' and name 'unified_vision_system'
[0.486s] Level 1:colcon.colcon_core.package_discovery:discover_packages(recursive) using defaults
[0.486s] Level 1:colcon.colcon_core.package_discovery:discover_packages(ignore) discover
[0.486s] Level 1:colcon.colcon_core.package_discovery:discover_packages(ignore) using defaults
[0.486s] Level 1:colcon.colcon_core.package_discovery:discover_packages(path) discover
[0.486s] Level 1:colcon.colcon_core.package_discovery:discover_packages(path) using defaults
[0.520s] Level 1:colcon.colcon_core.package_discovery:discover_packages(prefix_path) check parameters
[0.520s] Level 1:colcon.colcon_core.package_discovery:discover_packages(prefix_path) discover
[0.526s] DEBUG:colcon.colcon_installed_package_information.package_discovery:Found 411 installed packages in /opt/ros/humble
[0.551s] Level 1:colcon.colcon_core.package_discovery:discover_packages(prefix_path) using defaults
[0.614s] Level 5:colcon.colcon_core.verb:set package 'unified_vision_system' build argument 'cmake_args' from command line to 'None'
[0.615s] Level 5:colcon.colcon_core.verb:set package 'unified_vision_system' build argument 'cmake_target' from command line to 'None'
[0.615s] Level 5:colcon.colcon_core.verb:set package 'unified_vision_system' build argument 'cmake_target_skip_unavailable' from command line to 'False'
[0.615s] Level 5:colcon.colcon_core.verb:set package 'unified_vision_system' build argument 'cmake_clean_cache' from command line to 'False'
[0.615s] Level 5:colcon.colcon_core.verb:set package 'unified_vision_system' build argument 'cmake_clean_first' from command line to 'False'
[0.615s] Level 5:colcon.colcon_core.verb:set package 'unified_vision_system' build argument 'cmake_force_configure' from command line to 'False'
[0.615s] Level 5:colcon.colcon_core.verb:set package 'unified_vision_system' build argument 'ament_cmake_args' from command line to 'None'
[0.615s] Level 5:colcon.colcon_core.verb:set package 'unified_vision_system' build argument 'catkin_cmake_args' from command line to 'None'
[0.615s] Level 5:colcon.colcon_core.verb:set package 'unified_vision_system' build argument 'catkin_skip_building_tests' from command line to 'False'
[0.615s] DEBUG:colcon.colcon_core.verb:Building package 'unified_vision_system' with the following arguments: {'ament_cmake_args': None, 'build_base': '/home/ur5e_user/workspace/build/unified_vision_system', 'catkin_cmake_args': None, 'catkin_skip_building_tests': False, 'cmake_args': None, 'cmake_clean_cache': False, 'cmake_clean_first': False, 'cmake_force_configure': False, 'cmake_target': None, 'cmake_target_skip_unavailable': False, 'install_base': '/home/ur5e_user/workspace/install/unified_vision_system', 'merge_install': False, 'path': '/home/ur5e_user/workspace/vision', 'symlink_install': False, 'test_result_base': None}
[0.615s] INFO:colcon.colcon_core.executor:Executing jobs using 'parallel' executor
[0.616s] DEBUG:colcon.colcon_parallel_executor.executor.parallel:run_until_complete
[0.617s] INFO:colcon.colcon_cmake.task.cmake.build:Building CMake package in '/home/ur5e_user/workspace/vision'
[0.622s] INFO:colcon.colcon_core.plugin_system:Skipping extension 'colcon_core.shell.bat': Not used on non-Windows systems
[0.622s] INFO:colcon.colcon_core.shell:Skip shell extension 'powershell' for command environment: Not usable outside of PowerShell
[0.622s] DEBUG:colcon.colcon_core.shell:Skip shell extension 'dsv' for command environment
[0.639s] DEBUG:colcon.colcon_core.event_handler.log_command:Invoking command in '/home/ur5e_user/workspace/build/unified_vision_system': CONDA_PROMPT_MODIFIER=(ur5e_vlm_environment) /opt/miniconda3/envs/ur5e_vlm_environment/bin/cmake /home/ur5e_user/workspace/vision -DCMAKE_INSTALL_PREFIX=/home/ur5e_user/workspace/install/unified_vision_system
[1.762s] DEBUG:colcon.colcon_core.event_handler.log_command:Invoked command in '/home/ur5e_user/workspace/build/unified_vision_system' returned '1': CONDA_PROMPT_MODIFIER=(ur5e_vlm_environment) /opt/miniconda3/envs/ur5e_vlm_environment/bin/cmake /home/ur5e_user/workspace/vision -DCMAKE_INSTALL_PREFIX=/home/ur5e_user/workspace/install/unified_vision_system
[1.772s] DEBUG:colcon.colcon_parallel_executor.executor.parallel:closing loop
[1.772s] DEBUG:colcon.colcon_parallel_executor.executor.parallel:loop closed
[1.772s] DEBUG:colcon.colcon_parallel_executor.executor.parallel:run_until_complete finished with '1'
[1.772s] DEBUG:colcon.colcon_core.event_reactor:joining thread
[1.780s] INFO:colcon.colcon_core.plugin_system:Skipping extension 'colcon_notification.desktop_notification.notify_send': Could not find 'notify-send'
[1.780s] INFO:colcon.colcon_core.plugin_system:Skipping extension 'colcon_notification.desktop_notification.terminal_notifier': Not used on non-Darwin systems
[1.780s] INFO:colcon.colcon_core.plugin_system:Skipping extension 'colcon_notification.desktop_notification.win32': Not used on non-Windows systems
[1.780s] INFO:colcon.colcon_notification.desktop_notification:Sending desktop notification using 'notify2'
[1.783s] DEBUG:colcon.colcon_notification.desktop_notification.notify2:Failed to initialize notify2: org.freedesktop.DBus.Error.Spawn.ExecFailed: /usr/bin/dbus-launch terminated abnormally with the following error: dbus-launch: No existing session bus was found, and X11 autolaunch support was disabled at compile time.

[1.783s] DEBUG:colcon.colcon_core.event_reactor:joined thread
[1.784s] INFO:colcon.colcon_core.shell:Creating prefix script '/home/ur5e_user/workspace/install/local_setup.ps1'
[1.785s] INFO:colcon.colcon_core.shell:Creating prefix util module '/home/ur5e_user/workspace/install/_local_setup_util_ps1.py'
[1.786s] INFO:colcon.colcon_core.shell:Creating prefix chain script '/home/ur5e_user/workspace/install/setup.ps1'
[1.787s] INFO:colcon.colcon_core.shell:Creating prefix script '/home/ur5e_user/workspace/install/local_setup.sh'
[1.788s] INFO:colcon.colcon_core.shell:Creating prefix util module '/home/ur5e_user/workspace/install/_local_setup_util_sh.py'
[1.788s] INFO:colcon.colcon_core.shell:Creating prefix chain script '/home/ur5e_user/workspace/install/setup.sh'
[1.789s] INFO:colcon.colcon_core.shell:Creating prefix script '/home/ur5e_user/workspace/install/local_setup.bash'
[1.790s] INFO:colcon.colcon_core.shell:Creating prefix chain script '/home/ur5e_user/workspace/install/setup.bash'
[1.791s] INFO:colcon.colcon_core.shell:Creating prefix script '/home/ur5e_user/workspace/install/local_setup.zsh'
[1.792s] INFO:colcon.colcon_core.shell:Creating prefix chain script '/home/ur5e_user/workspace/install/setup.zsh'
