[0.000000] (-) TimerEvent: {}
[0.000117] (-) JobUnselected: {'identifier': 'robotiq'}
[0.000214] (-) JobUnselected: {'identifier': 'robotiq_2f_140_gripper_visualization'}
[0.000239] (-) JobUnselected: {'identifier': 'robotiq_2f_85_gripper_visualization'}
[0.000301] (-) JobUnselected: {'identifier': 'robotiq_2f_c2_gripper_visualization'}
[0.000323] (-) JobUnselected: {'identifier': 'robotiq_2f_gripper_action_server'}
[0.000344] (-) JobUnselected: {'identifier': 'robotiq_2f_gripper_control'}
[0.000385] (-) JobUnselected: {'identifier': 'robotiq_3f_gripper_articulated_gazebo'}
[0.000398] (-) JobUnselected: {'identifier': 'robotiq_3f_gripper_articulated_gazebo_plugins'}
[0.000408] (-) JobUnselected: {'identifier': 'robotiq_3f_gripper_articulated_msgs'}
[0.000417] (-) JobUnselected: {'identifier': 'robotiq_3f_gripper_control'}
[0.000424] (-) JobUnselected: {'identifier': 'robotiq_3f_gripper_joint_state_publisher'}
[0.000431] (-) JobUnselected: {'identifier': 'robotiq_3f_gripper_visualization'}
[0.000439] (-) JobUnselected: {'identifier': 'robotiq_3f_rviz'}
[0.000446] (-) JobUnselected: {'identifier': 'robotiq_controllers'}
[0.000456] (-) JobUnselected: {'identifier': 'robotiq_description'}
[0.000463] (-) JobUnselected: {'identifier': 'robotiq_driver'}
[0.000472] (-) JobUnselected: {'identifier': 'robotiq_ethercat'}
[0.000500] (-) JobUnselected: {'identifier': 'robotiq_ft_sensor'}
[0.000508] (-) JobUnselected: {'identifier': 'robotiq_hardware_tests'}
[0.000516] (-) JobUnselected: {'identifier': 'robotiq_modbus_rtu'}
[0.000523] (-) JobUnselected: {'identifier': 'robotiq_modbus_tcp'}
[0.000529] (-) JobUnselected: {'identifier': 'ur_description'}
[0.000538] (unified_vision_system) JobQueued: {'identifier': 'unified_vision_system', 'dependencies': OrderedDict([('robotiq_2f_85_gripper_visualization', '/home/ur5e_user/workspace/install/robotiq_2f_85_gripper_visualization'), ('robotiq_description', '/home/ur5e_user/workspace/install/robotiq_description'), ('ur_description', '/home/ur5e_user/workspace/install/ur_description')])}
[0.000555] (unified_vision_system) JobStarted: {'identifier': 'unified_vision_system'}
[0.010652] (unified_vision_system) JobEnded: {'identifier': 'unified_vision_system', 'rc': 1}
[0.021303] (-) EventReactorShutdown: {}
