[0.026s] Invoking command in '/workspace/build/robotiq_controllers': CMAKE_PREFIX_PATH=/opt/ros/humble /usr/bin/cmake --build /workspace/build/robotiq_controllers -- -j12 -l12
[0.076s] [100%] Built target robotiq_controllers
[0.116s] Invoked command in '/workspace/build/robotiq_controllers' returned '0': CMAKE_PREFIX_PATH=/opt/ros/humble /usr/bin/cmake --build /workspace/build/robotiq_controllers -- -j12 -l12
[0.120s] Invoking command in '/workspace/build/robotiq_controllers': CMAKE_PREFIX_PATH=/opt/ros/humble /usr/bin/cmake --install /workspace/build/robotiq_controllers
[0.139s] -- Install configuration: ""
[0.139s] -- Execute custom install script
[0.139s] -- Up-to-date symlink: /workspace/install/robotiq_controllers/share/robotiq_controllers//controller_plugins.xml
[0.139s] -- Up-to-date symlink: /workspace/install/robotiq_controllers/include/robotiq_controllers/robotiq_activation_controller.hpp
[0.139s] -- Up-to-date symlink: /workspace/install/robotiq_controllers/share/robotiq_controllers/environment/library_path.sh
[0.139s] -- Up-to-date symlink: /workspace/install/robotiq_controllers/share/robotiq_controllers/environment/library_path.dsv
[0.139s] -- Up-to-date symlink: /workspace/install/robotiq_controllers/share/ament_index/resource_index/package_run_dependencies/robotiq_controllers
[0.139s] -- Up-to-date symlink: /workspace/install/robotiq_controllers/share/ament_index/resource_index/parent_prefix_path/robotiq_controllers
[0.139s] -- Up-to-date symlink: /workspace/install/robotiq_controllers/share/robotiq_controllers/environment/ament_prefix_path.sh
[0.139s] -- Up-to-date symlink: /workspace/install/robotiq_controllers/share/robotiq_controllers/environment/ament_prefix_path.dsv
[0.139s] -- Up-to-date symlink: /workspace/install/robotiq_controllers/share/robotiq_controllers/environment/path.sh
[0.139s] -- Up-to-date symlink: /workspace/install/robotiq_controllers/share/robotiq_controllers/environment/path.dsv
[0.139s] -- Up-to-date symlink: /workspace/install/robotiq_controllers/share/robotiq_controllers/local_setup.bash
[0.139s] -- Up-to-date symlink: /workspace/install/robotiq_controllers/share/robotiq_controllers/local_setup.sh
[0.139s] -- Up-to-date symlink: /workspace/install/robotiq_controllers/share/robotiq_controllers/local_setup.zsh
[0.139s] -- Up-to-date symlink: /workspace/install/robotiq_controllers/share/robotiq_controllers/local_setup.dsv
[0.139s] -- Symlinking: /workspace/install/robotiq_controllers/share/robotiq_controllers/package.dsv
[0.141s] -- Up-to-date symlink: /workspace/install/robotiq_controllers/share/ament_index/resource_index/packages/robotiq_controllers
[0.141s] -- Up-to-date symlink: /workspace/install/robotiq_controllers/share/ament_index/resource_index/controller_interface__pluginlib__plugin/robotiq_controllers
[0.141s] -- Up-to-date symlink: /workspace/install/robotiq_controllers/share/robotiq_controllers/cmake/ament_cmake_export_include_directories-extras.cmake
[0.141s] -- Up-to-date symlink: /workspace/install/robotiq_controllers/share/robotiq_controllers/cmake/ament_cmake_export_libraries-extras.cmake
[0.141s] -- Up-to-date symlink: /workspace/install/robotiq_controllers/share/robotiq_controllers/cmake/ament_cmake_export_targets-extras.cmake
[0.142s] -- Up-to-date symlink: /workspace/install/robotiq_controllers/share/robotiq_controllers/cmake/ament_cmake_export_dependencies-extras.cmake
[0.142s] -- Up-to-date symlink: /workspace/install/robotiq_controllers/share/robotiq_controllers/cmake/robotiq_controllersConfig.cmake
[0.142s] -- Up-to-date symlink: /workspace/install/robotiq_controllers/share/robotiq_controllers/cmake/robotiq_controllersConfig-version.cmake
[0.142s] -- Up-to-date symlink: /workspace/install/robotiq_controllers/share/robotiq_controllers/package.xml
[0.142s] -- Up-to-date: /workspace/install/robotiq_controllers/lib/librobotiq_controllers.so
[0.142s] -- Up-to-date: /workspace/install/robotiq_controllers/share/robotiq_controllers/cmake/export_robotiq_controllersExport.cmake
[0.142s] -- Up-to-date: /workspace/install/robotiq_controllers/share/robotiq_controllers/cmake/export_robotiq_controllersExport-noconfig.cmake
[0.149s] Invoked command in '/workspace/build/robotiq_controllers' returned '0': CMAKE_PREFIX_PATH=/opt/ros/humble /usr/bin/cmake --install /workspace/build/robotiq_controllers
