[0.062s] DEBUG:colcon:Command line arguments: ['/usr/bin/colcon', 'build']
[0.063s] DEBUG:colcon:Parsed command line arguments: Namespace(log_base=None, log_level=None, verb_name='build', build_base='build', install_base='install', merge_install=False, symlink_install=False, test_result_base=None, continue_on_error=False, executor='parallel', parallel_workers=12, event_handlers=None, ignore_user_meta=False, metas=['./colcon.meta'], base_paths=['.'], packages_ignore=None, packages_ignore_regex=None, paths=None, packages_up_to=None, packages_up_to_regex=None, packages_above=None, packages_above_and_dependencies=None, packages_above_depth=None, packages_select_by_dep=None, packages_skip_by_dep=None, packages_skip_up_to=None, packages_select_build_failed=False, packages_skip_build_finished=False, packages_select_test_failures=False, packages_skip_test_passed=False, packages_select=None, packages_skip=None, packages_select_regex=None, packages_skip_regex=None, packages_start=None, packages_end=None, allow_overriding=[], cmake_args=None, cmake_target=None, cmake_target_skip_unavailable=False, cmake_clean_cache=False, cmake_clean_first=False, cmake_force_configure=False, ament_cmake_args=None, catkin_cmake_args=None, catkin_skip_building_tests=False, verb_parser=<colcon_defaults.argument_parser.defaults.DefaultArgumentsDecorator object at 0x70dcbf16bc40>, verb_extension=<colcon_core.verb.build.BuildVerb object at 0x70dcbf2ad0c0>, main=<bound method BuildVerb.main of <colcon_core.verb.build.BuildVerb object at 0x70dcbf2ad0c0>>)
[0.155s] Level 1:colcon.colcon_core.package_discovery:discover_packages(colcon_meta) check parameters
[0.155s] Level 1:colcon.colcon_core.package_discovery:discover_packages(recursive) check parameters
[0.155s] Level 1:colcon.colcon_core.package_discovery:discover_packages(ignore) check parameters
[0.155s] Level 1:colcon.colcon_core.package_discovery:discover_packages(path) check parameters
[0.155s] Level 1:colcon.colcon_core.package_discovery:discover_packages(colcon_meta) discover
[0.155s] Level 1:colcon.colcon_core.package_discovery:discover_packages(recursive) discover
[0.155s] INFO:colcon.colcon_core.package_discovery:Crawling recursively for packages in '/home/ur5e_user/workspace'
[0.155s] Level 1:colcon.colcon_core.package_identification:_identify(.) by extensions ['ignore', 'ignore_ament_install']
[0.155s] Level 1:colcon.colcon_core.package_identification:_identify(.) by extension 'ignore'
[0.156s] Level 1:colcon.colcon_core.package_identification:_identify(.) by extension 'ignore_ament_install'
[0.156s] Level 1:colcon.colcon_core.package_identification:_identify(.) by extensions ['colcon_pkg']
[0.156s] Level 1:colcon.colcon_core.package_identification:_identify(.) by extension 'colcon_pkg'
[0.156s] Level 1:colcon.colcon_core.package_identification:_identify(.) by extensions ['colcon_meta']
[0.156s] Level 1:colcon.colcon_core.package_identification:_identify(.) by extension 'colcon_meta'
[0.156s] Level 1:colcon.colcon_core.package_identification:_identify(.) by extensions ['ros']
[0.156s] Level 1:colcon.colcon_core.package_identification:_identify(.) by extension 'ros'
[0.164s] Level 1:colcon.colcon_core.package_identification:_identify(.) by extensions ['cmake', 'python']
[0.164s] Level 1:colcon.colcon_core.package_identification:_identify(.) by extension 'cmake'
[0.164s] Level 1:colcon.colcon_core.package_identification:_identify(.) by extension 'python'
[0.164s] Level 1:colcon.colcon_core.package_identification:_identify(.) by extensions ['python_setup_py']
[0.164s] Level 1:colcon.colcon_core.package_identification:_identify(.) by extension 'python_setup_py'
[0.164s] Level 1:colcon.colcon_core.package_identification:_identify(build) by extensions ['ignore', 'ignore_ament_install']
[0.164s] Level 1:colcon.colcon_core.package_identification:_identify(build) by extension 'ignore'
[0.164s] Level 1:colcon.colcon_core.package_identification:_identify(build) ignored
[0.164s] Level 1:colcon.colcon_core.package_identification:_identify(install) by extensions ['ignore', 'ignore_ament_install']
[0.164s] Level 1:colcon.colcon_core.package_identification:_identify(install) by extension 'ignore'
[0.164s] Level 1:colcon.colcon_core.package_identification:_identify(install) ignored
[0.165s] Level 1:colcon.colcon_core.package_identification:_identify(log) by extensions ['ignore', 'ignore_ament_install']
[0.165s] Level 1:colcon.colcon_core.package_identification:_identify(log) by extension 'ignore'
[0.165s] Level 1:colcon.colcon_core.package_identification:_identify(log) ignored
[0.165s] Level 1:colcon.colcon_core.package_identification:_identify(meshes) by extensions ['ignore', 'ignore_ament_install']
[0.165s] Level 1:colcon.colcon_core.package_identification:_identify(meshes) by extension 'ignore'
[0.165s] Level 1:colcon.colcon_core.package_identification:_identify(meshes) by extension 'ignore_ament_install'
[0.165s] Level 1:colcon.colcon_core.package_identification:_identify(meshes) by extensions ['colcon_pkg']
[0.165s] Level 1:colcon.colcon_core.package_identification:_identify(meshes) by extension 'colcon_pkg'
[0.165s] Level 1:colcon.colcon_core.package_identification:_identify(meshes) by extensions ['colcon_meta']
[0.165s] Level 1:colcon.colcon_core.package_identification:_identify(meshes) by extension 'colcon_meta'
[0.165s] Level 1:colcon.colcon_core.package_identification:_identify(meshes) by extensions ['ros']
[0.165s] Level 1:colcon.colcon_core.package_identification:_identify(meshes) by extension 'ros'
[0.165s] Level 1:colcon.colcon_core.package_identification:_identify(meshes) by extensions ['cmake', 'python']
[0.165s] Level 1:colcon.colcon_core.package_identification:_identify(meshes) by extension 'cmake'
[0.165s] Level 1:colcon.colcon_core.package_identification:_identify(meshes) by extension 'python'
[0.165s] Level 1:colcon.colcon_core.package_identification:_identify(meshes) by extensions ['python_setup_py']
[0.165s] Level 1:colcon.colcon_core.package_identification:_identify(meshes) by extension 'python_setup_py'
[0.165s] Level 1:colcon.colcon_core.package_identification:_identify(meshes/robotiq_2f_85) by extensions ['ignore', 'ignore_ament_install']
[0.165s] Level 1:colcon.colcon_core.package_identification:_identify(meshes/robotiq_2f_85) by extension 'ignore'
[0.165s] Level 1:colcon.colcon_core.package_identification:_identify(meshes/robotiq_2f_85) by extension 'ignore_ament_install'
[0.165s] Level 1:colcon.colcon_core.package_identification:_identify(meshes/robotiq_2f_85) by extensions ['colcon_pkg']
[0.165s] Level 1:colcon.colcon_core.package_identification:_identify(meshes/robotiq_2f_85) by extension 'colcon_pkg'
[0.165s] Level 1:colcon.colcon_core.package_identification:_identify(meshes/robotiq_2f_85) by extensions ['colcon_meta']
[0.165s] Level 1:colcon.colcon_core.package_identification:_identify(meshes/robotiq_2f_85) by extension 'colcon_meta'
[0.165s] Level 1:colcon.colcon_core.package_identification:_identify(meshes/robotiq_2f_85) by extensions ['ros']
[0.165s] Level 1:colcon.colcon_core.package_identification:_identify(meshes/robotiq_2f_85) by extension 'ros'
[0.165s] Level 1:colcon.colcon_core.package_identification:_identify(meshes/robotiq_2f_85) by extensions ['cmake', 'python']
[0.165s] Level 1:colcon.colcon_core.package_identification:_identify(meshes/robotiq_2f_85) by extension 'cmake'
[0.165s] Level 1:colcon.colcon_core.package_identification:_identify(meshes/robotiq_2f_85) by extension 'python'
[0.165s] Level 1:colcon.colcon_core.package_identification:_identify(meshes/robotiq_2f_85) by extensions ['python_setup_py']
[0.165s] Level 1:colcon.colcon_core.package_identification:_identify(meshes/robotiq_2f_85) by extension 'python_setup_py'
[0.165s] Level 1:colcon.colcon_core.package_identification:_identify(meshes/robotiq_2f_85/collision) by extensions ['ignore', 'ignore_ament_install']
[0.165s] Level 1:colcon.colcon_core.package_identification:_identify(meshes/robotiq_2f_85/collision) by extension 'ignore'
[0.165s] Level 1:colcon.colcon_core.package_identification:_identify(meshes/robotiq_2f_85/collision) by extension 'ignore_ament_install'
[0.165s] Level 1:colcon.colcon_core.package_identification:_identify(meshes/robotiq_2f_85/collision) by extensions ['colcon_pkg']
[0.165s] Level 1:colcon.colcon_core.package_identification:_identify(meshes/robotiq_2f_85/collision) by extension 'colcon_pkg'
[0.165s] Level 1:colcon.colcon_core.package_identification:_identify(meshes/robotiq_2f_85/collision) by extensions ['colcon_meta']
[0.165s] Level 1:colcon.colcon_core.package_identification:_identify(meshes/robotiq_2f_85/collision) by extension 'colcon_meta'
[0.165s] Level 1:colcon.colcon_core.package_identification:_identify(meshes/robotiq_2f_85/collision) by extensions ['ros']
[0.165s] Level 1:colcon.colcon_core.package_identification:_identify(meshes/robotiq_2f_85/collision) by extension 'ros'
[0.165s] Level 1:colcon.colcon_core.package_identification:_identify(meshes/robotiq_2f_85/collision) by extensions ['cmake', 'python']
[0.165s] Level 1:colcon.colcon_core.package_identification:_identify(meshes/robotiq_2f_85/collision) by extension 'cmake'
[0.165s] Level 1:colcon.colcon_core.package_identification:_identify(meshes/robotiq_2f_85/collision) by extension 'python'
[0.165s] Level 1:colcon.colcon_core.package_identification:_identify(meshes/robotiq_2f_85/collision) by extensions ['python_setup_py']
[0.165s] Level 1:colcon.colcon_core.package_identification:_identify(meshes/robotiq_2f_85/collision) by extension 'python_setup_py'
[0.166s] Level 1:colcon.colcon_core.package_identification:_identify(meshes/robotiq_2f_85/visual) by extensions ['ignore', 'ignore_ament_install']
[0.166s] Level 1:colcon.colcon_core.package_identification:_identify(meshes/robotiq_2f_85/visual) by extension 'ignore'
[0.166s] Level 1:colcon.colcon_core.package_identification:_identify(meshes/robotiq_2f_85/visual) by extension 'ignore_ament_install'
[0.166s] Level 1:colcon.colcon_core.package_identification:_identify(meshes/robotiq_2f_85/visual) by extensions ['colcon_pkg']
[0.166s] Level 1:colcon.colcon_core.package_identification:_identify(meshes/robotiq_2f_85/visual) by extension 'colcon_pkg'
[0.166s] Level 1:colcon.colcon_core.package_identification:_identify(meshes/robotiq_2f_85/visual) by extensions ['colcon_meta']
[0.166s] Level 1:colcon.colcon_core.package_identification:_identify(meshes/robotiq_2f_85/visual) by extension 'colcon_meta'
[0.166s] Level 1:colcon.colcon_core.package_identification:_identify(meshes/robotiq_2f_85/visual) by extensions ['ros']
[0.166s] Level 1:colcon.colcon_core.package_identification:_identify(meshes/robotiq_2f_85/visual) by extension 'ros'
[0.166s] Level 1:colcon.colcon_core.package_identification:_identify(meshes/robotiq_2f_85/visual) by extensions ['cmake', 'python']
[0.166s] Level 1:colcon.colcon_core.package_identification:_identify(meshes/robotiq_2f_85/visual) by extension 'cmake'
[0.166s] Level 1:colcon.colcon_core.package_identification:_identify(meshes/robotiq_2f_85/visual) by extension 'python'
[0.166s] Level 1:colcon.colcon_core.package_identification:_identify(meshes/robotiq_2f_85/visual) by extensions ['python_setup_py']
[0.166s] Level 1:colcon.colcon_core.package_identification:_identify(meshes/robotiq_2f_85/visual) by extension 'python_setup_py'
[0.166s] Level 1:colcon.colcon_core.package_identification:_identify(vision) by extensions ['ignore', 'ignore_ament_install']
[0.166s] Level 1:colcon.colcon_core.package_identification:_identify(vision) by extension 'ignore'
[0.166s] Level 1:colcon.colcon_core.package_identification:_identify(vision) by extension 'ignore_ament_install'
[0.166s] Level 1:colcon.colcon_core.package_identification:_identify(vision) by extensions ['colcon_pkg']
[0.166s] Level 1:colcon.colcon_core.package_identification:_identify(vision) by extension 'colcon_pkg'
[0.166s] Level 1:colcon.colcon_core.package_identification:_identify(vision) by extensions ['colcon_meta']
[0.166s] Level 1:colcon.colcon_core.package_identification:_identify(vision) by extension 'colcon_meta'
[0.166s] Level 1:colcon.colcon_core.package_identification:_identify(vision) by extensions ['ros']
[0.166s] Level 1:colcon.colcon_core.package_identification:_identify(vision) by extension 'ros'
[0.168s] DEBUG:colcon.colcon_core.package_identification:Package 'vision' with type 'ros.ament_cmake' and name 'unified_vision_system'
[0.168s] Level 1:colcon.colcon_core.package_discovery:discover_packages(recursive) using defaults
[0.168s] Level 1:colcon.colcon_core.package_discovery:discover_packages(ignore) discover
[0.168s] Level 1:colcon.colcon_core.package_discovery:discover_packages(ignore) using defaults
[0.168s] Level 1:colcon.colcon_core.package_discovery:discover_packages(path) discover
[0.168s] Level 1:colcon.colcon_core.package_discovery:discover_packages(path) using defaults
[0.181s] Level 1:colcon.colcon_core.package_discovery:discover_packages(prefix_path) check parameters
[0.181s] Level 1:colcon.colcon_core.package_discovery:discover_packages(prefix_path) discover
[0.182s] DEBUG:colcon.colcon_installed_package_information.package_discovery:Found 0 installed packages in /home/ur5e_user/workspace/install
[0.183s] DEBUG:colcon.colcon_installed_package_information.package_discovery:Found 411 installed packages in /opt/ros/humble
[0.202s] Level 1:colcon.colcon_core.package_discovery:discover_packages(prefix_path) using defaults
[0.233s] Level 5:colcon.colcon_core.verb:set package 'unified_vision_system' build argument 'cmake_args' from command line to 'None'
[0.233s] Level 5:colcon.colcon_core.verb:set package 'unified_vision_system' build argument 'cmake_target' from command line to 'None'
[0.233s] Level 5:colcon.colcon_core.verb:set package 'unified_vision_system' build argument 'cmake_target_skip_unavailable' from command line to 'False'
[0.233s] Level 5:colcon.colcon_core.verb:set package 'unified_vision_system' build argument 'cmake_clean_cache' from command line to 'False'
[0.233s] Level 5:colcon.colcon_core.verb:set package 'unified_vision_system' build argument 'cmake_clean_first' from command line to 'False'
[0.233s] Level 5:colcon.colcon_core.verb:set package 'unified_vision_system' build argument 'cmake_force_configure' from command line to 'False'
[0.233s] Level 5:colcon.colcon_core.verb:set package 'unified_vision_system' build argument 'ament_cmake_args' from command line to 'None'
[0.233s] Level 5:colcon.colcon_core.verb:set package 'unified_vision_system' build argument 'catkin_cmake_args' from command line to 'None'
[0.233s] Level 5:colcon.colcon_core.verb:set package 'unified_vision_system' build argument 'catkin_skip_building_tests' from command line to 'False'
[0.233s] DEBUG:colcon.colcon_core.verb:Building package 'unified_vision_system' with the following arguments: {'ament_cmake_args': None, 'build_base': '/home/ur5e_user/workspace/build/unified_vision_system', 'catkin_cmake_args': None, 'catkin_skip_building_tests': False, 'cmake_args': None, 'cmake_clean_cache': False, 'cmake_clean_first': False, 'cmake_force_configure': False, 'cmake_target': None, 'cmake_target_skip_unavailable': False, 'install_base': '/home/ur5e_user/workspace/install/unified_vision_system', 'merge_install': False, 'path': '/home/ur5e_user/workspace/vision', 'symlink_install': False, 'test_result_base': None}
[0.233s] INFO:colcon.colcon_core.executor:Executing jobs using 'parallel' executor
[0.234s] DEBUG:colcon.colcon_parallel_executor.executor.parallel:run_until_complete
[0.234s] INFO:colcon.colcon_ros.task.ament_cmake.build:Building ROS package in '/home/ur5e_user/workspace/vision' with build type 'ament_cmake'
[0.234s] INFO:colcon.colcon_cmake.task.cmake.build:Building CMake package in '/home/ur5e_user/workspace/vision'
[0.235s] INFO:colcon.colcon_core.plugin_system:Skipping extension 'colcon_core.shell.bat': Not used on non-Windows systems
[0.236s] INFO:colcon.colcon_core.shell:Skip shell extension 'powershell' for command environment: Not usable outside of PowerShell
[0.236s] DEBUG:colcon.colcon_core.shell:Skip shell extension 'dsv' for command environment
[0.245s] DEBUG:colcon.colcon_core.event_handler.log_command:Invoking command in '/home/ur5e_user/workspace/build/unified_vision_system': CMAKE_PREFIX_PATH=${CMAKE_PREFIX_PATH}:/opt/ros/humble CONDA_PROMPT_MODIFIER=(ur5e_vlm_environment) /opt/miniconda3/envs/ur5e_vlm_environment/bin/cmake /home/ur5e_user/workspace/vision -DCMAKE_INSTALL_PREFIX=/home/ur5e_user/workspace/install/unified_vision_system
[0.481s] DEBUG:colcon.colcon_core.event_handler.log_command:Invoked command in '/home/ur5e_user/workspace/build/unified_vision_system' returned '1': CMAKE_PREFIX_PATH=${CMAKE_PREFIX_PATH}:/opt/ros/humble CONDA_PROMPT_MODIFIER=(ur5e_vlm_environment) /opt/miniconda3/envs/ur5e_vlm_environment/bin/cmake /home/ur5e_user/workspace/vision -DCMAKE_INSTALL_PREFIX=/home/ur5e_user/workspace/install/unified_vision_system
[0.494s] Level 1:colcon.colcon_core.environment:create_environment_scripts_only(unified_vision_system)
[0.499s] Level 1:colcon.colcon_core.environment:checking '/home/ur5e_user/workspace/install/unified_vision_system' for CMake module files
[0.499s] Level 1:colcon.colcon_core.environment:checking '/home/ur5e_user/workspace/install/unified_vision_system' for CMake config files
[0.499s] Level 1:colcon.colcon_core.environment:checking '/home/ur5e_user/workspace/install/unified_vision_system/bin'
[0.499s] Level 1:colcon.colcon_core.environment:checking '/home/ur5e_user/workspace/install/unified_vision_system/lib/pkgconfig/unified_vision_system.pc'
[0.499s] Level 1:colcon.colcon_core.environment:checking '/home/ur5e_user/workspace/install/unified_vision_system/lib/python3.10/site-packages'
[0.500s] Level 1:colcon.colcon_core.environment:checking '/home/ur5e_user/workspace/install/unified_vision_system/bin'
[0.500s] INFO:colcon.colcon_core.shell:Creating package script '/home/ur5e_user/workspace/install/unified_vision_system/share/unified_vision_system/package.ps1'
[0.501s] INFO:colcon.colcon_core.shell:Creating package descriptor '/home/ur5e_user/workspace/install/unified_vision_system/share/unified_vision_system/package.dsv'
[0.501s] INFO:colcon.colcon_core.shell:Creating package script '/home/ur5e_user/workspace/install/unified_vision_system/share/unified_vision_system/package.sh'
[0.501s] INFO:colcon.colcon_core.shell:Creating package script '/home/ur5e_user/workspace/install/unified_vision_system/share/unified_vision_system/package.bash'
[0.502s] INFO:colcon.colcon_core.shell:Creating package script '/home/ur5e_user/workspace/install/unified_vision_system/share/unified_vision_system/package.zsh'
[0.503s] Level 1:colcon.colcon_core.environment:create_file_with_runtime_dependencies(/home/ur5e_user/workspace/install/unified_vision_system/share/colcon-core/packages/unified_vision_system)
[0.513s] DEBUG:colcon.colcon_parallel_executor.executor.parallel:closing loop
[0.514s] DEBUG:colcon.colcon_parallel_executor.executor.parallel:loop closed
[0.514s] DEBUG:colcon.colcon_parallel_executor.executor.parallel:run_until_complete finished with '1'
[0.514s] DEBUG:colcon.colcon_core.event_reactor:joining thread
[0.519s] INFO:colcon.colcon_core.plugin_system:Skipping extension 'colcon_notification.desktop_notification.notify_send': Could not find 'notify-send'
[0.519s] INFO:colcon.colcon_core.plugin_system:Skipping extension 'colcon_notification.desktop_notification.terminal_notifier': Not used on non-Darwin systems
[0.519s] INFO:colcon.colcon_core.plugin_system:Skipping extension 'colcon_notification.desktop_notification.win32': Not used on non-Windows systems
[0.519s] INFO:colcon.colcon_notification.desktop_notification:Sending desktop notification using 'notify2'
[0.524s] DEBUG:colcon.colcon_notification.desktop_notification.notify2:Failed to initialize notify2: org.freedesktop.DBus.Error.Spawn.ExecFailed: /usr/bin/dbus-launch terminated abnormally with the following error: dbus-launch: No existing session bus was found, and X11 autolaunch support was disabled at compile time.

[0.525s] DEBUG:colcon.colcon_core.event_reactor:joined thread
[0.525s] INFO:colcon.colcon_core.shell:Creating prefix script '/home/ur5e_user/workspace/install/local_setup.ps1'
[0.527s] INFO:colcon.colcon_core.shell:Creating prefix util module '/home/ur5e_user/workspace/install/_local_setup_util_ps1.py'
[0.529s] INFO:colcon.colcon_core.shell:Creating prefix chain script '/home/ur5e_user/workspace/install/setup.ps1'
[0.530s] INFO:colcon.colcon_core.shell:Creating prefix script '/home/ur5e_user/workspace/install/local_setup.sh'
[0.531s] INFO:colcon.colcon_core.shell:Creating prefix util module '/home/ur5e_user/workspace/install/_local_setup_util_sh.py'
[0.532s] INFO:colcon.colcon_core.shell:Creating prefix chain script '/home/ur5e_user/workspace/install/setup.sh'
[0.533s] INFO:colcon.colcon_core.shell:Creating prefix script '/home/ur5e_user/workspace/install/local_setup.bash'
[0.534s] INFO:colcon.colcon_core.shell:Creating prefix chain script '/home/ur5e_user/workspace/install/setup.bash'
[0.535s] INFO:colcon.colcon_core.shell:Creating prefix script '/home/ur5e_user/workspace/install/local_setup.zsh'
[0.535s] INFO:colcon.colcon_core.shell:Creating prefix chain script '/home/ur5e_user/workspace/install/setup.zsh'
