Built target ament_cmake_python_copy_unified_vision_system
running egg_info
writing unified_vision_system.egg-info/PKG-INFO
writing dependency_links to unified_vision_system.egg-info/dependency_links.txt
writing top-level names to unified_vision_system.egg-info/top_level.txt
reading manifest file 'unified_vision_system.egg-info/SOURCES.txt'
writing manifest file 'unified_vision_system.egg-info/SOURCES.txt'
Built target ament_cmake_python_build_unified_vision_system_egg
-- Install configuration: ""
-- Up-to-date: /home/ur5e_user/workspace/install/unified_vision_system/share/unified_vision_system/environment/pythonpath.sh
-- Up-to-date: /home/ur5e_user/workspace/install/unified_vision_system/share/unified_vision_system/environment/pythonpath.dsv
-- Up-to-date: /home/ur5e_user/workspace/install/unified_vision_system/lib/python3.11/site-packages/unified_vision_system-1.0.0-py3.11.egg-info
-- Installing: /home/ur5e_user/workspace/install/unified_vision_system/lib/python3.11/site-packages/unified_vision_system-1.0.0-py3.11.egg-info/PKG-INFO
-- Installing: /home/ur5e_user/workspace/install/unified_vision_system/lib/python3.11/site-packages/unified_vision_system-1.0.0-py3.11.egg-info/SOURCES.txt
-- Installing: /home/ur5e_user/workspace/install/unified_vision_system/lib/python3.11/site-packages/unified_vision_system-1.0.0-py3.11.egg-info/top_level.txt
-- Installing: /home/ur5e_user/workspace/install/unified_vision_system/lib/python3.11/site-packages/unified_vision_system-1.0.0-py3.11.egg-info/dependency_links.txt
-- Up-to-date: /home/ur5e_user/workspace/install/unified_vision_system/lib/python3.11/site-packages/unified_vision_system
-- Up-to-date: /home/ur5e_user/workspace/install/unified_vision_system/lib/python3.11/site-packages/unified_vision_system/__init__.py
Listing '/home/ur5e_user/workspace/install/unified_vision_system/lib/python3.11/site-packages/unified_vision_system'...
-- Up-to-date: /home/ur5e_user/workspace/install/unified_vision_system/lib/unified_vision_system/unified_vision_system_node.py
-- Up-to-date: /home/ur5e_user/workspace/install/unified_vision_system/lib/unified_vision_system/create_sim_calibration.py
-- Up-to-date: /home/ur5e_user/workspace/install/unified_vision_system/share/unified_vision_system/launch
-- Up-to-date: /home/ur5e_user/workspace/install/unified_vision_system/share/unified_vision_system/launch/test_unified_vision_system.py
-- Up-to-date: /home/ur5e_user/workspace/install/unified_vision_system/share/unified_vision_system/launch/.DS_Store
-- Up-to-date: /home/ur5e_user/workspace/install/unified_vision_system/share/unified_vision_system/launch/__pycache__
-- Up-to-date: /home/ur5e_user/workspace/install/unified_vision_system/share/unified_vision_system/launch/__pycache__/launch_gazebo_with_red_cube.cpython-313.pyc
-- Up-to-date: /home/ur5e_user/workspace/install/unified_vision_system/share/unified_vision_system/launch/__pycache__/test_unified_vision_system.cpython-313.pyc
-- Up-to-date: /home/ur5e_user/workspace/install/unified_vision_system/share/unified_vision_system/launch/launch_gazebo_with_red_cube.py
-- Up-to-date: /home/ur5e_user/workspace/install/unified_vision_system/share/unified_vision_system/config
-- Up-to-date: /home/ur5e_user/workspace/install/unified_vision_system/share/unified_vision_system/config/simulation_controllers.yaml
-- Up-to-date: /home/ur5e_user/workspace/install/unified_vision_system/share/unified_vision_system/config/ur5e_robotiq.srdf.xacro
-- Up-to-date: /home/ur5e_user/workspace/install/unified_vision_system/share/unified_vision_system/config/ur30_robotiq.srdf.xacro
-- Up-to-date: /home/ur5e_user/workspace/install/unified_vision_system/share/unified_vision_system/config/simulation_controllers.yaml.sync
-- Up-to-date: /home/ur5e_user/workspace/install/unified_vision_system/share/unified_vision_system/urdf
-- Up-to-date: /home/ur5e_user/workspace/install/unified_vision_system/share/unified_vision_system/urdf/ur5e_robotiq_realsense.urdf.xacro.sync
-- Installing: /home/ur5e_user/workspace/install/unified_vision_system/share/unified_vision_system/urdf/ur30_robotiq_realsense.urdf.xacro
-- Up-to-date: /home/ur5e_user/workspace/install/unified_vision_system/share/unified_vision_system/urdf/robotiq_arg85.urdf
-- Up-to-date: /home/ur5e_user/workspace/install/unified_vision_system/share/unified_vision_system/urdf/ur5e_robotiq_realsense.urdf.xacro
-- Up-to-date: /home/ur5e_user/workspace/install/unified_vision_system/share/unified_vision_system/urdf/ur5e_with_realsense.urdf.xacro
-- Up-to-date: /home/ur5e_user/workspace/install/unified_vision_system/share/unified_vision_system/urdf/.DS_Store
-- Up-to-date: /home/ur5e_user/workspace/install/unified_vision_system/share/unified_vision_system/urdf/ur5e_robotiq_realsense.urdf.xacro.backup
-- Up-to-date: /home/ur5e_user/workspace/install/unified_vision_system/share/unified_vision_system/urdf/robotiq_85_stable.urdf.xacro
-- Up-to-date: /home/ur5e_user/workspace/install/unified_vision_system/share/unified_vision_system/urdf/ur5e_robotiq_realsense.urdf.xacro.backup.old
-- Up-to-date: /home/ur5e_user/workspace/install/unified_vision_system/share/unified_vision_system/worlds
-- Up-to-date: /home/ur5e_user/workspace/install/unified_vision_system/share/unified_vision_system/worlds/ur5e_vision_world.world
-- Up-to-date: /home/ur5e_user/workspace/install/unified_vision_system/share/unified_vision_system/meshes
-- Up-to-date: /home/ur5e_user/workspace/install/unified_vision_system/share/unified_vision_system/meshes/outer_knuckle_coarse.STL
-- Up-to-date: /home/ur5e_user/workspace/install/unified_vision_system/share/unified_vision_system/meshes/inner_knuckle_coarse.STL
-- Up-to-date: /home/ur5e_user/workspace/install/unified_vision_system/share/unified_vision_system/meshes/outer_finger_fine.STL
-- Up-to-date: /home/ur5e_user/workspace/install/unified_vision_system/share/unified_vision_system/meshes/inner_finger_fine.STL
-- Up-to-date: /home/ur5e_user/workspace/install/unified_vision_system/share/unified_vision_system/meshes/robotiq_85_base_link_fine.STL
-- Up-to-date: /home/ur5e_user/workspace/install/unified_vision_system/share/unified_vision_system/meshes/inner_finger_coarse.STL
-- Up-to-date: /home/ur5e_user/workspace/install/unified_vision_system/share/unified_vision_system/meshes/inner_knuckle_fine.STL
-- Up-to-date: /home/ur5e_user/workspace/install/unified_vision_system/share/unified_vision_system/meshes/robotiq_85_base_link_coarse.STL
-- Up-to-date: /home/ur5e_user/workspace/install/unified_vision_system/share/unified_vision_system/meshes/outer_finger_coarse.STL
-- Up-to-date: /home/ur5e_user/workspace/install/unified_vision_system/share/unified_vision_system/meshes/outer_knuckle_fine.STL
-- Up-to-date: /home/ur5e_user/workspace/install/unified_vision_system/share/ament_index/resource_index/package_run_dependencies/unified_vision_system
-- Up-to-date: /home/ur5e_user/workspace/install/unified_vision_system/share/ament_index/resource_index/parent_prefix_path/unified_vision_system
-- Up-to-date: /home/ur5e_user/workspace/install/unified_vision_system/share/unified_vision_system/environment/ament_prefix_path.sh
-- Up-to-date: /home/ur5e_user/workspace/install/unified_vision_system/share/unified_vision_system/environment/ament_prefix_path.dsv
-- Up-to-date: /home/ur5e_user/workspace/install/unified_vision_system/share/unified_vision_system/environment/path.sh
-- Up-to-date: /home/ur5e_user/workspace/install/unified_vision_system/share/unified_vision_system/environment/path.dsv
-- Up-to-date: /home/ur5e_user/workspace/install/unified_vision_system/share/unified_vision_system/local_setup.bash
-- Up-to-date: /home/ur5e_user/workspace/install/unified_vision_system/share/unified_vision_system/local_setup.sh
-- Up-to-date: /home/ur5e_user/workspace/install/unified_vision_system/share/unified_vision_system/local_setup.zsh
-- Up-to-date: /home/ur5e_user/workspace/install/unified_vision_system/share/unified_vision_system/local_setup.dsv
-- Up-to-date: /home/ur5e_user/workspace/install/unified_vision_system/share/unified_vision_system/package.dsv
-- Up-to-date: /home/ur5e_user/workspace/install/unified_vision_system/share/ament_index/resource_index/packages/unified_vision_system
-- Up-to-date: /home/ur5e_user/workspace/install/unified_vision_system/share/unified_vision_system/cmake/ament_cmake_export_dependencies-extras.cmake
-- Up-to-date: /home/ur5e_user/workspace/install/unified_vision_system/share/unified_vision_system/cmake/unified_vision_systemConfig.cmake
-- Up-to-date: /home/ur5e_user/workspace/install/unified_vision_system/share/unified_vision_system/cmake/unified_vision_systemConfig-version.cmake
-- Up-to-date: /home/ur5e_user/workspace/install/unified_vision_system/share/unified_vision_system/package.xml
