[0.000000] (-) TimerEvent: {}
[0.000084] (-) JobUnselected: {'identifier': 'robotiq_2f_85_gripper_visualization'}
[0.000134] (-) JobUnselected: {'identifier': 'robotiq_controllers'}
[0.000167] (-) JobUnselected: {'identifier': 'robotiq_description'}
[0.000214] (-) JobUnselected: {'identifier': 'robotiq_driver'}
[0.000241] (-) JobUnselected: {'identifier': 'robotiq_hardware_tests'}
[0.000305] (-) JobUnselected: {'identifier': 'serial'}
[0.000323] (-) JobUnselected: {'identifier': 'ur_description'}
[0.000344] (unified_vision_system) JobQueued: {'identifier': 'unified_vision_system', 'dependencies': OrderedDict([('robotiq_2f_85_gripper_visualization', '/workspace/install/robotiq_2f_85_gripper_visualization'), ('robotiq_description', '/workspace/install/robotiq_description'), ('ur_description', '/workspace/install/ur_description')])}
[0.000377] (unified_vision_system) JobStarted: {'identifier': 'unified_vision_system'}
[0.008867] (unified_vision_system) JobProgress: {'identifier': 'unified_vision_system', 'progress': 'cmake'}
[0.009255] (unified_vision_system) Command: {'cmd': ['/usr/bin/cmake', '/workspace/src/unified_vision_system', '-DCMAKE_INSTALL_PREFIX=/workspace/install/unified_vision_system'], 'cwd': '/workspace/build/unified_vision_system', 'env': OrderedDict([('LIBRARY_PATH', '/usr/local/cuda/lib64/stubs'), ('MINICONDA_VERSION', 'py311_23.11.0-2'), ('NV_LIBCUBLAS_VERSION', '12.1.0.26-1'), ('NV_NVPROF_DEV_PACKAGE', 'cuda-nvprof-12-1=12.1.55-1'), ('NV_CUDA_COMPAT_PACKAGE', 'cuda-compat-12-1'), ('NV_CUDA_NSIGHT_COMPUTE_VERSION', '12.1.0-1'), ('HOSTNAME', 'ishaan-Victus-by-HP-Gaming-Laptop-16-s1xxx'), ('ROS_PACKAGE_PATH', '/workspace/install/robotiq_2f_85_gripper_visualization/share'), ('NVIDIA_CUDA_END_OF_LIFE', '1'), ('SHLVL', '0'), ('LD_LIBRARY_PATH', '/usr/lib/x86_64-linux-gnu/gazebo-11/plugins:/opt/ros/humble/opt/rviz_ogre_vendor/lib:/opt/ros/humble/lib/x86_64-linux-gnu:/opt/ros/humble/lib:/usr/local/nvidia/lib:/usr/local/nvidia/lib64'), ('NV_LIBNCCL_PACKAGE_VERSION', '2.17.1-1'), ('HOME', '/home/ur5e_user'), ('OLDPWD', '/workspace'), ('NV_LIBCUBLAS_DEV_VERSION', '12.1.0.26-1'), ('ROS_PYTHON_VERSION', '3'), ('NV_LIBNCCL_DEV_PACKAGE_VERSION', '2.17.1-1'), ('NV_LIBNPP_PACKAGE', 'libnpp-12-1=12.0.2.50-1'), ('CUDA_VERSION', '12.1.0'), ('NV_NVPROF_VERSION', '12.1.55-1'), ('ROS_DISTRO', 'humble'), ('NV_LIBCUBLAS_PACKAGE_NAME', 'libcublas-12-1'), ('NVIDIA_REQUIRE_CUDA', 'cuda>=12.1 brand=tesla,driver>=470,driver<471 brand=unknown,driver>=470,driver<471 brand=nvidia,driver>=470,driver<471 brand=nvidiartx,driver>=470,driver<471 brand=geforce,driver>=470,driver<471 brand=geforcertx,driver>=470,driver<471 brand=quadro,driver>=470,driver<471 brand=quadrortx,driver>=470,driver<471 brand=titan,driver>=470,driver<471 brand=titanrtx,driver>=470,driver<471 brand=tesla,driver>=525,driver<526 brand=unknown,driver>=525,driver<526 brand=nvidia,driver>=525,driver<526 brand=nvidiartx,driver>=525,driver<526 brand=geforce,driver>=525,driver<526 brand=geforcertx,driver>=525,driver<526 brand=quadro,driver>=525,driver<526 brand=quadrortx,driver>=525,driver<526 brand=titan,driver>=525,driver<526 brand=titanrtx,driver>=525,driver<526'), ('_', '/usr/bin/colcon'), ('ROS_VERSION', '2'), ('NV_LIBCUSPARSE_VERSION', '12.0.2.55-1'), ('NVIDIA_DRIVER_CAPABILITIES', 'compute,utility'), ('NV_CUDA_LIB_VERSION', '12.1.0-1'), ('NV_LIBNCCL_PACKAGE_NAME', 'libnccl2'), ('PKG_CONFIG_PATH', '/workspace/install/robotiq_2f_85_gripper_visualization/lib/x86_64-linux-gnu/pkgconfig:/workspace/install/robotiq_2f_85_gripper_visualization/lib/pkgconfig'), ('NV_NVML_DEV_VERSION', '12.1.55-1'), ('NV_LIBNPP_DEV_PACKAGE', 'libnpp-dev-12-1=12.0.2.50-1'), ('NV_CUDA_CUDART_VERSION', '12.1.55-1'), ('ROS_LOCALHOST_ONLY', '0'), ('PATH', '/opt/ros/humble/bin:/opt/miniconda3/bin:/usr/local/nvidia/bin:/usr/local/cuda/bin:/usr/local/sbin:/usr/local/bin:/usr/sbin:/usr/bin:/sbin:/bin'), ('NV_LIBCUBLAS_DEV_PACKAGE_NAME', 'libcublas-dev-12-1'), ('NV_LIBCUBLAS_PACKAGE', 'libcublas-12-1=12.1.0.26-1'), ('NVARCH', 'x86_64'), ('NV_LIBNCCL_DEV_PACKAGE_NAME', 'libnccl-dev'), ('NV_LIBCUSPARSE_DEV_VERSION', '12.0.2.55-1'), ('DISPLAY', ':1'), ('NV_LIBNCCL_PACKAGE', 'libnccl2=2.17.1-1+cuda12.1'), ('NVIDIA_PRODUCT_NAME', 'CUDA'), ('LANG', 'en_US.UTF-8'), ('RMW_IMPLEMENTATION', 'rmw_fastrtps_cpp'), ('NV_CUDA_CUDART_DEV_VERSION', '12.1.55-1'), ('ROS_DOMAIN_ID', '0'), ('AMENT_PREFIX_PATH', '/workspace/install/ur_description:/workspace/install/robotiq_description:/opt/ros/humble'), ('DEBIAN_FRONTEND', 'noninteractive'), ('NV_LIBCUBLAS_DEV_PACKAGE', 'libcublas-dev-12-1=12.1.0.26-1'), ('NV_CUDA_NSIGHT_COMPUTE_DEV_PACKAGE', 'cuda-nsight-compute-12-1=12.1.0-1'), ('NV_LIBNCCL_DEV_PACKAGE', 'libnccl-dev=2.17.1-1+cuda12.1'), ('NV_NVTX_VERSION', '12.1.66-1'), ('NV_LIBNPP_VERSION', '12.0.2.50-1'), ('PWD', '/workspace/build/unified_vision_system'), ('LC_ALL', 'en_US.UTF-8'), ('PYTHONPATH', '/opt/ros/humble/lib/python3.10/site-packages:/opt/ros/humble/local/lib/python3.10/dist-packages'), ('NVIDIA_VISIBLE_DEVICES', 'all'), ('NCCL_VERSION', '2.17.1-1'), ('TZ', 'America/Toronto'), ('COLCON', '1'), ('NV_LIBNPP_DEV_VERSION', '12.0.2.50-1'), ('CMAKE_PREFIX_PATH', '/workspace/install/ur_description:/workspace/install/robotiq_description:/opt/ros/humble:/workspace/install/robotiq_2f_85_gripper_visualization')]), 'shell': False}
[0.056806] (unified_vision_system) StdoutLine: {'line': b'-- The C compiler identification is GNU 11.4.0\n'}
[0.099475] (-) TimerEvent: {}
[0.103887] (unified_vision_system) StdoutLine: {'line': b'-- The CXX compiler identification is GNU 11.4.0\n'}
[0.110417] (unified_vision_system) StdoutLine: {'line': b'-- Detecting C compiler ABI info\n'}
[0.170244] (unified_vision_system) StdoutLine: {'line': b'-- Detecting C compiler ABI info - done\n'}
[0.174362] (unified_vision_system) StdoutLine: {'line': b'-- Check for working C compiler: /usr/bin/cc - skipped\n'}
[0.174546] (unified_vision_system) StdoutLine: {'line': b'-- Detecting C compile features\n'}
[0.174730] (unified_vision_system) StdoutLine: {'line': b'-- Detecting C compile features - done\n'}
[0.176725] (unified_vision_system) StdoutLine: {'line': b'-- Detecting CXX compiler ABI info\n'}
[0.199596] (-) TimerEvent: {}
[0.246148] (unified_vision_system) StdoutLine: {'line': b'-- Detecting CXX compiler ABI info - done\n'}
[0.251097] (unified_vision_system) StdoutLine: {'line': b'-- Check for working CXX compiler: /usr/bin/c++ - skipped\n'}
[0.251381] (unified_vision_system) StdoutLine: {'line': b'-- Detecting CXX compile features\n'}
[0.251562] (unified_vision_system) StdoutLine: {'line': b'-- Detecting CXX compile features - done\n'}
[0.254675] (unified_vision_system) StdoutLine: {'line': b'-- Found ament_cmake: 1.3.12 (/opt/ros/humble/share/ament_cmake/cmake)\n'}
[0.299667] (-) TimerEvent: {}
[0.399854] (-) TimerEvent: {}
[0.489702] (unified_vision_system) StdoutLine: {'line': b'-- Found Python3: /opt/miniconda3/bin/python3 (found version "3.11.5") found components: Interpreter \n'}
[0.499950] (-) TimerEvent: {}
[0.600106] (-) TimerEvent: {}
[0.690094] (unified_vision_system) StdoutLine: {'line': b'-- Configuring done\n'}
[0.693097] (unified_vision_system) StdoutLine: {'line': b'-- Generating done\n'}
[0.695002] (unified_vision_system) StdoutLine: {'line': b'-- Build files have been written to: /workspace/build/unified_vision_system\n'}
[0.699353] (unified_vision_system) CommandEnded: {'returncode': 0}
[0.699959] (unified_vision_system) JobProgress: {'identifier': 'unified_vision_system', 'progress': 'build'}
[0.700707] (unified_vision_system) Command: {'cmd': ['/usr/bin/cmake', '--build', '/workspace/build/unified_vision_system', '--', '-j12', '-l12'], 'cwd': '/workspace/build/unified_vision_system', 'env': OrderedDict([('LIBRARY_PATH', '/usr/local/cuda/lib64/stubs'), ('MINICONDA_VERSION', 'py311_23.11.0-2'), ('NV_LIBCUBLAS_VERSION', '12.1.0.26-1'), ('NV_NVPROF_DEV_PACKAGE', 'cuda-nvprof-12-1=12.1.55-1'), ('NV_CUDA_COMPAT_PACKAGE', 'cuda-compat-12-1'), ('NV_CUDA_NSIGHT_COMPUTE_VERSION', '12.1.0-1'), ('HOSTNAME', 'ishaan-Victus-by-HP-Gaming-Laptop-16-s1xxx'), ('ROS_PACKAGE_PATH', '/workspace/install/robotiq_2f_85_gripper_visualization/share'), ('NVIDIA_CUDA_END_OF_LIFE', '1'), ('SHLVL', '0'), ('LD_LIBRARY_PATH', '/usr/lib/x86_64-linux-gnu/gazebo-11/plugins:/opt/ros/humble/opt/rviz_ogre_vendor/lib:/opt/ros/humble/lib/x86_64-linux-gnu:/opt/ros/humble/lib:/usr/local/nvidia/lib:/usr/local/nvidia/lib64'), ('NV_LIBNCCL_PACKAGE_VERSION', '2.17.1-1'), ('HOME', '/home/ur5e_user'), ('OLDPWD', '/workspace'), ('NV_LIBCUBLAS_DEV_VERSION', '12.1.0.26-1'), ('ROS_PYTHON_VERSION', '3'), ('NV_LIBNCCL_DEV_PACKAGE_VERSION', '2.17.1-1'), ('NV_LIBNPP_PACKAGE', 'libnpp-12-1=12.0.2.50-1'), ('CUDA_VERSION', '12.1.0'), ('NV_NVPROF_VERSION', '12.1.55-1'), ('ROS_DISTRO', 'humble'), ('NV_LIBCUBLAS_PACKAGE_NAME', 'libcublas-12-1'), ('NVIDIA_REQUIRE_CUDA', 'cuda>=12.1 brand=tesla,driver>=470,driver<471 brand=unknown,driver>=470,driver<471 brand=nvidia,driver>=470,driver<471 brand=nvidiartx,driver>=470,driver<471 brand=geforce,driver>=470,driver<471 brand=geforcertx,driver>=470,driver<471 brand=quadro,driver>=470,driver<471 brand=quadrortx,driver>=470,driver<471 brand=titan,driver>=470,driver<471 brand=titanrtx,driver>=470,driver<471 brand=tesla,driver>=525,driver<526 brand=unknown,driver>=525,driver<526 brand=nvidia,driver>=525,driver<526 brand=nvidiartx,driver>=525,driver<526 brand=geforce,driver>=525,driver<526 brand=geforcertx,driver>=525,driver<526 brand=quadro,driver>=525,driver<526 brand=quadrortx,driver>=525,driver<526 brand=titan,driver>=525,driver<526 brand=titanrtx,driver>=525,driver<526'), ('_', '/usr/bin/colcon'), ('ROS_VERSION', '2'), ('NV_LIBCUSPARSE_VERSION', '12.0.2.55-1'), ('NVIDIA_DRIVER_CAPABILITIES', 'compute,utility'), ('NV_CUDA_LIB_VERSION', '12.1.0-1'), ('NV_LIBNCCL_PACKAGE_NAME', 'libnccl2'), ('PKG_CONFIG_PATH', '/workspace/install/robotiq_2f_85_gripper_visualization/lib/x86_64-linux-gnu/pkgconfig:/workspace/install/robotiq_2f_85_gripper_visualization/lib/pkgconfig'), ('NV_NVML_DEV_VERSION', '12.1.55-1'), ('NV_LIBNPP_DEV_PACKAGE', 'libnpp-dev-12-1=12.0.2.50-1'), ('NV_CUDA_CUDART_VERSION', '12.1.55-1'), ('ROS_LOCALHOST_ONLY', '0'), ('PATH', '/opt/ros/humble/bin:/opt/miniconda3/bin:/usr/local/nvidia/bin:/usr/local/cuda/bin:/usr/local/sbin:/usr/local/bin:/usr/sbin:/usr/bin:/sbin:/bin'), ('NV_LIBCUBLAS_DEV_PACKAGE_NAME', 'libcublas-dev-12-1'), ('NV_LIBCUBLAS_PACKAGE', 'libcublas-12-1=12.1.0.26-1'), ('NVARCH', 'x86_64'), ('NV_LIBNCCL_DEV_PACKAGE_NAME', 'libnccl-dev'), ('NV_LIBCUSPARSE_DEV_VERSION', '12.0.2.55-1'), ('DISPLAY', ':1'), ('NV_LIBNCCL_PACKAGE', 'libnccl2=2.17.1-1+cuda12.1'), ('NVIDIA_PRODUCT_NAME', 'CUDA'), ('LANG', 'en_US.UTF-8'), ('RMW_IMPLEMENTATION', 'rmw_fastrtps_cpp'), ('NV_CUDA_CUDART_DEV_VERSION', '12.1.55-1'), ('ROS_DOMAIN_ID', '0'), ('AMENT_PREFIX_PATH', '/workspace/install/ur_description:/workspace/install/robotiq_description:/opt/ros/humble'), ('DEBIAN_FRONTEND', 'noninteractive'), ('NV_LIBCUBLAS_DEV_PACKAGE', 'libcublas-dev-12-1=12.1.0.26-1'), ('NV_CUDA_NSIGHT_COMPUTE_DEV_PACKAGE', 'cuda-nsight-compute-12-1=12.1.0-1'), ('NV_LIBNCCL_DEV_PACKAGE', 'libnccl-dev=2.17.1-1+cuda12.1'), ('NV_NVTX_VERSION', '12.1.66-1'), ('NV_LIBNPP_VERSION', '12.0.2.50-1'), ('PWD', '/workspace/build/unified_vision_system'), ('LC_ALL', 'en_US.UTF-8'), ('PYTHONPATH', '/opt/ros/humble/lib/python3.10/site-packages:/opt/ros/humble/local/lib/python3.10/dist-packages'), ('NVIDIA_VISIBLE_DEVICES', 'all'), ('NCCL_VERSION', '2.17.1-1'), ('TZ', 'America/Toronto'), ('COLCON', '1'), ('NV_LIBNPP_DEV_VERSION', '12.0.2.50-1'), ('CMAKE_PREFIX_PATH', '/workspace/install/ur_description:/workspace/install/robotiq_description:/opt/ros/humble:/workspace/install/robotiq_2f_85_gripper_visualization')]), 'shell': False}
[0.701370] (-) TimerEvent: {}
[0.754519] (unified_vision_system) StdoutLine: {'line': b'Built target ament_cmake_python_copy_unified_vision_system\n'}
[0.801484] (-) TimerEvent: {}
[0.859768] (unified_vision_system) StdoutLine: {'line': b'running egg_info\n'}
[0.860114] (unified_vision_system) StdoutLine: {'line': b'creating unified_vision_system.egg-info\n'}
[0.864930] (unified_vision_system) StdoutLine: {'line': b'writing unified_vision_system.egg-info/PKG-INFO\n'}
[0.865175] (unified_vision_system) StdoutLine: {'line': b'writing dependency_links to unified_vision_system.egg-info/dependency_links.txt\n'}
[0.865284] (unified_vision_system) StdoutLine: {'line': b'writing top-level names to unified_vision_system.egg-info/top_level.txt\n'}
[0.865367] (unified_vision_system) StdoutLine: {'line': b"writing manifest file 'unified_vision_system.egg-info/SOURCES.txt'\n"}
[0.880336] (unified_vision_system) StdoutLine: {'line': b"reading manifest file 'unified_vision_system.egg-info/SOURCES.txt'\n"}
[0.880748] (unified_vision_system) StdoutLine: {'line': b"writing manifest file 'unified_vision_system.egg-info/SOURCES.txt'\n"}
[0.901427] (unified_vision_system) StdoutLine: {'line': b'Built target ament_cmake_python_build_unified_vision_system_egg\n'}
[0.901560] (-) TimerEvent: {}
[0.910709] (unified_vision_system) CommandEnded: {'returncode': 0}
[0.911389] (unified_vision_system) JobProgress: {'identifier': 'unified_vision_system', 'progress': 'install'}
[0.918824] (unified_vision_system) Command: {'cmd': ['/usr/bin/cmake', '--install', '/workspace/build/unified_vision_system'], 'cwd': '/workspace/build/unified_vision_system', 'env': OrderedDict([('LIBRARY_PATH', '/usr/local/cuda/lib64/stubs'), ('MINICONDA_VERSION', 'py311_23.11.0-2'), ('NV_LIBCUBLAS_VERSION', '12.1.0.26-1'), ('NV_NVPROF_DEV_PACKAGE', 'cuda-nvprof-12-1=12.1.55-1'), ('NV_CUDA_COMPAT_PACKAGE', 'cuda-compat-12-1'), ('NV_CUDA_NSIGHT_COMPUTE_VERSION', '12.1.0-1'), ('HOSTNAME', 'ishaan-Victus-by-HP-Gaming-Laptop-16-s1xxx'), ('ROS_PACKAGE_PATH', '/workspace/install/robotiq_2f_85_gripper_visualization/share'), ('NVIDIA_CUDA_END_OF_LIFE', '1'), ('SHLVL', '0'), ('LD_LIBRARY_PATH', '/usr/lib/x86_64-linux-gnu/gazebo-11/plugins:/opt/ros/humble/opt/rviz_ogre_vendor/lib:/opt/ros/humble/lib/x86_64-linux-gnu:/opt/ros/humble/lib:/usr/local/nvidia/lib:/usr/local/nvidia/lib64'), ('NV_LIBNCCL_PACKAGE_VERSION', '2.17.1-1'), ('HOME', '/home/ur5e_user'), ('OLDPWD', '/workspace'), ('NV_LIBCUBLAS_DEV_VERSION', '12.1.0.26-1'), ('ROS_PYTHON_VERSION', '3'), ('NV_LIBNCCL_DEV_PACKAGE_VERSION', '2.17.1-1'), ('NV_LIBNPP_PACKAGE', 'libnpp-12-1=12.0.2.50-1'), ('CUDA_VERSION', '12.1.0'), ('NV_NVPROF_VERSION', '12.1.55-1'), ('ROS_DISTRO', 'humble'), ('NV_LIBCUBLAS_PACKAGE_NAME', 'libcublas-12-1'), ('NVIDIA_REQUIRE_CUDA', 'cuda>=12.1 brand=tesla,driver>=470,driver<471 brand=unknown,driver>=470,driver<471 brand=nvidia,driver>=470,driver<471 brand=nvidiartx,driver>=470,driver<471 brand=geforce,driver>=470,driver<471 brand=geforcertx,driver>=470,driver<471 brand=quadro,driver>=470,driver<471 brand=quadrortx,driver>=470,driver<471 brand=titan,driver>=470,driver<471 brand=titanrtx,driver>=470,driver<471 brand=tesla,driver>=525,driver<526 brand=unknown,driver>=525,driver<526 brand=nvidia,driver>=525,driver<526 brand=nvidiartx,driver>=525,driver<526 brand=geforce,driver>=525,driver<526 brand=geforcertx,driver>=525,driver<526 brand=quadro,driver>=525,driver<526 brand=quadrortx,driver>=525,driver<526 brand=titan,driver>=525,driver<526 brand=titanrtx,driver>=525,driver<526'), ('_', '/usr/bin/colcon'), ('ROS_VERSION', '2'), ('NV_LIBCUSPARSE_VERSION', '12.0.2.55-1'), ('NVIDIA_DRIVER_CAPABILITIES', 'compute,utility'), ('NV_CUDA_LIB_VERSION', '12.1.0-1'), ('NV_LIBNCCL_PACKAGE_NAME', 'libnccl2'), ('PKG_CONFIG_PATH', '/workspace/install/robotiq_2f_85_gripper_visualization/lib/x86_64-linux-gnu/pkgconfig:/workspace/install/robotiq_2f_85_gripper_visualization/lib/pkgconfig'), ('NV_NVML_DEV_VERSION', '12.1.55-1'), ('NV_LIBNPP_DEV_PACKAGE', 'libnpp-dev-12-1=12.0.2.50-1'), ('NV_CUDA_CUDART_VERSION', '12.1.55-1'), ('ROS_LOCALHOST_ONLY', '0'), ('PATH', '/opt/ros/humble/bin:/opt/miniconda3/bin:/usr/local/nvidia/bin:/usr/local/cuda/bin:/usr/local/sbin:/usr/local/bin:/usr/sbin:/usr/bin:/sbin:/bin'), ('NV_LIBCUBLAS_DEV_PACKAGE_NAME', 'libcublas-dev-12-1'), ('NV_LIBCUBLAS_PACKAGE', 'libcublas-12-1=12.1.0.26-1'), ('NVARCH', 'x86_64'), ('NV_LIBNCCL_DEV_PACKAGE_NAME', 'libnccl-dev'), ('NV_LIBCUSPARSE_DEV_VERSION', '12.0.2.55-1'), ('DISPLAY', ':1'), ('NV_LIBNCCL_PACKAGE', 'libnccl2=2.17.1-1+cuda12.1'), ('NVIDIA_PRODUCT_NAME', 'CUDA'), ('LANG', 'en_US.UTF-8'), ('RMW_IMPLEMENTATION', 'rmw_fastrtps_cpp'), ('NV_CUDA_CUDART_DEV_VERSION', '12.1.55-1'), ('ROS_DOMAIN_ID', '0'), ('AMENT_PREFIX_PATH', '/workspace/install/ur_description:/workspace/install/robotiq_description:/opt/ros/humble'), ('DEBIAN_FRONTEND', 'noninteractive'), ('NV_LIBCUBLAS_DEV_PACKAGE', 'libcublas-dev-12-1=12.1.0.26-1'), ('NV_CUDA_NSIGHT_COMPUTE_DEV_PACKAGE', 'cuda-nsight-compute-12-1=12.1.0-1'), ('NV_LIBNCCL_DEV_PACKAGE', 'libnccl-dev=2.17.1-1+cuda12.1'), ('NV_NVTX_VERSION', '12.1.66-1'), ('NV_LIBNPP_VERSION', '12.0.2.50-1'), ('PWD', '/workspace/build/unified_vision_system'), ('LC_ALL', 'en_US.UTF-8'), ('PYTHONPATH', '/opt/ros/humble/lib/python3.10/site-packages:/opt/ros/humble/local/lib/python3.10/dist-packages'), ('NVIDIA_VISIBLE_DEVICES', 'all'), ('NCCL_VERSION', '2.17.1-1'), ('TZ', 'America/Toronto'), ('COLCON', '1'), ('NV_LIBNPP_DEV_VERSION', '12.0.2.50-1'), ('CMAKE_PREFIX_PATH', '/workspace/install/ur_description:/workspace/install/robotiq_description:/opt/ros/humble:/workspace/install/robotiq_2f_85_gripper_visualization')]), 'shell': False}
[0.924836] (unified_vision_system) StdoutLine: {'line': b'-- Install configuration: ""\n'}
[0.925215] (unified_vision_system) StdoutLine: {'line': b'-- Installing: /workspace/install/unified_vision_system/share/unified_vision_system/environment/pythonpath.sh\n'}
[0.925476] (unified_vision_system) StdoutLine: {'line': b'-- Installing: /workspace/install/unified_vision_system/share/unified_vision_system/environment/pythonpath.dsv\n'}
[0.925563] (unified_vision_system) StdoutLine: {'line': b'-- Up-to-date: /workspace/install/unified_vision_system/lib/python3.11/site-packages/unified_vision_system-1.0.0-py3.11.egg-info\n'}
[0.925647] (unified_vision_system) StdoutLine: {'line': b'-- Installing: /workspace/install/unified_vision_system/lib/python3.11/site-packages/unified_vision_system-1.0.0-py3.11.egg-info/PKG-INFO\n'}
[0.925726] (unified_vision_system) StdoutLine: {'line': b'-- Installing: /workspace/install/unified_vision_system/lib/python3.11/site-packages/unified_vision_system-1.0.0-py3.11.egg-info/SOURCES.txt\n'}
[0.926208] (unified_vision_system) StdoutLine: {'line': b'-- Installing: /workspace/install/unified_vision_system/lib/python3.11/site-packages/unified_vision_system-1.0.0-py3.11.egg-info/top_level.txt\n'}
[0.926578] (unified_vision_system) StdoutLine: {'line': b'-- Installing: /workspace/install/unified_vision_system/lib/python3.11/site-packages/unified_vision_system-1.0.0-py3.11.egg-info/dependency_links.txt\n'}
[0.926621] (unified_vision_system) StdoutLine: {'line': b'-- Up-to-date: /workspace/install/unified_vision_system/lib/python3.11/site-packages/unified_vision_system\n'}
[0.926659] (unified_vision_system) StdoutLine: {'line': b'-- Up-to-date: /workspace/install/unified_vision_system/lib/python3.11/site-packages/unified_vision_system/system\n'}
[0.926695] (unified_vision_system) StdoutLine: {'line': b'-- Up-to-date: /workspace/install/unified_vision_system/lib/python3.11/site-packages/unified_vision_system/system/UnifiedVisionSystem.py\n'}
[0.926731] (unified_vision_system) StdoutLine: {'line': b'-- Up-to-date: /workspace/install/unified_vision_system/lib/python3.11/site-packages/unified_vision_system/system/UnifiedVisionSystemSim.py\n'}
[0.926767] (unified_vision_system) StdoutLine: {'line': b'-- Up-to-date: /workspace/install/unified_vision_system/lib/python3.11/site-packages/unified_vision_system/system/__init__.py\n'}
[0.926802] (unified_vision_system) StdoutLine: {'line': b'-- Up-to-date: /workspace/install/unified_vision_system/lib/python3.11/site-packages/unified_vision_system/calibration\n'}
[0.926838] (unified_vision_system) StdoutLine: {'line': b'-- Up-to-date: /workspace/install/unified_vision_system/lib/python3.11/site-packages/unified_vision_system/calibration/CameraCalibration.py\n'}
[0.926908] (unified_vision_system) StdoutLine: {'line': b'-- Up-to-date: /workspace/install/unified_vision_system/lib/python3.11/site-packages/unified_vision_system/calibration/EyeInHandSafetyChecker.py\n'}
[0.926937] (unified_vision_system) StdoutLine: {'line': b'-- Up-to-date: /workspace/install/unified_vision_system/lib/python3.11/site-packages/unified_vision_system/calibration/__init__.py\n'}
[0.926970] (unified_vision_system) StdoutLine: {'line': b'-- Up-to-date: /workspace/install/unified_vision_system/lib/python3.11/site-packages/unified_vision_system/calibration/HandEyeCalibrator.py\n'}
[0.926996] (unified_vision_system) StdoutLine: {'line': b'-- Up-to-date: /workspace/install/unified_vision_system/lib/python3.11/site-packages/unified_vision_system/perception\n'}
[0.927021] (unified_vision_system) StdoutLine: {'line': b'-- Up-to-date: /workspace/install/unified_vision_system/lib/python3.11/site-packages/unified_vision_system/perception/OWLViTDetector.py\n'}
[0.927046] (unified_vision_system) StdoutLine: {'line': b'-- Up-to-date: /workspace/install/unified_vision_system/lib/python3.11/site-packages/unified_vision_system/perception/GraspPointDetector.py\n'}
[0.927123] (unified_vision_system) StdoutLine: {'line': b'-- Up-to-date: /workspace/install/unified_vision_system/lib/python3.11/site-packages/unified_vision_system/perception/WorkSpaceValidator.py\n'}
[0.927179] (unified_vision_system) StdoutLine: {'line': b'-- Up-to-date: /workspace/install/unified_vision_system/lib/python3.11/site-packages/unified_vision_system/perception/__init__.py\n'}
[0.927212] (unified_vision_system) StdoutLine: {'line': b'-- Up-to-date: /workspace/install/unified_vision_system/lib/python3.11/site-packages/unified_vision_system/perception/DepthAwareDetector.py\n'}
[0.927245] (unified_vision_system) StdoutLine: {'line': b'-- Up-to-date: /workspace/install/unified_vision_system/lib/python3.11/site-packages/unified_vision_system/hri\n'}
[0.927276] (unified_vision_system) StdoutLine: {'line': b'-- Up-to-date: /workspace/install/unified_vision_system/lib/python3.11/site-packages/unified_vision_system/hri/ExperimentalController.py\n'}
[0.927303] (unified_vision_system) StdoutLine: {'line': b'-- Up-to-date: /workspace/install/unified_vision_system/lib/python3.11/site-packages/unified_vision_system/hri/EnhancedConstructionRAG.py\n'}
[0.927328] (unified_vision_system) StdoutLine: {'line': b'-- Up-to-date: /workspace/install/unified_vision_system/lib/python3.11/site-packages/unified_vision_system/hri/SpeechCommandProcessor.py\n'}
[0.927356] (unified_vision_system) StdoutLine: {'line': b'-- Up-to-date: /workspace/install/unified_vision_system/lib/python3.11/site-packages/unified_vision_system/hri/ConstructionRasaNLP.py\n'}
[0.927381] (unified_vision_system) StdoutLine: {'line': b'-- Up-to-date: /workspace/install/unified_vision_system/lib/python3.11/site-packages/unified_vision_system/hri/ConstructionClarificationManager.py\n'}
[0.927406] (unified_vision_system) StdoutLine: {'line': b'-- Up-to-date: /workspace/install/unified_vision_system/lib/python3.11/site-packages/unified_vision_system/hri/__init__.py\n'}
[0.927432] (unified_vision_system) StdoutLine: {'line': b'-- Up-to-date: /workspace/install/unified_vision_system/lib/python3.11/site-packages/unified_vision_system/hri/ConstructionTTSManager.py\n'}
[0.927458] (unified_vision_system) StdoutLine: {'line': b'-- Up-to-date: /workspace/install/unified_vision_system/lib/python3.11/site-packages/unified_vision_system/__init__.py\n'}
[0.927483] (unified_vision_system) StdoutLine: {'line': b'-- Up-to-date: /workspace/install/unified_vision_system/lib/python3.11/site-packages/unified_vision_system/control\n'}
[0.927508] (unified_vision_system) StdoutLine: {'line': b'-- Up-to-date: /workspace/install/unified_vision_system/lib/python3.11/site-packages/unified_vision_system/control/HybridIKWrapper.py\n'}
[0.927533] (unified_vision_system) StdoutLine: {'line': b'-- Up-to-date: /workspace/install/unified_vision_system/lib/python3.11/site-packages/unified_vision_system/control/UR30Kinematics.py\n'}
[0.927558] (unified_vision_system) StdoutLine: {'line': b'-- Up-to-date: /workspace/install/unified_vision_system/lib/python3.11/site-packages/unified_vision_system/control/ur30_robot_rtb.py\n'}
[0.927583] (unified_vision_system) StdoutLine: {'line': b'-- Up-to-date: /workspace/install/unified_vision_system/lib/python3.11/site-packages/unified_vision_system/control/__init__.py\n'}
[0.927611] (unified_vision_system) StdoutLine: {'line': b'-- Up-to-date: /workspace/install/unified_vision_system/lib/python3.11/site-packages/unified_vision_system/control/ur30_grasp_controller.py\n'}
[0.927636] (unified_vision_system) StdoutLine: {'line': b'-- Up-to-date: /workspace/install/unified_vision_system/lib/python3.11/site-packages/unified_vision_system/metrics\n'}
[0.927660] (unified_vision_system) StdoutLine: {'line': b'-- Up-to-date: /workspace/install/unified_vision_system/lib/python3.11/site-packages/unified_vision_system/metrics/TrustQuestionnaire.py\n'}
[0.927684] (unified_vision_system) StdoutLine: {'line': b'-- Up-to-date: /workspace/install/unified_vision_system/lib/python3.11/site-packages/unified_vision_system/metrics/NASATLXAssessment.py\n'}
[0.927709] (unified_vision_system) StdoutLine: {'line': b'-- Up-to-date: /workspace/install/unified_vision_system/lib/python3.11/site-packages/unified_vision_system/metrics/BehavioralMetrics.py\n'}
[0.927733] (unified_vision_system) StdoutLine: {'line': b'-- Up-to-date: /workspace/install/unified_vision_system/lib/python3.11/site-packages/unified_vision_system/metrics/__init__.py\n'}
[0.949222] (unified_vision_system) StdoutLine: {'line': b"Listing '/workspace/install/unified_vision_system/lib/python3.11/site-packages/unified_vision_system'...\n"}
[0.949415] (unified_vision_system) StdoutLine: {'line': b"Listing '/workspace/install/unified_vision_system/lib/python3.11/site-packages/unified_vision_system/calibration'...\n"}
[0.949490] (unified_vision_system) StdoutLine: {'line': b"Listing '/workspace/install/unified_vision_system/lib/python3.11/site-packages/unified_vision_system/control'...\n"}
[0.949551] (unified_vision_system) StdoutLine: {'line': b"Listing '/workspace/install/unified_vision_system/lib/python3.11/site-packages/unified_vision_system/hri'...\n"}
[0.949606] (unified_vision_system) StdoutLine: {'line': b"Listing '/workspace/install/unified_vision_system/lib/python3.11/site-packages/unified_vision_system/metrics'...\n"}
[0.949658] (unified_vision_system) StdoutLine: {'line': b"Listing '/workspace/install/unified_vision_system/lib/python3.11/site-packages/unified_vision_system/perception'...\n"}
[0.949708] (unified_vision_system) StdoutLine: {'line': b"Listing '/workspace/install/unified_vision_system/lib/python3.11/site-packages/unified_vision_system/system'...\n"}
[0.952721] (unified_vision_system) StdoutLine: {'line': b'-- Up-to-date: /workspace/install/unified_vision_system/lib/unified_vision_system/unified_vision_system_node.py\n'}
[0.952901] (unified_vision_system) StdoutLine: {'line': b'-- Up-to-date: /workspace/install/unified_vision_system/lib/unified_vision_system/create_sim_calibration.py\n'}
[0.952998] (unified_vision_system) StdoutLine: {'line': b'-- Up-to-date: /workspace/install/unified_vision_system/share/unified_vision_system/launch\n'}
[0.953226] (unified_vision_system) StdoutLine: {'line': b'-- Up-to-date: /workspace/install/unified_vision_system/share/unified_vision_system/launch/test_unified_vision_system.py\n'}
[0.953362] (unified_vision_system) StdoutLine: {'line': b'-- Up-to-date: /workspace/install/unified_vision_system/share/unified_vision_system/launch/.DS_Store\n'}
[0.953501] (unified_vision_system) StdoutLine: {'line': b'-- Up-to-date: /workspace/install/unified_vision_system/share/unified_vision_system/launch/launch_gazebo_with_red_cube.py\n'}
[0.953562] (unified_vision_system) StdoutLine: {'line': b'-- Up-to-date: /workspace/install/unified_vision_system/share/unified_vision_system/config\n'}
[0.953615] (unified_vision_system) StdoutLine: {'line': b'-- Up-to-date: /workspace/install/unified_vision_system/share/unified_vision_system/config/simulation_controllers.yaml\n'}
[0.953668] (unified_vision_system) StdoutLine: {'line': b'-- Up-to-date: /workspace/install/unified_vision_system/share/unified_vision_system/config/ur30_vision_moveit.rviz\n'}
[0.953720] (unified_vision_system) StdoutLine: {'line': b'-- Up-to-date: /workspace/install/unified_vision_system/share/unified_vision_system/config/ur30_robotiq.srdf.xacro\n'}
[0.953777] (unified_vision_system) StdoutLine: {'line': b'-- Up-to-date: /workspace/install/unified_vision_system/share/unified_vision_system/config/simulation_controllers.yaml.sync\n'}
[0.953884] (unified_vision_system) StdoutLine: {'line': b'-- Up-to-date: /workspace/install/unified_vision_system/share/unified_vision_system/urdf\n'}
[0.953941] (unified_vision_system) StdoutLine: {'line': b'-- Up-to-date: /workspace/install/unified_vision_system/share/unified_vision_system/urdf/ur30_simple_gripper_realsense.urdf.xacro\n'}
[0.953971] (unified_vision_system) StdoutLine: {'line': b'-- Up-to-date: /workspace/install/unified_vision_system/share/unified_vision_system/urdf/ur30_robotiq_realsense.urdf.xacro\n'}
[0.953999] (unified_vision_system) StdoutLine: {'line': b'-- Installing: /workspace/install/unified_vision_system/share/unified_vision_system/urdf/ur30_simple_gripper_camera.urdf.xacro\n'}
[0.954027] (unified_vision_system) StdoutLine: {'line': b'-- Up-to-date: /workspace/install/unified_vision_system/share/unified_vision_system/urdf/robotiq_arg85.urdf\n'}
[0.954083] (unified_vision_system) StdoutLine: {'line': b'-- Up-to-date: /workspace/install/unified_vision_system/share/unified_vision_system/urdf/.DS_Store\n'}
[0.954800] (unified_vision_system) StdoutLine: {'line': b'-- Up-to-date: /workspace/install/unified_vision_system/share/unified_vision_system/urdf/ur30_camera_only.urdf.xacro\n'}
[0.954830] (unified_vision_system) StdoutLine: {'line': b'-- Up-to-date: /workspace/install/unified_vision_system/share/unified_vision_system/urdf/simple_parallel_gripper.urdf.xacro\n'}
[0.954857] (unified_vision_system) StdoutLine: {'line': b'-- Up-to-date: /workspace/install/unified_vision_system/share/unified_vision_system/urdf/robotiq_85_stable.urdf.xacro\n'}
[0.954882] (unified_vision_system) StdoutLine: {'line': b'-- Up-to-date: /workspace/install/unified_vision_system/share/unified_vision_system/worlds\n'}
[0.954908] (unified_vision_system) StdoutLine: {'line': b'-- Up-to-date: /workspace/install/unified_vision_system/share/unified_vision_system/worlds/ur30_vision_world.world\n'}
[0.954933] (unified_vision_system) StdoutLine: {'line': b'-- Up-to-date: /workspace/install/unified_vision_system/share/unified_vision_system/meshes\n'}
[0.954958] (unified_vision_system) StdoutLine: {'line': b'-- Up-to-date: /workspace/install/unified_vision_system/share/unified_vision_system/meshes/outer_knuckle_coarse.STL\n'}
[0.954983] (unified_vision_system) StdoutLine: {'line': b'-- Up-to-date: /workspace/install/unified_vision_system/share/unified_vision_system/meshes/inner_knuckle_coarse.STL\n'}
[0.955022] (unified_vision_system) StdoutLine: {'line': b'-- Up-to-date: /workspace/install/unified_vision_system/share/unified_vision_system/meshes/outer_finger_fine.STL\n'}
[0.955137] (unified_vision_system) StdoutLine: {'line': b'-- Up-to-date: /workspace/install/unified_vision_system/share/unified_vision_system/meshes/inner_finger_fine.STL\n'}
[0.955171] (unified_vision_system) StdoutLine: {'line': b'-- Up-to-date: /workspace/install/unified_vision_system/share/unified_vision_system/meshes/robotiq_85_base_link_fine.STL\n'}
[0.955200] (unified_vision_system) StdoutLine: {'line': b'-- Up-to-date: /workspace/install/unified_vision_system/share/unified_vision_system/meshes/inner_finger_coarse.STL\n'}
[0.955228] (unified_vision_system) StdoutLine: {'line': b'-- Up-to-date: /workspace/install/unified_vision_system/share/unified_vision_system/meshes/inner_knuckle_fine.STL\n'}
[0.955256] (unified_vision_system) StdoutLine: {'line': b'-- Up-to-date: /workspace/install/unified_vision_system/share/unified_vision_system/meshes/robotiq_85_base_link_coarse.STL\n'}
[0.955284] (unified_vision_system) StdoutLine: {'line': b'-- Up-to-date: /workspace/install/unified_vision_system/share/unified_vision_system/meshes/outer_finger_coarse.STL\n'}
[0.955312] (unified_vision_system) StdoutLine: {'line': b'-- Up-to-date: /workspace/install/unified_vision_system/share/unified_vision_system/meshes/outer_knuckle_fine.STL\n'}
[0.955347] (unified_vision_system) StdoutLine: {'line': b'-- Installing: /workspace/install/unified_vision_system/share/ament_index/resource_index/package_run_dependencies/unified_vision_system\n'}
[0.955373] (unified_vision_system) StdoutLine: {'line': b'-- Installing: /workspace/install/unified_vision_system/share/ament_index/resource_index/parent_prefix_path/unified_vision_system\n'}
[0.955399] (unified_vision_system) StdoutLine: {'line': b'-- Up-to-date: /workspace/install/unified_vision_system/share/unified_vision_system/environment/ament_prefix_path.sh\n'}
[0.955427] (unified_vision_system) StdoutLine: {'line': b'-- Installing: /workspace/install/unified_vision_system/share/unified_vision_system/environment/ament_prefix_path.dsv\n'}
[0.955455] (unified_vision_system) StdoutLine: {'line': b'-- Up-to-date: /workspace/install/unified_vision_system/share/unified_vision_system/environment/path.sh\n'}
[0.955537] (unified_vision_system) StdoutLine: {'line': b'-- Installing: /workspace/install/unified_vision_system/share/unified_vision_system/environment/path.dsv\n'}
[0.955563] (unified_vision_system) StdoutLine: {'line': b'-- Installing: /workspace/install/unified_vision_system/share/unified_vision_system/local_setup.bash\n'}
[0.955595] (unified_vision_system) StdoutLine: {'line': b'-- Installing: /workspace/install/unified_vision_system/share/unified_vision_system/local_setup.sh\n'}
[0.955619] (unified_vision_system) StdoutLine: {'line': b'-- Installing: /workspace/install/unified_vision_system/share/unified_vision_system/local_setup.zsh\n'}
[0.955645] (unified_vision_system) StdoutLine: {'line': b'-- Installing: /workspace/install/unified_vision_system/share/unified_vision_system/local_setup.dsv\n'}
[0.955705] (unified_vision_system) StdoutLine: {'line': b'-- Installing: /workspace/install/unified_vision_system/share/unified_vision_system/package.dsv\n'}
[0.955846] (unified_vision_system) StdoutLine: {'line': b'-- Installing: /workspace/install/unified_vision_system/share/ament_index/resource_index/packages/unified_vision_system\n'}
[0.955973] (unified_vision_system) StdoutLine: {'line': b'-- Installing: /workspace/install/unified_vision_system/share/unified_vision_system/cmake/ament_cmake_export_dependencies-extras.cmake\n'}
[0.956136] (unified_vision_system) StdoutLine: {'line': b'-- Installing: /workspace/install/unified_vision_system/share/unified_vision_system/cmake/unified_vision_systemConfig.cmake\n'}
[0.956244] (unified_vision_system) StdoutLine: {'line': b'-- Installing: /workspace/install/unified_vision_system/share/unified_vision_system/cmake/unified_vision_systemConfig-version.cmake\n'}
[0.956391] (unified_vision_system) StdoutLine: {'line': b'-- Up-to-date: /workspace/install/unified_vision_system/share/unified_vision_system/package.xml\n'}
[0.958066] (unified_vision_system) CommandEnded: {'returncode': 0}
[0.969327] (unified_vision_system) JobEnded: {'identifier': 'unified_vision_system', 'rc': 0}
[0.969756] (-) EventReactorShutdown: {}
