[0.062s] DEBUG:colcon:Command line arguments: ['/usr/bin/colcon', 'build', '--packages-select', 'unified_vision_system', '--symlink-install']
[0.062s] DEBUG:colcon:Parsed command line arguments: Namespace(log_base=None, log_level=None, verb_name='build', build_base='build', install_base='install', merge_install=False, symlink_install=True, test_result_base=None, continue_on_error=False, executor='parallel', parallel_workers=12, event_handlers=None, ignore_user_meta=False, metas=['./colcon.meta'], base_paths=['.'], packages_ignore=None, packages_ignore_regex=None, paths=None, packages_up_to=None, packages_up_to_regex=None, packages_above=None, packages_above_and_dependencies=None, packages_above_depth=None, packages_select_by_dep=None, packages_skip_by_dep=None, packages_skip_up_to=None, packages_select_build_failed=False, packages_skip_build_finished=False, packages_select_test_failures=False, packages_skip_test_passed=False, packages_select=['unified_vision_system'], packages_skip=None, packages_select_regex=None, packages_skip_regex=None, packages_start=None, packages_end=None, allow_overriding=[], cmake_args=None, cmake_target=None, cmake_target_skip_unavailable=False, cmake_clean_cache=False, cmake_clean_first=False, cmake_force_configure=False, ament_cmake_args=None, catkin_cmake_args=None, catkin_skip_building_tests=False, verb_parser=<colcon_defaults.argument_parser.defaults.DefaultArgumentsDecorator object at 0x71e9faa75630>, verb_extension=<colcon_core.verb.build.BuildVerb object at 0x71e9fab5ea70>, main=<bound method BuildVerb.main of <colcon_core.verb.build.BuildVerb object at 0x71e9fab5ea70>>)
[0.157s] Level 1:colcon.colcon_core.package_discovery:discover_packages(colcon_meta) check parameters
[0.157s] Level 1:colcon.colcon_core.package_discovery:discover_packages(recursive) check parameters
[0.157s] Level 1:colcon.colcon_core.package_discovery:discover_packages(ignore) check parameters
[0.157s] Level 1:colcon.colcon_core.package_discovery:discover_packages(path) check parameters
[0.157s] Level 1:colcon.colcon_core.package_discovery:discover_packages(colcon_meta) discover
[0.157s] Level 1:colcon.colcon_core.package_discovery:discover_packages(recursive) discover
[0.157s] INFO:colcon.colcon_core.package_discovery:Crawling recursively for packages in '/workspace'
[0.157s] Level 1:colcon.colcon_core.package_identification:_identify(.) by extensions ['ignore', 'ignore_ament_install']
[0.157s] Level 1:colcon.colcon_core.package_identification:_identify(.) by extension 'ignore'
[0.157s] Level 1:colcon.colcon_core.package_identification:_identify(.) by extension 'ignore_ament_install'
[0.157s] Level 1:colcon.colcon_core.package_identification:_identify(.) by extensions ['colcon_pkg']
[0.157s] Level 1:colcon.colcon_core.package_identification:_identify(.) by extension 'colcon_pkg'
[0.157s] Level 1:colcon.colcon_core.package_identification:_identify(.) by extensions ['colcon_meta']
[0.157s] Level 1:colcon.colcon_core.package_identification:_identify(.) by extension 'colcon_meta'
[0.157s] Level 1:colcon.colcon_core.package_identification:_identify(.) by extensions ['ros']
[0.157s] Level 1:colcon.colcon_core.package_identification:_identify(.) by extension 'ros'
[0.177s] Level 1:colcon.colcon_core.package_identification:_identify(.) by extensions ['cmake', 'python']
[0.177s] Level 1:colcon.colcon_core.package_identification:_identify(.) by extension 'cmake'
[0.177s] Level 1:colcon.colcon_core.package_identification:_identify(.) by extension 'python'
[0.177s] Level 1:colcon.colcon_core.package_identification:_identify(.) by extensions ['python_setup_py']
[0.177s] Level 1:colcon.colcon_core.package_identification:_identify(.) by extension 'python_setup_py'
[0.177s] Level 1:colcon.colcon_core.package_identification:_identify(Universal_Robots_ROS2_Description) by extensions ['ignore', 'ignore_ament_install']
[0.177s] Level 1:colcon.colcon_core.package_identification:_identify(Universal_Robots_ROS2_Description) by extension 'ignore'
[0.177s] Level 1:colcon.colcon_core.package_identification:_identify(Universal_Robots_ROS2_Description) by extension 'ignore_ament_install'
[0.177s] Level 1:colcon.colcon_core.package_identification:_identify(Universal_Robots_ROS2_Description) by extensions ['colcon_pkg']
[0.177s] Level 1:colcon.colcon_core.package_identification:_identify(Universal_Robots_ROS2_Description) by extension 'colcon_pkg'
[0.177s] Level 1:colcon.colcon_core.package_identification:_identify(Universal_Robots_ROS2_Description) by extensions ['colcon_meta']
[0.177s] Level 1:colcon.colcon_core.package_identification:_identify(Universal_Robots_ROS2_Description) by extension 'colcon_meta'
[0.177s] Level 1:colcon.colcon_core.package_identification:_identify(Universal_Robots_ROS2_Description) by extensions ['ros']
[0.177s] Level 1:colcon.colcon_core.package_identification:_identify(Universal_Robots_ROS2_Description) by extension 'ros'
[0.179s] DEBUG:colcon.colcon_core.package_identification:Package 'Universal_Robots_ROS2_Description' with type 'ros.ament_cmake' and name 'ur_description'
[0.179s] Level 1:colcon.colcon_core.package_identification:_identify(build) by extensions ['ignore', 'ignore_ament_install']
[0.179s] Level 1:colcon.colcon_core.package_identification:_identify(build) by extension 'ignore'
[0.179s] Level 1:colcon.colcon_core.package_identification:_identify(build) ignored
[0.179s] Level 1:colcon.colcon_core.package_identification:_identify(gazebo_models) by extensions ['ignore', 'ignore_ament_install']
[0.179s] Level 1:colcon.colcon_core.package_identification:_identify(gazebo_models) by extension 'ignore'
[0.179s] Level 1:colcon.colcon_core.package_identification:_identify(gazebo_models) by extension 'ignore_ament_install'
[0.179s] Level 1:colcon.colcon_core.package_identification:_identify(gazebo_models) by extensions ['colcon_pkg']
[0.179s] Level 1:colcon.colcon_core.package_identification:_identify(gazebo_models) by extension 'colcon_pkg'
[0.179s] Level 1:colcon.colcon_core.package_identification:_identify(gazebo_models) by extensions ['colcon_meta']
[0.179s] Level 1:colcon.colcon_core.package_identification:_identify(gazebo_models) by extension 'colcon_meta'
[0.179s] Level 1:colcon.colcon_core.package_identification:_identify(gazebo_models) by extensions ['ros']
[0.179s] Level 1:colcon.colcon_core.package_identification:_identify(gazebo_models) by extension 'ros'
[0.179s] Level 1:colcon.colcon_core.package_identification:_identify(gazebo_models) by extensions ['cmake', 'python']
[0.179s] Level 1:colcon.colcon_core.package_identification:_identify(gazebo_models) by extension 'cmake'
[0.179s] Level 1:colcon.colcon_core.package_identification:_identify(gazebo_models) by extension 'python'
[0.179s] Level 1:colcon.colcon_core.package_identification:_identify(gazebo_models) by extensions ['python_setup_py']
[0.179s] Level 1:colcon.colcon_core.package_identification:_identify(gazebo_models) by extension 'python_setup_py'
[0.180s] Level 1:colcon.colcon_core.package_identification:_identify(gazebo_models/robotiq_description) by extensions ['ignore', 'ignore_ament_install']
[0.180s] Level 1:colcon.colcon_core.package_identification:_identify(gazebo_models/robotiq_description) by extension 'ignore'
[0.180s] Level 1:colcon.colcon_core.package_identification:_identify(gazebo_models/robotiq_description) by extension 'ignore_ament_install'
[0.180s] Level 1:colcon.colcon_core.package_identification:_identify(gazebo_models/robotiq_description) by extensions ['colcon_pkg']
[0.180s] Level 1:colcon.colcon_core.package_identification:_identify(gazebo_models/robotiq_description) by extension 'colcon_pkg'
[0.180s] Level 1:colcon.colcon_core.package_identification:_identify(gazebo_models/robotiq_description) by extensions ['colcon_meta']
[0.180s] Level 1:colcon.colcon_core.package_identification:_identify(gazebo_models/robotiq_description) by extension 'colcon_meta'
[0.180s] Level 1:colcon.colcon_core.package_identification:_identify(gazebo_models/robotiq_description) by extensions ['ros']
[0.180s] Level 1:colcon.colcon_core.package_identification:_identify(gazebo_models/robotiq_description) by extension 'ros'
[0.180s] Level 1:colcon.colcon_core.package_identification:_identify(gazebo_models/robotiq_description) by extensions ['cmake', 'python']
[0.180s] Level 1:colcon.colcon_core.package_identification:_identify(gazebo_models/robotiq_description) by extension 'cmake'
[0.180s] Level 1:colcon.colcon_core.package_identification:_identify(gazebo_models/robotiq_description) by extension 'python'
[0.180s] Level 1:colcon.colcon_core.package_identification:_identify(gazebo_models/robotiq_description) by extensions ['python_setup_py']
[0.180s] Level 1:colcon.colcon_core.package_identification:_identify(gazebo_models/robotiq_description) by extension 'python_setup_py'
[0.180s] Level 1:colcon.colcon_core.package_identification:_identify(gazebo_models/robotiq_description/meshes) by extensions ['ignore', 'ignore_ament_install']
[0.180s] Level 1:colcon.colcon_core.package_identification:_identify(gazebo_models/robotiq_description/meshes) by extension 'ignore'
[0.180s] Level 1:colcon.colcon_core.package_identification:_identify(gazebo_models/robotiq_description/meshes) by extension 'ignore_ament_install'
[0.180s] Level 1:colcon.colcon_core.package_identification:_identify(gazebo_models/robotiq_description/meshes) by extensions ['colcon_pkg']
[0.180s] Level 1:colcon.colcon_core.package_identification:_identify(gazebo_models/robotiq_description/meshes) by extension 'colcon_pkg'
[0.180s] Level 1:colcon.colcon_core.package_identification:_identify(gazebo_models/robotiq_description/meshes) by extensions ['colcon_meta']
[0.180s] Level 1:colcon.colcon_core.package_identification:_identify(gazebo_models/robotiq_description/meshes) by extension 'colcon_meta'
[0.180s] Level 1:colcon.colcon_core.package_identification:_identify(gazebo_models/robotiq_description/meshes) by extensions ['ros']
[0.180s] Level 1:colcon.colcon_core.package_identification:_identify(gazebo_models/robotiq_description/meshes) by extension 'ros'
[0.180s] Level 1:colcon.colcon_core.package_identification:_identify(gazebo_models/robotiq_description/meshes) by extensions ['cmake', 'python']
[0.180s] Level 1:colcon.colcon_core.package_identification:_identify(gazebo_models/robotiq_description/meshes) by extension 'cmake'
[0.180s] Level 1:colcon.colcon_core.package_identification:_identify(gazebo_models/robotiq_description/meshes) by extension 'python'
[0.180s] Level 1:colcon.colcon_core.package_identification:_identify(gazebo_models/robotiq_description/meshes) by extensions ['python_setup_py']
[0.180s] Level 1:colcon.colcon_core.package_identification:_identify(gazebo_models/robotiq_description/meshes) by extension 'python_setup_py'
[0.181s] Level 1:colcon.colcon_core.package_identification:_identify(gazebo_models/robotiq_description/meshes/collision) by extensions ['ignore', 'ignore_ament_install']
[0.181s] Level 1:colcon.colcon_core.package_identification:_identify(gazebo_models/robotiq_description/meshes/collision) by extension 'ignore'
[0.181s] Level 1:colcon.colcon_core.package_identification:_identify(gazebo_models/robotiq_description/meshes/collision) by extension 'ignore_ament_install'
[0.181s] Level 1:colcon.colcon_core.package_identification:_identify(gazebo_models/robotiq_description/meshes/collision) by extensions ['colcon_pkg']
[0.181s] Level 1:colcon.colcon_core.package_identification:_identify(gazebo_models/robotiq_description/meshes/collision) by extension 'colcon_pkg'
[0.181s] Level 1:colcon.colcon_core.package_identification:_identify(gazebo_models/robotiq_description/meshes/collision) by extensions ['colcon_meta']
[0.181s] Level 1:colcon.colcon_core.package_identification:_identify(gazebo_models/robotiq_description/meshes/collision) by extension 'colcon_meta'
[0.181s] Level 1:colcon.colcon_core.package_identification:_identify(gazebo_models/robotiq_description/meshes/collision) by extensions ['ros']
[0.181s] Level 1:colcon.colcon_core.package_identification:_identify(gazebo_models/robotiq_description/meshes/collision) by extension 'ros'
[0.181s] Level 1:colcon.colcon_core.package_identification:_identify(gazebo_models/robotiq_description/meshes/collision) by extensions ['cmake', 'python']
[0.181s] Level 1:colcon.colcon_core.package_identification:_identify(gazebo_models/robotiq_description/meshes/collision) by extension 'cmake'
[0.181s] Level 1:colcon.colcon_core.package_identification:_identify(gazebo_models/robotiq_description/meshes/collision) by extension 'python'
[0.181s] Level 1:colcon.colcon_core.package_identification:_identify(gazebo_models/robotiq_description/meshes/collision) by extensions ['python_setup_py']
[0.181s] Level 1:colcon.colcon_core.package_identification:_identify(gazebo_models/robotiq_description/meshes/collision) by extension 'python_setup_py'
[0.181s] Level 1:colcon.colcon_core.package_identification:_identify(gazebo_models/robotiq_description/meshes/collision/2f_140) by extensions ['ignore', 'ignore_ament_install']
[0.181s] Level 1:colcon.colcon_core.package_identification:_identify(gazebo_models/robotiq_description/meshes/collision/2f_140) by extension 'ignore'
[0.181s] Level 1:colcon.colcon_core.package_identification:_identify(gazebo_models/robotiq_description/meshes/collision/2f_140) by extension 'ignore_ament_install'
[0.181s] Level 1:colcon.colcon_core.package_identification:_identify(gazebo_models/robotiq_description/meshes/collision/2f_140) by extensions ['colcon_pkg']
[0.181s] Level 1:colcon.colcon_core.package_identification:_identify(gazebo_models/robotiq_description/meshes/collision/2f_140) by extension 'colcon_pkg'
[0.181s] Level 1:colcon.colcon_core.package_identification:_identify(gazebo_models/robotiq_description/meshes/collision/2f_140) by extensions ['colcon_meta']
[0.181s] Level 1:colcon.colcon_core.package_identification:_identify(gazebo_models/robotiq_description/meshes/collision/2f_140) by extension 'colcon_meta'
[0.181s] Level 1:colcon.colcon_core.package_identification:_identify(gazebo_models/robotiq_description/meshes/collision/2f_140) by extensions ['ros']
[0.181s] Level 1:colcon.colcon_core.package_identification:_identify(gazebo_models/robotiq_description/meshes/collision/2f_140) by extension 'ros'
[0.182s] Level 1:colcon.colcon_core.package_identification:_identify(gazebo_models/robotiq_description/meshes/collision/2f_140) by extensions ['cmake', 'python']
[0.182s] Level 1:colcon.colcon_core.package_identification:_identify(gazebo_models/robotiq_description/meshes/collision/2f_140) by extension 'cmake'
[0.182s] Level 1:colcon.colcon_core.package_identification:_identify(gazebo_models/robotiq_description/meshes/collision/2f_140) by extension 'python'
[0.182s] Level 1:colcon.colcon_core.package_identification:_identify(gazebo_models/robotiq_description/meshes/collision/2f_140) by extensions ['python_setup_py']
[0.182s] Level 1:colcon.colcon_core.package_identification:_identify(gazebo_models/robotiq_description/meshes/collision/2f_140) by extension 'python_setup_py'
[0.182s] Level 1:colcon.colcon_core.package_identification:_identify(gazebo_models/robotiq_description/meshes/collision/2f_85) by extensions ['ignore', 'ignore_ament_install']
[0.182s] Level 1:colcon.colcon_core.package_identification:_identify(gazebo_models/robotiq_description/meshes/collision/2f_85) by extension 'ignore'
[0.182s] Level 1:colcon.colcon_core.package_identification:_identify(gazebo_models/robotiq_description/meshes/collision/2f_85) by extension 'ignore_ament_install'
[0.182s] Level 1:colcon.colcon_core.package_identification:_identify(gazebo_models/robotiq_description/meshes/collision/2f_85) by extensions ['colcon_pkg']
[0.182s] Level 1:colcon.colcon_core.package_identification:_identify(gazebo_models/robotiq_description/meshes/collision/2f_85) by extension 'colcon_pkg'
[0.182s] Level 1:colcon.colcon_core.package_identification:_identify(gazebo_models/robotiq_description/meshes/collision/2f_85) by extensions ['colcon_meta']
[0.182s] Level 1:colcon.colcon_core.package_identification:_identify(gazebo_models/robotiq_description/meshes/collision/2f_85) by extension 'colcon_meta'
[0.182s] Level 1:colcon.colcon_core.package_identification:_identify(gazebo_models/robotiq_description/meshes/collision/2f_85) by extensions ['ros']
[0.182s] Level 1:colcon.colcon_core.package_identification:_identify(gazebo_models/robotiq_description/meshes/collision/2f_85) by extension 'ros'
[0.182s] Level 1:colcon.colcon_core.package_identification:_identify(gazebo_models/robotiq_description/meshes/collision/2f_85) by extensions ['cmake', 'python']
[0.182s] Level 1:colcon.colcon_core.package_identification:_identify(gazebo_models/robotiq_description/meshes/collision/2f_85) by extension 'cmake'
[0.182s] Level 1:colcon.colcon_core.package_identification:_identify(gazebo_models/robotiq_description/meshes/collision/2f_85) by extension 'python'
[0.182s] Level 1:colcon.colcon_core.package_identification:_identify(gazebo_models/robotiq_description/meshes/collision/2f_85) by extensions ['python_setup_py']
[0.182s] Level 1:colcon.colcon_core.package_identification:_identify(gazebo_models/robotiq_description/meshes/collision/2f_85) by extension 'python_setup_py'
[0.182s] Level 1:colcon.colcon_core.package_identification:_identify(gazebo_models/robotiq_description/meshes/collision/hande) by extensions ['ignore', 'ignore_ament_install']
[0.182s] Level 1:colcon.colcon_core.package_identification:_identify(gazebo_models/robotiq_description/meshes/collision/hande) by extension 'ignore'
[0.182s] Level 1:colcon.colcon_core.package_identification:_identify(gazebo_models/robotiq_description/meshes/collision/hande) by extension 'ignore_ament_install'
[0.182s] Level 1:colcon.colcon_core.package_identification:_identify(gazebo_models/robotiq_description/meshes/collision/hande) by extensions ['colcon_pkg']
[0.182s] Level 1:colcon.colcon_core.package_identification:_identify(gazebo_models/robotiq_description/meshes/collision/hande) by extension 'colcon_pkg'
[0.182s] Level 1:colcon.colcon_core.package_identification:_identify(gazebo_models/robotiq_description/meshes/collision/hande) by extensions ['colcon_meta']
[0.182s] Level 1:colcon.colcon_core.package_identification:_identify(gazebo_models/robotiq_description/meshes/collision/hande) by extension 'colcon_meta'
[0.182s] Level 1:colcon.colcon_core.package_identification:_identify(gazebo_models/robotiq_description/meshes/collision/hande) by extensions ['ros']
[0.182s] Level 1:colcon.colcon_core.package_identification:_identify(gazebo_models/robotiq_description/meshes/collision/hande) by extension 'ros'
[0.182s] Level 1:colcon.colcon_core.package_identification:_identify(gazebo_models/robotiq_description/meshes/collision/hande) by extensions ['cmake', 'python']
[0.182s] Level 1:colcon.colcon_core.package_identification:_identify(gazebo_models/robotiq_description/meshes/collision/hande) by extension 'cmake'
[0.182s] Level 1:colcon.colcon_core.package_identification:_identify(gazebo_models/robotiq_description/meshes/collision/hande) by extension 'python'
[0.182s] Level 1:colcon.colcon_core.package_identification:_identify(gazebo_models/robotiq_description/meshes/collision/hande) by extensions ['python_setup_py']
[0.182s] Level 1:colcon.colcon_core.package_identification:_identify(gazebo_models/robotiq_description/meshes/collision/hande) by extension 'python_setup_py'
[0.182s] Level 1:colcon.colcon_core.package_identification:_identify(gazebo_models/robotiq_description/meshes/visual) by extensions ['ignore', 'ignore_ament_install']
[0.183s] Level 1:colcon.colcon_core.package_identification:_identify(gazebo_models/robotiq_description/meshes/visual) by extension 'ignore'
[0.183s] Level 1:colcon.colcon_core.package_identification:_identify(gazebo_models/robotiq_description/meshes/visual) by extension 'ignore_ament_install'
[0.183s] Level 1:colcon.colcon_core.package_identification:_identify(gazebo_models/robotiq_description/meshes/visual) by extensions ['colcon_pkg']
[0.183s] Level 1:colcon.colcon_core.package_identification:_identify(gazebo_models/robotiq_description/meshes/visual) by extension 'colcon_pkg'
[0.183s] Level 1:colcon.colcon_core.package_identification:_identify(gazebo_models/robotiq_description/meshes/visual) by extensions ['colcon_meta']
[0.183s] Level 1:colcon.colcon_core.package_identification:_identify(gazebo_models/robotiq_description/meshes/visual) by extension 'colcon_meta'
[0.183s] Level 1:colcon.colcon_core.package_identification:_identify(gazebo_models/robotiq_description/meshes/visual) by extensions ['ros']
[0.183s] Level 1:colcon.colcon_core.package_identification:_identify(gazebo_models/robotiq_description/meshes/visual) by extension 'ros'
[0.183s] Level 1:colcon.colcon_core.package_identification:_identify(gazebo_models/robotiq_description/meshes/visual) by extensions ['cmake', 'python']
[0.183s] Level 1:colcon.colcon_core.package_identification:_identify(gazebo_models/robotiq_description/meshes/visual) by extension 'cmake'
[0.183s] Level 1:colcon.colcon_core.package_identification:_identify(gazebo_models/robotiq_description/meshes/visual) by extension 'python'
[0.183s] Level 1:colcon.colcon_core.package_identification:_identify(gazebo_models/robotiq_description/meshes/visual) by extensions ['python_setup_py']
[0.183s] Level 1:colcon.colcon_core.package_identification:_identify(gazebo_models/robotiq_description/meshes/visual) by extension 'python_setup_py'
[0.183s] Level 1:colcon.colcon_core.package_identification:_identify(gazebo_models/robotiq_description/meshes/visual/2f_140) by extensions ['ignore', 'ignore_ament_install']
[0.183s] Level 1:colcon.colcon_core.package_identification:_identify(gazebo_models/robotiq_description/meshes/visual/2f_140) by extension 'ignore'
[0.183s] Level 1:colcon.colcon_core.package_identification:_identify(gazebo_models/robotiq_description/meshes/visual/2f_140) by extension 'ignore_ament_install'
[0.183s] Level 1:colcon.colcon_core.package_identification:_identify(gazebo_models/robotiq_description/meshes/visual/2f_140) by extensions ['colcon_pkg']
[0.183s] Level 1:colcon.colcon_core.package_identification:_identify(gazebo_models/robotiq_description/meshes/visual/2f_140) by extension 'colcon_pkg'
[0.183s] Level 1:colcon.colcon_core.package_identification:_identify(gazebo_models/robotiq_description/meshes/visual/2f_140) by extensions ['colcon_meta']
[0.183s] Level 1:colcon.colcon_core.package_identification:_identify(gazebo_models/robotiq_description/meshes/visual/2f_140) by extension 'colcon_meta'
[0.183s] Level 1:colcon.colcon_core.package_identification:_identify(gazebo_models/robotiq_description/meshes/visual/2f_140) by extensions ['ros']
[0.183s] Level 1:colcon.colcon_core.package_identification:_identify(gazebo_models/robotiq_description/meshes/visual/2f_140) by extension 'ros'
[0.183s] Level 1:colcon.colcon_core.package_identification:_identify(gazebo_models/robotiq_description/meshes/visual/2f_140) by extensions ['cmake', 'python']
[0.183s] Level 1:colcon.colcon_core.package_identification:_identify(gazebo_models/robotiq_description/meshes/visual/2f_140) by extension 'cmake'
[0.183s] Level 1:colcon.colcon_core.package_identification:_identify(gazebo_models/robotiq_description/meshes/visual/2f_140) by extension 'python'
[0.183s] Level 1:colcon.colcon_core.package_identification:_identify(gazebo_models/robotiq_description/meshes/visual/2f_140) by extensions ['python_setup_py']
[0.183s] Level 1:colcon.colcon_core.package_identification:_identify(gazebo_models/robotiq_description/meshes/visual/2f_140) by extension 'python_setup_py'
[0.183s] Level 1:colcon.colcon_core.package_identification:_identify(gazebo_models/robotiq_description/meshes/visual/2f_85) by extensions ['ignore', 'ignore_ament_install']
[0.183s] Level 1:colcon.colcon_core.package_identification:_identify(gazebo_models/robotiq_description/meshes/visual/2f_85) by extension 'ignore'
[0.183s] Level 1:colcon.colcon_core.package_identification:_identify(gazebo_models/robotiq_description/meshes/visual/2f_85) by extension 'ignore_ament_install'
[0.183s] Level 1:colcon.colcon_core.package_identification:_identify(gazebo_models/robotiq_description/meshes/visual/2f_85) by extensions ['colcon_pkg']
[0.183s] Level 1:colcon.colcon_core.package_identification:_identify(gazebo_models/robotiq_description/meshes/visual/2f_85) by extension 'colcon_pkg'
[0.183s] Level 1:colcon.colcon_core.package_identification:_identify(gazebo_models/robotiq_description/meshes/visual/2f_85) by extensions ['colcon_meta']
[0.183s] Level 1:colcon.colcon_core.package_identification:_identify(gazebo_models/robotiq_description/meshes/visual/2f_85) by extension 'colcon_meta'
[0.183s] Level 1:colcon.colcon_core.package_identification:_identify(gazebo_models/robotiq_description/meshes/visual/2f_85) by extensions ['ros']
[0.183s] Level 1:colcon.colcon_core.package_identification:_identify(gazebo_models/robotiq_description/meshes/visual/2f_85) by extension 'ros'
[0.184s] Level 1:colcon.colcon_core.package_identification:_identify(gazebo_models/robotiq_description/meshes/visual/2f_85) by extensions ['cmake', 'python']
[0.184s] Level 1:colcon.colcon_core.package_identification:_identify(gazebo_models/robotiq_description/meshes/visual/2f_85) by extension 'cmake'
[0.184s] Level 1:colcon.colcon_core.package_identification:_identify(gazebo_models/robotiq_description/meshes/visual/2f_85) by extension 'python'
[0.184s] Level 1:colcon.colcon_core.package_identification:_identify(gazebo_models/robotiq_description/meshes/visual/2f_85) by extensions ['python_setup_py']
[0.184s] Level 1:colcon.colcon_core.package_identification:_identify(gazebo_models/robotiq_description/meshes/visual/2f_85) by extension 'python_setup_py'
[0.184s] Level 1:colcon.colcon_core.package_identification:_identify(gazebo_models/robotiq_description/meshes/visual/hande) by extensions ['ignore', 'ignore_ament_install']
[0.184s] Level 1:colcon.colcon_core.package_identification:_identify(gazebo_models/robotiq_description/meshes/visual/hande) by extension 'ignore'
[0.184s] Level 1:colcon.colcon_core.package_identification:_identify(gazebo_models/robotiq_description/meshes/visual/hande) by extension 'ignore_ament_install'
[0.184s] Level 1:colcon.colcon_core.package_identification:_identify(gazebo_models/robotiq_description/meshes/visual/hande) by extensions ['colcon_pkg']
[0.184s] Level 1:colcon.colcon_core.package_identification:_identify(gazebo_models/robotiq_description/meshes/visual/hande) by extension 'colcon_pkg'
[0.184s] Level 1:colcon.colcon_core.package_identification:_identify(gazebo_models/robotiq_description/meshes/visual/hande) by extensions ['colcon_meta']
[0.184s] Level 1:colcon.colcon_core.package_identification:_identify(gazebo_models/robotiq_description/meshes/visual/hande) by extension 'colcon_meta'
[0.184s] Level 1:colcon.colcon_core.package_identification:_identify(gazebo_models/robotiq_description/meshes/visual/hande) by extensions ['ros']
[0.184s] Level 1:colcon.colcon_core.package_identification:_identify(gazebo_models/robotiq_description/meshes/visual/hande) by extension 'ros'
[0.184s] Level 1:colcon.colcon_core.package_identification:_identify(gazebo_models/robotiq_description/meshes/visual/hande) by extensions ['cmake', 'python']
[0.184s] Level 1:colcon.colcon_core.package_identification:_identify(gazebo_models/robotiq_description/meshes/visual/hande) by extension 'cmake'
[0.184s] Level 1:colcon.colcon_core.package_identification:_identify(gazebo_models/robotiq_description/meshes/visual/hande) by extension 'python'
[0.184s] Level 1:colcon.colcon_core.package_identification:_identify(gazebo_models/robotiq_description/meshes/visual/hande) by extensions ['python_setup_py']
[0.184s] Level 1:colcon.colcon_core.package_identification:_identify(gazebo_models/robotiq_description/meshes/visual/hande) by extension 'python_setup_py'
[0.184s] Level 1:colcon.colcon_core.package_identification:_identify(install) by extensions ['ignore', 'ignore_ament_install']
[0.184s] Level 1:colcon.colcon_core.package_identification:_identify(install) by extension 'ignore'
[0.184s] Level 1:colcon.colcon_core.package_identification:_identify(install) ignored
[0.184s] Level 1:colcon.colcon_core.package_identification:_identify(log) by extensions ['ignore', 'ignore_ament_install']
[0.184s] Level 1:colcon.colcon_core.package_identification:_identify(log) by extension 'ignore'
[0.184s] Level 1:colcon.colcon_core.package_identification:_identify(log) ignored
[0.184s] Level 1:colcon.colcon_core.package_identification:_identify(meshes) by extensions ['ignore', 'ignore_ament_install']
[0.184s] Level 1:colcon.colcon_core.package_identification:_identify(meshes) by extension 'ignore'
[0.184s] Level 1:colcon.colcon_core.package_identification:_identify(meshes) by extension 'ignore_ament_install'
[0.184s] Level 1:colcon.colcon_core.package_identification:_identify(meshes) by extensions ['colcon_pkg']
[0.184s] Level 1:colcon.colcon_core.package_identification:_identify(meshes) by extension 'colcon_pkg'
[0.184s] Level 1:colcon.colcon_core.package_identification:_identify(meshes) by extensions ['colcon_meta']
[0.184s] Level 1:colcon.colcon_core.package_identification:_identify(meshes) by extension 'colcon_meta'
[0.184s] Level 1:colcon.colcon_core.package_identification:_identify(meshes) by extensions ['ros']
[0.184s] Level 1:colcon.colcon_core.package_identification:_identify(meshes) by extension 'ros'
[0.184s] Level 1:colcon.colcon_core.package_identification:_identify(meshes) by extensions ['cmake', 'python']
[0.184s] Level 1:colcon.colcon_core.package_identification:_identify(meshes) by extension 'cmake'
[0.184s] Level 1:colcon.colcon_core.package_identification:_identify(meshes) by extension 'python'
[0.184s] Level 1:colcon.colcon_core.package_identification:_identify(meshes) by extensions ['python_setup_py']
[0.184s] Level 1:colcon.colcon_core.package_identification:_identify(meshes) by extension 'python_setup_py'
[0.184s] Level 1:colcon.colcon_core.package_identification:_identify(meshes/robotiq_2f_85) by extensions ['ignore', 'ignore_ament_install']
[0.185s] Level 1:colcon.colcon_core.package_identification:_identify(meshes/robotiq_2f_85) by extension 'ignore'
[0.185s] Level 1:colcon.colcon_core.package_identification:_identify(meshes/robotiq_2f_85) by extension 'ignore_ament_install'
[0.185s] Level 1:colcon.colcon_core.package_identification:_identify(meshes/robotiq_2f_85) by extensions ['colcon_pkg']
[0.185s] Level 1:colcon.colcon_core.package_identification:_identify(meshes/robotiq_2f_85) by extension 'colcon_pkg'
[0.185s] Level 1:colcon.colcon_core.package_identification:_identify(meshes/robotiq_2f_85) by extensions ['colcon_meta']
[0.185s] Level 1:colcon.colcon_core.package_identification:_identify(meshes/robotiq_2f_85) by extension 'colcon_meta'
[0.185s] Level 1:colcon.colcon_core.package_identification:_identify(meshes/robotiq_2f_85) by extensions ['ros']
[0.185s] Level 1:colcon.colcon_core.package_identification:_identify(meshes/robotiq_2f_85) by extension 'ros'
[0.185s] Level 1:colcon.colcon_core.package_identification:_identify(meshes/robotiq_2f_85) by extensions ['cmake', 'python']
[0.185s] Level 1:colcon.colcon_core.package_identification:_identify(meshes/robotiq_2f_85) by extension 'cmake'
[0.185s] Level 1:colcon.colcon_core.package_identification:_identify(meshes/robotiq_2f_85) by extension 'python'
[0.185s] Level 1:colcon.colcon_core.package_identification:_identify(meshes/robotiq_2f_85) by extensions ['python_setup_py']
[0.185s] Level 1:colcon.colcon_core.package_identification:_identify(meshes/robotiq_2f_85) by extension 'python_setup_py'
[0.185s] Level 1:colcon.colcon_core.package_identification:_identify(meshes/robotiq_2f_85/collision) by extensions ['ignore', 'ignore_ament_install']
[0.185s] Level 1:colcon.colcon_core.package_identification:_identify(meshes/robotiq_2f_85/collision) by extension 'ignore'
[0.185s] Level 1:colcon.colcon_core.package_identification:_identify(meshes/robotiq_2f_85/collision) by extension 'ignore_ament_install'
[0.185s] Level 1:colcon.colcon_core.package_identification:_identify(meshes/robotiq_2f_85/collision) by extensions ['colcon_pkg']
[0.185s] Level 1:colcon.colcon_core.package_identification:_identify(meshes/robotiq_2f_85/collision) by extension 'colcon_pkg'
[0.185s] Level 1:colcon.colcon_core.package_identification:_identify(meshes/robotiq_2f_85/collision) by extensions ['colcon_meta']
[0.185s] Level 1:colcon.colcon_core.package_identification:_identify(meshes/robotiq_2f_85/collision) by extension 'colcon_meta'
[0.185s] Level 1:colcon.colcon_core.package_identification:_identify(meshes/robotiq_2f_85/collision) by extensions ['ros']
[0.185s] Level 1:colcon.colcon_core.package_identification:_identify(meshes/robotiq_2f_85/collision) by extension 'ros'
[0.185s] Level 1:colcon.colcon_core.package_identification:_identify(meshes/robotiq_2f_85/collision) by extensions ['cmake', 'python']
[0.185s] Level 1:colcon.colcon_core.package_identification:_identify(meshes/robotiq_2f_85/collision) by extension 'cmake'
[0.185s] Level 1:colcon.colcon_core.package_identification:_identify(meshes/robotiq_2f_85/collision) by extension 'python'
[0.185s] Level 1:colcon.colcon_core.package_identification:_identify(meshes/robotiq_2f_85/collision) by extensions ['python_setup_py']
[0.185s] Level 1:colcon.colcon_core.package_identification:_identify(meshes/robotiq_2f_85/collision) by extension 'python_setup_py'
[0.185s] Level 1:colcon.colcon_core.package_identification:_identify(meshes/robotiq_2f_85/visual) by extensions ['ignore', 'ignore_ament_install']
[0.185s] Level 1:colcon.colcon_core.package_identification:_identify(meshes/robotiq_2f_85/visual) by extension 'ignore'
[0.185s] Level 1:colcon.colcon_core.package_identification:_identify(meshes/robotiq_2f_85/visual) by extension 'ignore_ament_install'
[0.185s] Level 1:colcon.colcon_core.package_identification:_identify(meshes/robotiq_2f_85/visual) by extensions ['colcon_pkg']
[0.185s] Level 1:colcon.colcon_core.package_identification:_identify(meshes/robotiq_2f_85/visual) by extension 'colcon_pkg'
[0.185s] Level 1:colcon.colcon_core.package_identification:_identify(meshes/robotiq_2f_85/visual) by extensions ['colcon_meta']
[0.185s] Level 1:colcon.colcon_core.package_identification:_identify(meshes/robotiq_2f_85/visual) by extension 'colcon_meta'
[0.185s] Level 1:colcon.colcon_core.package_identification:_identify(meshes/robotiq_2f_85/visual) by extensions ['ros']
[0.185s] Level 1:colcon.colcon_core.package_identification:_identify(meshes/robotiq_2f_85/visual) by extension 'ros'
[0.185s] Level 1:colcon.colcon_core.package_identification:_identify(meshes/robotiq_2f_85/visual) by extensions ['cmake', 'python']
[0.185s] Level 1:colcon.colcon_core.package_identification:_identify(meshes/robotiq_2f_85/visual) by extension 'cmake'
[0.185s] Level 1:colcon.colcon_core.package_identification:_identify(meshes/robotiq_2f_85/visual) by extension 'python'
[0.185s] Level 1:colcon.colcon_core.package_identification:_identify(meshes/robotiq_2f_85/visual) by extensions ['python_setup_py']
[0.185s] Level 1:colcon.colcon_core.package_identification:_identify(meshes/robotiq_2f_85/visual) by extension 'python_setup_py'
[0.185s] Level 1:colcon.colcon_core.package_identification:_identify(robotiq) by extensions ['ignore', 'ignore_ament_install']
[0.185s] Level 1:colcon.colcon_core.package_identification:_identify(robotiq) by extension 'ignore'
[0.185s] Level 1:colcon.colcon_core.package_identification:_identify(robotiq) ignored
[0.185s] Level 1:colcon.colcon_core.package_identification:_identify(src) by extensions ['ignore', 'ignore_ament_install']
[0.185s] Level 1:colcon.colcon_core.package_identification:_identify(src) by extension 'ignore'
[0.185s] Level 1:colcon.colcon_core.package_identification:_identify(src) by extension 'ignore_ament_install'
[0.186s] Level 1:colcon.colcon_core.package_identification:_identify(src) by extensions ['colcon_pkg']
[0.186s] Level 1:colcon.colcon_core.package_identification:_identify(src) by extension 'colcon_pkg'
[0.186s] Level 1:colcon.colcon_core.package_identification:_identify(src) by extensions ['colcon_meta']
[0.186s] Level 1:colcon.colcon_core.package_identification:_identify(src) by extension 'colcon_meta'
[0.186s] Level 1:colcon.colcon_core.package_identification:_identify(src) by extensions ['ros']
[0.186s] Level 1:colcon.colcon_core.package_identification:_identify(src) by extension 'ros'
[0.186s] Level 1:colcon.colcon_core.package_identification:_identify(src) by extensions ['cmake', 'python']
[0.186s] Level 1:colcon.colcon_core.package_identification:_identify(src) by extension 'cmake'
[0.186s] Level 1:colcon.colcon_core.package_identification:_identify(src) by extension 'python'
[0.186s] Level 1:colcon.colcon_core.package_identification:_identify(src) by extensions ['python_setup_py']
[0.186s] Level 1:colcon.colcon_core.package_identification:_identify(src) by extension 'python_setup_py'
[0.186s] Level 1:colcon.colcon_core.package_identification:_identify(src/robotiq_2f_85_gripper_visualization) by extensions ['ignore', 'ignore_ament_install']
[0.186s] Level 1:colcon.colcon_core.package_identification:_identify(src/robotiq_2f_85_gripper_visualization) by extension 'ignore'
[0.186s] Level 1:colcon.colcon_core.package_identification:_identify(src/robotiq_2f_85_gripper_visualization) by extension 'ignore_ament_install'
[0.186s] Level 1:colcon.colcon_core.package_identification:_identify(src/robotiq_2f_85_gripper_visualization) by extensions ['colcon_pkg']
[0.186s] Level 1:colcon.colcon_core.package_identification:_identify(src/robotiq_2f_85_gripper_visualization) by extension 'colcon_pkg'
[0.186s] Level 1:colcon.colcon_core.package_identification:_identify(src/robotiq_2f_85_gripper_visualization) by extensions ['colcon_meta']
[0.186s] Level 1:colcon.colcon_core.package_identification:_identify(src/robotiq_2f_85_gripper_visualization) by extension 'colcon_meta'
[0.186s] Level 1:colcon.colcon_core.package_identification:_identify(src/robotiq_2f_85_gripper_visualization) by extensions ['ros']
[0.186s] Level 1:colcon.colcon_core.package_identification:_identify(src/robotiq_2f_85_gripper_visualization) by extension 'ros'
[0.186s] DEBUG:colcon.colcon_core.package_identification:Package 'src/robotiq_2f_85_gripper_visualization' with type 'ros.catkin' and name 'robotiq_2f_85_gripper_visualization'
[0.186s] Level 1:colcon.colcon_core.package_identification:_identify(src/ros2_robotiq_gripper) by extensions ['ignore', 'ignore_ament_install']
[0.186s] Level 1:colcon.colcon_core.package_identification:_identify(src/ros2_robotiq_gripper) by extension 'ignore'
[0.186s] Level 1:colcon.colcon_core.package_identification:_identify(src/ros2_robotiq_gripper) by extension 'ignore_ament_install'
[0.186s] Level 1:colcon.colcon_core.package_identification:_identify(src/ros2_robotiq_gripper) by extensions ['colcon_pkg']
[0.186s] Level 1:colcon.colcon_core.package_identification:_identify(src/ros2_robotiq_gripper) by extension 'colcon_pkg'
[0.186s] Level 1:colcon.colcon_core.package_identification:_identify(src/ros2_robotiq_gripper) by extensions ['colcon_meta']
[0.186s] Level 1:colcon.colcon_core.package_identification:_identify(src/ros2_robotiq_gripper) by extension 'colcon_meta'
[0.186s] Level 1:colcon.colcon_core.package_identification:_identify(src/ros2_robotiq_gripper) by extensions ['ros']
[0.186s] Level 1:colcon.colcon_core.package_identification:_identify(src/ros2_robotiq_gripper) by extension 'ros'
[0.187s] Level 1:colcon.colcon_core.package_identification:_identify(src/ros2_robotiq_gripper) by extensions ['cmake', 'python']
[0.187s] Level 1:colcon.colcon_core.package_identification:_identify(src/ros2_robotiq_gripper) by extension 'cmake'
[0.187s] Level 1:colcon.colcon_core.package_identification:_identify(src/ros2_robotiq_gripper) by extension 'python'
[0.187s] Level 1:colcon.colcon_core.package_identification:_identify(src/ros2_robotiq_gripper) by extensions ['python_setup_py']
[0.187s] Level 1:colcon.colcon_core.package_identification:_identify(src/ros2_robotiq_gripper) by extension 'python_setup_py'
[0.187s] Level 1:colcon.colcon_core.package_identification:_identify(src/ros2_robotiq_gripper/robotiq_controllers) by extensions ['ignore', 'ignore_ament_install']
[0.187s] Level 1:colcon.colcon_core.package_identification:_identify(src/ros2_robotiq_gripper/robotiq_controllers) by extension 'ignore'
[0.187s] Level 1:colcon.colcon_core.package_identification:_identify(src/ros2_robotiq_gripper/robotiq_controllers) by extension 'ignore_ament_install'
[0.187s] Level 1:colcon.colcon_core.package_identification:_identify(src/ros2_robotiq_gripper/robotiq_controllers) by extensions ['colcon_pkg']
[0.187s] Level 1:colcon.colcon_core.package_identification:_identify(src/ros2_robotiq_gripper/robotiq_controllers) by extension 'colcon_pkg'
[0.187s] Level 1:colcon.colcon_core.package_identification:_identify(src/ros2_robotiq_gripper/robotiq_controllers) by extensions ['colcon_meta']
[0.187s] Level 1:colcon.colcon_core.package_identification:_identify(src/ros2_robotiq_gripper/robotiq_controllers) by extension 'colcon_meta'
[0.187s] Level 1:colcon.colcon_core.package_identification:_identify(src/ros2_robotiq_gripper/robotiq_controllers) by extensions ['ros']
[0.187s] Level 1:colcon.colcon_core.package_identification:_identify(src/ros2_robotiq_gripper/robotiq_controllers) by extension 'ros'
[0.187s] DEBUG:colcon.colcon_core.package_identification:Package 'src/ros2_robotiq_gripper/robotiq_controllers' with type 'ros.ament_cmake' and name 'robotiq_controllers'
[0.187s] Level 1:colcon.colcon_core.package_identification:_identify(src/ros2_robotiq_gripper/robotiq_description) by extensions ['ignore', 'ignore_ament_install']
[0.187s] Level 1:colcon.colcon_core.package_identification:_identify(src/ros2_robotiq_gripper/robotiq_description) by extension 'ignore'
[0.187s] Level 1:colcon.colcon_core.package_identification:_identify(src/ros2_robotiq_gripper/robotiq_description) by extension 'ignore_ament_install'
[0.187s] Level 1:colcon.colcon_core.package_identification:_identify(src/ros2_robotiq_gripper/robotiq_description) by extensions ['colcon_pkg']
[0.187s] Level 1:colcon.colcon_core.package_identification:_identify(src/ros2_robotiq_gripper/robotiq_description) by extension 'colcon_pkg'
[0.187s] Level 1:colcon.colcon_core.package_identification:_identify(src/ros2_robotiq_gripper/robotiq_description) by extensions ['colcon_meta']
[0.187s] Level 1:colcon.colcon_core.package_identification:_identify(src/ros2_robotiq_gripper/robotiq_description) by extension 'colcon_meta'
[0.187s] Level 1:colcon.colcon_core.package_identification:_identify(src/ros2_robotiq_gripper/robotiq_description) by extensions ['ros']
[0.187s] Level 1:colcon.colcon_core.package_identification:_identify(src/ros2_robotiq_gripper/robotiq_description) by extension 'ros'
[0.188s] DEBUG:colcon.colcon_core.package_identification:Package 'src/ros2_robotiq_gripper/robotiq_description' with type 'ros.ament_cmake' and name 'robotiq_description'
[0.188s] Level 1:colcon.colcon_core.package_identification:_identify(src/ros2_robotiq_gripper/robotiq_driver) by extensions ['ignore', 'ignore_ament_install']
[0.188s] Level 1:colcon.colcon_core.package_identification:_identify(src/ros2_robotiq_gripper/robotiq_driver) by extension 'ignore'
[0.188s] Level 1:colcon.colcon_core.package_identification:_identify(src/ros2_robotiq_gripper/robotiq_driver) by extension 'ignore_ament_install'
[0.188s] Level 1:colcon.colcon_core.package_identification:_identify(src/ros2_robotiq_gripper/robotiq_driver) by extensions ['colcon_pkg']
[0.188s] Level 1:colcon.colcon_core.package_identification:_identify(src/ros2_robotiq_gripper/robotiq_driver) by extension 'colcon_pkg'
[0.188s] Level 1:colcon.colcon_core.package_identification:_identify(src/ros2_robotiq_gripper/robotiq_driver) by extensions ['colcon_meta']
[0.188s] Level 1:colcon.colcon_core.package_identification:_identify(src/ros2_robotiq_gripper/robotiq_driver) by extension 'colcon_meta'
[0.188s] Level 1:colcon.colcon_core.package_identification:_identify(src/ros2_robotiq_gripper/robotiq_driver) by extensions ['ros']
[0.188s] Level 1:colcon.colcon_core.package_identification:_identify(src/ros2_robotiq_gripper/robotiq_driver) by extension 'ros'
[0.189s] DEBUG:colcon.colcon_core.package_identification:Package 'src/ros2_robotiq_gripper/robotiq_driver' with type 'ros.ament_cmake' and name 'robotiq_driver'
[0.189s] Level 1:colcon.colcon_core.package_identification:_identify(src/ros2_robotiq_gripper/robotiq_hardware_tests) by extensions ['ignore', 'ignore_ament_install']
[0.189s] Level 1:colcon.colcon_core.package_identification:_identify(src/ros2_robotiq_gripper/robotiq_hardware_tests) by extension 'ignore'
[0.189s] Level 1:colcon.colcon_core.package_identification:_identify(src/ros2_robotiq_gripper/robotiq_hardware_tests) by extension 'ignore_ament_install'
[0.189s] Level 1:colcon.colcon_core.package_identification:_identify(src/ros2_robotiq_gripper/robotiq_hardware_tests) by extensions ['colcon_pkg']
[0.189s] Level 1:colcon.colcon_core.package_identification:_identify(src/ros2_robotiq_gripper/robotiq_hardware_tests) by extension 'colcon_pkg'
[0.189s] Level 1:colcon.colcon_core.package_identification:_identify(src/ros2_robotiq_gripper/robotiq_hardware_tests) by extensions ['colcon_meta']
[0.189s] Level 1:colcon.colcon_core.package_identification:_identify(src/ros2_robotiq_gripper/robotiq_hardware_tests) by extension 'colcon_meta'
[0.189s] Level 1:colcon.colcon_core.package_identification:_identify(src/ros2_robotiq_gripper/robotiq_hardware_tests) by extensions ['ros']
[0.189s] Level 1:colcon.colcon_core.package_identification:_identify(src/ros2_robotiq_gripper/robotiq_hardware_tests) by extension 'ros'
[0.189s] DEBUG:colcon.colcon_core.package_identification:Package 'src/ros2_robotiq_gripper/robotiq_hardware_tests' with type 'ros.ament_cmake' and name 'robotiq_hardware_tests'
[0.189s] Level 1:colcon.colcon_core.package_identification:_identify(src/serial) by extensions ['ignore', 'ignore_ament_install']
[0.189s] Level 1:colcon.colcon_core.package_identification:_identify(src/serial) by extension 'ignore'
[0.189s] Level 1:colcon.colcon_core.package_identification:_identify(src/serial) by extension 'ignore_ament_install'
[0.189s] Level 1:colcon.colcon_core.package_identification:_identify(src/serial) by extensions ['colcon_pkg']
[0.189s] Level 1:colcon.colcon_core.package_identification:_identify(src/serial) by extension 'colcon_pkg'
[0.189s] Level 1:colcon.colcon_core.package_identification:_identify(src/serial) by extensions ['colcon_meta']
[0.189s] Level 1:colcon.colcon_core.package_identification:_identify(src/serial) by extension 'colcon_meta'
[0.189s] Level 1:colcon.colcon_core.package_identification:_identify(src/serial) by extensions ['ros']
[0.190s] Level 1:colcon.colcon_core.package_identification:_identify(src/serial) by extension 'ros'
[0.190s] DEBUG:colcon.colcon_core.package_identification:Package 'src/serial' with type 'ros.ament_cmake' and name 'serial'
[0.190s] Level 1:colcon.colcon_core.package_identification:_identify(src/unified_vision_system) by extensions ['ignore', 'ignore_ament_install']
[0.190s] Level 1:colcon.colcon_core.package_identification:_identify(src/unified_vision_system) by extension 'ignore'
[0.190s] Level 1:colcon.colcon_core.package_identification:_identify(src/unified_vision_system) by extension 'ignore_ament_install'
[0.190s] Level 1:colcon.colcon_core.package_identification:_identify(src/unified_vision_system) by extensions ['colcon_pkg']
[0.190s] Level 1:colcon.colcon_core.package_identification:_identify(src/unified_vision_system) by extension 'colcon_pkg'
[0.190s] Level 1:colcon.colcon_core.package_identification:_identify(src/unified_vision_system) by extensions ['colcon_meta']
[0.190s] Level 1:colcon.colcon_core.package_identification:_identify(src/unified_vision_system) by extension 'colcon_meta'
[0.190s] Level 1:colcon.colcon_core.package_identification:_identify(src/unified_vision_system) by extensions ['ros']
[0.190s] Level 1:colcon.colcon_core.package_identification:_identify(src/unified_vision_system) by extension 'ros'
[0.190s] DEBUG:colcon.colcon_core.package_identification:Package 'src/unified_vision_system' with type 'ros.ament_cmake' and name 'unified_vision_system'
[0.191s] Level 1:colcon.colcon_core.package_identification:_identify(tools) by extensions ['ignore', 'ignore_ament_install']
[0.191s] Level 1:colcon.colcon_core.package_identification:_identify(tools) by extension 'ignore'
[0.191s] Level 1:colcon.colcon_core.package_identification:_identify(tools) by extension 'ignore_ament_install'
[0.191s] Level 1:colcon.colcon_core.package_identification:_identify(tools) by extensions ['colcon_pkg']
[0.191s] Level 1:colcon.colcon_core.package_identification:_identify(tools) by extension 'colcon_pkg'
[0.191s] Level 1:colcon.colcon_core.package_identification:_identify(tools) by extensions ['colcon_meta']
[0.191s] Level 1:colcon.colcon_core.package_identification:_identify(tools) by extension 'colcon_meta'
[0.191s] Level 1:colcon.colcon_core.package_identification:_identify(tools) by extensions ['ros']
[0.191s] Level 1:colcon.colcon_core.package_identification:_identify(tools) by extension 'ros'
[0.191s] Level 1:colcon.colcon_core.package_identification:_identify(tools) by extensions ['cmake', 'python']
[0.191s] Level 1:colcon.colcon_core.package_identification:_identify(tools) by extension 'cmake'
[0.191s] Level 1:colcon.colcon_core.package_identification:_identify(tools) by extension 'python'
[0.191s] Level 1:colcon.colcon_core.package_identification:_identify(tools) by extensions ['python_setup_py']
[0.191s] Level 1:colcon.colcon_core.package_identification:_identify(tools) by extension 'python_setup_py'
[0.191s] Level 1:colcon.colcon_core.package_discovery:discover_packages(recursive) using defaults
[0.191s] Level 1:colcon.colcon_core.package_discovery:discover_packages(ignore) discover
[0.191s] Level 1:colcon.colcon_core.package_discovery:discover_packages(ignore) using defaults
[0.191s] Level 1:colcon.colcon_core.package_discovery:discover_packages(path) discover
[0.191s] Level 1:colcon.colcon_core.package_discovery:discover_packages(path) using defaults
[0.203s] INFO:colcon.colcon_core.package_selection:Skipping not selected package 'robotiq_2f_85_gripper_visualization' in 'src/robotiq_2f_85_gripper_visualization'
[0.203s] INFO:colcon.colcon_core.package_selection:Skipping not selected package 'robotiq_controllers' in 'src/ros2_robotiq_gripper/robotiq_controllers'
[0.203s] INFO:colcon.colcon_core.package_selection:Skipping not selected package 'robotiq_description' in 'src/ros2_robotiq_gripper/robotiq_description'
[0.203s] INFO:colcon.colcon_core.package_selection:Skipping not selected package 'serial' in 'src/serial'
[0.203s] INFO:colcon.colcon_core.package_selection:Skipping not selected package 'ur_description' in 'Universal_Robots_ROS2_Description'
[0.203s] INFO:colcon.colcon_core.package_selection:Skipping not selected package 'robotiq_driver' in 'src/ros2_robotiq_gripper/robotiq_driver'
[0.203s] INFO:colcon.colcon_core.package_selection:Skipping not selected package 'robotiq_hardware_tests' in 'src/ros2_robotiq_gripper/robotiq_hardware_tests'
[0.203s] Level 1:colcon.colcon_core.package_discovery:discover_packages(prefix_path) check parameters
[0.203s] Level 1:colcon.colcon_core.package_discovery:discover_packages(prefix_path) discover
[0.204s] WARNING:colcon.colcon_ros.prefix_path.ament:The path '/workspace/install/unified_vision_system' in the environment variable AMENT_PREFIX_PATH doesn't exist
[0.204s] WARNING:colcon.colcon_ros.prefix_path.catkin:The path '/workspace/install/unified_vision_system' in the environment variable CMAKE_PREFIX_PATH doesn't exist
[0.205s] DEBUG:colcon.colcon_installed_package_information.package_discovery:Found 7 installed packages in /workspace/install
[0.206s] DEBUG:colcon.colcon_installed_package_information.package_discovery:Found 414 installed packages in /opt/ros/humble
[0.207s] Level 1:colcon.colcon_core.package_discovery:discover_packages(prefix_path) using defaults
[0.243s] Level 5:colcon.colcon_core.verb:set package 'unified_vision_system' build argument 'cmake_args' from command line to 'None'
[0.243s] Level 5:colcon.colcon_core.verb:set package 'unified_vision_system' build argument 'cmake_target' from command line to 'None'
[0.243s] Level 5:colcon.colcon_core.verb:set package 'unified_vision_system' build argument 'cmake_target_skip_unavailable' from command line to 'False'
[0.243s] Level 5:colcon.colcon_core.verb:set package 'unified_vision_system' build argument 'cmake_clean_cache' from command line to 'False'
[0.243s] Level 5:colcon.colcon_core.verb:set package 'unified_vision_system' build argument 'cmake_clean_first' from command line to 'False'
[0.243s] Level 5:colcon.colcon_core.verb:set package 'unified_vision_system' build argument 'cmake_force_configure' from command line to 'False'
[0.243s] Level 5:colcon.colcon_core.verb:set package 'unified_vision_system' build argument 'ament_cmake_args' from command line to 'None'
[0.243s] Level 5:colcon.colcon_core.verb:set package 'unified_vision_system' build argument 'catkin_cmake_args' from command line to 'None'
[0.243s] Level 5:colcon.colcon_core.verb:set package 'unified_vision_system' build argument 'catkin_skip_building_tests' from command line to 'False'
[0.243s] DEBUG:colcon.colcon_core.verb:Building package 'unified_vision_system' with the following arguments: {'ament_cmake_args': None, 'build_base': '/workspace/build/unified_vision_system', 'catkin_cmake_args': None, 'catkin_skip_building_tests': False, 'cmake_args': None, 'cmake_clean_cache': False, 'cmake_clean_first': False, 'cmake_force_configure': False, 'cmake_target': None, 'cmake_target_skip_unavailable': False, 'install_base': '/workspace/install/unified_vision_system', 'merge_install': False, 'path': '/workspace/src/unified_vision_system', 'symlink_install': True, 'test_result_base': None}
[0.243s] INFO:colcon.colcon_core.executor:Executing jobs using 'parallel' executor
[0.244s] DEBUG:colcon.colcon_parallel_executor.executor.parallel:run_until_complete
[0.244s] INFO:colcon.colcon_ros.task.ament_cmake.build:Building ROS package in '/workspace/src/unified_vision_system' with build type 'ament_cmake'
[0.244s] INFO:colcon.colcon_cmake.task.cmake.build:Building CMake package in '/workspace/src/unified_vision_system'
[0.246s] INFO:colcon.colcon_core.plugin_system:Skipping extension 'colcon_core.shell.bat': Not used on non-Windows systems
[0.246s] INFO:colcon.colcon_core.shell:Skip shell extension 'powershell' for command environment: Not usable outside of PowerShell
[0.246s] DEBUG:colcon.colcon_core.shell:Skip shell extension 'dsv' for command environment
[0.256s] DEBUG:colcon.colcon_core.event_handler.log_command:Invoking command in '/workspace/build/unified_vision_system': CMAKE_PREFIX_PATH=/workspace/install/ur_description:/workspace/install/robotiq_description:/opt/ros/humble:/workspace/install/robotiq_2f_85_gripper_visualization:/workspace/install/unified_vision_system:/workspace/install/robotiq_hardware_tests:/workspace/install/robotiq_driver:/workspace/install/serial:/workspace/install/robotiq_controllers CONDA_PROMPT_MODIFIER=(base) /usr/bin/cmake /workspace/src/unified_vision_system -DAMENT_CMAKE_SYMLINK_INSTALL=1 -DCMAKE_INSTALL_PREFIX=/workspace/install/unified_vision_system
[0.982s] DEBUG:colcon.colcon_core.event_handler.log_command:Invoked command in '/workspace/build/unified_vision_system' returned '0': CMAKE_PREFIX_PATH=/workspace/install/ur_description:/workspace/install/robotiq_description:/opt/ros/humble:/workspace/install/robotiq_2f_85_gripper_visualization:/workspace/install/unified_vision_system:/workspace/install/robotiq_hardware_tests:/workspace/install/robotiq_driver:/workspace/install/serial:/workspace/install/robotiq_controllers CONDA_PROMPT_MODIFIER=(base) /usr/bin/cmake /workspace/src/unified_vision_system -DAMENT_CMAKE_SYMLINK_INSTALL=1 -DCMAKE_INSTALL_PREFIX=/workspace/install/unified_vision_system
[0.983s] DEBUG:colcon.colcon_core.event_handler.log_command:Invoking command in '/workspace/build/unified_vision_system': CMAKE_PREFIX_PATH=/workspace/install/ur_description:/workspace/install/robotiq_description:/opt/ros/humble:/workspace/install/robotiq_2f_85_gripper_visualization:/workspace/install/unified_vision_system:/workspace/install/robotiq_hardware_tests:/workspace/install/robotiq_driver:/workspace/install/serial:/workspace/install/robotiq_controllers CONDA_PROMPT_MODIFIER=(base) /usr/bin/cmake --build /workspace/build/unified_vision_system -- -j12 -l12
[1.202s] DEBUG:colcon.colcon_core.event_handler.log_command:Invoked command in '/workspace/build/unified_vision_system' returned '0': CMAKE_PREFIX_PATH=/workspace/install/ur_description:/workspace/install/robotiq_description:/opt/ros/humble:/workspace/install/robotiq_2f_85_gripper_visualization:/workspace/install/unified_vision_system:/workspace/install/robotiq_hardware_tests:/workspace/install/robotiq_driver:/workspace/install/serial:/workspace/install/robotiq_controllers CONDA_PROMPT_MODIFIER=(base) /usr/bin/cmake --build /workspace/build/unified_vision_system -- -j12 -l12
[1.213s] DEBUG:colcon.colcon_core.event_handler.log_command:Invoking command in '/workspace/build/unified_vision_system': CMAKE_PREFIX_PATH=/workspace/install/ur_description:/workspace/install/robotiq_description:/opt/ros/humble:/workspace/install/robotiq_2f_85_gripper_visualization:/workspace/install/unified_vision_system:/workspace/install/robotiq_hardware_tests:/workspace/install/robotiq_driver:/workspace/install/serial:/workspace/install/robotiq_controllers CONDA_PROMPT_MODIFIER=(base) /usr/bin/cmake --install /workspace/build/unified_vision_system
[1.950s] Level 1:colcon.colcon_core.environment:create_environment_scripts_only(unified_vision_system)
[1.951s] DEBUG:colcon.colcon_core.event_handler.log_command:Invoked command in '/workspace/build/unified_vision_system' returned '0': CMAKE_PREFIX_PATH=/workspace/install/ur_description:/workspace/install/robotiq_description:/opt/ros/humble:/workspace/install/robotiq_2f_85_gripper_visualization:/workspace/install/unified_vision_system:/workspace/install/robotiq_hardware_tests:/workspace/install/robotiq_driver:/workspace/install/serial:/workspace/install/robotiq_controllers CONDA_PROMPT_MODIFIER=(base) /usr/bin/cmake --install /workspace/build/unified_vision_system
[1.953s] Level 1:colcon.colcon_core.environment:checking '/workspace/install/unified_vision_system' for CMake module files
[1.953s] Level 1:colcon.colcon_core.environment:checking '/workspace/install/unified_vision_system' for CMake config files
[1.954s] Level 1:colcon.colcon_core.shell:create_environment_hook('unified_vision_system', 'cmake_prefix_path')
[1.954s] INFO:colcon.colcon_core.shell:Creating environment hook '/workspace/install/unified_vision_system/share/unified_vision_system/hook/cmake_prefix_path.ps1'
[1.955s] INFO:colcon.colcon_core.shell:Creating environment descriptor '/workspace/install/unified_vision_system/share/unified_vision_system/hook/cmake_prefix_path.dsv'
[1.955s] INFO:colcon.colcon_core.shell:Creating environment hook '/workspace/install/unified_vision_system/share/unified_vision_system/hook/cmake_prefix_path.sh'
[1.956s] Level 1:colcon.colcon_core.environment:checking '/workspace/install/unified_vision_system/lib'
[1.956s] Level 1:colcon.colcon_core.environment:checking '/workspace/install/unified_vision_system/bin'
[1.956s] Level 1:colcon.colcon_core.environment:checking '/workspace/install/unified_vision_system/lib/pkgconfig/unified_vision_system.pc'
[1.956s] Level 1:colcon.colcon_core.environment:checking '/workspace/install/unified_vision_system/lib/python3.10/site-packages'
[1.956s] Level 1:colcon.colcon_core.environment:checking '/workspace/install/unified_vision_system/bin'
[1.956s] INFO:colcon.colcon_core.shell:Creating package script '/workspace/install/unified_vision_system/share/unified_vision_system/package.ps1'
[1.957s] INFO:colcon.colcon_core.shell:Creating package descriptor '/workspace/install/unified_vision_system/share/unified_vision_system/package.dsv'
[1.957s] INFO:colcon.colcon_core.shell:Creating package script '/workspace/install/unified_vision_system/share/unified_vision_system/package.sh'
[1.958s] INFO:colcon.colcon_core.shell:Creating package script '/workspace/install/unified_vision_system/share/unified_vision_system/package.bash'
[1.958s] INFO:colcon.colcon_core.shell:Creating package script '/workspace/install/unified_vision_system/share/unified_vision_system/package.zsh'
[1.959s] Level 1:colcon.colcon_core.environment:create_file_with_runtime_dependencies(/workspace/install/unified_vision_system/share/colcon-core/packages/unified_vision_system)
[1.959s] Level 1:colcon.colcon_core.environment:create_environment_scripts_only(unified_vision_system)
[1.960s] Level 1:colcon.colcon_core.environment:checking '/workspace/install/unified_vision_system' for CMake module files
[1.960s] Level 1:colcon.colcon_core.environment:checking '/workspace/install/unified_vision_system' for CMake config files
[1.960s] Level 1:colcon.colcon_core.shell:create_environment_hook('unified_vision_system', 'cmake_prefix_path')
[1.961s] INFO:colcon.colcon_core.shell:Creating environment hook '/workspace/install/unified_vision_system/share/unified_vision_system/hook/cmake_prefix_path.ps1'
[1.961s] INFO:colcon.colcon_core.shell:Creating environment descriptor '/workspace/install/unified_vision_system/share/unified_vision_system/hook/cmake_prefix_path.dsv'
[1.961s] INFO:colcon.colcon_core.shell:Creating environment hook '/workspace/install/unified_vision_system/share/unified_vision_system/hook/cmake_prefix_path.sh'
[1.962s] Level 1:colcon.colcon_core.environment:checking '/workspace/install/unified_vision_system/lib'
[1.962s] Level 1:colcon.colcon_core.environment:checking '/workspace/install/unified_vision_system/bin'
[1.962s] Level 1:colcon.colcon_core.environment:checking '/workspace/install/unified_vision_system/lib/pkgconfig/unified_vision_system.pc'
[1.962s] Level 1:colcon.colcon_core.environment:checking '/workspace/install/unified_vision_system/lib/python3.10/site-packages'
[1.962s] Level 1:colcon.colcon_core.environment:checking '/workspace/install/unified_vision_system/bin'
[1.962s] INFO:colcon.colcon_core.shell:Creating package script '/workspace/install/unified_vision_system/share/unified_vision_system/package.ps1'
[1.962s] INFO:colcon.colcon_core.shell:Creating package descriptor '/workspace/install/unified_vision_system/share/unified_vision_system/package.dsv'
[1.963s] INFO:colcon.colcon_core.shell:Creating package script '/workspace/install/unified_vision_system/share/unified_vision_system/package.sh'
[1.963s] INFO:colcon.colcon_core.shell:Creating package script '/workspace/install/unified_vision_system/share/unified_vision_system/package.bash'
[1.963s] INFO:colcon.colcon_core.shell:Creating package script '/workspace/install/unified_vision_system/share/unified_vision_system/package.zsh'
[1.964s] Level 1:colcon.colcon_core.environment:create_file_with_runtime_dependencies(/workspace/install/unified_vision_system/share/colcon-core/packages/unified_vision_system)
[1.964s] DEBUG:colcon.colcon_parallel_executor.executor.parallel:closing loop
[1.965s] DEBUG:colcon.colcon_parallel_executor.executor.parallel:loop closed
[1.965s] DEBUG:colcon.colcon_parallel_executor.executor.parallel:run_until_complete finished with '0'
[1.965s] DEBUG:colcon.colcon_core.event_reactor:joining thread
[1.970s] INFO:colcon.colcon_core.plugin_system:Skipping extension 'colcon_notification.desktop_notification.notify_send': Could not find 'notify-send'
[1.970s] INFO:colcon.colcon_core.plugin_system:Skipping extension 'colcon_notification.desktop_notification.terminal_notifier': Not used on non-Darwin systems
[1.970s] INFO:colcon.colcon_core.plugin_system:Skipping extension 'colcon_notification.desktop_notification.win32': Not used on non-Windows systems
[1.970s] INFO:colcon.colcon_notification.desktop_notification:Sending desktop notification using 'notify2'
[1.972s] DEBUG:colcon.colcon_notification.desktop_notification.notify2:Failed to initialize notify2: org.freedesktop.DBus.Error.Spawn.ExecFailed: /usr/bin/dbus-launch terminated abnormally without any error message
[1.972s] DEBUG:colcon.colcon_core.event_reactor:joined thread
[1.973s] INFO:colcon.colcon_core.shell:Creating prefix script '/workspace/install/local_setup.ps1'
[1.974s] INFO:colcon.colcon_core.shell:Creating prefix util module '/workspace/install/_local_setup_util_ps1.py'
[1.975s] INFO:colcon.colcon_core.shell:Creating prefix chain script '/workspace/install/setup.ps1'
[1.976s] INFO:colcon.colcon_core.shell:Creating prefix script '/workspace/install/local_setup.sh'
[1.976s] INFO:colcon.colcon_core.shell:Creating prefix util module '/workspace/install/_local_setup_util_sh.py'
[1.976s] INFO:colcon.colcon_core.shell:Creating prefix chain script '/workspace/install/setup.sh'
[1.977s] INFO:colcon.colcon_core.shell:Creating prefix script '/workspace/install/local_setup.bash'
[1.977s] INFO:colcon.colcon_core.shell:Creating prefix chain script '/workspace/install/setup.bash'
[1.978s] INFO:colcon.colcon_core.shell:Creating prefix script '/workspace/install/local_setup.zsh'
[1.979s] INFO:colcon.colcon_core.shell:Creating prefix chain script '/workspace/install/setup.zsh'
