[0.009s] Invoking command in '/workspace/build/unified_vision_system': AMENT_PREFIX_PATH=/workspace/install/ur_description:/workspace/install/robotiq_description CMAKE_PREFIX_PATH=/workspace/install/ur_description:/workspace/install/robotiq_description:/workspace/install/robotiq_2f_85_gripper_visualization PKG_CONFIG_PATH=/workspace/install/robotiq_2f_85_gripper_visualization/lib/x86_64-linux-gnu/pkgconfig:/workspace/install/robotiq_2f_85_gripper_visualization/lib/pkgconfig ROS_PACKAGE_PATH=/workspace/install/robotiq_2f_85_gripper_visualization/share /usr/bin/cmake /workspace/src/unified_vision_system -DAMENT_CMAKE_SYMLINK_INSTALL=1 -DCMAKE_INSTALL_PREFIX=/workspace/install/unified_vision_system
[0.065s] -- The C compiler identification is GNU 11.4.0
[0.115s] -- The CXX compiler identification is GNU 11.4.0
[0.121s] -- Detecting C compiler ABI info
[0.181s] -- Detecting C compiler ABI info - done
[0.186s] -- Check for working C compiler: /usr/bin/cc - skipped
[0.186s] -- Detecting C compile features
[0.186s] -- Detecting C compile features - done
[0.189s] -- Detecting CXX compiler ABI info
[0.261s] -- Detecting CXX compiler ABI info - done
[0.266s] -- Check for working CXX compiler: /usr/bin/c++ - skipped
[0.266s] -- Detecting CXX compile features
[0.267s] -- Detecting CXX compile features - done
[0.300s] [31mCMake Error at CMakeLists.txt:4 (find_package):
[0.300s]   By not providing "Findament_cmake.cmake" in CMAKE_MODULE_PATH this project
[0.300s]   has asked CMake to find a package configuration file provided by
[0.300s]   "ament_cmake", but CMake did not find one.
[0.300s] 
[0.300s]   Could not find a package configuration file provided by "ament_cmake" with
[0.300s]   any of the following names:
[0.301s] 
[0.301s]     ament_cmakeConfig.cmake
[0.301s]     ament_cmake-config.cmake
[0.301s] 
[0.301s]   Add the installation prefix of "ament_cmake" to CMAKE_PREFIX_PATH or set
[0.301s]   "ament_cmake_DIR" to a directory containing one of the above files.  If
[0.301s]   "ament_cmake" provides a separate development package or SDK, be sure it
[0.301s]   has been installed.
[0.301s] 
[0.301s] [0m
[0.301s] -- Configuring incomplete, errors occurred!
[0.301s] See also "/workspace/build/unified_vision_system/CMakeFiles/CMakeOutput.log".
[0.305s] Invoked command in '/workspace/build/unified_vision_system' returned '1': AMENT_PREFIX_PATH=/workspace/install/ur_description:/workspace/install/robotiq_description CMAKE_PREFIX_PATH=/workspace/install/ur_description:/workspace/install/robotiq_description:/workspace/install/robotiq_2f_85_gripper_visualization PKG_CONFIG_PATH=/workspace/install/robotiq_2f_85_gripper_visualization/lib/x86_64-linux-gnu/pkgconfig:/workspace/install/robotiq_2f_85_gripper_visualization/lib/pkgconfig ROS_PACKAGE_PATH=/workspace/install/robotiq_2f_85_gripper_visualization/share /usr/bin/cmake /workspace/src/unified_vision_system -DAMENT_CMAKE_SYMLINK_INSTALL=1 -DCMAKE_INSTALL_PREFIX=/workspace/install/unified_vision_system
