[0.062s] DEBUG:colcon:Command line arguments: ['/usr/bin/colcon', 'build', '--packages-select', 'unified_vision_system', '--symlink-install']
[0.062s] DEBUG:colcon:Parsed command line arguments: Namespace(log_base=None, log_level=None, verb_name='build', build_base='build', install_base='install', merge_install=False, symlink_install=True, test_result_base=None, continue_on_error=False, executor='parallel', parallel_workers=12, event_handlers=None, ignore_user_meta=False, metas=['./colcon.meta'], base_paths=['.'], packages_ignore=None, packages_ignore_regex=None, paths=None, packages_up_to=None, packages_up_to_regex=None, packages_above=None, packages_above_and_dependencies=None, packages_above_depth=None, packages_select_by_dep=None, packages_skip_by_dep=None, packages_skip_up_to=None, packages_select_build_failed=False, packages_skip_build_finished=False, packages_select_test_failures=False, packages_skip_test_passed=False, packages_select=['unified_vision_system'], packages_skip=None, packages_select_regex=None, packages_skip_regex=None, packages_start=None, packages_end=None, allow_overriding=[], cmake_args=None, cmake_target=None, cmake_target_skip_unavailable=False, cmake_clean_cache=False, cmake_clean_first=False, cmake_force_configure=False, ament_cmake_args=None, catkin_cmake_args=None, catkin_skip_building_tests=False, verb_parser=<colcon_defaults.argument_parser.defaults.DefaultArgumentsDecorator object at 0x7ed72ce08250>, verb_extension=<colcon_core.verb.build.BuildVerb object at 0x7ed72d10d690>, main=<bound method BuildVerb.main of <colcon_core.verb.build.BuildVerb object at 0x7ed72d10d690>>)
[0.133s] Level 1:colcon.colcon_core.package_discovery:discover_packages(colcon_meta) check parameters
[0.133s] Level 1:colcon.colcon_core.package_discovery:discover_packages(recursive) check parameters
[0.133s] Level 1:colcon.colcon_core.package_discovery:discover_packages(ignore) check parameters
[0.133s] Level 1:colcon.colcon_core.package_discovery:discover_packages(path) check parameters
[0.133s] Level 1:colcon.colcon_core.package_discovery:discover_packages(colcon_meta) discover
[0.133s] Level 1:colcon.colcon_core.package_discovery:discover_packages(recursive) discover
[0.133s] INFO:colcon.colcon_core.package_discovery:Crawling recursively for packages in '/workspace'
[0.133s] Level 1:colcon.colcon_core.package_identification:_identify(.) by extensions ['ignore', 'ignore_ament_install']
[0.133s] Level 1:colcon.colcon_core.package_identification:_identify(.) by extension 'ignore'
[0.133s] Level 1:colcon.colcon_core.package_identification:_identify(.) by extension 'ignore_ament_install'
[0.133s] Level 1:colcon.colcon_core.package_identification:_identify(.) by extensions ['colcon_pkg']
[0.133s] Level 1:colcon.colcon_core.package_identification:_identify(.) by extension 'colcon_pkg'
[0.133s] Level 1:colcon.colcon_core.package_identification:_identify(.) by extensions ['colcon_meta']
[0.133s] Level 1:colcon.colcon_core.package_identification:_identify(.) by extension 'colcon_meta'
[0.133s] Level 1:colcon.colcon_core.package_identification:_identify(.) by extensions ['ros']
[0.133s] Level 1:colcon.colcon_core.package_identification:_identify(.) by extension 'ros'
[0.148s] Level 1:colcon.colcon_core.package_identification:_identify(.) by extensions ['cmake', 'python']
[0.148s] Level 1:colcon.colcon_core.package_identification:_identify(.) by extension 'cmake'
[0.148s] Level 1:colcon.colcon_core.package_identification:_identify(.) by extension 'python'
[0.148s] Level 1:colcon.colcon_core.package_identification:_identify(.) by extensions ['python_setup_py']
[0.148s] Level 1:colcon.colcon_core.package_identification:_identify(.) by extension 'python_setup_py'
[0.148s] Level 1:colcon.colcon_core.package_identification:_identify(Universal_Robots_ROS2_Description) by extensions ['ignore', 'ignore_ament_install']
[0.148s] Level 1:colcon.colcon_core.package_identification:_identify(Universal_Robots_ROS2_Description) by extension 'ignore'
[0.148s] Level 1:colcon.colcon_core.package_identification:_identify(Universal_Robots_ROS2_Description) by extension 'ignore_ament_install'
[0.148s] Level 1:colcon.colcon_core.package_identification:_identify(Universal_Robots_ROS2_Description) by extensions ['colcon_pkg']
[0.148s] Level 1:colcon.colcon_core.package_identification:_identify(Universal_Robots_ROS2_Description) by extension 'colcon_pkg'
[0.148s] Level 1:colcon.colcon_core.package_identification:_identify(Universal_Robots_ROS2_Description) by extensions ['colcon_meta']
[0.148s] Level 1:colcon.colcon_core.package_identification:_identify(Universal_Robots_ROS2_Description) by extension 'colcon_meta'
[0.148s] Level 1:colcon.colcon_core.package_identification:_identify(Universal_Robots_ROS2_Description) by extensions ['ros']
[0.148s] Level 1:colcon.colcon_core.package_identification:_identify(Universal_Robots_ROS2_Description) by extension 'ros'
[0.150s] DEBUG:colcon.colcon_core.package_identification:Package 'Universal_Robots_ROS2_Description' with type 'ros.ament_cmake' and name 'ur_description'
[0.150s] Level 1:colcon.colcon_core.package_identification:_identify(build) by extensions ['ignore', 'ignore_ament_install']
[0.150s] Level 1:colcon.colcon_core.package_identification:_identify(build) by extension 'ignore'
[0.150s] Level 1:colcon.colcon_core.package_identification:_identify(build) ignored
[0.150s] Level 1:colcon.colcon_core.package_identification:_identify(gazebo_models) by extensions ['ignore', 'ignore_ament_install']
[0.150s] Level 1:colcon.colcon_core.package_identification:_identify(gazebo_models) by extension 'ignore'
[0.150s] Level 1:colcon.colcon_core.package_identification:_identify(gazebo_models) by extension 'ignore_ament_install'
[0.150s] Level 1:colcon.colcon_core.package_identification:_identify(gazebo_models) by extensions ['colcon_pkg']
[0.150s] Level 1:colcon.colcon_core.package_identification:_identify(gazebo_models) by extension 'colcon_pkg'
[0.150s] Level 1:colcon.colcon_core.package_identification:_identify(gazebo_models) by extensions ['colcon_meta']
[0.150s] Level 1:colcon.colcon_core.package_identification:_identify(gazebo_models) by extension 'colcon_meta'
[0.150s] Level 1:colcon.colcon_core.package_identification:_identify(gazebo_models) by extensions ['ros']
[0.150s] Level 1:colcon.colcon_core.package_identification:_identify(gazebo_models) by extension 'ros'
[0.150s] Level 1:colcon.colcon_core.package_identification:_identify(gazebo_models) by extensions ['cmake', 'python']
[0.150s] Level 1:colcon.colcon_core.package_identification:_identify(gazebo_models) by extension 'cmake'
[0.150s] Level 1:colcon.colcon_core.package_identification:_identify(gazebo_models) by extension 'python'
[0.150s] Level 1:colcon.colcon_core.package_identification:_identify(gazebo_models) by extensions ['python_setup_py']
[0.150s] Level 1:colcon.colcon_core.package_identification:_identify(gazebo_models) by extension 'python_setup_py'
[0.150s] Level 1:colcon.colcon_core.package_identification:_identify(gazebo_models/robotiq_description) by extensions ['ignore', 'ignore_ament_install']
[0.150s] Level 1:colcon.colcon_core.package_identification:_identify(gazebo_models/robotiq_description) by extension 'ignore'
[0.151s] Level 1:colcon.colcon_core.package_identification:_identify(gazebo_models/robotiq_description) by extension 'ignore_ament_install'
[0.151s] Level 1:colcon.colcon_core.package_identification:_identify(gazebo_models/robotiq_description) by extensions ['colcon_pkg']
[0.151s] Level 1:colcon.colcon_core.package_identification:_identify(gazebo_models/robotiq_description) by extension 'colcon_pkg'
[0.151s] Level 1:colcon.colcon_core.package_identification:_identify(gazebo_models/robotiq_description) by extensions ['colcon_meta']
[0.151s] Level 1:colcon.colcon_core.package_identification:_identify(gazebo_models/robotiq_description) by extension 'colcon_meta'
[0.151s] Level 1:colcon.colcon_core.package_identification:_identify(gazebo_models/robotiq_description) by extensions ['ros']
[0.151s] Level 1:colcon.colcon_core.package_identification:_identify(gazebo_models/robotiq_description) by extension 'ros'
[0.151s] Level 1:colcon.colcon_core.package_identification:_identify(gazebo_models/robotiq_description) by extensions ['cmake', 'python']
[0.151s] Level 1:colcon.colcon_core.package_identification:_identify(gazebo_models/robotiq_description) by extension 'cmake'
[0.151s] Level 1:colcon.colcon_core.package_identification:_identify(gazebo_models/robotiq_description) by extension 'python'
[0.151s] Level 1:colcon.colcon_core.package_identification:_identify(gazebo_models/robotiq_description) by extensions ['python_setup_py']
[0.151s] Level 1:colcon.colcon_core.package_identification:_identify(gazebo_models/robotiq_description) by extension 'python_setup_py'
[0.151s] Level 1:colcon.colcon_core.package_identification:_identify(gazebo_models/robotiq_description/meshes) by extensions ['ignore', 'ignore_ament_install']
[0.151s] Level 1:colcon.colcon_core.package_identification:_identify(gazebo_models/robotiq_description/meshes) by extension 'ignore'
[0.151s] Level 1:colcon.colcon_core.package_identification:_identify(gazebo_models/robotiq_description/meshes) by extension 'ignore_ament_install'
[0.151s] Level 1:colcon.colcon_core.package_identification:_identify(gazebo_models/robotiq_description/meshes) by extensions ['colcon_pkg']
[0.151s] Level 1:colcon.colcon_core.package_identification:_identify(gazebo_models/robotiq_description/meshes) by extension 'colcon_pkg'
[0.151s] Level 1:colcon.colcon_core.package_identification:_identify(gazebo_models/robotiq_description/meshes) by extensions ['colcon_meta']
[0.151s] Level 1:colcon.colcon_core.package_identification:_identify(gazebo_models/robotiq_description/meshes) by extension 'colcon_meta'
[0.151s] Level 1:colcon.colcon_core.package_identification:_identify(gazebo_models/robotiq_description/meshes) by extensions ['ros']
[0.151s] Level 1:colcon.colcon_core.package_identification:_identify(gazebo_models/robotiq_description/meshes) by extension 'ros'
[0.151s] Level 1:colcon.colcon_core.package_identification:_identify(gazebo_models/robotiq_description/meshes) by extensions ['cmake', 'python']
[0.151s] Level 1:colcon.colcon_core.package_identification:_identify(gazebo_models/robotiq_description/meshes) by extension 'cmake'
[0.151s] Level 1:colcon.colcon_core.package_identification:_identify(gazebo_models/robotiq_description/meshes) by extension 'python'
[0.151s] Level 1:colcon.colcon_core.package_identification:_identify(gazebo_models/robotiq_description/meshes) by extensions ['python_setup_py']
[0.151s] Level 1:colcon.colcon_core.package_identification:_identify(gazebo_models/robotiq_description/meshes) by extension 'python_setup_py'
[0.151s] Level 1:colcon.colcon_core.package_identification:_identify(gazebo_models/robotiq_description/meshes/collision) by extensions ['ignore', 'ignore_ament_install']
[0.151s] Level 1:colcon.colcon_core.package_identification:_identify(gazebo_models/robotiq_description/meshes/collision) by extension 'ignore'
[0.151s] Level 1:colcon.colcon_core.package_identification:_identify(gazebo_models/robotiq_description/meshes/collision) by extension 'ignore_ament_install'
[0.151s] Level 1:colcon.colcon_core.package_identification:_identify(gazebo_models/robotiq_description/meshes/collision) by extensions ['colcon_pkg']
[0.151s] Level 1:colcon.colcon_core.package_identification:_identify(gazebo_models/robotiq_description/meshes/collision) by extension 'colcon_pkg'
[0.151s] Level 1:colcon.colcon_core.package_identification:_identify(gazebo_models/robotiq_description/meshes/collision) by extensions ['colcon_meta']
[0.151s] Level 1:colcon.colcon_core.package_identification:_identify(gazebo_models/robotiq_description/meshes/collision) by extension 'colcon_meta'
[0.151s] Level 1:colcon.colcon_core.package_identification:_identify(gazebo_models/robotiq_description/meshes/collision) by extensions ['ros']
[0.151s] Level 1:colcon.colcon_core.package_identification:_identify(gazebo_models/robotiq_description/meshes/collision) by extension 'ros'
[0.151s] Level 1:colcon.colcon_core.package_identification:_identify(gazebo_models/robotiq_description/meshes/collision) by extensions ['cmake', 'python']
[0.151s] Level 1:colcon.colcon_core.package_identification:_identify(gazebo_models/robotiq_description/meshes/collision) by extension 'cmake'
[0.151s] Level 1:colcon.colcon_core.package_identification:_identify(gazebo_models/robotiq_description/meshes/collision) by extension 'python'
[0.151s] Level 1:colcon.colcon_core.package_identification:_identify(gazebo_models/robotiq_description/meshes/collision) by extensions ['python_setup_py']
[0.151s] Level 1:colcon.colcon_core.package_identification:_identify(gazebo_models/robotiq_description/meshes/collision) by extension 'python_setup_py'
[0.152s] Level 1:colcon.colcon_core.package_identification:_identify(gazebo_models/robotiq_description/meshes/collision/2f_140) by extensions ['ignore', 'ignore_ament_install']
[0.152s] Level 1:colcon.colcon_core.package_identification:_identify(gazebo_models/robotiq_description/meshes/collision/2f_140) by extension 'ignore'
[0.152s] Level 1:colcon.colcon_core.package_identification:_identify(gazebo_models/robotiq_description/meshes/collision/2f_140) by extension 'ignore_ament_install'
[0.152s] Level 1:colcon.colcon_core.package_identification:_identify(gazebo_models/robotiq_description/meshes/collision/2f_140) by extensions ['colcon_pkg']
[0.152s] Level 1:colcon.colcon_core.package_identification:_identify(gazebo_models/robotiq_description/meshes/collision/2f_140) by extension 'colcon_pkg'
[0.152s] Level 1:colcon.colcon_core.package_identification:_identify(gazebo_models/robotiq_description/meshes/collision/2f_140) by extensions ['colcon_meta']
[0.152s] Level 1:colcon.colcon_core.package_identification:_identify(gazebo_models/robotiq_description/meshes/collision/2f_140) by extension 'colcon_meta'
[0.152s] Level 1:colcon.colcon_core.package_identification:_identify(gazebo_models/robotiq_description/meshes/collision/2f_140) by extensions ['ros']
[0.152s] Level 1:colcon.colcon_core.package_identification:_identify(gazebo_models/robotiq_description/meshes/collision/2f_140) by extension 'ros'
[0.152s] Level 1:colcon.colcon_core.package_identification:_identify(gazebo_models/robotiq_description/meshes/collision/2f_140) by extensions ['cmake', 'python']
[0.152s] Level 1:colcon.colcon_core.package_identification:_identify(gazebo_models/robotiq_description/meshes/collision/2f_140) by extension 'cmake'
[0.152s] Level 1:colcon.colcon_core.package_identification:_identify(gazebo_models/robotiq_description/meshes/collision/2f_140) by extension 'python'
[0.152s] Level 1:colcon.colcon_core.package_identification:_identify(gazebo_models/robotiq_description/meshes/collision/2f_140) by extensions ['python_setup_py']
[0.152s] Level 1:colcon.colcon_core.package_identification:_identify(gazebo_models/robotiq_description/meshes/collision/2f_140) by extension 'python_setup_py'
[0.152s] Level 1:colcon.colcon_core.package_identification:_identify(gazebo_models/robotiq_description/meshes/collision/2f_85) by extensions ['ignore', 'ignore_ament_install']
[0.152s] Level 1:colcon.colcon_core.package_identification:_identify(gazebo_models/robotiq_description/meshes/collision/2f_85) by extension 'ignore'
[0.152s] Level 1:colcon.colcon_core.package_identification:_identify(gazebo_models/robotiq_description/meshes/collision/2f_85) by extension 'ignore_ament_install'
[0.152s] Level 1:colcon.colcon_core.package_identification:_identify(gazebo_models/robotiq_description/meshes/collision/2f_85) by extensions ['colcon_pkg']
[0.152s] Level 1:colcon.colcon_core.package_identification:_identify(gazebo_models/robotiq_description/meshes/collision/2f_85) by extension 'colcon_pkg'
[0.152s] Level 1:colcon.colcon_core.package_identification:_identify(gazebo_models/robotiq_description/meshes/collision/2f_85) by extensions ['colcon_meta']
[0.152s] Level 1:colcon.colcon_core.package_identification:_identify(gazebo_models/robotiq_description/meshes/collision/2f_85) by extension 'colcon_meta'
[0.152s] Level 1:colcon.colcon_core.package_identification:_identify(gazebo_models/robotiq_description/meshes/collision/2f_85) by extensions ['ros']
[0.152s] Level 1:colcon.colcon_core.package_identification:_identify(gazebo_models/robotiq_description/meshes/collision/2f_85) by extension 'ros'
[0.152s] Level 1:colcon.colcon_core.package_identification:_identify(gazebo_models/robotiq_description/meshes/collision/2f_85) by extensions ['cmake', 'python']
[0.152s] Level 1:colcon.colcon_core.package_identification:_identify(gazebo_models/robotiq_description/meshes/collision/2f_85) by extension 'cmake'
[0.152s] Level 1:colcon.colcon_core.package_identification:_identify(gazebo_models/robotiq_description/meshes/collision/2f_85) by extension 'python'
[0.152s] Level 1:colcon.colcon_core.package_identification:_identify(gazebo_models/robotiq_description/meshes/collision/2f_85) by extensions ['python_setup_py']
[0.152s] Level 1:colcon.colcon_core.package_identification:_identify(gazebo_models/robotiq_description/meshes/collision/2f_85) by extension 'python_setup_py'
[0.152s] Level 1:colcon.colcon_core.package_identification:_identify(gazebo_models/robotiq_description/meshes/collision/hande) by extensions ['ignore', 'ignore_ament_install']
[0.152s] Level 1:colcon.colcon_core.package_identification:_identify(gazebo_models/robotiq_description/meshes/collision/hande) by extension 'ignore'
[0.152s] Level 1:colcon.colcon_core.package_identification:_identify(gazebo_models/robotiq_description/meshes/collision/hande) by extension 'ignore_ament_install'
[0.153s] Level 1:colcon.colcon_core.package_identification:_identify(gazebo_models/robotiq_description/meshes/collision/hande) by extensions ['colcon_pkg']
[0.153s] Level 1:colcon.colcon_core.package_identification:_identify(gazebo_models/robotiq_description/meshes/collision/hande) by extension 'colcon_pkg'
[0.153s] Level 1:colcon.colcon_core.package_identification:_identify(gazebo_models/robotiq_description/meshes/collision/hande) by extensions ['colcon_meta']
[0.153s] Level 1:colcon.colcon_core.package_identification:_identify(gazebo_models/robotiq_description/meshes/collision/hande) by extension 'colcon_meta'
[0.153s] Level 1:colcon.colcon_core.package_identification:_identify(gazebo_models/robotiq_description/meshes/collision/hande) by extensions ['ros']
[0.153s] Level 1:colcon.colcon_core.package_identification:_identify(gazebo_models/robotiq_description/meshes/collision/hande) by extension 'ros'
[0.153s] Level 1:colcon.colcon_core.package_identification:_identify(gazebo_models/robotiq_description/meshes/collision/hande) by extensions ['cmake', 'python']
[0.153s] Level 1:colcon.colcon_core.package_identification:_identify(gazebo_models/robotiq_description/meshes/collision/hande) by extension 'cmake'
[0.153s] Level 1:colcon.colcon_core.package_identification:_identify(gazebo_models/robotiq_description/meshes/collision/hande) by extension 'python'
[0.153s] Level 1:colcon.colcon_core.package_identification:_identify(gazebo_models/robotiq_description/meshes/collision/hande) by extensions ['python_setup_py']
[0.153s] Level 1:colcon.colcon_core.package_identification:_identify(gazebo_models/robotiq_description/meshes/collision/hande) by extension 'python_setup_py'
[0.153s] Level 1:colcon.colcon_core.package_identification:_identify(gazebo_models/robotiq_description/meshes/visual) by extensions ['ignore', 'ignore_ament_install']
[0.153s] Level 1:colcon.colcon_core.package_identification:_identify(gazebo_models/robotiq_description/meshes/visual) by extension 'ignore'
[0.153s] Level 1:colcon.colcon_core.package_identification:_identify(gazebo_models/robotiq_description/meshes/visual) by extension 'ignore_ament_install'
[0.153s] Level 1:colcon.colcon_core.package_identification:_identify(gazebo_models/robotiq_description/meshes/visual) by extensions ['colcon_pkg']
[0.153s] Level 1:colcon.colcon_core.package_identification:_identify(gazebo_models/robotiq_description/meshes/visual) by extension 'colcon_pkg'
[0.153s] Level 1:colcon.colcon_core.package_identification:_identify(gazebo_models/robotiq_description/meshes/visual) by extensions ['colcon_meta']
[0.153s] Level 1:colcon.colcon_core.package_identification:_identify(gazebo_models/robotiq_description/meshes/visual) by extension 'colcon_meta'
[0.153s] Level 1:colcon.colcon_core.package_identification:_identify(gazebo_models/robotiq_description/meshes/visual) by extensions ['ros']
[0.153s] Level 1:colcon.colcon_core.package_identification:_identify(gazebo_models/robotiq_description/meshes/visual) by extension 'ros'
[0.153s] Level 1:colcon.colcon_core.package_identification:_identify(gazebo_models/robotiq_description/meshes/visual) by extensions ['cmake', 'python']
[0.153s] Level 1:colcon.colcon_core.package_identification:_identify(gazebo_models/robotiq_description/meshes/visual) by extension 'cmake'
[0.153s] Level 1:colcon.colcon_core.package_identification:_identify(gazebo_models/robotiq_description/meshes/visual) by extension 'python'
[0.153s] Level 1:colcon.colcon_core.package_identification:_identify(gazebo_models/robotiq_description/meshes/visual) by extensions ['python_setup_py']
[0.153s] Level 1:colcon.colcon_core.package_identification:_identify(gazebo_models/robotiq_description/meshes/visual) by extension 'python_setup_py'
[0.153s] Level 1:colcon.colcon_core.package_identification:_identify(gazebo_models/robotiq_description/meshes/visual/2f_140) by extensions ['ignore', 'ignore_ament_install']
[0.153s] Level 1:colcon.colcon_core.package_identification:_identify(gazebo_models/robotiq_description/meshes/visual/2f_140) by extension 'ignore'
[0.153s] Level 1:colcon.colcon_core.package_identification:_identify(gazebo_models/robotiq_description/meshes/visual/2f_140) by extension 'ignore_ament_install'
[0.153s] Level 1:colcon.colcon_core.package_identification:_identify(gazebo_models/robotiq_description/meshes/visual/2f_140) by extensions ['colcon_pkg']
[0.153s] Level 1:colcon.colcon_core.package_identification:_identify(gazebo_models/robotiq_description/meshes/visual/2f_140) by extension 'colcon_pkg'
[0.153s] Level 1:colcon.colcon_core.package_identification:_identify(gazebo_models/robotiq_description/meshes/visual/2f_140) by extensions ['colcon_meta']
[0.153s] Level 1:colcon.colcon_core.package_identification:_identify(gazebo_models/robotiq_description/meshes/visual/2f_140) by extension 'colcon_meta'
[0.153s] Level 1:colcon.colcon_core.package_identification:_identify(gazebo_models/robotiq_description/meshes/visual/2f_140) by extensions ['ros']
[0.153s] Level 1:colcon.colcon_core.package_identification:_identify(gazebo_models/robotiq_description/meshes/visual/2f_140) by extension 'ros'
[0.153s] Level 1:colcon.colcon_core.package_identification:_identify(gazebo_models/robotiq_description/meshes/visual/2f_140) by extensions ['cmake', 'python']
[0.153s] Level 1:colcon.colcon_core.package_identification:_identify(gazebo_models/robotiq_description/meshes/visual/2f_140) by extension 'cmake'
[0.153s] Level 1:colcon.colcon_core.package_identification:_identify(gazebo_models/robotiq_description/meshes/visual/2f_140) by extension 'python'
[0.153s] Level 1:colcon.colcon_core.package_identification:_identify(gazebo_models/robotiq_description/meshes/visual/2f_140) by extensions ['python_setup_py']
[0.153s] Level 1:colcon.colcon_core.package_identification:_identify(gazebo_models/robotiq_description/meshes/visual/2f_140) by extension 'python_setup_py'
[0.154s] Level 1:colcon.colcon_core.package_identification:_identify(gazebo_models/robotiq_description/meshes/visual/2f_85) by extensions ['ignore', 'ignore_ament_install']
[0.154s] Level 1:colcon.colcon_core.package_identification:_identify(gazebo_models/robotiq_description/meshes/visual/2f_85) by extension 'ignore'
[0.154s] Level 1:colcon.colcon_core.package_identification:_identify(gazebo_models/robotiq_description/meshes/visual/2f_85) by extension 'ignore_ament_install'
[0.154s] Level 1:colcon.colcon_core.package_identification:_identify(gazebo_models/robotiq_description/meshes/visual/2f_85) by extensions ['colcon_pkg']
[0.154s] Level 1:colcon.colcon_core.package_identification:_identify(gazebo_models/robotiq_description/meshes/visual/2f_85) by extension 'colcon_pkg'
[0.154s] Level 1:colcon.colcon_core.package_identification:_identify(gazebo_models/robotiq_description/meshes/visual/2f_85) by extensions ['colcon_meta']
[0.154s] Level 1:colcon.colcon_core.package_identification:_identify(gazebo_models/robotiq_description/meshes/visual/2f_85) by extension 'colcon_meta'
[0.154s] Level 1:colcon.colcon_core.package_identification:_identify(gazebo_models/robotiq_description/meshes/visual/2f_85) by extensions ['ros']
[0.154s] Level 1:colcon.colcon_core.package_identification:_identify(gazebo_models/robotiq_description/meshes/visual/2f_85) by extension 'ros'
[0.154s] Level 1:colcon.colcon_core.package_identification:_identify(gazebo_models/robotiq_description/meshes/visual/2f_85) by extensions ['cmake', 'python']
[0.154s] Level 1:colcon.colcon_core.package_identification:_identify(gazebo_models/robotiq_description/meshes/visual/2f_85) by extension 'cmake'
[0.154s] Level 1:colcon.colcon_core.package_identification:_identify(gazebo_models/robotiq_description/meshes/visual/2f_85) by extension 'python'
[0.154s] Level 1:colcon.colcon_core.package_identification:_identify(gazebo_models/robotiq_description/meshes/visual/2f_85) by extensions ['python_setup_py']
[0.154s] Level 1:colcon.colcon_core.package_identification:_identify(gazebo_models/robotiq_description/meshes/visual/2f_85) by extension 'python_setup_py'
[0.154s] Level 1:colcon.colcon_core.package_identification:_identify(gazebo_models/robotiq_description/meshes/visual/hande) by extensions ['ignore', 'ignore_ament_install']
[0.154s] Level 1:colcon.colcon_core.package_identification:_identify(gazebo_models/robotiq_description/meshes/visual/hande) by extension 'ignore'
[0.154s] Level 1:colcon.colcon_core.package_identification:_identify(gazebo_models/robotiq_description/meshes/visual/hande) by extension 'ignore_ament_install'
[0.154s] Level 1:colcon.colcon_core.package_identification:_identify(gazebo_models/robotiq_description/meshes/visual/hande) by extensions ['colcon_pkg']
[0.154s] Level 1:colcon.colcon_core.package_identification:_identify(gazebo_models/robotiq_description/meshes/visual/hande) by extension 'colcon_pkg'
[0.154s] Level 1:colcon.colcon_core.package_identification:_identify(gazebo_models/robotiq_description/meshes/visual/hande) by extensions ['colcon_meta']
[0.154s] Level 1:colcon.colcon_core.package_identification:_identify(gazebo_models/robotiq_description/meshes/visual/hande) by extension 'colcon_meta'
[0.154s] Level 1:colcon.colcon_core.package_identification:_identify(gazebo_models/robotiq_description/meshes/visual/hande) by extensions ['ros']
[0.154s] Level 1:colcon.colcon_core.package_identification:_identify(gazebo_models/robotiq_description/meshes/visual/hande) by extension 'ros'
[0.154s] Level 1:colcon.colcon_core.package_identification:_identify(gazebo_models/robotiq_description/meshes/visual/hande) by extensions ['cmake', 'python']
[0.154s] Level 1:colcon.colcon_core.package_identification:_identify(gazebo_models/robotiq_description/meshes/visual/hande) by extension 'cmake'
[0.154s] Level 1:colcon.colcon_core.package_identification:_identify(gazebo_models/robotiq_description/meshes/visual/hande) by extension 'python'
[0.154s] Level 1:colcon.colcon_core.package_identification:_identify(gazebo_models/robotiq_description/meshes/visual/hande) by extensions ['python_setup_py']
[0.154s] Level 1:colcon.colcon_core.package_identification:_identify(gazebo_models/robotiq_description/meshes/visual/hande) by extension 'python_setup_py'
[0.154s] Level 1:colcon.colcon_core.package_identification:_identify(install) by extensions ['ignore', 'ignore_ament_install']
[0.155s] Level 1:colcon.colcon_core.package_identification:_identify(install) by extension 'ignore'
[0.155s] Level 1:colcon.colcon_core.package_identification:_identify(install) ignored
[0.155s] Level 1:colcon.colcon_core.package_identification:_identify(log) by extensions ['ignore', 'ignore_ament_install']
[0.155s] Level 1:colcon.colcon_core.package_identification:_identify(log) by extension 'ignore'
[0.155s] Level 1:colcon.colcon_core.package_identification:_identify(log) ignored
[0.155s] Level 1:colcon.colcon_core.package_identification:_identify(meshes) by extensions ['ignore', 'ignore_ament_install']
[0.155s] Level 1:colcon.colcon_core.package_identification:_identify(meshes) by extension 'ignore'
[0.155s] Level 1:colcon.colcon_core.package_identification:_identify(meshes) by extension 'ignore_ament_install'
[0.155s] Level 1:colcon.colcon_core.package_identification:_identify(meshes) by extensions ['colcon_pkg']
[0.155s] Level 1:colcon.colcon_core.package_identification:_identify(meshes) by extension 'colcon_pkg'
[0.155s] Level 1:colcon.colcon_core.package_identification:_identify(meshes) by extensions ['colcon_meta']
[0.155s] Level 1:colcon.colcon_core.package_identification:_identify(meshes) by extension 'colcon_meta'
[0.155s] Level 1:colcon.colcon_core.package_identification:_identify(meshes) by extensions ['ros']
[0.155s] Level 1:colcon.colcon_core.package_identification:_identify(meshes) by extension 'ros'
[0.155s] Level 1:colcon.colcon_core.package_identification:_identify(meshes) by extensions ['cmake', 'python']
[0.155s] Level 1:colcon.colcon_core.package_identification:_identify(meshes) by extension 'cmake'
[0.155s] Level 1:colcon.colcon_core.package_identification:_identify(meshes) by extension 'python'
[0.155s] Level 1:colcon.colcon_core.package_identification:_identify(meshes) by extensions ['python_setup_py']
[0.155s] Level 1:colcon.colcon_core.package_identification:_identify(meshes) by extension 'python_setup_py'
[0.155s] Level 1:colcon.colcon_core.package_identification:_identify(meshes/robotiq_2f_85) by extensions ['ignore', 'ignore_ament_install']
[0.155s] Level 1:colcon.colcon_core.package_identification:_identify(meshes/robotiq_2f_85) by extension 'ignore'
[0.155s] Level 1:colcon.colcon_core.package_identification:_identify(meshes/robotiq_2f_85) by extension 'ignore_ament_install'
[0.155s] Level 1:colcon.colcon_core.package_identification:_identify(meshes/robotiq_2f_85) by extensions ['colcon_pkg']
[0.155s] Level 1:colcon.colcon_core.package_identification:_identify(meshes/robotiq_2f_85) by extension 'colcon_pkg'
[0.155s] Level 1:colcon.colcon_core.package_identification:_identify(meshes/robotiq_2f_85) by extensions ['colcon_meta']
[0.155s] Level 1:colcon.colcon_core.package_identification:_identify(meshes/robotiq_2f_85) by extension 'colcon_meta'
[0.155s] Level 1:colcon.colcon_core.package_identification:_identify(meshes/robotiq_2f_85) by extensions ['ros']
[0.155s] Level 1:colcon.colcon_core.package_identification:_identify(meshes/robotiq_2f_85) by extension 'ros'
[0.155s] Level 1:colcon.colcon_core.package_identification:_identify(meshes/robotiq_2f_85) by extensions ['cmake', 'python']
[0.155s] Level 1:colcon.colcon_core.package_identification:_identify(meshes/robotiq_2f_85) by extension 'cmake'
[0.155s] Level 1:colcon.colcon_core.package_identification:_identify(meshes/robotiq_2f_85) by extension 'python'
[0.155s] Level 1:colcon.colcon_core.package_identification:_identify(meshes/robotiq_2f_85) by extensions ['python_setup_py']
[0.155s] Level 1:colcon.colcon_core.package_identification:_identify(meshes/robotiq_2f_85) by extension 'python_setup_py'
[0.155s] Level 1:colcon.colcon_core.package_identification:_identify(meshes/robotiq_2f_85/collision) by extensions ['ignore', 'ignore_ament_install']
[0.155s] Level 1:colcon.colcon_core.package_identification:_identify(meshes/robotiq_2f_85/collision) by extension 'ignore'
[0.155s] Level 1:colcon.colcon_core.package_identification:_identify(meshes/robotiq_2f_85/collision) by extension 'ignore_ament_install'
[0.155s] Level 1:colcon.colcon_core.package_identification:_identify(meshes/robotiq_2f_85/collision) by extensions ['colcon_pkg']
[0.155s] Level 1:colcon.colcon_core.package_identification:_identify(meshes/robotiq_2f_85/collision) by extension 'colcon_pkg'
[0.155s] Level 1:colcon.colcon_core.package_identification:_identify(meshes/robotiq_2f_85/collision) by extensions ['colcon_meta']
[0.155s] Level 1:colcon.colcon_core.package_identification:_identify(meshes/robotiq_2f_85/collision) by extension 'colcon_meta'
[0.155s] Level 1:colcon.colcon_core.package_identification:_identify(meshes/robotiq_2f_85/collision) by extensions ['ros']
[0.155s] Level 1:colcon.colcon_core.package_identification:_identify(meshes/robotiq_2f_85/collision) by extension 'ros'
[0.155s] Level 1:colcon.colcon_core.package_identification:_identify(meshes/robotiq_2f_85/collision) by extensions ['cmake', 'python']
[0.155s] Level 1:colcon.colcon_core.package_identification:_identify(meshes/robotiq_2f_85/collision) by extension 'cmake'
[0.156s] Level 1:colcon.colcon_core.package_identification:_identify(meshes/robotiq_2f_85/collision) by extension 'python'
[0.156s] Level 1:colcon.colcon_core.package_identification:_identify(meshes/robotiq_2f_85/collision) by extensions ['python_setup_py']
[0.156s] Level 1:colcon.colcon_core.package_identification:_identify(meshes/robotiq_2f_85/collision) by extension 'python_setup_py'
[0.156s] Level 1:colcon.colcon_core.package_identification:_identify(meshes/robotiq_2f_85/visual) by extensions ['ignore', 'ignore_ament_install']
[0.156s] Level 1:colcon.colcon_core.package_identification:_identify(meshes/robotiq_2f_85/visual) by extension 'ignore'
[0.156s] Level 1:colcon.colcon_core.package_identification:_identify(meshes/robotiq_2f_85/visual) by extension 'ignore_ament_install'
[0.156s] Level 1:colcon.colcon_core.package_identification:_identify(meshes/robotiq_2f_85/visual) by extensions ['colcon_pkg']
[0.156s] Level 1:colcon.colcon_core.package_identification:_identify(meshes/robotiq_2f_85/visual) by extension 'colcon_pkg'
[0.156s] Level 1:colcon.colcon_core.package_identification:_identify(meshes/robotiq_2f_85/visual) by extensions ['colcon_meta']
[0.156s] Level 1:colcon.colcon_core.package_identification:_identify(meshes/robotiq_2f_85/visual) by extension 'colcon_meta'
[0.156s] Level 1:colcon.colcon_core.package_identification:_identify(meshes/robotiq_2f_85/visual) by extensions ['ros']
[0.156s] Level 1:colcon.colcon_core.package_identification:_identify(meshes/robotiq_2f_85/visual) by extension 'ros'
[0.156s] Level 1:colcon.colcon_core.package_identification:_identify(meshes/robotiq_2f_85/visual) by extensions ['cmake', 'python']
[0.156s] Level 1:colcon.colcon_core.package_identification:_identify(meshes/robotiq_2f_85/visual) by extension 'cmake'
[0.156s] Level 1:colcon.colcon_core.package_identification:_identify(meshes/robotiq_2f_85/visual) by extension 'python'
[0.156s] Level 1:colcon.colcon_core.package_identification:_identify(meshes/robotiq_2f_85/visual) by extensions ['python_setup_py']
[0.156s] Level 1:colcon.colcon_core.package_identification:_identify(meshes/robotiq_2f_85/visual) by extension 'python_setup_py'
[0.156s] Level 1:colcon.colcon_core.package_identification:_identify(robotiq) by extensions ['ignore', 'ignore_ament_install']
[0.156s] Level 1:colcon.colcon_core.package_identification:_identify(robotiq) by extension 'ignore'
[0.156s] Level 1:colcon.colcon_core.package_identification:_identify(robotiq) ignored
[0.156s] Level 1:colcon.colcon_core.package_identification:_identify(src) by extensions ['ignore', 'ignore_ament_install']
[0.156s] Level 1:colcon.colcon_core.package_identification:_identify(src) by extension 'ignore'
[0.156s] Level 1:colcon.colcon_core.package_identification:_identify(src) by extension 'ignore_ament_install'
[0.156s] Level 1:colcon.colcon_core.package_identification:_identify(src) by extensions ['colcon_pkg']
[0.156s] Level 1:colcon.colcon_core.package_identification:_identify(src) by extension 'colcon_pkg'
[0.156s] Level 1:colcon.colcon_core.package_identification:_identify(src) by extensions ['colcon_meta']
[0.156s] Level 1:colcon.colcon_core.package_identification:_identify(src) by extension 'colcon_meta'
[0.156s] Level 1:colcon.colcon_core.package_identification:_identify(src) by extensions ['ros']
[0.156s] Level 1:colcon.colcon_core.package_identification:_identify(src) by extension 'ros'
[0.156s] Level 1:colcon.colcon_core.package_identification:_identify(src) by extensions ['cmake', 'python']
[0.156s] Level 1:colcon.colcon_core.package_identification:_identify(src) by extension 'cmake'
[0.156s] Level 1:colcon.colcon_core.package_identification:_identify(src) by extension 'python'
[0.156s] Level 1:colcon.colcon_core.package_identification:_identify(src) by extensions ['python_setup_py']
[0.156s] Level 1:colcon.colcon_core.package_identification:_identify(src) by extension 'python_setup_py'
[0.156s] Level 1:colcon.colcon_core.package_identification:_identify(src/robotiq_2f_85_gripper_visualization) by extensions ['ignore', 'ignore_ament_install']
[0.156s] Level 1:colcon.colcon_core.package_identification:_identify(src/robotiq_2f_85_gripper_visualization) by extension 'ignore'
[0.156s] Level 1:colcon.colcon_core.package_identification:_identify(src/robotiq_2f_85_gripper_visualization) by extension 'ignore_ament_install'
[0.156s] Level 1:colcon.colcon_core.package_identification:_identify(src/robotiq_2f_85_gripper_visualization) by extensions ['colcon_pkg']
[0.156s] Level 1:colcon.colcon_core.package_identification:_identify(src/robotiq_2f_85_gripper_visualization) by extension 'colcon_pkg'
[0.156s] Level 1:colcon.colcon_core.package_identification:_identify(src/robotiq_2f_85_gripper_visualization) by extensions ['colcon_meta']
[0.156s] Level 1:colcon.colcon_core.package_identification:_identify(src/robotiq_2f_85_gripper_visualization) by extension 'colcon_meta'
[0.156s] Level 1:colcon.colcon_core.package_identification:_identify(src/robotiq_2f_85_gripper_visualization) by extensions ['ros']
[0.156s] Level 1:colcon.colcon_core.package_identification:_identify(src/robotiq_2f_85_gripper_visualization) by extension 'ros'
[0.157s] DEBUG:colcon.colcon_core.package_identification:Package 'src/robotiq_2f_85_gripper_visualization' with type 'ros.catkin' and name 'robotiq_2f_85_gripper_visualization'
[0.157s] Level 1:colcon.colcon_core.package_identification:_identify(src/ros2_robotiq_gripper) by extensions ['ignore', 'ignore_ament_install']
[0.157s] Level 1:colcon.colcon_core.package_identification:_identify(src/ros2_robotiq_gripper) by extension 'ignore'
[0.157s] Level 1:colcon.colcon_core.package_identification:_identify(src/ros2_robotiq_gripper) by extension 'ignore_ament_install'
[0.157s] Level 1:colcon.colcon_core.package_identification:_identify(src/ros2_robotiq_gripper) by extensions ['colcon_pkg']
[0.157s] Level 1:colcon.colcon_core.package_identification:_identify(src/ros2_robotiq_gripper) by extension 'colcon_pkg'
[0.157s] Level 1:colcon.colcon_core.package_identification:_identify(src/ros2_robotiq_gripper) by extensions ['colcon_meta']
[0.157s] Level 1:colcon.colcon_core.package_identification:_identify(src/ros2_robotiq_gripper) by extension 'colcon_meta'
[0.157s] Level 1:colcon.colcon_core.package_identification:_identify(src/ros2_robotiq_gripper) by extensions ['ros']
[0.157s] Level 1:colcon.colcon_core.package_identification:_identify(src/ros2_robotiq_gripper) by extension 'ros'
[0.157s] Level 1:colcon.colcon_core.package_identification:_identify(src/ros2_robotiq_gripper) by extensions ['cmake', 'python']
[0.157s] Level 1:colcon.colcon_core.package_identification:_identify(src/ros2_robotiq_gripper) by extension 'cmake'
[0.157s] Level 1:colcon.colcon_core.package_identification:_identify(src/ros2_robotiq_gripper) by extension 'python'
[0.157s] Level 1:colcon.colcon_core.package_identification:_identify(src/ros2_robotiq_gripper) by extensions ['python_setup_py']
[0.157s] Level 1:colcon.colcon_core.package_identification:_identify(src/ros2_robotiq_gripper) by extension 'python_setup_py'
[0.157s] Level 1:colcon.colcon_core.package_identification:_identify(src/ros2_robotiq_gripper/robotiq_controllers) by extensions ['ignore', 'ignore_ament_install']
[0.157s] Level 1:colcon.colcon_core.package_identification:_identify(src/ros2_robotiq_gripper/robotiq_controllers) by extension 'ignore'
[0.157s] Level 1:colcon.colcon_core.package_identification:_identify(src/ros2_robotiq_gripper/robotiq_controllers) by extension 'ignore_ament_install'
[0.157s] Level 1:colcon.colcon_core.package_identification:_identify(src/ros2_robotiq_gripper/robotiq_controllers) by extensions ['colcon_pkg']
[0.157s] Level 1:colcon.colcon_core.package_identification:_identify(src/ros2_robotiq_gripper/robotiq_controllers) by extension 'colcon_pkg'
[0.157s] Level 1:colcon.colcon_core.package_identification:_identify(src/ros2_robotiq_gripper/robotiq_controllers) by extensions ['colcon_meta']
[0.157s] Level 1:colcon.colcon_core.package_identification:_identify(src/ros2_robotiq_gripper/robotiq_controllers) by extension 'colcon_meta'
[0.157s] Level 1:colcon.colcon_core.package_identification:_identify(src/ros2_robotiq_gripper/robotiq_controllers) by extensions ['ros']
[0.157s] Level 1:colcon.colcon_core.package_identification:_identify(src/ros2_robotiq_gripper/robotiq_controllers) by extension 'ros'
[0.158s] DEBUG:colcon.colcon_core.package_identification:Package 'src/ros2_robotiq_gripper/robotiq_controllers' with type 'ros.ament_cmake' and name 'robotiq_controllers'
[0.158s] Level 1:colcon.colcon_core.package_identification:_identify(src/ros2_robotiq_gripper/robotiq_description) by extensions ['ignore', 'ignore_ament_install']
[0.158s] Level 1:colcon.colcon_core.package_identification:_identify(src/ros2_robotiq_gripper/robotiq_description) by extension 'ignore'
[0.158s] Level 1:colcon.colcon_core.package_identification:_identify(src/ros2_robotiq_gripper/robotiq_description) by extension 'ignore_ament_install'
[0.158s] Level 1:colcon.colcon_core.package_identification:_identify(src/ros2_robotiq_gripper/robotiq_description) by extensions ['colcon_pkg']
[0.158s] Level 1:colcon.colcon_core.package_identification:_identify(src/ros2_robotiq_gripper/robotiq_description) by extension 'colcon_pkg'
[0.158s] Level 1:colcon.colcon_core.package_identification:_identify(src/ros2_robotiq_gripper/robotiq_description) by extensions ['colcon_meta']
[0.158s] Level 1:colcon.colcon_core.package_identification:_identify(src/ros2_robotiq_gripper/robotiq_description) by extension 'colcon_meta'
[0.158s] Level 1:colcon.colcon_core.package_identification:_identify(src/ros2_robotiq_gripper/robotiq_description) by extensions ['ros']
[0.158s] Level 1:colcon.colcon_core.package_identification:_identify(src/ros2_robotiq_gripper/robotiq_description) by extension 'ros'
[0.158s] DEBUG:colcon.colcon_core.package_identification:Package 'src/ros2_robotiq_gripper/robotiq_description' with type 'ros.ament_cmake' and name 'robotiq_description'
[0.158s] Level 1:colcon.colcon_core.package_identification:_identify(src/ros2_robotiq_gripper/robotiq_driver) by extensions ['ignore', 'ignore_ament_install']
[0.159s] Level 1:colcon.colcon_core.package_identification:_identify(src/ros2_robotiq_gripper/robotiq_driver) by extension 'ignore'
[0.159s] Level 1:colcon.colcon_core.package_identification:_identify(src/ros2_robotiq_gripper/robotiq_driver) by extension 'ignore_ament_install'
[0.159s] Level 1:colcon.colcon_core.package_identification:_identify(src/ros2_robotiq_gripper/robotiq_driver) by extensions ['colcon_pkg']
[0.159s] Level 1:colcon.colcon_core.package_identification:_identify(src/ros2_robotiq_gripper/robotiq_driver) by extension 'colcon_pkg'
[0.159s] Level 1:colcon.colcon_core.package_identification:_identify(src/ros2_robotiq_gripper/robotiq_driver) by extensions ['colcon_meta']
[0.159s] Level 1:colcon.colcon_core.package_identification:_identify(src/ros2_robotiq_gripper/robotiq_driver) by extension 'colcon_meta'
[0.159s] Level 1:colcon.colcon_core.package_identification:_identify(src/ros2_robotiq_gripper/robotiq_driver) by extensions ['ros']
[0.159s] Level 1:colcon.colcon_core.package_identification:_identify(src/ros2_robotiq_gripper/robotiq_driver) by extension 'ros'
[0.159s] DEBUG:colcon.colcon_core.package_identification:Package 'src/ros2_robotiq_gripper/robotiq_driver' with type 'ros.ament_cmake' and name 'robotiq_driver'
[0.159s] Level 1:colcon.colcon_core.package_identification:_identify(src/ros2_robotiq_gripper/robotiq_hardware_tests) by extensions ['ignore', 'ignore_ament_install']
[0.159s] Level 1:colcon.colcon_core.package_identification:_identify(src/ros2_robotiq_gripper/robotiq_hardware_tests) by extension 'ignore'
[0.159s] Level 1:colcon.colcon_core.package_identification:_identify(src/ros2_robotiq_gripper/robotiq_hardware_tests) by extension 'ignore_ament_install'
[0.159s] Level 1:colcon.colcon_core.package_identification:_identify(src/ros2_robotiq_gripper/robotiq_hardware_tests) by extensions ['colcon_pkg']
[0.159s] Level 1:colcon.colcon_core.package_identification:_identify(src/ros2_robotiq_gripper/robotiq_hardware_tests) by extension 'colcon_pkg'
[0.159s] Level 1:colcon.colcon_core.package_identification:_identify(src/ros2_robotiq_gripper/robotiq_hardware_tests) by extensions ['colcon_meta']
[0.159s] Level 1:colcon.colcon_core.package_identification:_identify(src/ros2_robotiq_gripper/robotiq_hardware_tests) by extension 'colcon_meta'
[0.159s] Level 1:colcon.colcon_core.package_identification:_identify(src/ros2_robotiq_gripper/robotiq_hardware_tests) by extensions ['ros']
[0.159s] Level 1:colcon.colcon_core.package_identification:_identify(src/ros2_robotiq_gripper/robotiq_hardware_tests) by extension 'ros'
[0.160s] DEBUG:colcon.colcon_core.package_identification:Package 'src/ros2_robotiq_gripper/robotiq_hardware_tests' with type 'ros.ament_cmake' and name 'robotiq_hardware_tests'
[0.160s] Level 1:colcon.colcon_core.package_identification:_identify(src/serial) by extensions ['ignore', 'ignore_ament_install']
[0.160s] Level 1:colcon.colcon_core.package_identification:_identify(src/serial) by extension 'ignore'
[0.160s] Level 1:colcon.colcon_core.package_identification:_identify(src/serial) by extension 'ignore_ament_install'
[0.160s] Level 1:colcon.colcon_core.package_identification:_identify(src/serial) by extensions ['colcon_pkg']
[0.160s] Level 1:colcon.colcon_core.package_identification:_identify(src/serial) by extension 'colcon_pkg'
[0.160s] Level 1:colcon.colcon_core.package_identification:_identify(src/serial) by extensions ['colcon_meta']
[0.160s] Level 1:colcon.colcon_core.package_identification:_identify(src/serial) by extension 'colcon_meta'
[0.160s] Level 1:colcon.colcon_core.package_identification:_identify(src/serial) by extensions ['ros']
[0.160s] Level 1:colcon.colcon_core.package_identification:_identify(src/serial) by extension 'ros'
[0.160s] DEBUG:colcon.colcon_core.package_identification:Package 'src/serial' with type 'ros.ament_cmake' and name 'serial'
[0.161s] Level 1:colcon.colcon_core.package_identification:_identify(src/unified_vision_system) by extensions ['ignore', 'ignore_ament_install']
[0.161s] Level 1:colcon.colcon_core.package_identification:_identify(src/unified_vision_system) by extension 'ignore'
[0.161s] Level 1:colcon.colcon_core.package_identification:_identify(src/unified_vision_system) by extension 'ignore_ament_install'
[0.161s] Level 1:colcon.colcon_core.package_identification:_identify(src/unified_vision_system) by extensions ['colcon_pkg']
[0.161s] Level 1:colcon.colcon_core.package_identification:_identify(src/unified_vision_system) by extension 'colcon_pkg'
[0.161s] Level 1:colcon.colcon_core.package_identification:_identify(src/unified_vision_system) by extensions ['colcon_meta']
[0.161s] Level 1:colcon.colcon_core.package_identification:_identify(src/unified_vision_system) by extension 'colcon_meta'
[0.161s] Level 1:colcon.colcon_core.package_identification:_identify(src/unified_vision_system) by extensions ['ros']
[0.161s] Level 1:colcon.colcon_core.package_identification:_identify(src/unified_vision_system) by extension 'ros'
[0.161s] DEBUG:colcon.colcon_core.package_identification:Package 'src/unified_vision_system' with type 'ros.ament_cmake' and name 'unified_vision_system'
[0.161s] Level 1:colcon.colcon_core.package_identification:_identify(tools) by extensions ['ignore', 'ignore_ament_install']
[0.161s] Level 1:colcon.colcon_core.package_identification:_identify(tools) by extension 'ignore'
[0.161s] Level 1:colcon.colcon_core.package_identification:_identify(tools) by extension 'ignore_ament_install'
[0.161s] Level 1:colcon.colcon_core.package_identification:_identify(tools) by extensions ['colcon_pkg']
[0.161s] Level 1:colcon.colcon_core.package_identification:_identify(tools) by extension 'colcon_pkg'
[0.161s] Level 1:colcon.colcon_core.package_identification:_identify(tools) by extensions ['colcon_meta']
[0.161s] Level 1:colcon.colcon_core.package_identification:_identify(tools) by extension 'colcon_meta'
[0.161s] Level 1:colcon.colcon_core.package_identification:_identify(tools) by extensions ['ros']
[0.161s] Level 1:colcon.colcon_core.package_identification:_identify(tools) by extension 'ros'
[0.161s] Level 1:colcon.colcon_core.package_identification:_identify(tools) by extensions ['cmake', 'python']
[0.161s] Level 1:colcon.colcon_core.package_identification:_identify(tools) by extension 'cmake'
[0.161s] Level 1:colcon.colcon_core.package_identification:_identify(tools) by extension 'python'
[0.161s] Level 1:colcon.colcon_core.package_identification:_identify(tools) by extensions ['python_setup_py']
[0.162s] Level 1:colcon.colcon_core.package_identification:_identify(tools) by extension 'python_setup_py'
[0.162s] Level 1:colcon.colcon_core.package_discovery:discover_packages(recursive) using defaults
[0.162s] Level 1:colcon.colcon_core.package_discovery:discover_packages(ignore) discover
[0.162s] Level 1:colcon.colcon_core.package_discovery:discover_packages(ignore) using defaults
[0.162s] Level 1:colcon.colcon_core.package_discovery:discover_packages(path) discover
[0.162s] Level 1:colcon.colcon_core.package_discovery:discover_packages(path) using defaults
[0.181s] INFO:colcon.colcon_core.package_selection:Skipping not selected package 'robotiq_2f_85_gripper_visualization' in 'src/robotiq_2f_85_gripper_visualization'
[0.181s] INFO:colcon.colcon_core.package_selection:Skipping not selected package 'robotiq_controllers' in 'src/ros2_robotiq_gripper/robotiq_controllers'
[0.181s] INFO:colcon.colcon_core.package_selection:Skipping not selected package 'robotiq_description' in 'src/ros2_robotiq_gripper/robotiq_description'
[0.181s] INFO:colcon.colcon_core.package_selection:Skipping not selected package 'serial' in 'src/serial'
[0.181s] INFO:colcon.colcon_core.package_selection:Skipping not selected package 'ur_description' in 'Universal_Robots_ROS2_Description'
[0.181s] INFO:colcon.colcon_core.package_selection:Skipping not selected package 'robotiq_driver' in 'src/ros2_robotiq_gripper/robotiq_driver'
[0.181s] INFO:colcon.colcon_core.package_selection:Skipping not selected package 'robotiq_hardware_tests' in 'src/ros2_robotiq_gripper/robotiq_hardware_tests'
[0.182s] Level 1:colcon.colcon_core.package_discovery:discover_packages(prefix_path) check parameters
[0.182s] Level 1:colcon.colcon_core.package_discovery:discover_packages(prefix_path) discover
[0.182s] Level 1:colcon.colcon_core.package_discovery:discover_packages(prefix_path) using defaults
[0.183s] Level 5:colcon.colcon_core.verb:set package 'unified_vision_system' build argument 'cmake_args' from command line to 'None'
[0.183s] Level 5:colcon.colcon_core.verb:set package 'unified_vision_system' build argument 'cmake_target' from command line to 'None'
[0.183s] Level 5:colcon.colcon_core.verb:set package 'unified_vision_system' build argument 'cmake_target_skip_unavailable' from command line to 'False'
[0.183s] Level 5:colcon.colcon_core.verb:set package 'unified_vision_system' build argument 'cmake_clean_cache' from command line to 'False'
[0.183s] Level 5:colcon.colcon_core.verb:set package 'unified_vision_system' build argument 'cmake_clean_first' from command line to 'False'
[0.183s] Level 5:colcon.colcon_core.verb:set package 'unified_vision_system' build argument 'cmake_force_configure' from command line to 'False'
[0.183s] Level 5:colcon.colcon_core.verb:set package 'unified_vision_system' build argument 'ament_cmake_args' from command line to 'None'
[0.183s] Level 5:colcon.colcon_core.verb:set package 'unified_vision_system' build argument 'catkin_cmake_args' from command line to 'None'
[0.183s] Level 5:colcon.colcon_core.verb:set package 'unified_vision_system' build argument 'catkin_skip_building_tests' from command line to 'False'
[0.183s] DEBUG:colcon.colcon_core.verb:Building package 'unified_vision_system' with the following arguments: {'ament_cmake_args': None, 'build_base': '/workspace/build/unified_vision_system', 'catkin_cmake_args': None, 'catkin_skip_building_tests': False, 'cmake_args': None, 'cmake_clean_cache': False, 'cmake_clean_first': False, 'cmake_force_configure': False, 'cmake_target': None, 'cmake_target_skip_unavailable': False, 'install_base': '/workspace/install/unified_vision_system', 'merge_install': False, 'path': '/workspace/src/unified_vision_system', 'symlink_install': True, 'test_result_base': None}
[0.183s] INFO:colcon.colcon_core.executor:Executing jobs using 'parallel' executor
[0.184s] DEBUG:colcon.colcon_parallel_executor.executor.parallel:run_until_complete
[0.184s] INFO:colcon.colcon_ros.task.ament_cmake.build:Building ROS package in '/workspace/src/unified_vision_system' with build type 'ament_cmake'
[0.184s] INFO:colcon.colcon_cmake.task.cmake.build:Building CMake package in '/workspace/src/unified_vision_system'
[0.185s] INFO:colcon.colcon_core.plugin_system:Skipping extension 'colcon_core.shell.bat': Not used on non-Windows systems
[0.185s] INFO:colcon.colcon_core.shell:Skip shell extension 'powershell' for command environment: Not usable outside of PowerShell
[0.185s] DEBUG:colcon.colcon_core.shell:Skip shell extension 'dsv' for command environment
[0.191s] DEBUG:colcon.colcon_core.event_handler.log_command:Invoking command in '/workspace/build/unified_vision_system': AMENT_PREFIX_PATH=/workspace/install/ur_description:/workspace/install/robotiq_description CMAKE_PREFIX_PATH=/workspace/install/ur_description:/workspace/install/robotiq_description:/workspace/install/robotiq_2f_85_gripper_visualization CONDA_PROMPT_MODIFIER=(base) PKG_CONFIG_PATH=/workspace/install/robotiq_2f_85_gripper_visualization/lib/x86_64-linux-gnu/pkgconfig:/workspace/install/robotiq_2f_85_gripper_visualization/lib/pkgconfig ROS_PACKAGE_PATH=/workspace/install/robotiq_2f_85_gripper_visualization/share /usr/bin/cmake /workspace/src/unified_vision_system -DAMENT_CMAKE_SYMLINK_INSTALL=1 -DCMAKE_INSTALL_PREFIX=/workspace/install/unified_vision_system
[0.441s] DEBUG:colcon.colcon_core.event_handler.log_command:Invoked command in '/workspace/build/unified_vision_system' returned '1': AMENT_PREFIX_PATH=/workspace/install/ur_description:/workspace/install/robotiq_description CMAKE_PREFIX_PATH=/workspace/install/ur_description:/workspace/install/robotiq_description:/workspace/install/robotiq_2f_85_gripper_visualization CONDA_PROMPT_MODIFIER=(base) PKG_CONFIG_PATH=/workspace/install/robotiq_2f_85_gripper_visualization/lib/x86_64-linux-gnu/pkgconfig:/workspace/install/robotiq_2f_85_gripper_visualization/lib/pkgconfig ROS_PACKAGE_PATH=/workspace/install/robotiq_2f_85_gripper_visualization/share /usr/bin/cmake /workspace/src/unified_vision_system -DAMENT_CMAKE_SYMLINK_INSTALL=1 -DCMAKE_INSTALL_PREFIX=/workspace/install/unified_vision_system
[0.450s] Level 1:colcon.colcon_core.environment:create_environment_scripts_only(unified_vision_system)
[0.452s] Level 1:colcon.colcon_core.environment:checking '/workspace/install/unified_vision_system' for CMake module files
[0.452s] Level 1:colcon.colcon_core.environment:checking '/workspace/install/unified_vision_system' for CMake config files
[0.453s] Level 1:colcon.colcon_core.environment:checking '/workspace/install/unified_vision_system/bin'
[0.453s] Level 1:colcon.colcon_core.environment:checking '/workspace/install/unified_vision_system/lib/pkgconfig/unified_vision_system.pc'
[0.454s] Level 1:colcon.colcon_core.environment:checking '/workspace/install/unified_vision_system/lib/python3.10/site-packages'
[0.454s] Level 1:colcon.colcon_core.environment:checking '/workspace/install/unified_vision_system/bin'
[0.454s] INFO:colcon.colcon_core.shell:Creating package script '/workspace/install/unified_vision_system/share/unified_vision_system/package.ps1'
[0.455s] INFO:colcon.colcon_core.shell:Creating package descriptor '/workspace/install/unified_vision_system/share/unified_vision_system/package.dsv'
[0.455s] INFO:colcon.colcon_core.shell:Creating package script '/workspace/install/unified_vision_system/share/unified_vision_system/package.sh'
[0.456s] INFO:colcon.colcon_core.shell:Creating package script '/workspace/install/unified_vision_system/share/unified_vision_system/package.bash'
[0.456s] INFO:colcon.colcon_core.shell:Creating package script '/workspace/install/unified_vision_system/share/unified_vision_system/package.zsh'
[0.456s] Level 1:colcon.colcon_core.environment:create_file_with_runtime_dependencies(/workspace/install/unified_vision_system/share/colcon-core/packages/unified_vision_system)
[0.467s] DEBUG:colcon.colcon_parallel_executor.executor.parallel:closing loop
[0.467s] DEBUG:colcon.colcon_parallel_executor.executor.parallel:loop closed
[0.467s] DEBUG:colcon.colcon_parallel_executor.executor.parallel:run_until_complete finished with '1'
[0.467s] DEBUG:colcon.colcon_core.event_reactor:joining thread
[0.472s] INFO:colcon.colcon_core.plugin_system:Skipping extension 'colcon_notification.desktop_notification.notify_send': Could not find 'notify-send'
[0.472s] INFO:colcon.colcon_core.plugin_system:Skipping extension 'colcon_notification.desktop_notification.terminal_notifier': Not used on non-Darwin systems
[0.472s] INFO:colcon.colcon_core.plugin_system:Skipping extension 'colcon_notification.desktop_notification.win32': Not used on non-Windows systems
[0.472s] INFO:colcon.colcon_notification.desktop_notification:Sending desktop notification using 'notify2'
[0.474s] DEBUG:colcon.colcon_notification.desktop_notification.notify2:Failed to initialize notify2: org.freedesktop.DBus.Error.Spawn.ExecFailed: /usr/bin/dbus-launch terminated abnormally without any error message
[0.475s] DEBUG:colcon.colcon_core.event_reactor:joined thread
[0.475s] INFO:colcon.colcon_core.shell:Creating prefix script '/workspace/install/local_setup.ps1'
[0.476s] INFO:colcon.colcon_core.shell:Creating prefix util module '/workspace/install/_local_setup_util_ps1.py'
[0.478s] INFO:colcon.colcon_core.shell:Creating prefix chain script '/workspace/install/setup.ps1'
[0.478s] INFO:colcon.colcon_core.shell:Creating prefix script '/workspace/install/local_setup.sh'
[0.479s] INFO:colcon.colcon_core.shell:Creating prefix util module '/workspace/install/_local_setup_util_sh.py'
[0.479s] INFO:colcon.colcon_core.shell:Creating prefix chain script '/workspace/install/setup.sh'
[0.480s] INFO:colcon.colcon_core.shell:Creating prefix script '/workspace/install/local_setup.bash'
[0.480s] INFO:colcon.colcon_core.shell:Creating prefix chain script '/workspace/install/setup.bash'
[0.481s] INFO:colcon.colcon_core.shell:Creating prefix script '/workspace/install/local_setup.zsh'
[0.481s] INFO:colcon.colcon_core.shell:Creating prefix chain script '/workspace/install/setup.zsh'
