[0.000000] (-) TimerEvent: {}
[0.000079] (unified_vision_system) JobQueued: {'identifier': 'unified_vision_system', 'dependencies': OrderedDict()}
[0.000437] (unified_vision_system) JobStarted: {'identifier': 'unified_vision_system'}
[0.007517] (unified_vision_system) JobProgress: {'identifier': 'unified_vision_system', 'progress': 'cmake'}
[0.007883] (unified_vision_system) Command: {'cmd': ['/usr/bin/cmake', '/home/ur5e_user/workspace/vision', '-DCMAKE_INSTALL_PREFIX=/home/ur5e_user/workspace/install/unified_vision_system'], 'cwd': '/home/ur5e_user/workspace/build/unified_vision_system', 'env': OrderedDict([('LIBRARY_PATH', '/usr/local/cuda/lib64/stubs'), ('MINICONDA_VERSION', 'py311_23.11.0-2'), ('NV_LIBCUBLAS_VERSION', '12.1.0.26-1'), ('NV_NVPROF_DEV_PACKAGE', 'cuda-nvprof-12-1=12.1.55-1'), ('NV_CUDA_COMPAT_PACKAGE', 'cuda-compat-12-1'), ('NV_CUDA_NSIGHT_COMPUTE_VERSION', '12.1.0-1'), ('HOSTNAME', 'ishaan-Victus-by-HP-Gaming-Laptop-16-s1xxx'), ('NVIDIA_CUDA_END_OF_LIFE', '1'), ('SHLVL', '0'), ('LD_LIBRARY_PATH', '/usr/lib/x86_64-linux-gnu/gazebo-11/plugins:/opt/ros/humble/opt/rviz_ogre_vendor/lib:/opt/ros/humble/lib/x86_64-linux-gnu:/opt/ros/humble/lib:/usr/local/nvidia/lib:/usr/local/nvidia/lib64'), ('NV_LIBNCCL_PACKAGE_VERSION', '2.17.1-1'), ('HOME', '/home/ur5e_user'), ('OLDPWD', '/home/ur5e_user/workspace'), ('NV_LIBCUBLAS_DEV_VERSION', '12.1.0.26-1'), ('ROS_PYTHON_VERSION', '3'), ('NV_LIBNCCL_DEV_PACKAGE_VERSION', '2.17.1-1'), ('NV_LIBNPP_PACKAGE', 'libnpp-12-1=12.0.2.50-1'), ('CUDA_VERSION', '12.1.0'), ('NV_NVPROF_VERSION', '12.1.55-1'), ('ROS_DISTRO', 'humble'), ('NV_LIBCUBLAS_PACKAGE_NAME', 'libcublas-12-1'), ('NVIDIA_REQUIRE_CUDA', 'cuda>=12.1 brand=tesla,driver>=470,driver<471 brand=unknown,driver>=470,driver<471 brand=nvidia,driver>=470,driver<471 brand=nvidiartx,driver>=470,driver<471 brand=geforce,driver>=470,driver<471 brand=geforcertx,driver>=470,driver<471 brand=quadro,driver>=470,driver<471 brand=quadrortx,driver>=470,driver<471 brand=titan,driver>=470,driver<471 brand=titanrtx,driver>=470,driver<471 brand=tesla,driver>=525,driver<526 brand=unknown,driver>=525,driver<526 brand=nvidia,driver>=525,driver<526 brand=nvidiartx,driver>=525,driver<526 brand=geforce,driver>=525,driver<526 brand=geforcertx,driver>=525,driver<526 brand=quadro,driver>=525,driver<526 brand=quadrortx,driver>=525,driver<526 brand=titan,driver>=525,driver<526 brand=titanrtx,driver>=525,driver<526'), ('_', '/usr/bin/colcon'), ('ROS_VERSION', '2'), ('NV_LIBCUSPARSE_VERSION', '12.0.2.55-1'), ('NVIDIA_DRIVER_CAPABILITIES', 'all'), ('NV_CUDA_LIB_VERSION', '12.1.0-1'), ('NV_LIBNCCL_PACKAGE_NAME', 'libnccl2'), ('NV_NVML_DEV_VERSION', '12.1.55-1'), ('NV_LIBNPP_DEV_PACKAGE', 'libnpp-dev-12-1=12.0.2.50-1'), ('NV_CUDA_CUDART_VERSION', '12.1.55-1'), ('ROS_LOCALHOST_ONLY', '0'), ('QT_X11_NO_MITSHM', '1'), ('PATH', '/opt/ros/humble/bin:/opt/miniconda3/bin:/usr/local/nvidia/bin:/usr/local/cuda/bin:/usr/local/sbin:/usr/local/bin:/usr/sbin:/usr/bin:/sbin:/bin'), ('NV_LIBCUBLAS_DEV_PACKAGE_NAME', 'libcublas-dev-12-1'), ('NV_LIBCUBLAS_PACKAGE', 'libcublas-12-1=12.1.0.26-1'), ('NVARCH', 'x86_64'), ('NV_LIBNCCL_DEV_PACKAGE_NAME', 'libnccl-dev'), ('NV_LIBCUSPARSE_DEV_VERSION', '12.0.2.55-1'), ('DISPLAY', ':1'), ('NV_LIBNCCL_PACKAGE', 'libnccl2=2.17.1-1+cuda12.1'), ('NVIDIA_PRODUCT_NAME', 'CUDA'), ('LANG', 'en_US.UTF-8'), ('RMW_IMPLEMENTATION', 'rmw_fastrtps_cpp'), ('NV_CUDA_CUDART_DEV_VERSION', '12.1.55-1'), ('ROS_DOMAIN_ID', '0'), ('AMENT_PREFIX_PATH', '/opt/ros/humble'), ('DEBIAN_FRONTEND', 'noninteractive'), ('NV_LIBCUBLAS_DEV_PACKAGE', 'libcublas-dev-12-1=12.1.0.26-1'), ('NV_CUDA_NSIGHT_COMPUTE_DEV_PACKAGE', 'cuda-nsight-compute-12-1=12.1.0-1'), ('NV_LIBNCCL_DEV_PACKAGE', 'libnccl-dev=2.17.1-1+cuda12.1'), ('NV_NVTX_VERSION', '12.1.66-1'), ('NV_LIBNPP_VERSION', '12.0.2.50-1'), ('PWD', '/home/ur5e_user/workspace/build/unified_vision_system'), ('LC_ALL', 'en_US.UTF-8'), ('PYTHONPATH', '/opt/ros/humble/lib/python3.10/site-packages:/opt/ros/humble/local/lib/python3.10/dist-packages'), ('NVIDIA_VISIBLE_DEVICES', 'all'), ('NCCL_VERSION', '2.17.1-1'), ('TZ', 'America/Toronto'), ('COLCON', '1'), ('NV_LIBNPP_DEV_VERSION', '12.0.2.50-1'), ('CMAKE_PREFIX_PATH', '/opt/ros/humble')]), 'shell': False}
[0.099776] (-) TimerEvent: {}
[0.103804] (unified_vision_system) StdoutLine: {'line': b'-- The C compiler identification is GNU 11.4.0\n'}
[0.184633] (unified_vision_system) StdoutLine: {'line': b'-- The CXX compiler identification is GNU 11.4.0\n'}
[0.191295] (unified_vision_system) StdoutLine: {'line': b'-- Detecting C compiler ABI info\n'}
[0.199875] (-) TimerEvent: {}
[0.256150] (unified_vision_system) StdoutLine: {'line': b'-- Detecting C compiler ABI info - done\n'}
[0.262462] (unified_vision_system) StdoutLine: {'line': b'-- Check for working C compiler: /usr/bin/cc - skipped\n'}
[0.263039] (unified_vision_system) StdoutLine: {'line': b'-- Detecting C compile features\n'}
[0.263099] (unified_vision_system) StdoutLine: {'line': b'-- Detecting C compile features - done\n'}
[0.264665] (unified_vision_system) StdoutLine: {'line': b'-- Detecting CXX compiler ABI info\n'}
[0.299969] (-) TimerEvent: {}
[0.338285] (unified_vision_system) StdoutLine: {'line': b'-- Detecting CXX compiler ABI info - done\n'}
[0.342798] (unified_vision_system) StdoutLine: {'line': b'-- Check for working CXX compiler: /usr/bin/c++ - skipped\n'}
[0.343005] (unified_vision_system) StdoutLine: {'line': b'-- Detecting CXX compile features\n'}
[0.343255] (unified_vision_system) StdoutLine: {'line': b'-- Detecting CXX compile features - done\n'}
[0.346238] (unified_vision_system) StdoutLine: {'line': b'-- Found ament_cmake: 1.3.12 (/opt/ros/humble/share/ament_cmake/cmake)\n'}
[0.400050] (-) TimerEvent: {}
[0.500173] (-) TimerEvent: {}
[0.600463] (-) TimerEvent: {}
[0.646588] (unified_vision_system) StdoutLine: {'line': b'-- Found Python3: /opt/miniconda3/bin/python3 (found version "3.11.5") found components: Interpreter \n'}
[0.700556] (-) TimerEvent: {}
[0.770853] (unified_vision_system) StderrLine: {'line': b'Traceback (most recent call last):\n'}
[0.771114] (unified_vision_system) StderrLine: {'line': b'  File "/opt/ros/humble/share/ament_cmake_core/cmake/core/package_xml_2_cmake.py", line 22, in <module>\n'}
[0.771180] (unified_vision_system) StderrLine: {'line': b'    from catkin_pkg.package import parse_package_string\n'}
[0.771302] (unified_vision_system) StderrLine: {'line': b'  File "/home/ur5e_user/.local/lib/python3.11/site-packages/catkin_pkg/package.py", line 44, in <module>\n'}
[0.771354] (unified_vision_system) StderrLine: {'line': b'    from catkin_pkg.condition import evaluate_condition\n'}
[0.771394] (unified_vision_system) StderrLine: {'line': b'  File "/home/ur5e_user/.local/lib/python3.11/site-packages/catkin_pkg/condition.py", line 17, in <module>\n'}
[0.771435] (unified_vision_system) StderrLine: {'line': b'    import pyparsing as pp\n'}
[0.771474] (unified_vision_system) StderrLine: {'line': b"ModuleNotFoundError: No module named 'pyparsing'\n"}
[0.775731] (unified_vision_system) StderrLine: {'line': b'CMake Error at /opt/ros/humble/share/ament_cmake_core/cmake/core/ament_package_xml.cmake:95 (message):\n'}
[0.775925] (unified_vision_system) StderrLine: {'line': b'  execute_process(/opt/miniconda3/bin/python3\n'}
[0.775976] (unified_vision_system) StderrLine: {'line': b'  /opt/ros/humble/share/ament_cmake_core/cmake/core/package_xml_2_cmake.py\n'}
[0.776014] (unified_vision_system) StderrLine: {'line': b'  /home/ur5e_user/workspace/vision/package.xml\n'}
[0.776148] (unified_vision_system) StderrLine: {'line': b'  /home/ur5e_user/workspace/build/unified_vision_system/ament_cmake_core/package.cmake)\n'}
[0.776203] (unified_vision_system) StderrLine: {'line': b'  returned error code 1\n'}
[0.776250] (unified_vision_system) StderrLine: {'line': b'Call Stack (most recent call first):\n'}
[0.776295] (unified_vision_system) StderrLine: {'line': b'  /opt/ros/humble/share/ament_cmake_core/cmake/core/ament_package_xml.cmake:49 (_ament_package_xml)\n'}
[0.776345] (unified_vision_system) StderrLine: {'line': b'  /opt/ros/humble/share/ament_cmake_python/cmake/ament_python_install_package.cmake:60 (ament_package_xml)\n'}
[0.776404] (unified_vision_system) StderrLine: {'line': b'  /opt/ros/humble/share/ament_cmake_python/cmake/ament_python_install_package.cmake:39 (_ament_cmake_python_install_package)\n'}
[0.776455] (unified_vision_system) StderrLine: {'line': b'  CMakeLists.txt:8 (ament_python_install_package)\n'}
[0.776502] (unified_vision_system) StderrLine: {'line': b'\n'}
[0.776548] (unified_vision_system) StderrLine: {'line': b'\n'}
[0.776591] (unified_vision_system) StdoutLine: {'line': b'-- Configuring incomplete, errors occurred!\n'}
[0.776648] (unified_vision_system) StdoutLine: {'line': b'See also "/home/ur5e_user/workspace/build/unified_vision_system/CMakeFiles/CMakeOutput.log".\n'}
[0.779977] (unified_vision_system) CommandEnded: {'returncode': 1}
[0.795467] (unified_vision_system) JobEnded: {'identifier': 'unified_vision_system', 'rc': 1}
[0.800644] (-) TimerEvent: {}
[0.806008] (-) EventReactorShutdown: {}
