[0.000000] (-) TimerEvent: {}
[0.000150] (-) JobUnselected: {'identifier': 'robotiq_2f_85_gripper_visualization'}
[0.000427] (-) JobUnselected: {'identifier': 'robotiq_controllers'}
[0.000470] (-) JobUnselected: {'identifier': 'robotiq_description'}
[0.000499] (-) JobUnselected: {'identifier': 'robotiq_driver'}
[0.000528] (-) JobUnselected: {'identifier': 'robotiq_hardware_tests'}
[0.000577] (-) JobUnselected: {'identifier': 'serial'}
[0.000606] (-) JobUnselected: {'identifier': 'ur_description'}
[0.000644] (unified_vision_system) JobQueued: {'identifier': 'unified_vision_system', 'dependencies': OrderedDict([('robotiq_2f_85_gripper_visualization', '/workspace/install/robotiq_2f_85_gripper_visualization'), ('robotiq_description', '/workspace/install/robotiq_description'), ('ur_description', '/workspace/install/ur_description')])}
[0.000681] (unified_vision_system) JobStarted: {'identifier': 'unified_vision_system'}
[0.012796] (unified_vision_system) JobProgress: {'identifier': 'unified_vision_system', 'progress': 'cmake'}
[0.013183] (unified_vision_system) Command: {'cmd': ['/usr/bin/cmake', '/workspace/src/unified_vision_system', '-DCMAKE_INSTALL_PREFIX=/workspace/install/unified_vision_system'], 'cwd': '/workspace/build/unified_vision_system', 'env': OrderedDict([('LIBRARY_PATH', '/usr/local/cuda/lib64/stubs'), ('MINICONDA_VERSION', 'py311_23.11.0-2'), ('NV_LIBCUBLAS_VERSION', '12.1.0.26-1'), ('NV_NVPROF_DEV_PACKAGE', 'cuda-nvprof-12-1=12.1.55-1'), ('NV_CUDA_COMPAT_PACKAGE', 'cuda-compat-12-1'), ('NV_CUDA_NSIGHT_COMPUTE_VERSION', '12.1.0-1'), ('HOSTNAME', 'ishaan-Victus-by-HP-Gaming-Laptop-16-s1xxx'), ('ROS_PACKAGE_PATH', '/workspace/install/robotiq_2f_85_gripper_visualization/share'), ('NVIDIA_CUDA_END_OF_LIFE', '1'), ('SHLVL', '0'), ('LD_LIBRARY_PATH', '/workspace/install/robotiq_driver/lib:/workspace/install/serial/lib:/workspace/install/robotiq_controllers/lib:/usr/lib/x86_64-linux-gnu/gazebo-11/plugins:/opt/ros/humble/opt/rviz_ogre_vendor/lib:/opt/ros/humble/lib/x86_64-linux-gnu:/opt/ros/humble/lib:/usr/local/nvidia/lib:/usr/local/nvidia/lib64'), ('NV_LIBNCCL_PACKAGE_VERSION', '2.17.1-1'), ('HOME', '/home/ur5e_user'), ('OLDPWD', '/workspace'), ('NV_LIBCUBLAS_DEV_VERSION', '12.1.0.26-1'), ('ROS_PYTHON_VERSION', '3'), ('NV_LIBNCCL_DEV_PACKAGE_VERSION', '2.17.1-1'), ('NV_LIBNPP_PACKAGE', 'libnpp-12-1=12.0.2.50-1'), ('CUDA_VERSION', '12.1.0'), ('COLCON_PREFIX_PATH', '/workspace/install'), ('NV_NVPROF_VERSION', '12.1.55-1'), ('ROS_DISTRO', 'humble'), ('NV_LIBCUBLAS_PACKAGE_NAME', 'libcublas-12-1'), ('NVIDIA_REQUIRE_CUDA', 'cuda>=12.1 brand=tesla,driver>=470,driver<471 brand=unknown,driver>=470,driver<471 brand=nvidia,driver>=470,driver<471 brand=nvidiartx,driver>=470,driver<471 brand=geforce,driver>=470,driver<471 brand=geforcertx,driver>=470,driver<471 brand=quadro,driver>=470,driver<471 brand=quadrortx,driver>=470,driver<471 brand=titan,driver>=470,driver<471 brand=titanrtx,driver>=470,driver<471 brand=tesla,driver>=525,driver<526 brand=unknown,driver>=525,driver<526 brand=nvidia,driver>=525,driver<526 brand=nvidiartx,driver>=525,driver<526 brand=geforce,driver>=525,driver<526 brand=geforcertx,driver>=525,driver<526 brand=quadro,driver>=525,driver<526 brand=quadrortx,driver>=525,driver<526 brand=titan,driver>=525,driver<526 brand=titanrtx,driver>=525,driver<526'), ('_', '/usr/bin/colcon'), ('ROS_VERSION', '2'), ('PKG_CONFIG_PATH', '/workspace/install/robotiq_2f_85_gripper_visualization/lib/x86_64-linux-gnu/pkgconfig:/workspace/install/robotiq_2f_85_gripper_visualization/lib/pkgconfig'), ('NV_LIBCUSPARSE_VERSION', '12.0.2.55-1'), ('NVIDIA_DRIVER_CAPABILITIES', 'compute,utility'), ('NV_CUDA_LIB_VERSION', '12.1.0-1'), ('NV_LIBNCCL_PACKAGE_NAME', 'libnccl2'), ('NV_NVML_DEV_VERSION', '12.1.55-1'), ('NV_LIBNPP_DEV_PACKAGE', 'libnpp-dev-12-1=12.0.2.50-1'), ('NV_CUDA_CUDART_VERSION', '12.1.55-1'), ('ROS_LOCALHOST_ONLY', '0'), ('PATH', '/opt/ros/humble/bin:/opt/miniconda3/bin:/usr/local/nvidia/bin:/usr/local/cuda/bin:/usr/local/sbin:/usr/local/bin:/usr/sbin:/usr/bin:/sbin:/bin'), ('NV_LIBCUBLAS_DEV_PACKAGE_NAME', 'libcublas-dev-12-1'), ('NV_LIBCUBLAS_PACKAGE', 'libcublas-12-1=12.1.0.26-1'), ('NVARCH', 'x86_64'), ('NV_LIBNCCL_DEV_PACKAGE_NAME', 'libnccl-dev'), ('NV_LIBCUSPARSE_DEV_VERSION', '12.0.2.55-1'), ('DISPLAY', ':1'), ('NV_LIBNCCL_PACKAGE', 'libnccl2=2.17.1-1+cuda12.1'), ('NVIDIA_PRODUCT_NAME', 'CUDA'), ('LANG', 'en_US.UTF-8'), ('RMW_IMPLEMENTATION', 'rmw_fastrtps_cpp'), ('NV_CUDA_CUDART_DEV_VERSION', '12.1.55-1'), ('ROS_DOMAIN_ID', '0'), ('AMENT_PREFIX_PATH', '/workspace/install/unified_vision_system:/workspace/install/ur_description:/workspace/install/robotiq_hardware_tests:/workspace/install/robotiq_driver:/workspace/install/serial:/workspace/install/robotiq_description:/workspace/install/robotiq_controllers:/opt/ros/humble'), ('DEBIAN_FRONTEND', 'noninteractive'), ('NV_LIBCUBLAS_DEV_PACKAGE', 'libcublas-dev-12-1=12.1.0.26-1'), ('NV_CUDA_NSIGHT_COMPUTE_DEV_PACKAGE', 'cuda-nsight-compute-12-1=12.1.0-1'), ('NV_LIBNCCL_DEV_PACKAGE', 'libnccl-dev=2.17.1-1+cuda12.1'), ('NV_NVTX_VERSION', '12.1.66-1'), ('NV_LIBNPP_VERSION', '12.0.2.50-1'), ('PWD', '/workspace/build/unified_vision_system'), ('LC_ALL', 'en_US.UTF-8'), ('PYTHONPATH', '/workspace/install/unified_vision_system/lib/python3.11/site-packages:/opt/ros/humble/lib/python3.10/site-packages:/opt/ros/humble/local/lib/python3.10/dist-packages'), ('NVIDIA_VISIBLE_DEVICES', 'all'), ('NCCL_VERSION', '2.17.1-1'), ('TZ', 'America/Toronto'), ('COLCON', '1'), ('NV_LIBNPP_DEV_VERSION', '12.0.2.50-1'), ('CMAKE_PREFIX_PATH', '/workspace/install/ur_description:/workspace/install/robotiq_description:/opt/ros/humble:/workspace/install/robotiq_2f_85_gripper_visualization:/workspace/install/unified_vision_system:/workspace/install/robotiq_hardware_tests:/workspace/install/robotiq_driver:/workspace/install/serial:/workspace/install/robotiq_controllers')]), 'shell': False}
[0.099852] (-) TimerEvent: {}
[0.121597] (unified_vision_system) StdoutLine: {'line': b'-- The C compiler identification is GNU 11.4.0\n'}
[0.192779] (unified_vision_system) StdoutLine: {'line': b'-- The CXX compiler identification is GNU 11.4.0\n'}
[0.199920] (-) TimerEvent: {}
[0.200064] (unified_vision_system) StdoutLine: {'line': b'-- Detecting C compiler ABI info\n'}
[0.271601] (unified_vision_system) StdoutLine: {'line': b'-- Detecting C compiler ABI info - done\n'}
[0.275810] (unified_vision_system) StdoutLine: {'line': b'-- Check for working C compiler: /usr/bin/cc - skipped\n'}
[0.276079] (unified_vision_system) StdoutLine: {'line': b'-- Detecting C compile features\n'}
[0.276521] (unified_vision_system) StdoutLine: {'line': b'-- Detecting C compile features - done\n'}
[0.279145] (unified_vision_system) StdoutLine: {'line': b'-- Detecting CXX compiler ABI info\n'}
[0.300029] (-) TimerEvent: {}
[0.356824] (unified_vision_system) StdoutLine: {'line': b'-- Detecting CXX compiler ABI info - done\n'}
[0.361149] (unified_vision_system) StdoutLine: {'line': b'-- Check for working CXX compiler: /usr/bin/c++ - skipped\n'}
[0.361329] (unified_vision_system) StdoutLine: {'line': b'-- Detecting CXX compile features\n'}
[0.361636] (unified_vision_system) StdoutLine: {'line': b'-- Detecting CXX compile features - done\n'}
[0.370575] (unified_vision_system) StdoutLine: {'line': b'-- Found ament_cmake: 1.3.12 (/opt/ros/humble/share/ament_cmake/cmake)\n'}
[0.400111] (-) TimerEvent: {}
[0.500278] (-) TimerEvent: {}
[0.600472] (-) TimerEvent: {}
[0.642175] (unified_vision_system) StdoutLine: {'line': b'-- Found Python3: /opt/miniconda3/bin/python3 (found version "3.11.5") found components: Interpreter \n'}
[0.700571] (-) TimerEvent: {}
[0.800756] (-) TimerEvent: {}
[0.867093] (unified_vision_system) StdoutLine: {'line': b'-- Configuring done\n'}
[0.870165] (unified_vision_system) StdoutLine: {'line': b'-- Generating done\n'}
[0.871800] (unified_vision_system) StdoutLine: {'line': b'-- Build files have been written to: /workspace/build/unified_vision_system\n'}
[0.875247] (unified_vision_system) CommandEnded: {'returncode': 0}
[0.875722] (unified_vision_system) JobProgress: {'identifier': 'unified_vision_system', 'progress': 'build'}
[0.876216] (unified_vision_system) Command: {'cmd': ['/usr/bin/cmake', '--build', '/workspace/build/unified_vision_system', '--', '-j12', '-l12'], 'cwd': '/workspace/build/unified_vision_system', 'env': OrderedDict([('LIBRARY_PATH', '/usr/local/cuda/lib64/stubs'), ('MINICONDA_VERSION', 'py311_23.11.0-2'), ('NV_LIBCUBLAS_VERSION', '12.1.0.26-1'), ('NV_NVPROF_DEV_PACKAGE', 'cuda-nvprof-12-1=12.1.55-1'), ('NV_CUDA_COMPAT_PACKAGE', 'cuda-compat-12-1'), ('NV_CUDA_NSIGHT_COMPUTE_VERSION', '12.1.0-1'), ('HOSTNAME', 'ishaan-Victus-by-HP-Gaming-Laptop-16-s1xxx'), ('ROS_PACKAGE_PATH', '/workspace/install/robotiq_2f_85_gripper_visualization/share'), ('NVIDIA_CUDA_END_OF_LIFE', '1'), ('SHLVL', '0'), ('LD_LIBRARY_PATH', '/workspace/install/robotiq_driver/lib:/workspace/install/serial/lib:/workspace/install/robotiq_controllers/lib:/usr/lib/x86_64-linux-gnu/gazebo-11/plugins:/opt/ros/humble/opt/rviz_ogre_vendor/lib:/opt/ros/humble/lib/x86_64-linux-gnu:/opt/ros/humble/lib:/usr/local/nvidia/lib:/usr/local/nvidia/lib64'), ('NV_LIBNCCL_PACKAGE_VERSION', '2.17.1-1'), ('HOME', '/home/ur5e_user'), ('OLDPWD', '/workspace'), ('NV_LIBCUBLAS_DEV_VERSION', '12.1.0.26-1'), ('ROS_PYTHON_VERSION', '3'), ('NV_LIBNCCL_DEV_PACKAGE_VERSION', '2.17.1-1'), ('NV_LIBNPP_PACKAGE', 'libnpp-12-1=12.0.2.50-1'), ('CUDA_VERSION', '12.1.0'), ('COLCON_PREFIX_PATH', '/workspace/install'), ('NV_NVPROF_VERSION', '12.1.55-1'), ('ROS_DISTRO', 'humble'), ('NV_LIBCUBLAS_PACKAGE_NAME', 'libcublas-12-1'), ('NVIDIA_REQUIRE_CUDA', 'cuda>=12.1 brand=tesla,driver>=470,driver<471 brand=unknown,driver>=470,driver<471 brand=nvidia,driver>=470,driver<471 brand=nvidiartx,driver>=470,driver<471 brand=geforce,driver>=470,driver<471 brand=geforcertx,driver>=470,driver<471 brand=quadro,driver>=470,driver<471 brand=quadrortx,driver>=470,driver<471 brand=titan,driver>=470,driver<471 brand=titanrtx,driver>=470,driver<471 brand=tesla,driver>=525,driver<526 brand=unknown,driver>=525,driver<526 brand=nvidia,driver>=525,driver<526 brand=nvidiartx,driver>=525,driver<526 brand=geforce,driver>=525,driver<526 brand=geforcertx,driver>=525,driver<526 brand=quadro,driver>=525,driver<526 brand=quadrortx,driver>=525,driver<526 brand=titan,driver>=525,driver<526 brand=titanrtx,driver>=525,driver<526'), ('_', '/usr/bin/colcon'), ('ROS_VERSION', '2'), ('PKG_CONFIG_PATH', '/workspace/install/robotiq_2f_85_gripper_visualization/lib/x86_64-linux-gnu/pkgconfig:/workspace/install/robotiq_2f_85_gripper_visualization/lib/pkgconfig'), ('NV_LIBCUSPARSE_VERSION', '12.0.2.55-1'), ('NVIDIA_DRIVER_CAPABILITIES', 'compute,utility'), ('NV_CUDA_LIB_VERSION', '12.1.0-1'), ('NV_LIBNCCL_PACKAGE_NAME', 'libnccl2'), ('NV_NVML_DEV_VERSION', '12.1.55-1'), ('NV_LIBNPP_DEV_PACKAGE', 'libnpp-dev-12-1=12.0.2.50-1'), ('NV_CUDA_CUDART_VERSION', '12.1.55-1'), ('ROS_LOCALHOST_ONLY', '0'), ('PATH', '/opt/ros/humble/bin:/opt/miniconda3/bin:/usr/local/nvidia/bin:/usr/local/cuda/bin:/usr/local/sbin:/usr/local/bin:/usr/sbin:/usr/bin:/sbin:/bin'), ('NV_LIBCUBLAS_DEV_PACKAGE_NAME', 'libcublas-dev-12-1'), ('NV_LIBCUBLAS_PACKAGE', 'libcublas-12-1=12.1.0.26-1'), ('NVARCH', 'x86_64'), ('NV_LIBNCCL_DEV_PACKAGE_NAME', 'libnccl-dev'), ('NV_LIBCUSPARSE_DEV_VERSION', '12.0.2.55-1'), ('DISPLAY', ':1'), ('NV_LIBNCCL_PACKAGE', 'libnccl2=2.17.1-1+cuda12.1'), ('NVIDIA_PRODUCT_NAME', 'CUDA'), ('LANG', 'en_US.UTF-8'), ('RMW_IMPLEMENTATION', 'rmw_fastrtps_cpp'), ('NV_CUDA_CUDART_DEV_VERSION', '12.1.55-1'), ('ROS_DOMAIN_ID', '0'), ('AMENT_PREFIX_PATH', '/workspace/install/unified_vision_system:/workspace/install/ur_description:/workspace/install/robotiq_hardware_tests:/workspace/install/robotiq_driver:/workspace/install/serial:/workspace/install/robotiq_description:/workspace/install/robotiq_controllers:/opt/ros/humble'), ('DEBIAN_FRONTEND', 'noninteractive'), ('NV_LIBCUBLAS_DEV_PACKAGE', 'libcublas-dev-12-1=12.1.0.26-1'), ('NV_CUDA_NSIGHT_COMPUTE_DEV_PACKAGE', 'cuda-nsight-compute-12-1=12.1.0-1'), ('NV_LIBNCCL_DEV_PACKAGE', 'libnccl-dev=2.17.1-1+cuda12.1'), ('NV_NVTX_VERSION', '12.1.66-1'), ('NV_LIBNPP_VERSION', '12.0.2.50-1'), ('PWD', '/workspace/build/unified_vision_system'), ('LC_ALL', 'en_US.UTF-8'), ('PYTHONPATH', '/workspace/install/unified_vision_system/lib/python3.11/site-packages:/opt/ros/humble/lib/python3.10/site-packages:/opt/ros/humble/local/lib/python3.10/dist-packages'), ('NVIDIA_VISIBLE_DEVICES', 'all'), ('NCCL_VERSION', '2.17.1-1'), ('TZ', 'America/Toronto'), ('COLCON', '1'), ('NV_LIBNPP_DEV_VERSION', '12.0.2.50-1'), ('CMAKE_PREFIX_PATH', '/workspace/install/ur_description:/workspace/install/robotiq_description:/opt/ros/humble:/workspace/install/robotiq_2f_85_gripper_visualization:/workspace/install/unified_vision_system:/workspace/install/robotiq_hardware_tests:/workspace/install/robotiq_driver:/workspace/install/serial:/workspace/install/robotiq_controllers')]), 'shell': False}
[0.900918] (-) TimerEvent: {}
[0.943810] (unified_vision_system) StdoutLine: {'line': b'Built target ament_cmake_python_copy_unified_vision_system\n'}
[1.000961] (-) TimerEvent: {}
[1.061562] (unified_vision_system) StdoutLine: {'line': b'running egg_info\n'}
[1.062192] (unified_vision_system) StdoutLine: {'line': b'creating unified_vision_system.egg-info\n'}
[1.067546] (unified_vision_system) StdoutLine: {'line': b'writing unified_vision_system.egg-info/PKG-INFO\n'}
[1.067810] (unified_vision_system) StdoutLine: {'line': b'writing dependency_links to unified_vision_system.egg-info/dependency_links.txt\n'}
[1.068003] (unified_vision_system) StdoutLine: {'line': b'writing top-level names to unified_vision_system.egg-info/top_level.txt\n'}
[1.068065] (unified_vision_system) StdoutLine: {'line': b"writing manifest file 'unified_vision_system.egg-info/SOURCES.txt'\n"}
[1.085758] (unified_vision_system) StdoutLine: {'line': b"reading manifest file 'unified_vision_system.egg-info/SOURCES.txt'\n"}
[1.086257] (unified_vision_system) StdoutLine: {'line': b"writing manifest file 'unified_vision_system.egg-info/SOURCES.txt'\n"}
[1.101065] (-) TimerEvent: {}
[1.112733] (unified_vision_system) StdoutLine: {'line': b'Built target ament_cmake_python_build_unified_vision_system_egg\n'}
[1.123644] (unified_vision_system) CommandEnded: {'returncode': 0}
[1.124169] (unified_vision_system) JobProgress: {'identifier': 'unified_vision_system', 'progress': 'install'}
[1.133011] (unified_vision_system) Command: {'cmd': ['/usr/bin/cmake', '--install', '/workspace/build/unified_vision_system'], 'cwd': '/workspace/build/unified_vision_system', 'env': OrderedDict([('LIBRARY_PATH', '/usr/local/cuda/lib64/stubs'), ('MINICONDA_VERSION', 'py311_23.11.0-2'), ('NV_LIBCUBLAS_VERSION', '12.1.0.26-1'), ('NV_NVPROF_DEV_PACKAGE', 'cuda-nvprof-12-1=12.1.55-1'), ('NV_CUDA_COMPAT_PACKAGE', 'cuda-compat-12-1'), ('NV_CUDA_NSIGHT_COMPUTE_VERSION', '12.1.0-1'), ('HOSTNAME', 'ishaan-Victus-by-HP-Gaming-Laptop-16-s1xxx'), ('ROS_PACKAGE_PATH', '/workspace/install/robotiq_2f_85_gripper_visualization/share'), ('NVIDIA_CUDA_END_OF_LIFE', '1'), ('SHLVL', '0'), ('LD_LIBRARY_PATH', '/workspace/install/robotiq_driver/lib:/workspace/install/serial/lib:/workspace/install/robotiq_controllers/lib:/usr/lib/x86_64-linux-gnu/gazebo-11/plugins:/opt/ros/humble/opt/rviz_ogre_vendor/lib:/opt/ros/humble/lib/x86_64-linux-gnu:/opt/ros/humble/lib:/usr/local/nvidia/lib:/usr/local/nvidia/lib64'), ('NV_LIBNCCL_PACKAGE_VERSION', '2.17.1-1'), ('HOME', '/home/ur5e_user'), ('OLDPWD', '/workspace'), ('NV_LIBCUBLAS_DEV_VERSION', '12.1.0.26-1'), ('ROS_PYTHON_VERSION', '3'), ('NV_LIBNCCL_DEV_PACKAGE_VERSION', '2.17.1-1'), ('NV_LIBNPP_PACKAGE', 'libnpp-12-1=12.0.2.50-1'), ('CUDA_VERSION', '12.1.0'), ('COLCON_PREFIX_PATH', '/workspace/install'), ('NV_NVPROF_VERSION', '12.1.55-1'), ('ROS_DISTRO', 'humble'), ('NV_LIBCUBLAS_PACKAGE_NAME', 'libcublas-12-1'), ('NVIDIA_REQUIRE_CUDA', 'cuda>=12.1 brand=tesla,driver>=470,driver<471 brand=unknown,driver>=470,driver<471 brand=nvidia,driver>=470,driver<471 brand=nvidiartx,driver>=470,driver<471 brand=geforce,driver>=470,driver<471 brand=geforcertx,driver>=470,driver<471 brand=quadro,driver>=470,driver<471 brand=quadrortx,driver>=470,driver<471 brand=titan,driver>=470,driver<471 brand=titanrtx,driver>=470,driver<471 brand=tesla,driver>=525,driver<526 brand=unknown,driver>=525,driver<526 brand=nvidia,driver>=525,driver<526 brand=nvidiartx,driver>=525,driver<526 brand=geforce,driver>=525,driver<526 brand=geforcertx,driver>=525,driver<526 brand=quadro,driver>=525,driver<526 brand=quadrortx,driver>=525,driver<526 brand=titan,driver>=525,driver<526 brand=titanrtx,driver>=525,driver<526'), ('_', '/usr/bin/colcon'), ('ROS_VERSION', '2'), ('PKG_CONFIG_PATH', '/workspace/install/robotiq_2f_85_gripper_visualization/lib/x86_64-linux-gnu/pkgconfig:/workspace/install/robotiq_2f_85_gripper_visualization/lib/pkgconfig'), ('NV_LIBCUSPARSE_VERSION', '12.0.2.55-1'), ('NVIDIA_DRIVER_CAPABILITIES', 'compute,utility'), ('NV_CUDA_LIB_VERSION', '12.1.0-1'), ('NV_LIBNCCL_PACKAGE_NAME', 'libnccl2'), ('NV_NVML_DEV_VERSION', '12.1.55-1'), ('NV_LIBNPP_DEV_PACKAGE', 'libnpp-dev-12-1=12.0.2.50-1'), ('NV_CUDA_CUDART_VERSION', '12.1.55-1'), ('ROS_LOCALHOST_ONLY', '0'), ('PATH', '/opt/ros/humble/bin:/opt/miniconda3/bin:/usr/local/nvidia/bin:/usr/local/cuda/bin:/usr/local/sbin:/usr/local/bin:/usr/sbin:/usr/bin:/sbin:/bin'), ('NV_LIBCUBLAS_DEV_PACKAGE_NAME', 'libcublas-dev-12-1'), ('NV_LIBCUBLAS_PACKAGE', 'libcublas-12-1=12.1.0.26-1'), ('NVARCH', 'x86_64'), ('NV_LIBNCCL_DEV_PACKAGE_NAME', 'libnccl-dev'), ('NV_LIBCUSPARSE_DEV_VERSION', '12.0.2.55-1'), ('DISPLAY', ':1'), ('NV_LIBNCCL_PACKAGE', 'libnccl2=2.17.1-1+cuda12.1'), ('NVIDIA_PRODUCT_NAME', 'CUDA'), ('LANG', 'en_US.UTF-8'), ('RMW_IMPLEMENTATION', 'rmw_fastrtps_cpp'), ('NV_CUDA_CUDART_DEV_VERSION', '12.1.55-1'), ('ROS_DOMAIN_ID', '0'), ('AMENT_PREFIX_PATH', '/workspace/install/unified_vision_system:/workspace/install/ur_description:/workspace/install/robotiq_hardware_tests:/workspace/install/robotiq_driver:/workspace/install/serial:/workspace/install/robotiq_description:/workspace/install/robotiq_controllers:/opt/ros/humble'), ('DEBIAN_FRONTEND', 'noninteractive'), ('NV_LIBCUBLAS_DEV_PACKAGE', 'libcublas-dev-12-1=12.1.0.26-1'), ('NV_CUDA_NSIGHT_COMPUTE_DEV_PACKAGE', 'cuda-nsight-compute-12-1=12.1.0-1'), ('NV_LIBNCCL_DEV_PACKAGE', 'libnccl-dev=2.17.1-1+cuda12.1'), ('NV_NVTX_VERSION', '12.1.66-1'), ('NV_LIBNPP_VERSION', '12.0.2.50-1'), ('PWD', '/workspace/build/unified_vision_system'), ('LC_ALL', 'en_US.UTF-8'), ('PYTHONPATH', '/workspace/install/unified_vision_system/lib/python3.11/site-packages:/opt/ros/humble/lib/python3.10/site-packages:/opt/ros/humble/local/lib/python3.10/dist-packages'), ('NVIDIA_VISIBLE_DEVICES', 'all'), ('NCCL_VERSION', '2.17.1-1'), ('TZ', 'America/Toronto'), ('COLCON', '1'), ('NV_LIBNPP_DEV_VERSION', '12.0.2.50-1'), ('CMAKE_PREFIX_PATH', '/workspace/install/ur_description:/workspace/install/robotiq_description:/opt/ros/humble:/workspace/install/robotiq_2f_85_gripper_visualization:/workspace/install/unified_vision_system:/workspace/install/robotiq_hardware_tests:/workspace/install/robotiq_driver:/workspace/install/serial:/workspace/install/robotiq_controllers')]), 'shell': False}
[1.140946] (unified_vision_system) StdoutLine: {'line': b'-- Install configuration: ""\n'}
[1.141123] (unified_vision_system) StdoutLine: {'line': b'-- Installing: /workspace/install/unified_vision_system/share/unified_vision_system/environment/pythonpath.sh\n'}
[1.141280] (unified_vision_system) StdoutLine: {'line': b'-- Installing: /workspace/install/unified_vision_system/share/unified_vision_system/environment/pythonpath.dsv\n'}
[1.141719] (unified_vision_system) StdoutLine: {'line': b'-- Up-to-date: /workspace/install/unified_vision_system/lib/python3.11/site-packages/unified_vision_system-1.0.0-py3.11.egg-info\n'}
[1.141809] (unified_vision_system) StdoutLine: {'line': b'-- Installing: /workspace/install/unified_vision_system/lib/python3.11/site-packages/unified_vision_system-1.0.0-py3.11.egg-info/PKG-INFO\n'}
[1.141989] (unified_vision_system) StdoutLine: {'line': b'-- Installing: /workspace/install/unified_vision_system/lib/python3.11/site-packages/unified_vision_system-1.0.0-py3.11.egg-info/SOURCES.txt\n'}
[1.142131] (unified_vision_system) StdoutLine: {'line': b'-- Installing: /workspace/install/unified_vision_system/lib/python3.11/site-packages/unified_vision_system-1.0.0-py3.11.egg-info/top_level.txt\n'}
[1.142266] (unified_vision_system) StdoutLine: {'line': b'-- Installing: /workspace/install/unified_vision_system/lib/python3.11/site-packages/unified_vision_system-1.0.0-py3.11.egg-info/dependency_links.txt\n'}
[1.142376] (unified_vision_system) StdoutLine: {'line': b'-- Up-to-date: /workspace/install/unified_vision_system/lib/python3.11/site-packages/unified_vision_system\n'}
[1.142476] (unified_vision_system) StdoutLine: {'line': b'-- Up-to-date: /workspace/install/unified_vision_system/lib/python3.11/site-packages/unified_vision_system/system\n'}
[1.142518] (unified_vision_system) StdoutLine: {'line': b'-- Up-to-date: /workspace/install/unified_vision_system/lib/python3.11/site-packages/unified_vision_system/system/UnifiedVisionSystem.py\n'}
[1.142560] (unified_vision_system) StdoutLine: {'line': b'-- Up-to-date: /workspace/install/unified_vision_system/lib/python3.11/site-packages/unified_vision_system/system/UnifiedVisionSystemSim.py\n'}
[1.142637] (unified_vision_system) StdoutLine: {'line': b'-- Up-to-date: /workspace/install/unified_vision_system/lib/python3.11/site-packages/unified_vision_system/system/__init__.py\n'}
[1.142681] (unified_vision_system) StdoutLine: {'line': b'-- Up-to-date: /workspace/install/unified_vision_system/lib/python3.11/site-packages/unified_vision_system/calibration\n'}
[1.142719] (unified_vision_system) StdoutLine: {'line': b'-- Up-to-date: /workspace/install/unified_vision_system/lib/python3.11/site-packages/unified_vision_system/calibration/CameraCalibration.py\n'}
[1.142758] (unified_vision_system) StdoutLine: {'line': b'-- Up-to-date: /workspace/install/unified_vision_system/lib/python3.11/site-packages/unified_vision_system/calibration/EyeInHandSafetyChecker.py\n'}
[1.142797] (unified_vision_system) StdoutLine: {'line': b'-- Up-to-date: /workspace/install/unified_vision_system/lib/python3.11/site-packages/unified_vision_system/calibration/__init__.py\n'}
[1.142949] (unified_vision_system) StdoutLine: {'line': b'-- Up-to-date: /workspace/install/unified_vision_system/lib/python3.11/site-packages/unified_vision_system/calibration/HandEyeCalibrator.py\n'}
[1.143068] (unified_vision_system) StdoutLine: {'line': b'-- Up-to-date: /workspace/install/unified_vision_system/lib/python3.11/site-packages/unified_vision_system/perception\n'}
[1.143110] (unified_vision_system) StdoutLine: {'line': b'-- Up-to-date: /workspace/install/unified_vision_system/lib/python3.11/site-packages/unified_vision_system/perception/OWLViTDetector.py\n'}
[1.143150] (unified_vision_system) StdoutLine: {'line': b'-- Up-to-date: /workspace/install/unified_vision_system/lib/python3.11/site-packages/unified_vision_system/perception/GraspPointDetector.py\n'}
[1.143189] (unified_vision_system) StdoutLine: {'line': b'-- Up-to-date: /workspace/install/unified_vision_system/lib/python3.11/site-packages/unified_vision_system/perception/WorkSpaceValidator.py\n'}
[1.143296] (unified_vision_system) StdoutLine: {'line': b'-- Up-to-date: /workspace/install/unified_vision_system/lib/python3.11/site-packages/unified_vision_system/perception/__init__.py\n'}
[1.143337] (unified_vision_system) StdoutLine: {'line': b'-- Up-to-date: /workspace/install/unified_vision_system/lib/python3.11/site-packages/unified_vision_system/perception/DepthAwareDetector.py\n'}
[1.143376] (unified_vision_system) StdoutLine: {'line': b'-- Up-to-date: /workspace/install/unified_vision_system/lib/python3.11/site-packages/unified_vision_system/hri\n'}
[1.143416] (unified_vision_system) StdoutLine: {'line': b'-- Up-to-date: /workspace/install/unified_vision_system/lib/python3.11/site-packages/unified_vision_system/hri/ExperimentalController.py\n'}
[1.143455] (unified_vision_system) StdoutLine: {'line': b'-- Up-to-date: /workspace/install/unified_vision_system/lib/python3.11/site-packages/unified_vision_system/hri/EnhancedConstructionRAG.py\n'}
[1.143493] (unified_vision_system) StdoutLine: {'line': b'-- Up-to-date: /workspace/install/unified_vision_system/lib/python3.11/site-packages/unified_vision_system/hri/SpeechCommandProcessor.py\n'}
[1.143555] (unified_vision_system) StdoutLine: {'line': b'-- Up-to-date: /workspace/install/unified_vision_system/lib/python3.11/site-packages/unified_vision_system/hri/ConstructionRasaNLP.py\n'}
[1.143596] (unified_vision_system) StdoutLine: {'line': b'-- Up-to-date: /workspace/install/unified_vision_system/lib/python3.11/site-packages/unified_vision_system/hri/ConstructionClarificationManager.py\n'}
[1.143659] (unified_vision_system) StdoutLine: {'line': b'-- Up-to-date: /workspace/install/unified_vision_system/lib/python3.11/site-packages/unified_vision_system/hri/__init__.py\n'}
[1.143696] (unified_vision_system) StdoutLine: {'line': b'-- Up-to-date: /workspace/install/unified_vision_system/lib/python3.11/site-packages/unified_vision_system/hri/ConstructionTTSManager.py\n'}
[1.143732] (unified_vision_system) StdoutLine: {'line': b'-- Up-to-date: /workspace/install/unified_vision_system/lib/python3.11/site-packages/unified_vision_system/__init__.py\n'}
[1.143769] (unified_vision_system) StdoutLine: {'line': b'-- Up-to-date: /workspace/install/unified_vision_system/lib/python3.11/site-packages/unified_vision_system/control\n'}
[1.143805] (unified_vision_system) StdoutLine: {'line': b'-- Up-to-date: /workspace/install/unified_vision_system/lib/python3.11/site-packages/unified_vision_system/control/HybridIKWrapper.py\n'}
[1.143841] (unified_vision_system) StdoutLine: {'line': b'-- Up-to-date: /workspace/install/unified_vision_system/lib/python3.11/site-packages/unified_vision_system/control/UR30Kinematics.py\n'}
[1.143876] (unified_vision_system) StdoutLine: {'line': b'-- Up-to-date: /workspace/install/unified_vision_system/lib/python3.11/site-packages/unified_vision_system/control/ur30_robot_rtb.py\n'}
[1.143919] (unified_vision_system) StdoutLine: {'line': b'-- Up-to-date: /workspace/install/unified_vision_system/lib/python3.11/site-packages/unified_vision_system/control/__init__.py\n'}
[1.143952] (unified_vision_system) StdoutLine: {'line': b'-- Up-to-date: /workspace/install/unified_vision_system/lib/python3.11/site-packages/unified_vision_system/control/ur30_grasp_controller.py\n'}
[1.143978] (unified_vision_system) StdoutLine: {'line': b'-- Up-to-date: /workspace/install/unified_vision_system/lib/python3.11/site-packages/unified_vision_system/metrics\n'}
[1.144002] (unified_vision_system) StdoutLine: {'line': b'-- Up-to-date: /workspace/install/unified_vision_system/lib/python3.11/site-packages/unified_vision_system/metrics/TrustQuestionnaire.py\n'}
[1.144027] (unified_vision_system) StdoutLine: {'line': b'-- Up-to-date: /workspace/install/unified_vision_system/lib/python3.11/site-packages/unified_vision_system/metrics/NASATLXAssessment.py\n'}
[1.144054] (unified_vision_system) StdoutLine: {'line': b'-- Up-to-date: /workspace/install/unified_vision_system/lib/python3.11/site-packages/unified_vision_system/metrics/BehavioralMetrics.py\n'}
[1.144080] (unified_vision_system) StdoutLine: {'line': b'-- Up-to-date: /workspace/install/unified_vision_system/lib/python3.11/site-packages/unified_vision_system/metrics/__init__.py\n'}
[1.169770] (unified_vision_system) StdoutLine: {'line': b"Listing '/workspace/install/unified_vision_system/lib/python3.11/site-packages/unified_vision_system'...\n"}
[1.169981] (unified_vision_system) StdoutLine: {'line': b"Listing '/workspace/install/unified_vision_system/lib/python3.11/site-packages/unified_vision_system/calibration'...\n"}
[1.170065] (unified_vision_system) StdoutLine: {'line': b"Listing '/workspace/install/unified_vision_system/lib/python3.11/site-packages/unified_vision_system/control'...\n"}
[1.170129] (unified_vision_system) StdoutLine: {'line': b"Listing '/workspace/install/unified_vision_system/lib/python3.11/site-packages/unified_vision_system/hri'...\n"}
[1.170186] (unified_vision_system) StdoutLine: {'line': b"Listing '/workspace/install/unified_vision_system/lib/python3.11/site-packages/unified_vision_system/metrics'...\n"}
[1.170239] (unified_vision_system) StdoutLine: {'line': b"Listing '/workspace/install/unified_vision_system/lib/python3.11/site-packages/unified_vision_system/perception'...\n"}
[1.170301] (unified_vision_system) StdoutLine: {'line': b"Listing '/workspace/install/unified_vision_system/lib/python3.11/site-packages/unified_vision_system/system'...\n"}
[1.173251] (unified_vision_system) StdoutLine: {'line': b'-- Up-to-date: /workspace/install/unified_vision_system/lib/unified_vision_system/unified_vision_system_node.py\n'}
[1.173475] (unified_vision_system) StdoutLine: {'line': b'-- Up-to-date: /workspace/install/unified_vision_system/lib/unified_vision_system/create_sim_calibration.py\n'}
[1.173539] (unified_vision_system) StdoutLine: {'line': b'-- Up-to-date: /workspace/install/unified_vision_system/share/unified_vision_system/launch\n'}
[1.173758] (unified_vision_system) StdoutLine: {'line': b'-- Up-to-date: /workspace/install/unified_vision_system/share/unified_vision_system/launch/test_unified_vision_system.py\n'}
[1.173956] (unified_vision_system) StdoutLine: {'line': b'-- Up-to-date: /workspace/install/unified_vision_system/share/unified_vision_system/launch/.DS_Store\n'}
[1.174097] (unified_vision_system) StdoutLine: {'line': b'-- Up-to-date: /workspace/install/unified_vision_system/share/unified_vision_system/launch/launch_gazebo_with_red_cube.py\n'}
[1.174154] (unified_vision_system) StdoutLine: {'line': b'-- Up-to-date: /workspace/install/unified_vision_system/share/unified_vision_system/config\n'}
[1.174209] (unified_vision_system) StdoutLine: {'line': b'-- Up-to-date: /workspace/install/unified_vision_system/share/unified_vision_system/config/simulation_controllers.yaml\n'}
[1.174265] (unified_vision_system) StdoutLine: {'line': b'-- Up-to-date: /workspace/install/unified_vision_system/share/unified_vision_system/config/ur30_vision_moveit.rviz\n'}
[1.174320] (unified_vision_system) StdoutLine: {'line': b'-- Up-to-date: /workspace/install/unified_vision_system/share/unified_vision_system/config/ur30_robotiq.srdf.xacro\n'}
[1.174380] (unified_vision_system) StdoutLine: {'line': b'-- Up-to-date: /workspace/install/unified_vision_system/share/unified_vision_system/config/simulation_controllers.yaml.sync\n'}
[1.174514] (unified_vision_system) StdoutLine: {'line': b'-- Up-to-date: /workspace/install/unified_vision_system/share/unified_vision_system/urdf\n'}
[1.174543] (unified_vision_system) StdoutLine: {'line': b'-- Up-to-date: /workspace/install/unified_vision_system/share/unified_vision_system/urdf/ur30_simple_gripper_realsense.urdf.xacro\n'}
[1.174571] (unified_vision_system) StdoutLine: {'line': b'-- Up-to-date: /workspace/install/unified_vision_system/share/unified_vision_system/urdf/ur30_robotiq_realsense.urdf.xacro\n'}
[1.174599] (unified_vision_system) StdoutLine: {'line': b'-- Installing: /workspace/install/unified_vision_system/share/unified_vision_system/urdf/ur30_simple_gripper_camera.urdf.xacro\n'}
[1.174626] (unified_vision_system) StdoutLine: {'line': b'-- Up-to-date: /workspace/install/unified_vision_system/share/unified_vision_system/urdf/robotiq_arg85.urdf\n'}
[1.174654] (unified_vision_system) StdoutLine: {'line': b'-- Up-to-date: /workspace/install/unified_vision_system/share/unified_vision_system/urdf/.DS_Store\n'}
[1.174681] (unified_vision_system) StdoutLine: {'line': b'-- Up-to-date: /workspace/install/unified_vision_system/share/unified_vision_system/urdf/ur30_camera_only.urdf.xacro\n'}
[1.174707] (unified_vision_system) StdoutLine: {'line': b'-- Up-to-date: /workspace/install/unified_vision_system/share/unified_vision_system/urdf/simple_parallel_gripper.urdf.xacro\n'}
[1.174734] (unified_vision_system) StdoutLine: {'line': b'-- Up-to-date: /workspace/install/unified_vision_system/share/unified_vision_system/urdf/robotiq_85_stable.urdf.xacro\n'}
[1.174760] (unified_vision_system) StdoutLine: {'line': b'-- Up-to-date: /workspace/install/unified_vision_system/share/unified_vision_system/worlds\n'}
[1.174787] (unified_vision_system) StdoutLine: {'line': b'-- Up-to-date: /workspace/install/unified_vision_system/share/unified_vision_system/worlds/ur30_vision_world.world\n'}
[1.174814] (unified_vision_system) StdoutLine: {'line': b'-- Up-to-date: /workspace/install/unified_vision_system/share/unified_vision_system/meshes\n'}
[1.174896] (unified_vision_system) StdoutLine: {'line': b'-- Up-to-date: /workspace/install/unified_vision_system/share/unified_vision_system/meshes/outer_knuckle_coarse.STL\n'}
[1.174932] (unified_vision_system) StdoutLine: {'line': b'-- Up-to-date: /workspace/install/unified_vision_system/share/unified_vision_system/meshes/inner_knuckle_coarse.STL\n'}
[1.174959] (unified_vision_system) StdoutLine: {'line': b'-- Up-to-date: /workspace/install/unified_vision_system/share/unified_vision_system/meshes/outer_finger_fine.STL\n'}
[1.174985] (unified_vision_system) StdoutLine: {'line': b'-- Up-to-date: /workspace/install/unified_vision_system/share/unified_vision_system/meshes/inner_finger_fine.STL\n'}
[1.175012] (unified_vision_system) StdoutLine: {'line': b'-- Up-to-date: /workspace/install/unified_vision_system/share/unified_vision_system/meshes/robotiq_85_base_link_fine.STL\n'}
[1.175066] (unified_vision_system) StdoutLine: {'line': b'-- Up-to-date: /workspace/install/unified_vision_system/share/unified_vision_system/meshes/inner_finger_coarse.STL\n'}
[1.175092] (unified_vision_system) StdoutLine: {'line': b'-- Up-to-date: /workspace/install/unified_vision_system/share/unified_vision_system/meshes/inner_knuckle_fine.STL\n'}
[1.175117] (unified_vision_system) StdoutLine: {'line': b'-- Up-to-date: /workspace/install/unified_vision_system/share/unified_vision_system/meshes/robotiq_85_base_link_coarse.STL\n'}
[1.175142] (unified_vision_system) StdoutLine: {'line': b'-- Up-to-date: /workspace/install/unified_vision_system/share/unified_vision_system/meshes/outer_finger_coarse.STL\n'}
[1.175167] (unified_vision_system) StdoutLine: {'line': b'-- Up-to-date: /workspace/install/unified_vision_system/share/unified_vision_system/meshes/outer_knuckle_fine.STL\n'}
[1.175194] (unified_vision_system) StdoutLine: {'line': b'-- Installing: /workspace/install/unified_vision_system/share/ament_index/resource_index/package_run_dependencies/unified_vision_system\n'}
[1.175222] (unified_vision_system) StdoutLine: {'line': b'-- Installing: /workspace/install/unified_vision_system/share/ament_index/resource_index/parent_prefix_path/unified_vision_system\n'}
[1.175248] (unified_vision_system) StdoutLine: {'line': b'-- Up-to-date: /workspace/install/unified_vision_system/share/unified_vision_system/environment/ament_prefix_path.sh\n'}
[1.175275] (unified_vision_system) StdoutLine: {'line': b'-- Installing: /workspace/install/unified_vision_system/share/unified_vision_system/environment/ament_prefix_path.dsv\n'}
[1.175357] (unified_vision_system) StdoutLine: {'line': b'-- Up-to-date: /workspace/install/unified_vision_system/share/unified_vision_system/environment/path.sh\n'}
[1.175383] (unified_vision_system) StdoutLine: {'line': b'-- Installing: /workspace/install/unified_vision_system/share/unified_vision_system/environment/path.dsv\n'}
[1.175408] (unified_vision_system) StdoutLine: {'line': b'-- Installing: /workspace/install/unified_vision_system/share/unified_vision_system/local_setup.bash\n'}
[1.175476] (unified_vision_system) StdoutLine: {'line': b'-- Installing: /workspace/install/unified_vision_system/share/unified_vision_system/local_setup.sh\n'}
[1.175608] (unified_vision_system) StdoutLine: {'line': b'-- Installing: /workspace/install/unified_vision_system/share/unified_vision_system/local_setup.zsh\n'}
[1.175737] (unified_vision_system) StdoutLine: {'line': b'-- Installing: /workspace/install/unified_vision_system/share/unified_vision_system/local_setup.dsv\n'}
[1.175864] (unified_vision_system) StdoutLine: {'line': b'-- Installing: /workspace/install/unified_vision_system/share/unified_vision_system/package.dsv\n'}
[1.176022] (unified_vision_system) StdoutLine: {'line': b'-- Installing: /workspace/install/unified_vision_system/share/ament_index/resource_index/packages/unified_vision_system\n'}
[1.176149] (unified_vision_system) StdoutLine: {'line': b'-- Installing: /workspace/install/unified_vision_system/share/unified_vision_system/cmake/ament_cmake_export_dependencies-extras.cmake\n'}
[1.176285] (unified_vision_system) StdoutLine: {'line': b'-- Installing: /workspace/install/unified_vision_system/share/unified_vision_system/cmake/unified_vision_systemConfig.cmake\n'}
[1.176399] (unified_vision_system) StdoutLine: {'line': b'-- Installing: /workspace/install/unified_vision_system/share/unified_vision_system/cmake/unified_vision_systemConfig-version.cmake\n'}
[1.176537] (unified_vision_system) StdoutLine: {'line': b'-- Up-to-date: /workspace/install/unified_vision_system/share/unified_vision_system/package.xml\n'}
[1.178190] (unified_vision_system) CommandEnded: {'returncode': 0}
[1.190804] (unified_vision_system) JobEnded: {'identifier': 'unified_vision_system', 'rc': 0}
[1.191192] (-) EventReactorShutdown: {}
