CMake Deprecation Warning at CMakeLists.txt:3 (cmake_minimum_required):
  Compatibility with CMake < 3.10 will be removed from a future version of
  CMake.

  Update the VERSION argument <min> value.  Or, use the <min>...<max> syntax
  to tell CMake that the project requires at least <min> but has been updated
  to work with policies introduced by <max> or earlier.


-- Found ament_cmake: 1.3.12 (/opt/ros/humble/share/ament_cmake/cmake)
-- Override CMake install command with custom implementation using symlinks instead of copying resources
-- Found hardware_interface: 2.51.0 (/opt/ros/humble/share/hardware_interface/cmake)
-- Found rosidl_generator_c: 3.1.7 (/opt/ros/humble/share/rosidl_generator_c/cmake)
-- Found rosidl_adapter: 3.1.7 (/opt/ros/humble/share/rosidl_adapter/cmake)
-- Found rosidl_generator_cpp: 3.1.7 (/opt/ros/humble/share/rosidl_generator_cpp/cmake)
-- Using all available rosidl_typesupport_c: rosidl_typesupport_fastrtps_c;rosidl_typesupport_introspection_c
-- Using all available rosidl_typesupport_cpp: rosidl_typesupport_fastrtps_cpp;rosidl_typesupport_introspection_cpp
CMake Error at /opt/ros/humble/share/class_loader/cmake/ament_cmake_export_dependencies-extras.cmake:21 (find_package):
  By not providing "Findconsole_bridge.cmake" in CMAKE_MODULE_PATH this
  project has asked CMake to find a package configuration file provided by
  "console_bridge", but CMake did not find one.

  Could not find a package configuration file provided by "console_bridge"
  with any of the following names:

    console_bridgeConfig.cmake
    console_bridge-config.cmake

  Add the installation prefix of "console_bridge" to CMAKE_PREFIX_PATH or set
  "console_bridge_DIR" to a directory containing one of the above files.  If
  "console_bridge" provides a separate development package or SDK, be sure it
  has been installed.
Call Stack (most recent call first):
  /opt/ros/humble/share/class_loader/cmake/class_loaderConfig.cmake:41 (include)
  /opt/ros/humble/share/pluginlib/cmake/ament_cmake_export_dependencies-extras.cmake:21 (find_package)
  /opt/ros/humble/share/pluginlib/cmake/pluginlibConfig.cmake:41 (include)
  /opt/ros/humble/share/hardware_interface/cmake/ament_cmake_export_dependencies-extras.cmake:21 (find_package)
  /opt/ros/humble/share/hardware_interface/cmake/hardware_interfaceConfig.cmake:41 (include)
  CMakeLists.txt:14 (find_package)


-- Configuring incomplete, errors occurred!
