CMake Deprecation Warning at CMakeLists.txt:1 (cmake_minimum_required):
  Compatibility with CMake < 3.10 will be removed from a future version of
  CMake.

  Update the VERSION argument <min> value.  Or, use the <min>...<max> syntax
  to tell CMake that the project requires at least <min> but has been updated
  to work with policies introduced by <max> or earlier.


-- Found ament_cmake: 1.3.12 (/opt/ros/humble/share/ament_cmake/cmake)
-- Found xacro: 2.0.13 (/opt/ros/humble/share/xacro/cmake)
-- Configuring done (0.2s)
-- Generating done (0.0s)
-- Build files have been written to: /home/ur5e_user/workspace/build/robotiq_2f_85_gripper_visualization
-- Install configuration: ""
-- Up-to-date: /home/ur5e_user/workspace/install/robotiq_2f_85_gripper_visualization/share/robotiq_2f_85_gripper_visualization/meshes
-- Up-to-date: /home/ur5e_user/workspace/install/robotiq_2f_85_gripper_visualization/share/robotiq_2f_85_gripper_visualization/meshes/collision
-- Up-to-date: /home/ur5e_user/workspace/install/robotiq_2f_85_gripper_visualization/share/robotiq_2f_85_gripper_visualization/meshes/collision/robotiq_arg2f_85_outer_knuckle.dae
-- Up-to-date: /home/ur5e_user/workspace/install/robotiq_2f_85_gripper_visualization/share/robotiq_2f_85_gripper_visualization/meshes/collision/robotiq_arg2f_85_base_link.stl
-- Up-to-date: /home/ur5e_user/workspace/install/robotiq_2f_85_gripper_visualization/share/robotiq_2f_85_gripper_visualization/meshes/collision/robotiq_arg2f_85_outer_finger.dae
-- Up-to-date: /home/ur5e_user/workspace/install/robotiq_2f_85_gripper_visualization/share/robotiq_2f_85_gripper_visualization/meshes/collision/robotiq_arg2f_85_inner_knuckle.dae
-- Up-to-date: /home/ur5e_user/workspace/install/robotiq_2f_85_gripper_visualization/share/robotiq_2f_85_gripper_visualization/meshes/collision/robotiq_arg2f_85_inner_finger.dae
-- Up-to-date: /home/ur5e_user/workspace/install/robotiq_2f_85_gripper_visualization/share/robotiq_2f_85_gripper_visualization/meshes/collision/robotiq_arg2f_base_link.stl
-- Up-to-date: /home/ur5e_user/workspace/install/robotiq_2f_85_gripper_visualization/share/robotiq_2f_85_gripper_visualization/meshes/visual
-- Up-to-date: /home/ur5e_user/workspace/install/robotiq_2f_85_gripper_visualization/share/robotiq_2f_85_gripper_visualization/meshes/visual/robotiq_gripper_coupling.stl
-- Up-to-date: /home/ur5e_user/workspace/install/robotiq_2f_85_gripper_visualization/share/robotiq_2f_85_gripper_visualization/meshes/visual/robotiq_arg2f_85_outer_knuckle.dae
-- Up-to-date: /home/ur5e_user/workspace/install/robotiq_2f_85_gripper_visualization/share/robotiq_2f_85_gripper_visualization/meshes/visual/robotiq_arg2f_85_outer_finger.dae
-- Up-to-date: /home/ur5e_user/workspace/install/robotiq_2f_85_gripper_visualization/share/robotiq_2f_85_gripper_visualization/meshes/visual/robotiq_arg2f_85_inner_knuckle.dae
-- Up-to-date: /home/ur5e_user/workspace/install/robotiq_2f_85_gripper_visualization/share/robotiq_2f_85_gripper_visualization/meshes/visual/robotiq_arg2f_85_base_link.dae
-- Up-to-date: /home/ur5e_user/workspace/install/robotiq_2f_85_gripper_visualization/share/robotiq_2f_85_gripper_visualization/meshes/visual/robotiq_arg2f_85_inner_finger.dae
-- Up-to-date: /home/ur5e_user/workspace/install/robotiq_2f_85_gripper_visualization/share/robotiq_2f_85_gripper_visualization/meshes/visual/robotiq_arg2f_85_pad.dae
-- Up-to-date: /home/ur5e_user/workspace/install/robotiq_2f_85_gripper_visualization/share/robotiq_2f_85_gripper_visualization/urdf
-- Up-to-date: /home/ur5e_user/workspace/install/robotiq_2f_85_gripper_visualization/share/robotiq_2f_85_gripper_visualization/urdf/robotiq_arg2f_85_model.xacro
-- Up-to-date: /home/ur5e_user/workspace/install/robotiq_2f_85_gripper_visualization/share/robotiq_2f_85_gripper_visualization/urdf/robotiq_arg2f_85_model_macro.xacro
-- Up-to-date: /home/ur5e_user/workspace/install/robotiq_2f_85_gripper_visualization/share/robotiq_2f_85_gripper_visualization/urdf/robotiq_arg2f.xacro
-- Up-to-date: /home/ur5e_user/workspace/install/robotiq_2f_85_gripper_visualization/share/robotiq_2f_85_gripper_visualization/urdf/robotiq_arg2f_transmission.xacro
-- Up-to-date: /home/ur5e_user/workspace/install/robotiq_2f_85_gripper_visualization/share/robotiq_2f_85_gripper_visualization/launch
-- Up-to-date: /home/ur5e_user/workspace/install/robotiq_2f_85_gripper_visualization/share/robotiq_2f_85_gripper_visualization/launch/test_2f_85_model.launch
-- Up-to-date: /home/ur5e_user/workspace/install/robotiq_2f_85_gripper_visualization/share/ament_index/resource_index/package_run_dependencies/robotiq_2f_85_gripper_visualization
-- Installing: /home/ur5e_user/workspace/install/robotiq_2f_85_gripper_visualization/share/ament_index/resource_index/parent_prefix_path/robotiq_2f_85_gripper_visualization
-- Up-to-date: /home/ur5e_user/workspace/install/robotiq_2f_85_gripper_visualization/share/robotiq_2f_85_gripper_visualization/environment/ament_prefix_path.sh
-- Installing: /home/ur5e_user/workspace/install/robotiq_2f_85_gripper_visualization/share/robotiq_2f_85_gripper_visualization/environment/ament_prefix_path.dsv
-- Up-to-date: /home/ur5e_user/workspace/install/robotiq_2f_85_gripper_visualization/share/robotiq_2f_85_gripper_visualization/environment/path.sh
-- Installing: /home/ur5e_user/workspace/install/robotiq_2f_85_gripper_visualization/share/robotiq_2f_85_gripper_visualization/environment/path.dsv
-- Up-to-date: /home/ur5e_user/workspace/install/robotiq_2f_85_gripper_visualization/share/robotiq_2f_85_gripper_visualization/local_setup.bash
-- Up-to-date: /home/ur5e_user/workspace/install/robotiq_2f_85_gripper_visualization/share/robotiq_2f_85_gripper_visualization/local_setup.sh
-- Up-to-date: /home/ur5e_user/workspace/install/robotiq_2f_85_gripper_visualization/share/robotiq_2f_85_gripper_visualization/local_setup.zsh
-- Installing: /home/ur5e_user/workspace/install/robotiq_2f_85_gripper_visualization/share/robotiq_2f_85_gripper_visualization/local_setup.dsv
-- Installing: /home/ur5e_user/workspace/install/robotiq_2f_85_gripper_visualization/share/robotiq_2f_85_gripper_visualization/package.dsv
-- Up-to-date: /home/ur5e_user/workspace/install/robotiq_2f_85_gripper_visualization/share/ament_index/resource_index/packages/robotiq_2f_85_gripper_visualization
-- Up-to-date: /home/ur5e_user/workspace/install/robotiq_2f_85_gripper_visualization/share/robotiq_2f_85_gripper_visualization/cmake/robotiq_2f_85_gripper_visualizationConfig.cmake
-- Up-to-date: /home/ur5e_user/workspace/install/robotiq_2f_85_gripper_visualization/share/robotiq_2f_85_gripper_visualization/cmake/robotiq_2f_85_gripper_visualizationConfig-version.cmake
-- Up-to-date: /home/ur5e_user/workspace/install/robotiq_2f_85_gripper_visualization/share/robotiq_2f_85_gripper_visualization/package.xml
