[0.008s] Invoking command in '/home/ur5e_user/workspace/build/robotiq_2f_85_gripper_visualization': CONDA_PROMPT_MODIFIER=(ur5e_vlm_environment) /opt/miniconda3/envs/ur5e_vlm_environment/bin/cmake /home/ur5e_user/workspace/src/robotiq_2f_85_gripper_visualization -DCATKIN_INSTALL_INTO_PREFIX_ROOT=0 -DCMAKE_INSTALL_PREFIX=/home/ur5e_user/workspace/install/robotiq_2f_85_gripper_visualization
[0.015s] CMake Deprecation Warning at CMakeLists.txt:1 (cmake_minimum_required):
[0.015s]   Compatibility with CMake < 3.10 will be removed from a future version of
[0.016s]   CMake.
[0.016s] 
[0.016s]   Update the VERSION argument <min> value.  Or, use the <min>...<max> syntax
[0.016s]   to tell CMake that the project requires at least <min> but has been updated
[0.016s]   to work with policies introduced by <max> or earlier.
[0.016s] 
[0.016s] 
[0.020s] -- Found ament_cmake: 1.3.12 (/opt/ros/humble/share/ament_cmake/cmake)
[0.147s] -- Found xacro: 2.0.13 (/opt/ros/humble/share/xacro/cmake)
[0.205s] -- Configuring done (0.2s)
[0.208s] -- Generating done (0.0s)
[0.208s] -- Build files have been written to: /home/ur5e_user/workspace/build/robotiq_2f_85_gripper_visualization
[0.211s] Invoked command in '/home/ur5e_user/workspace/build/robotiq_2f_85_gripper_visualization' returned '0': CONDA_PROMPT_MODIFIER=(ur5e_vlm_environment) /opt/miniconda3/envs/ur5e_vlm_environment/bin/cmake /home/ur5e_user/workspace/src/robotiq_2f_85_gripper_visualization -DCATKIN_INSTALL_INTO_PREFIX_ROOT=0 -DCMAKE_INSTALL_PREFIX=/home/ur5e_user/workspace/install/robotiq_2f_85_gripper_visualization
[0.213s] Invoking command in '/home/ur5e_user/workspace/build/robotiq_2f_85_gripper_visualization': CONDA_PROMPT_MODIFIER=(ur5e_vlm_environment) /opt/miniconda3/envs/ur5e_vlm_environment/bin/cmake --build /home/ur5e_user/workspace/build/robotiq_2f_85_gripper_visualization -- -j12 -l12
[0.237s] Invoked command in '/home/ur5e_user/workspace/build/robotiq_2f_85_gripper_visualization' returned '0': CONDA_PROMPT_MODIFIER=(ur5e_vlm_environment) /opt/miniconda3/envs/ur5e_vlm_environment/bin/cmake --build /home/ur5e_user/workspace/build/robotiq_2f_85_gripper_visualization -- -j12 -l12
[0.244s] Invoking command in '/home/ur5e_user/workspace/build/robotiq_2f_85_gripper_visualization': CONDA_PROMPT_MODIFIER=(ur5e_vlm_environment) /opt/miniconda3/envs/ur5e_vlm_environment/bin/cmake --install /home/ur5e_user/workspace/build/robotiq_2f_85_gripper_visualization
[0.249s] -- Install configuration: ""
[0.249s] -- Up-to-date: /home/ur5e_user/workspace/install/robotiq_2f_85_gripper_visualization/share/robotiq_2f_85_gripper_visualization/meshes
[0.249s] -- Up-to-date: /home/ur5e_user/workspace/install/robotiq_2f_85_gripper_visualization/share/robotiq_2f_85_gripper_visualization/meshes/collision
[0.249s] -- Up-to-date: /home/ur5e_user/workspace/install/robotiq_2f_85_gripper_visualization/share/robotiq_2f_85_gripper_visualization/meshes/collision/robotiq_arg2f_85_outer_knuckle.dae
[0.249s] -- Up-to-date: /home/ur5e_user/workspace/install/robotiq_2f_85_gripper_visualization/share/robotiq_2f_85_gripper_visualization/meshes/collision/robotiq_arg2f_85_base_link.stl
[0.249s] -- Up-to-date: /home/ur5e_user/workspace/install/robotiq_2f_85_gripper_visualization/share/robotiq_2f_85_gripper_visualization/meshes/collision/robotiq_arg2f_85_outer_finger.dae
[0.249s] -- Up-to-date: /home/ur5e_user/workspace/install/robotiq_2f_85_gripper_visualization/share/robotiq_2f_85_gripper_visualization/meshes/collision/robotiq_arg2f_85_inner_knuckle.dae
[0.249s] -- Up-to-date: /home/ur5e_user/workspace/install/robotiq_2f_85_gripper_visualization/share/robotiq_2f_85_gripper_visualization/meshes/collision/robotiq_arg2f_85_inner_finger.dae
[0.249s] -- Up-to-date: /home/ur5e_user/workspace/install/robotiq_2f_85_gripper_visualization/share/robotiq_2f_85_gripper_visualization/meshes/collision/robotiq_arg2f_base_link.stl
[0.249s] -- Up-to-date: /home/ur5e_user/workspace/install/robotiq_2f_85_gripper_visualization/share/robotiq_2f_85_gripper_visualization/meshes/visual
[0.250s] -- Up-to-date: /home/ur5e_user/workspace/install/robotiq_2f_85_gripper_visualization/share/robotiq_2f_85_gripper_visualization/meshes/visual/robotiq_gripper_coupling.stl
[0.250s] -- Up-to-date: /home/ur5e_user/workspace/install/robotiq_2f_85_gripper_visualization/share/robotiq_2f_85_gripper_visualization/meshes/visual/robotiq_arg2f_85_outer_knuckle.dae
[0.250s] -- Up-to-date: /home/ur5e_user/workspace/install/robotiq_2f_85_gripper_visualization/share/robotiq_2f_85_gripper_visualization/meshes/visual/robotiq_arg2f_85_outer_finger.dae
[0.250s] -- Up-to-date: /home/ur5e_user/workspace/install/robotiq_2f_85_gripper_visualization/share/robotiq_2f_85_gripper_visualization/meshes/visual/robotiq_arg2f_85_inner_knuckle.dae
[0.250s] -- Up-to-date: /home/ur5e_user/workspace/install/robotiq_2f_85_gripper_visualization/share/robotiq_2f_85_gripper_visualization/meshes/visual/robotiq_arg2f_85_base_link.dae
[0.250s] -- Up-to-date: /home/ur5e_user/workspace/install/robotiq_2f_85_gripper_visualization/share/robotiq_2f_85_gripper_visualization/meshes/visual/robotiq_arg2f_85_inner_finger.dae
[0.250s] -- Up-to-date: /home/ur5e_user/workspace/install/robotiq_2f_85_gripper_visualization/share/robotiq_2f_85_gripper_visualization/meshes/visual/robotiq_arg2f_85_pad.dae
[0.250s] -- Up-to-date: /home/ur5e_user/workspace/install/robotiq_2f_85_gripper_visualization/share/robotiq_2f_85_gripper_visualization/urdf
[0.250s] -- Up-to-date: /home/ur5e_user/workspace/install/robotiq_2f_85_gripper_visualization/share/robotiq_2f_85_gripper_visualization/urdf/robotiq_arg2f_85_model.xacro
[0.250s] -- Up-to-date: /home/ur5e_user/workspace/install/robotiq_2f_85_gripper_visualization/share/robotiq_2f_85_gripper_visualization/urdf/robotiq_arg2f_85_model_macro.xacro
[0.250s] -- Up-to-date: /home/ur5e_user/workspace/install/robotiq_2f_85_gripper_visualization/share/robotiq_2f_85_gripper_visualization/urdf/robotiq_arg2f.xacro
[0.250s] -- Up-to-date: /home/ur5e_user/workspace/install/robotiq_2f_85_gripper_visualization/share/robotiq_2f_85_gripper_visualization/urdf/robotiq_arg2f_transmission.xacro
[0.250s] -- Up-to-date: /home/ur5e_user/workspace/install/robotiq_2f_85_gripper_visualization/share/robotiq_2f_85_gripper_visualization/launch
[0.250s] -- Up-to-date: /home/ur5e_user/workspace/install/robotiq_2f_85_gripper_visualization/share/robotiq_2f_85_gripper_visualization/launch/test_2f_85_model.launch
[0.250s] -- Up-to-date: /home/ur5e_user/workspace/install/robotiq_2f_85_gripper_visualization/share/ament_index/resource_index/package_run_dependencies/robotiq_2f_85_gripper_visualization
[0.250s] -- Installing: /home/ur5e_user/workspace/install/robotiq_2f_85_gripper_visualization/share/ament_index/resource_index/parent_prefix_path/robotiq_2f_85_gripper_visualization
[0.250s] -- Up-to-date: /home/ur5e_user/workspace/install/robotiq_2f_85_gripper_visualization/share/robotiq_2f_85_gripper_visualization/environment/ament_prefix_path.sh
[0.250s] -- Installing: /home/ur5e_user/workspace/install/robotiq_2f_85_gripper_visualization/share/robotiq_2f_85_gripper_visualization/environment/ament_prefix_path.dsv
[0.250s] -- Up-to-date: /home/ur5e_user/workspace/install/robotiq_2f_85_gripper_visualization/share/robotiq_2f_85_gripper_visualization/environment/path.sh
[0.250s] -- Installing: /home/ur5e_user/workspace/install/robotiq_2f_85_gripper_visualization/share/robotiq_2f_85_gripper_visualization/environment/path.dsv
[0.250s] -- Up-to-date: /home/ur5e_user/workspace/install/robotiq_2f_85_gripper_visualization/share/robotiq_2f_85_gripper_visualization/local_setup.bash
[0.250s] -- Up-to-date: /home/ur5e_user/workspace/install/robotiq_2f_85_gripper_visualization/share/robotiq_2f_85_gripper_visualization/local_setup.sh
[0.250s] -- Up-to-date: /home/ur5e_user/workspace/install/robotiq_2f_85_gripper_visualization/share/robotiq_2f_85_gripper_visualization/local_setup.zsh
[0.250s] -- Installing: /home/ur5e_user/workspace/install/robotiq_2f_85_gripper_visualization/share/robotiq_2f_85_gripper_visualization/local_setup.dsv
[0.250s] -- Installing: /home/ur5e_user/workspace/install/robotiq_2f_85_gripper_visualization/share/robotiq_2f_85_gripper_visualization/package.dsv
[0.250s] -- Up-to-date: /home/ur5e_user/workspace/install/robotiq_2f_85_gripper_visualization/share/ament_index/resource_index/packages/robotiq_2f_85_gripper_visualization
[0.250s] -- Up-to-date: /home/ur5e_user/workspace/install/robotiq_2f_85_gripper_visualization/share/robotiq_2f_85_gripper_visualization/cmake/robotiq_2f_85_gripper_visualizationConfig.cmake
[0.250s] -- Up-to-date: /home/ur5e_user/workspace/install/robotiq_2f_85_gripper_visualization/share/robotiq_2f_85_gripper_visualization/cmake/robotiq_2f_85_gripper_visualizationConfig-version.cmake
[0.250s] -- Up-to-date: /home/ur5e_user/workspace/install/robotiq_2f_85_gripper_visualization/share/robotiq_2f_85_gripper_visualization/package.xml
[0.251s] Invoked command in '/home/ur5e_user/workspace/build/robotiq_2f_85_gripper_visualization' returned '0': CONDA_PROMPT_MODIFIER=(ur5e_vlm_environment) /opt/miniconda3/envs/ur5e_vlm_environment/bin/cmake --install /home/ur5e_user/workspace/build/robotiq_2f_85_gripper_visualization
