[0.051s] Invoking command in '/home/ur5e_user/workspace/build/ur_description': CMAKE_PREFIX_PATH=/home/ur5e_user/workspace/install/robotiq_description:/opt/ros/humble:/home/ur5e_user/workspace/install/robotiq_2f_85_gripper_visualization:/home/ur5e_user/workspace/install/unified_vision_system:/opt/miniconda3/envs/ur5e_vlm_environment:/opt/miniconda3/envs/ur5e_vlm_environment/x86_64-conda-linux-gnu/sysroot/usr CONDA_PROMPT_MODIFIER=(ur5e_vlm_environment) /opt/miniconda3/envs/ur5e_vlm_environment/bin/cmake /home/ur5e_user/workspace/Universal_Robots_ROS2_Description -DAMENT_CMAKE_SYMLINK_INSTALL=1 -DCMAKE_INSTALL_PREFIX=/home/ur5e_user/workspace/install/ur_description
[0.075s] [0mCMake Deprecation Warning at CMakeLists.txt:1 (cmake_minimum_required):
[0.075s]   Compatibility with CMake < 3.10 will be removed from a future version of
[0.075s]   CMake.
[0.075s] 
[0.075s]   Update the VERSION argument <min> value.  Or, use the <min>...<max> syntax
[0.075s]   to tell CMake that the project requires at least <min> but has been updated
[0.075s]   to work with policies introduced by <max> or earlier.
[0.075s] 
[0.075s] [0m
[0.146s] -- The C compiler identification is GNU 15.1.0
[0.341s] -- The CXX compiler identification is GNU 15.1.0
[0.352s] -- Detecting C compiler ABI info
[0.454s] -- Detecting C compiler ABI info - done
[0.470s] -- Check for working C compiler: /opt/miniconda3/envs/ur5e_vlm_environment/bin/x86_64-conda-linux-gnu-cc - skipped
[0.470s] -- Detecting C compile features
[0.470s] -- Detecting C compile features - done
[0.485s] -- Detecting CXX compiler ABI info
[0.576s] -- Detecting CXX compiler ABI info - done
[0.597s] -- Check for working CXX compiler: /opt/miniconda3/envs/ur5e_vlm_environment/bin/x86_64-conda-linux-gnu-c++ - skipped
[0.598s] -- Detecting CXX compile features
[0.598s] -- Detecting CXX compile features - done
[0.609s] -- Found ament_cmake: 1.3.12 (/opt/ros/humble/share/ament_cmake/cmake)
[0.703s] -- Found Python3: /opt/miniconda3/envs/ur5e_vlm_environment/bin/python3 (found version "3.11.13") found components: Interpreter
[0.768s] -- Override CMake install command with custom implementation using symlinks instead of copying resources
[0.818s] -- Found ament_cmake_pytest: 1.3.12 (/opt/ros/humble/share/ament_cmake_pytest/cmake)
[3.640s] -- Configuring done (3.6s)
[3.643s] -- Generating done (0.0s)
[3.644s] -- Build files have been written to: /home/ur5e_user/workspace/build/ur_description
