[0.007s] Invoking command in '/workspace/build/robotiq_driver': AMENT_PREFIX_PATH=/workspace/install/serial:${AMENT_PREFIX_PATH} CMAKE_PREFIX_PATH=/workspace/install/serial:/opt/ros/humble LD_LIBRARY_PATH=/workspace/install/serial/lib:${LD_LIBRARY_PATH} /usr/bin/cmake /workspace/src/ros2_robotiq_gripper/robotiq_driver -DAMENT_CMAKE_SYMLINK_INSTALL=1 -DCMAKE_INSTALL_PREFIX=/workspace/install/robotiq_driver
[0.061s] -- The CXX compiler identification is GNU 11.4.0
[0.067s] -- Detecting CXX compiler ABI info
[0.131s] -- Detecting CXX compiler ABI info - done
[0.135s] -- Check for working CXX compiler: /usr/bin/c++ - skipped
[0.135s] -- Detecting CXX compile features
[0.136s] -- Detecting CXX compile features - done
[0.140s] -- Found ament_cmake: 1.3.12 (/opt/ros/humble/share/ament_cmake/cmake)
[0.366s] -- Found Python3: /opt/miniconda3/bin/python3 (found version "3.11.5") found components: Interpreter 
[0.414s] -- Override CMake install command with custom implementation using symlinks instead of copying resources
[0.443s] -- Found hardware_interface: 2.51.0 (/opt/ros/humble/share/hardware_interface/cmake)
[0.479s] -- Found rosidl_generator_c: 3.1.7 (/opt/ros/humble/share/rosidl_generator_c/cmake)
[0.484s] -- Found rosidl_adapter: 3.1.7 (/opt/ros/humble/share/rosidl_adapter/cmake)
[0.492s] -- Found rosidl_generator_cpp: 3.1.7 (/opt/ros/humble/share/rosidl_generator_cpp/cmake)
[0.501s] -- Using all available rosidl_typesupport_c: rosidl_typesupport_fastrtps_c;rosidl_typesupport_introspection_c
[0.514s] -- Using all available rosidl_typesupport_cpp: rosidl_typesupport_fastrtps_cpp;rosidl_typesupport_introspection_cpp
[0.677s] -- Found rmw_implementation_cmake: 6.1.2 (/opt/ros/humble/share/rmw_implementation_cmake/cmake)
[0.680s] -- Found rmw_fastrtps_cpp: 6.2.8 (/opt/ros/humble/share/rmw_fastrtps_cpp/cmake)
[0.702s] -- Found TinyXML2 via Config file: TinyXML2_DIR-NOTFOUND
[0.753s] -- Found OpenSSL: /usr/lib/x86_64-linux-gnu/libcrypto.so (found version "3.0.2")  
[0.755s] -- Found TinyXML2 via Config file: TinyXML2_DIR-NOTFOUND
[0.769s] -- Found FastRTPS: /opt/ros/humble/include  
[0.772s] -- Found TinyXML2 via Config file: TinyXML2_DIR-NOTFOUND
[0.780s] -- Found TinyXML2 via Config file: TinyXML2_DIR-NOTFOUND
[0.789s] -- Using RMW implementation 'rmw_fastrtps_cpp' as default
[0.801s] -- Looking for C++ include pthread.h
[0.871s] -- Looking for C++ include pthread.h - found
[0.871s] -- Performing Test CMAKE_HAVE_LIBC_PTHREAD
[0.941s] -- Performing Test CMAKE_HAVE_LIBC_PTHREAD - Success
[0.942s] -- Found Threads: TRUE  
[0.976s] -- Found serial: 1.2.1 (/workspace/install/serial/share/serial/cmake)
[0.994s] -- Found ament_cmake_gtest: 1.3.12 (/opt/ros/humble/share/ament_cmake_gtest/cmake)
[0.998s] -- Found ament_cmake_gmock: 1.3.12 (/opt/ros/humble/share/ament_cmake_gmock/cmake)
[1.001s] -- Found ament_lint_auto: 0.12.14 (/opt/ros/humble/share/ament_lint_auto/cmake)
[1.008s] -- Found ros2_control_test_assets: 2.51.0 (/opt/ros/humble/share/ros2_control_test_assets/cmake)
[1.131s] -- Found gmock sources under '/opt/ros/humble/src/gmock_vendor': C++ tests using 'Google Mock' will be built
[1.166s] -- The C compiler identification is GNU 11.4.0
[1.172s] -- Detecting C compiler ABI info
[1.234s] -- Detecting C compiler ABI info - done
[1.238s] -- Check for working C compiler: /usr/bin/cc - skipped
[1.238s] -- Detecting C compile features
[1.238s] -- Detecting C compile features - done
[1.243s] -- Found gtest sources under '/opt/ros/humble/src/gtest_vendor': C++ tests using 'Google Test' will be built
[1.310s] -- Configuring done
[1.426s] -- Generating done
[1.442s] -- Build files have been written to: /workspace/build/robotiq_driver
[1.456s] Invoked command in '/workspace/build/robotiq_driver' returned '0': AMENT_PREFIX_PATH=/workspace/install/serial:${AMENT_PREFIX_PATH} CMAKE_PREFIX_PATH=/workspace/install/serial:/opt/ros/humble LD_LIBRARY_PATH=/workspace/install/serial/lib:${LD_LIBRARY_PATH} /usr/bin/cmake /workspace/src/ros2_robotiq_gripper/robotiq_driver -DAMENT_CMAKE_SYMLINK_INSTALL=1 -DCMAKE_INSTALL_PREFIX=/workspace/install/robotiq_driver
[1.457s] Invoking command in '/workspace/build/robotiq_driver': AMENT_PREFIX_PATH=/workspace/install/serial:${AMENT_PREFIX_PATH} CMAKE_PREFIX_PATH=/workspace/install/serial:/opt/ros/humble LD_LIBRARY_PATH=/workspace/install/serial/lib:${LD_LIBRARY_PATH} /usr/bin/cmake --build /workspace/build/robotiq_driver -- -j12 -l12
[1.508s] [  8%] Building CXX object gmock/CMakeFiles/gmock.dir/src/gmock-all.cc.o
[1.508s] [ 16%] Building CXX object CMakeFiles/robotiq_driver.dir/src/default_driver_factory.cpp.o
[1.509s] [ 16%] Building CXX object gmock/CMakeFiles/gmock_main.dir/src/gmock_main.cc.o
[1.510s] [ 20%] Building CXX object CMakeFiles/robotiq_driver.dir/src/crc_utils.cpp.o
[1.510s] [ 29%] Building CXX object CMakeFiles/robotiq_driver.dir/src/hardware_interface.cpp.o
[1.510s] [ 29%] Building CXX object CMakeFiles/robotiq_driver.dir/src/data_utils.cpp.o
[1.510s] [ 33%] Building CXX object CMakeFiles/robotiq_driver.dir/src/fake/fake_driver.cpp.o
[1.510s] [  8%] Building CXX object gmock/CMakeFiles/gmock.dir/opt/ros/humble/src/gtest_vendor/src/gtest-all.cc.o
[1.510s] [ 37%] Building CXX object CMakeFiles/robotiq_driver.dir/src/default_driver.cpp.o
[1.512s] [ 41%] Building CXX object CMakeFiles/robotiq_driver.dir/src/default_serial.cpp.o
[1.516s] [ 45%] Building CXX object CMakeFiles/robotiq_driver.dir/src/default_serial_factory.cpp.o
[2.700s] [ 50%] Linking CXX static library libgmock_main.a
[2.740s] [ 50%] Built target gmock_main
[4.044s] In file included from /opt/ros/humble/include/rclcpp/rclcpp/logging.hpp:24,
[4.045s]                  from /opt/ros/humble/include/rclcpp/rclcpp/client.hpp:40,
[4.045s]                  from /opt/ros/humble/include/rclcpp/rclcpp/callback_group.hpp:24,
[4.045s]                  from /opt/ros/humble/include/rclcpp/rclcpp/any_executable.hpp:20,
[4.045s]                  from /opt/ros/humble/include/rclcpp/rclcpp/memory_strategy.hpp:25,
[4.045s]                  from /opt/ros/humble/include/rclcpp/rclcpp/memory_strategies.hpp:18,
[4.045s]                  from /opt/ros/humble/include/rclcpp/rclcpp/executor_options.hpp:20,
[4.045s]                  from /opt/ros/humble/include/rclcpp/rclcpp/executor.hpp:37,
[4.045s]                  from /opt/ros/humble/include/rclcpp/rclcpp/executors/multi_threaded_executor.hpp:25,
[4.045s]                  from /opt/ros/humble/include/rclcpp/rclcpp/executors.hpp:21,
[4.045s]                  from /opt/ros/humble/include/rclcpp/rclcpp/rclcpp.hpp:155,
[4.045s]                  from /workspace/src/ros2_robotiq_gripper/robotiq_driver/include/robotiq_driver/hardware_interface.hpp:48,
[4.045s]                  from /workspace/src/ros2_robotiq_gripper/robotiq_driver/src/hardware_interface.cpp:36:
[4.045s] /workspace/src/ros2_robotiq_gripper/robotiq_driver/src/hardware_interface.cpp: In member function ‘virtual hardware_interface::CallbackReturn robotiq_driver::RobotiqGripperHardwareInterface::on_init(const hardware_interface::HardwareInfo&)’:
[4.045s] /workspace/src/ros2_robotiq_gripper/robotiq_driver/src/hardware_interface.cpp:108:27: warning: too many arguments for format [-Wformat-extra-args]
[4.045s]   108 |     RCLCPP_FATAL(kLogger, "Joint '%s' has does not have expected '%s' interface.", joint.name.c_str(),
[4.045s]       |                           ^~~~~~~~~~~~~~~~~~~~~~~~~~~~~~~~~~~~~~~~~~~~~~~~~~~~~~~
[4.390s] [ 54%] Linking CXX static library libgmock.a
[4.450s] [ 54%] Built target gmock
[4.882s] [ 58%] Linking CXX shared library librobotiq_driver.so
[5.025s] [ 58%] Built target robotiq_driver
[5.043s] [ 79%] Building CXX object tests/CMakeFiles/test_data_utils.dir/test_data_utils.cpp.o
[5.043s] [ 79%] Building CXX object tests/CMakeFiles/test_crc_utils.dir/test_crc_utils.cpp.o
[5.043s] [ 79%] Building CXX object tests/CMakeFiles/test_default_driver_factory.dir/test_default_driver_factory.cpp.o
[5.043s] [ 79%] Building CXX object tests/CMakeFiles/test_robotiq_gripper_hardware_interface.dir/test_robotiq_gripper_hardware_interface.cpp.o
[5.043s] [ 79%] Building CXX object tests/CMakeFiles/test_default_serial_factory.dir/test_default_serial_factory.cpp.o
[5.803s] [ 83%] Linking CXX executable test_crc_utils
[5.838s] [ 87%] Linking CXX executable test_data_utils
[6.023s] [ 87%] Built target test_crc_utils
[6.054s] [ 87%] Built target test_data_utils
[6.896s] [ 91%] Linking CXX executable test_default_serial_factory
[7.147s] [ 91%] Built target test_default_serial_factory
[7.989s] [ 95%] Linking CXX executable test_robotiq_gripper_hardware_interface
[8.152s] [ 95%] Built target test_robotiq_gripper_hardware_interface
[8.298s] [100%] Linking CXX executable test_default_driver_factory
[8.503s] [100%] Built target test_default_driver_factory
[8.512s] Invoked command in '/workspace/build/robotiq_driver' returned '0': AMENT_PREFIX_PATH=/workspace/install/serial:${AMENT_PREFIX_PATH} CMAKE_PREFIX_PATH=/workspace/install/serial:/opt/ros/humble LD_LIBRARY_PATH=/workspace/install/serial/lib:${LD_LIBRARY_PATH} /usr/bin/cmake --build /workspace/build/robotiq_driver -- -j12 -l12
[8.513s] Invoking command in '/workspace/build/robotiq_driver': AMENT_PREFIX_PATH=/workspace/install/serial:${AMENT_PREFIX_PATH} CMAKE_PREFIX_PATH=/workspace/install/serial:/opt/ros/humble LD_LIBRARY_PATH=/workspace/install/serial/lib:${LD_LIBRARY_PATH} /usr/bin/cmake --install /workspace/build/robotiq_driver
[8.519s] -- Install configuration: ""
[8.519s] -- Execute custom install script
[8.519s] -- Symlinking: /workspace/install/robotiq_driver/share/robotiq_driver//hardware_interface_plugin.xml
[8.528s] -- Symlinking: /workspace/install/robotiq_driver/share/robotiq_driver/environment/library_path.sh
[8.536s] -- Symlinking: /workspace/install/robotiq_driver/share/robotiq_driver/environment/library_path.dsv
[8.543s] -- Symlinking: /workspace/install/robotiq_driver/include/robotiq_driver/crc_utils.hpp
[8.550s] -- Symlinking: /workspace/install/robotiq_driver/include/robotiq_driver/data_utils.hpp
[8.557s] -- Symlinking: /workspace/install/robotiq_driver/include/robotiq_driver/default_driver.hpp
[8.564s] -- Symlinking: /workspace/install/robotiq_driver/include/robotiq_driver/default_driver_factory.hpp
[8.572s] -- Symlinking: /workspace/install/robotiq_driver/include/robotiq_driver/default_serial.hpp
[8.579s] -- Symlinking: /workspace/install/robotiq_driver/include/robotiq_driver/default_serial_factory.hpp
[8.587s] -- Symlinking: /workspace/install/robotiq_driver/include/robotiq_driver/driver.hpp
[8.594s] -- Symlinking: /workspace/install/robotiq_driver/include/robotiq_driver/driver_exception.hpp
[8.602s] -- Symlinking: /workspace/install/robotiq_driver/include/robotiq_driver/driver_factory.hpp
[8.610s] -- Symlinking: /workspace/install/robotiq_driver/include/robotiq_driver/fake/fake_driver.hpp
[8.618s] -- Symlinking: /workspace/install/robotiq_driver/include/robotiq_driver/hardware_interface.hpp
[8.626s] -- Symlinking: /workspace/install/robotiq_driver/include/robotiq_driver/serial.hpp
[8.633s] -- Symlinking: /workspace/install/robotiq_driver/include/robotiq_driver/serial_factory.hpp
[8.641s] -- Symlinking: /workspace/install/robotiq_driver/include/robotiq_driver/visibility_control.hpp
[8.650s] -- Symlinking: /workspace/install/robotiq_driver/share/ament_index/resource_index/package_run_dependencies/robotiq_driver
[8.658s] -- Symlinking: /workspace/install/robotiq_driver/share/ament_index/resource_index/parent_prefix_path/robotiq_driver
[8.666s] -- Symlinking: /workspace/install/robotiq_driver/share/robotiq_driver/environment/ament_prefix_path.sh
[8.676s] -- Symlinking: /workspace/install/robotiq_driver/share/robotiq_driver/environment/ament_prefix_path.dsv
[8.682s] -- Symlinking: /workspace/install/robotiq_driver/share/robotiq_driver/environment/path.sh
[8.690s] -- Symlinking: /workspace/install/robotiq_driver/share/robotiq_driver/environment/path.dsv
[8.697s] -- Symlinking: /workspace/install/robotiq_driver/share/robotiq_driver/local_setup.bash
[8.705s] -- Symlinking: /workspace/install/robotiq_driver/share/robotiq_driver/local_setup.sh
[8.712s] -- Symlinking: /workspace/install/robotiq_driver/share/robotiq_driver/local_setup.zsh
[8.719s] -- Symlinking: /workspace/install/robotiq_driver/share/robotiq_driver/local_setup.dsv
[8.728s] -- Symlinking: /workspace/install/robotiq_driver/share/robotiq_driver/package.dsv
[8.736s] -- Symlinking: /workspace/install/robotiq_driver/share/ament_index/resource_index/packages/robotiq_driver
[8.745s] -- Symlinking: /workspace/install/robotiq_driver/share/ament_index/resource_index/hardware_interface__pluginlib__plugin/robotiq_driver
[8.753s] -- Symlinking: /workspace/install/robotiq_driver/share/robotiq_driver/cmake/ament_cmake_export_targets-extras.cmake
[8.762s] -- Symlinking: /workspace/install/robotiq_driver/share/robotiq_driver/cmake/ament_cmake_export_dependencies-extras.cmake
[8.769s] -- Symlinking: /workspace/install/robotiq_driver/share/robotiq_driver/cmake/ament_cmake_export_include_directories-extras.cmake
[8.776s] -- Symlinking: /workspace/install/robotiq_driver/share/robotiq_driver/cmake/ament_cmake_export_libraries-extras.cmake
[8.785s] -- Symlinking: /workspace/install/robotiq_driver/share/robotiq_driver/cmake/robotiq_driverConfig.cmake
[8.793s] -- Symlinking: /workspace/install/robotiq_driver/share/robotiq_driver/cmake/robotiq_driverConfig-version.cmake
[8.801s] -- Symlinking: /workspace/install/robotiq_driver/share/robotiq_driver/package.xml
[8.808s] -- Installing: /workspace/install/robotiq_driver/lib/librobotiq_driver.so
[8.810s] -- Set runtime path of "/workspace/install/robotiq_driver/lib/librobotiq_driver.so" to ""
[8.810s] -- Installing: /workspace/install/robotiq_driver/share/robotiq_driver/cmake/robotiq_driver_targetsExport.cmake
[8.810s] -- Installing: /workspace/install/robotiq_driver/share/robotiq_driver/cmake/robotiq_driver_targetsExport-noconfig.cmake
[8.812s] Invoked command in '/workspace/build/robotiq_driver' returned '0': AMENT_PREFIX_PATH=/workspace/install/serial:${AMENT_PREFIX_PATH} CMAKE_PREFIX_PATH=/workspace/install/serial:/opt/ros/humble LD_LIBRARY_PATH=/workspace/install/serial/lib:${LD_LIBRARY_PATH} /usr/bin/cmake --install /workspace/build/robotiq_driver
