[0.000000] (-) TimerEvent: {}
[0.000148] (-) JobUnselected: {'identifier': 'robotiq_controllers'}
[0.000399] (-) JobUnselected: {'identifier': 'robotiq_description'}
[0.000439] (-) JobUnselected: {'identifier': 'robotiq_driver'}
[0.000468] (-) JobUnselected: {'identifier': 'robotiq_hardware_tests'}
[0.000517] (-) JobUnselected: {'identifier': 'serial'}
[0.000546] (-) JobUnselected: {'identifier': 'ur_description'}
[0.000591] (unified_vision_system) JobQueued: {'identifier': 'unified_vision_system', 'dependencies': OrderedDict([('robotiq_description', '/workspace/install/robotiq_description'), ('ur_description', '/workspace/install/ur_description')])}
[0.000626] (unified_vision_system) JobStarted: {'identifier': 'unified_vision_system'}
[0.008108] (unified_vision_system) JobProgress: {'identifier': 'unified_vision_system', 'progress': 'cmake'}
[0.008461] (unified_vision_system) JobProgress: {'identifier': 'unified_vision_system', 'progress': 'build'}
[0.009167] (unified_vision_system) Command: {'cmd': ['/usr/bin/cmake', '--build', '/workspace/build/unified_vision_system', '--', '-j12', '-l12'], 'cwd': '/workspace/build/unified_vision_system', 'env': OrderedDict([('LIBRARY_PATH', '/usr/local/cuda/lib64/stubs'), ('MINICONDA_VERSION', 'py311_23.11.0-2'), ('NV_LIBCUBLAS_VERSION', '12.1.0.26-1'), ('NV_NVPROF_DEV_PACKAGE', 'cuda-nvprof-12-1=12.1.55-1'), ('NV_CUDA_COMPAT_PACKAGE', 'cuda-compat-12-1'), ('NV_CUDA_NSIGHT_COMPUTE_VERSION', '12.1.0-1'), ('HOSTNAME', 'ishaan-Victus-by-HP-Gaming-Laptop-16-s1xxx'), ('NVIDIA_CUDA_END_OF_LIFE', '1'), ('SHLVL', '0'), ('LD_LIBRARY_PATH', '/usr/lib/x86_64-linux-gnu/gazebo-11/plugins:/opt/ros/humble/opt/rviz_ogre_vendor/lib:/opt/ros/humble/lib/x86_64-linux-gnu:/opt/ros/humble/lib:/usr/local/nvidia/lib:/usr/local/nvidia/lib64'), ('NV_LIBNCCL_PACKAGE_VERSION', '2.17.1-1'), ('HOME', '/home/ur5e_user'), ('OLDPWD', '/workspace'), ('NV_LIBCUBLAS_DEV_VERSION', '12.1.0.26-1'), ('ROS_PYTHON_VERSION', '3'), ('NV_LIBNCCL_DEV_PACKAGE_VERSION', '2.17.1-1'), ('NV_LIBNPP_PACKAGE', 'libnpp-12-1=12.0.2.50-1'), ('CUDA_VERSION', '12.1.0'), ('NV_NVPROF_VERSION', '12.1.55-1'), ('ROS_DISTRO', 'humble'), ('NV_LIBCUBLAS_PACKAGE_NAME', 'libcublas-12-1'), ('NVIDIA_REQUIRE_CUDA', 'cuda>=12.1 brand=tesla,driver>=470,driver<471 brand=unknown,driver>=470,driver<471 brand=nvidia,driver>=470,driver<471 brand=nvidiartx,driver>=470,driver<471 brand=geforce,driver>=470,driver<471 brand=geforcertx,driver>=470,driver<471 brand=quadro,driver>=470,driver<471 brand=quadrortx,driver>=470,driver<471 brand=titan,driver>=470,driver<471 brand=titanrtx,driver>=470,driver<471 brand=tesla,driver>=525,driver<526 brand=unknown,driver>=525,driver<526 brand=nvidia,driver>=525,driver<526 brand=nvidiartx,driver>=525,driver<526 brand=geforce,driver>=525,driver<526 brand=geforcertx,driver>=525,driver<526 brand=quadro,driver>=525,driver<526 brand=quadrortx,driver>=525,driver<526 brand=titan,driver>=525,driver<526 brand=titanrtx,driver>=525,driver<526'), ('_', '/usr/bin/colcon'), ('ROS_VERSION', '2'), ('NV_LIBCUSPARSE_VERSION', '12.0.2.55-1'), ('NVIDIA_DRIVER_CAPABILITIES', 'compute,utility'), ('NV_CUDA_LIB_VERSION', '12.1.0-1'), ('NV_LIBNCCL_PACKAGE_NAME', 'libnccl2'), ('NV_NVML_DEV_VERSION', '12.1.55-1'), ('NV_LIBNPP_DEV_PACKAGE', 'libnpp-dev-12-1=12.0.2.50-1'), ('NV_CUDA_CUDART_VERSION', '12.1.55-1'), ('ROS_LOCALHOST_ONLY', '0'), ('PATH', '/opt/ros/humble/bin:/opt/miniconda3/bin:/usr/local/nvidia/bin:/usr/local/cuda/bin:/usr/local/sbin:/usr/local/bin:/usr/sbin:/usr/bin:/sbin:/bin'), ('NV_LIBCUBLAS_DEV_PACKAGE_NAME', 'libcublas-dev-12-1'), ('NV_LIBCUBLAS_PACKAGE', 'libcublas-12-1=12.1.0.26-1'), ('NVARCH', 'x86_64'), ('NV_LIBNCCL_DEV_PACKAGE_NAME', 'libnccl-dev'), ('NV_LIBCUSPARSE_DEV_VERSION', '12.0.2.55-1'), ('DISPLAY', ':1'), ('NV_LIBNCCL_PACKAGE', 'libnccl2=2.17.1-1+cuda12.1'), ('NVIDIA_PRODUCT_NAME', 'CUDA'), ('LANG', 'en_US.UTF-8'), ('RMW_IMPLEMENTATION', 'rmw_fastrtps_cpp'), ('NV_CUDA_CUDART_DEV_VERSION', '12.1.55-1'), ('ROS_DOMAIN_ID', '0'), ('AMENT_PREFIX_PATH', '/workspace/install/ur_description:/workspace/install/robotiq_description:/opt/ros/humble'), ('DEBIAN_FRONTEND', 'noninteractive'), ('NV_LIBCUBLAS_DEV_PACKAGE', 'libcublas-dev-12-1=12.1.0.26-1'), ('NV_CUDA_NSIGHT_COMPUTE_DEV_PACKAGE', 'cuda-nsight-compute-12-1=12.1.0-1'), ('NV_LIBNCCL_DEV_PACKAGE', 'libnccl-dev=2.17.1-1+cuda12.1'), ('NV_NVTX_VERSION', '12.1.66-1'), ('NV_LIBNPP_VERSION', '12.0.2.50-1'), ('PWD', '/workspace/build/unified_vision_system'), ('LC_ALL', 'en_US.UTF-8'), ('PYTHONPATH', '/opt/ros/humble/lib/python3.10/site-packages:/opt/ros/humble/local/lib/python3.10/dist-packages'), ('NVIDIA_VISIBLE_DEVICES', 'all'), ('NCCL_VERSION', '2.17.1-1'), ('TZ', 'America/Toronto'), ('COLCON', '1'), ('NV_LIBNPP_DEV_VERSION', '12.0.2.50-1'), ('CMAKE_PREFIX_PATH', '/workspace/install/ur_description:/workspace/install/robotiq_description:/opt/ros/humble')]), 'shell': False}
[0.062686] (unified_vision_system) StdoutLine: {'line': b'Built target ament_cmake_python_symlink_unified_vision_system\n'}
[0.099833] (-) TimerEvent: {}
[0.170383] (unified_vision_system) StdoutLine: {'line': b'running egg_info\n'}
[0.176216] (unified_vision_system) StdoutLine: {'line': b'writing unified_vision_system.egg-info/PKG-INFO\n'}
[0.176480] (unified_vision_system) StdoutLine: {'line': b'writing dependency_links to unified_vision_system.egg-info/dependency_links.txt\n'}
[0.176654] (unified_vision_system) StdoutLine: {'line': b'writing top-level names to unified_vision_system.egg-info/top_level.txt\n'}
[0.195781] (unified_vision_system) StdoutLine: {'line': b"reading manifest file 'unified_vision_system.egg-info/SOURCES.txt'\n"}
[0.196848] (unified_vision_system) StdoutLine: {'line': b"writing manifest file 'unified_vision_system.egg-info/SOURCES.txt'\n"}
[0.199921] (-) TimerEvent: {}
[0.218460] (unified_vision_system) StdoutLine: {'line': b'Built target ament_cmake_python_build_unified_vision_system_egg\n'}
[0.228687] (unified_vision_system) CommandEnded: {'returncode': 0}
[0.229299] (unified_vision_system) JobProgress: {'identifier': 'unified_vision_system', 'progress': 'install'}
[0.237682] (unified_vision_system) Command: {'cmd': ['/usr/bin/cmake', '--install', '/workspace/build/unified_vision_system'], 'cwd': '/workspace/build/unified_vision_system', 'env': OrderedDict([('LIBRARY_PATH', '/usr/local/cuda/lib64/stubs'), ('MINICONDA_VERSION', 'py311_23.11.0-2'), ('NV_LIBCUBLAS_VERSION', '12.1.0.26-1'), ('NV_NVPROF_DEV_PACKAGE', 'cuda-nvprof-12-1=12.1.55-1'), ('NV_CUDA_COMPAT_PACKAGE', 'cuda-compat-12-1'), ('NV_CUDA_NSIGHT_COMPUTE_VERSION', '12.1.0-1'), ('HOSTNAME', 'ishaan-Victus-by-HP-Gaming-Laptop-16-s1xxx'), ('NVIDIA_CUDA_END_OF_LIFE', '1'), ('SHLVL', '0'), ('LD_LIBRARY_PATH', '/usr/lib/x86_64-linux-gnu/gazebo-11/plugins:/opt/ros/humble/opt/rviz_ogre_vendor/lib:/opt/ros/humble/lib/x86_64-linux-gnu:/opt/ros/humble/lib:/usr/local/nvidia/lib:/usr/local/nvidia/lib64'), ('NV_LIBNCCL_PACKAGE_VERSION', '2.17.1-1'), ('HOME', '/home/ur5e_user'), ('OLDPWD', '/workspace'), ('NV_LIBCUBLAS_DEV_VERSION', '12.1.0.26-1'), ('ROS_PYTHON_VERSION', '3'), ('NV_LIBNCCL_DEV_PACKAGE_VERSION', '2.17.1-1'), ('NV_LIBNPP_PACKAGE', 'libnpp-12-1=12.0.2.50-1'), ('CUDA_VERSION', '12.1.0'), ('NV_NVPROF_VERSION', '12.1.55-1'), ('ROS_DISTRO', 'humble'), ('NV_LIBCUBLAS_PACKAGE_NAME', 'libcublas-12-1'), ('NVIDIA_REQUIRE_CUDA', 'cuda>=12.1 brand=tesla,driver>=470,driver<471 brand=unknown,driver>=470,driver<471 brand=nvidia,driver>=470,driver<471 brand=nvidiartx,driver>=470,driver<471 brand=geforce,driver>=470,driver<471 brand=geforcertx,driver>=470,driver<471 brand=quadro,driver>=470,driver<471 brand=quadrortx,driver>=470,driver<471 brand=titan,driver>=470,driver<471 brand=titanrtx,driver>=470,driver<471 brand=tesla,driver>=525,driver<526 brand=unknown,driver>=525,driver<526 brand=nvidia,driver>=525,driver<526 brand=nvidiartx,driver>=525,driver<526 brand=geforce,driver>=525,driver<526 brand=geforcertx,driver>=525,driver<526 brand=quadro,driver>=525,driver<526 brand=quadrortx,driver>=525,driver<526 brand=titan,driver>=525,driver<526 brand=titanrtx,driver>=525,driver<526'), ('_', '/usr/bin/colcon'), ('ROS_VERSION', '2'), ('NV_LIBCUSPARSE_VERSION', '12.0.2.55-1'), ('NVIDIA_DRIVER_CAPABILITIES', 'compute,utility'), ('NV_CUDA_LIB_VERSION', '12.1.0-1'), ('NV_LIBNCCL_PACKAGE_NAME', 'libnccl2'), ('NV_NVML_DEV_VERSION', '12.1.55-1'), ('NV_LIBNPP_DEV_PACKAGE', 'libnpp-dev-12-1=12.0.2.50-1'), ('NV_CUDA_CUDART_VERSION', '12.1.55-1'), ('ROS_LOCALHOST_ONLY', '0'), ('PATH', '/opt/ros/humble/bin:/opt/miniconda3/bin:/usr/local/nvidia/bin:/usr/local/cuda/bin:/usr/local/sbin:/usr/local/bin:/usr/sbin:/usr/bin:/sbin:/bin'), ('NV_LIBCUBLAS_DEV_PACKAGE_NAME', 'libcublas-dev-12-1'), ('NV_LIBCUBLAS_PACKAGE', 'libcublas-12-1=12.1.0.26-1'), ('NVARCH', 'x86_64'), ('NV_LIBNCCL_DEV_PACKAGE_NAME', 'libnccl-dev'), ('NV_LIBCUSPARSE_DEV_VERSION', '12.0.2.55-1'), ('DISPLAY', ':1'), ('NV_LIBNCCL_PACKAGE', 'libnccl2=2.17.1-1+cuda12.1'), ('NVIDIA_PRODUCT_NAME', 'CUDA'), ('LANG', 'en_US.UTF-8'), ('RMW_IMPLEMENTATION', 'rmw_fastrtps_cpp'), ('NV_CUDA_CUDART_DEV_VERSION', '12.1.55-1'), ('ROS_DOMAIN_ID', '0'), ('AMENT_PREFIX_PATH', '/workspace/install/ur_description:/workspace/install/robotiq_description:/opt/ros/humble'), ('DEBIAN_FRONTEND', 'noninteractive'), ('NV_LIBCUBLAS_DEV_PACKAGE', 'libcublas-dev-12-1=12.1.0.26-1'), ('NV_CUDA_NSIGHT_COMPUTE_DEV_PACKAGE', 'cuda-nsight-compute-12-1=12.1.0-1'), ('NV_LIBNCCL_DEV_PACKAGE', 'libnccl-dev=2.17.1-1+cuda12.1'), ('NV_NVTX_VERSION', '12.1.66-1'), ('NV_LIBNPP_VERSION', '12.0.2.50-1'), ('PWD', '/workspace/build/unified_vision_system'), ('LC_ALL', 'en_US.UTF-8'), ('PYTHONPATH', '/opt/ros/humble/lib/python3.10/site-packages:/opt/ros/humble/local/lib/python3.10/dist-packages'), ('NVIDIA_VISIBLE_DEVICES', 'all'), ('NCCL_VERSION', '2.17.1-1'), ('TZ', 'America/Toronto'), ('COLCON', '1'), ('NV_LIBNPP_DEV_VERSION', '12.0.2.50-1'), ('CMAKE_PREFIX_PATH', '/workspace/install/ur_description:/workspace/install/robotiq_description:/opt/ros/humble')]), 'shell': False}
[0.244203] (unified_vision_system) StdoutLine: {'line': b'-- Install configuration: ""\n'}
[0.244523] (unified_vision_system) StdoutLine: {'line': b'-- Execute custom install script\n'}
[0.244719] (unified_vision_system) StdoutLine: {'line': b'-- Up-to-date symlink: /workspace/install/unified_vision_system/share/unified_vision_system/environment/pythonpath.sh\n'}
[0.244796] (unified_vision_system) StdoutLine: {'line': b'-- Up-to-date symlink: /workspace/install/unified_vision_system/share/unified_vision_system/environment/pythonpath.dsv\n'}
[0.244956] (unified_vision_system) StdoutLine: {'line': b'-- Up-to-date symlink: /workspace/install/unified_vision_system/lib/python3.11/site-packages/unified_vision_system-1.0.0-py3.11.egg-info/PKG-INFO\n'}
[0.245089] (unified_vision_system) StdoutLine: {'line': b'-- Up-to-date symlink: /workspace/install/unified_vision_system/lib/python3.11/site-packages/unified_vision_system-1.0.0-py3.11.egg-info/SOURCES.txt\n'}
[0.245228] (unified_vision_system) StdoutLine: {'line': b'-- Up-to-date symlink: /workspace/install/unified_vision_system/lib/python3.11/site-packages/unified_vision_system-1.0.0-py3.11.egg-info/dependency_links.txt\n'}
[0.245285] (unified_vision_system) StdoutLine: {'line': b'-- Up-to-date symlink: /workspace/install/unified_vision_system/lib/python3.11/site-packages/unified_vision_system-1.0.0-py3.11.egg-info/top_level.txt\n'}
[0.247148] (unified_vision_system) StdoutLine: {'line': b'-- Up-to-date symlink: /workspace/install/unified_vision_system/lib/python3.11/site-packages/unified_vision_system/__init__.py\n'}
[0.247260] (unified_vision_system) StdoutLine: {'line': b'-- Up-to-date symlink: /workspace/install/unified_vision_system/lib/python3.11/site-packages/unified_vision_system/calibration/CameraCalibration.py\n'}
[0.247363] (unified_vision_system) StdoutLine: {'line': b'-- Up-to-date symlink: /workspace/install/unified_vision_system/lib/python3.11/site-packages/unified_vision_system/calibration/EyeInHandSafetyChecker.py\n'}
[0.247411] (unified_vision_system) StdoutLine: {'line': b'-- Up-to-date symlink: /workspace/install/unified_vision_system/lib/python3.11/site-packages/unified_vision_system/calibration/HandEyeCalibrator.py\n'}
[0.247503] (unified_vision_system) StdoutLine: {'line': b'-- Up-to-date symlink: /workspace/install/unified_vision_system/lib/python3.11/site-packages/unified_vision_system/calibration/__init__.py\n'}
[0.247557] (unified_vision_system) StdoutLine: {'line': b'-- Up-to-date symlink: /workspace/install/unified_vision_system/lib/python3.11/site-packages/unified_vision_system/control/HybridIKWrapper.py\n'}
[0.247690] (unified_vision_system) StdoutLine: {'line': b'-- Up-to-date symlink: /workspace/install/unified_vision_system/lib/python3.11/site-packages/unified_vision_system/control/UR30Kinematics.py\n'}
[0.247732] (unified_vision_system) StdoutLine: {'line': b'-- Up-to-date symlink: /workspace/install/unified_vision_system/lib/python3.11/site-packages/unified_vision_system/control/__init__.py\n'}
[0.247772] (unified_vision_system) StdoutLine: {'line': b'-- Up-to-date symlink: /workspace/install/unified_vision_system/lib/python3.11/site-packages/unified_vision_system/control/ur30_grasp_controller.py\n'}
[0.247892] (unified_vision_system) StdoutLine: {'line': b'-- Up-to-date symlink: /workspace/install/unified_vision_system/lib/python3.11/site-packages/unified_vision_system/control/ur30_robot_rtb.py\n'}
[0.247951] (unified_vision_system) StdoutLine: {'line': b'-- Up-to-date symlink: /workspace/install/unified_vision_system/lib/python3.11/site-packages/unified_vision_system/hri/ConstructionClarificationManager.py\n'}
[0.247994] (unified_vision_system) StdoutLine: {'line': b'-- Up-to-date symlink: /workspace/install/unified_vision_system/lib/python3.11/site-packages/unified_vision_system/hri/ConstructionRasaNLP.py\n'}
[0.248097] (unified_vision_system) StdoutLine: {'line': b'-- Up-to-date symlink: /workspace/install/unified_vision_system/lib/python3.11/site-packages/unified_vision_system/hri/ConstructionTTSManager.py\n'}
[0.248172] (unified_vision_system) StdoutLine: {'line': b'-- Up-to-date symlink: /workspace/install/unified_vision_system/lib/python3.11/site-packages/unified_vision_system/hri/EnhancedConstructionRAG.py\n'}
[0.248213] (unified_vision_system) StdoutLine: {'line': b'-- Up-to-date symlink: /workspace/install/unified_vision_system/lib/python3.11/site-packages/unified_vision_system/hri/ExperimentalController.py\n'}
[0.248252] (unified_vision_system) StdoutLine: {'line': b'-- Up-to-date symlink: /workspace/install/unified_vision_system/lib/python3.11/site-packages/unified_vision_system/hri/SpeechCommandProcessor.py\n'}
[0.248371] (unified_vision_system) StdoutLine: {'line': b'-- Up-to-date symlink: /workspace/install/unified_vision_system/lib/python3.11/site-packages/unified_vision_system/hri/__init__.py\n'}
[0.248413] (unified_vision_system) StdoutLine: {'line': b'-- Up-to-date symlink: /workspace/install/unified_vision_system/lib/python3.11/site-packages/unified_vision_system/metrics/BehavioralMetrics.py\n'}
[0.248451] (unified_vision_system) StdoutLine: {'line': b'-- Up-to-date symlink: /workspace/install/unified_vision_system/lib/python3.11/site-packages/unified_vision_system/metrics/NASATLXAssessment.py\n'}
[0.248518] (unified_vision_system) StdoutLine: {'line': b'-- Up-to-date symlink: /workspace/install/unified_vision_system/lib/python3.11/site-packages/unified_vision_system/metrics/TrustQuestionnaire.py\n'}
[0.248557] (unified_vision_system) StdoutLine: {'line': b'-- Up-to-date symlink: /workspace/install/unified_vision_system/lib/python3.11/site-packages/unified_vision_system/metrics/__init__.py\n'}
[0.248623] (unified_vision_system) StdoutLine: {'line': b'-- Up-to-date symlink: /workspace/install/unified_vision_system/lib/python3.11/site-packages/unified_vision_system/perception/DepthAwareDetector.py\n'}
[0.248660] (unified_vision_system) StdoutLine: {'line': b'-- Up-to-date symlink: /workspace/install/unified_vision_system/lib/python3.11/site-packages/unified_vision_system/perception/GraspPointDetector.py\n'}
[0.248732] (unified_vision_system) StdoutLine: {'line': b'-- Up-to-date symlink: /workspace/install/unified_vision_system/lib/python3.11/site-packages/unified_vision_system/perception/OWLViTDetector.py\n'}
[0.248816] (unified_vision_system) StdoutLine: {'line': b'-- Up-to-date symlink: /workspace/install/unified_vision_system/lib/python3.11/site-packages/unified_vision_system/perception/WorkSpaceValidator.py\n'}
[0.248862] (unified_vision_system) StdoutLine: {'line': b'-- Up-to-date symlink: /workspace/install/unified_vision_system/lib/python3.11/site-packages/unified_vision_system/perception/__init__.py\n'}
[0.248930] (unified_vision_system) StdoutLine: {'line': b'-- Up-to-date symlink: /workspace/install/unified_vision_system/lib/python3.11/site-packages/unified_vision_system/system/UnifiedVisionSystem.py\n'}
[0.248989] (unified_vision_system) StdoutLine: {'line': b'-- Up-to-date symlink: /workspace/install/unified_vision_system/lib/python3.11/site-packages/unified_vision_system/system/UnifiedVisionSystemSim.py\n'}
[0.249055] (unified_vision_system) StdoutLine: {'line': b'-- Up-to-date symlink: /workspace/install/unified_vision_system/lib/python3.11/site-packages/unified_vision_system/system/__init__.py\n'}
[0.249116] (unified_vision_system) StdoutLine: {'line': b'-- Up-to-date symlink: /workspace/install/unified_vision_system/lib/unified_vision_system/unified_vision_system_node.py\n'}
[0.249174] (unified_vision_system) StdoutLine: {'line': b'-- Up-to-date symlink: /workspace/install/unified_vision_system/lib/unified_vision_system/create_sim_calibration.py\n'}
[0.249348] (unified_vision_system) StdoutLine: {'line': b'-- Up-to-date symlink: /workspace/install/unified_vision_system/share/unified_vision_system/launch/.DS_Store\n'}
[0.249412] (unified_vision_system) StdoutLine: {'line': b'-- Up-to-date symlink: /workspace/install/unified_vision_system/share/unified_vision_system/launch/launch_gazebo_with_red_cube.py\n'}
[0.249594] (unified_vision_system) StdoutLine: {'line': b'-- Up-to-date symlink: /workspace/install/unified_vision_system/share/unified_vision_system/config/simulation_controllers.yaml\n'}
[0.249656] (unified_vision_system) StdoutLine: {'line': b'-- Up-to-date symlink: /workspace/install/unified_vision_system/share/unified_vision_system/config/simulation_controllers.yaml.sync\n'}
[0.249721] (unified_vision_system) StdoutLine: {'line': b'-- Up-to-date symlink: /workspace/install/unified_vision_system/share/unified_vision_system/config/ur30_robotiq.srdf.xacro\n'}
[0.249784] (unified_vision_system) StdoutLine: {'line': b'-- Up-to-date symlink: /workspace/install/unified_vision_system/share/unified_vision_system/config/ur30_simple_gripper.srdf.xacro\n'}
[0.249847] (unified_vision_system) StdoutLine: {'line': b'-- Up-to-date symlink: /workspace/install/unified_vision_system/share/unified_vision_system/config/ur30_vision_moveit.rviz\n'}
[0.250040] (unified_vision_system) StdoutLine: {'line': b'-- Up-to-date symlink: /workspace/install/unified_vision_system/share/unified_vision_system/urdf/.DS_Store\n'}
[0.250115] (unified_vision_system) StdoutLine: {'line': b'-- Up-to-date symlink: /workspace/install/unified_vision_system/share/unified_vision_system/urdf/simple_parallel_gripper.urdf.xacro\n'}
[0.250176] (unified_vision_system) StdoutLine: {'line': b'-- Up-to-date symlink: /workspace/install/unified_vision_system/share/unified_vision_system/urdf/ur30_camera_only.urdf.xacro\n'}
[0.250238] (unified_vision_system) StdoutLine: {'line': b'-- Up-to-date symlink: /workspace/install/unified_vision_system/share/unified_vision_system/urdf/ur30_simple_gripper_camera.urdf.xacro\n'}
[0.250295] (unified_vision_system) StdoutLine: {'line': b'-- Up-to-date symlink: /workspace/install/unified_vision_system/share/unified_vision_system/urdf/ur30_simple_gripper_realsense.urdf.xacro\n'}
[0.250439] (unified_vision_system) StdoutLine: {'line': b'-- Up-to-date symlink: /workspace/install/unified_vision_system/share/unified_vision_system/worlds/ur30_vision_world.world\n'}
[0.250564] (unified_vision_system) StdoutLine: {'line': b'-- Up-to-date symlink: /workspace/install/unified_vision_system/share/ament_index/resource_index/package_run_dependencies/unified_vision_system\n'}
[0.250658] (unified_vision_system) StdoutLine: {'line': b'-- Up-to-date symlink: /workspace/install/unified_vision_system/share/ament_index/resource_index/parent_prefix_path/unified_vision_system\n'}
[0.250765] (unified_vision_system) StdoutLine: {'line': b'-- Up-to-date symlink: /workspace/install/unified_vision_system/share/unified_vision_system/environment/ament_prefix_path.sh\n'}
[0.250846] (unified_vision_system) StdoutLine: {'line': b'-- Up-to-date symlink: /workspace/install/unified_vision_system/share/unified_vision_system/environment/ament_prefix_path.dsv\n'}
[0.250952] (unified_vision_system) StdoutLine: {'line': b'-- Up-to-date symlink: /workspace/install/unified_vision_system/share/unified_vision_system/environment/path.sh\n'}
[0.251033] (unified_vision_system) StdoutLine: {'line': b'-- Up-to-date symlink: /workspace/install/unified_vision_system/share/unified_vision_system/environment/path.dsv\n'}
[0.251111] (unified_vision_system) StdoutLine: {'line': b'-- Up-to-date symlink: /workspace/install/unified_vision_system/share/unified_vision_system/local_setup.bash\n'}
[0.251185] (unified_vision_system) StdoutLine: {'line': b'-- Up-to-date symlink: /workspace/install/unified_vision_system/share/unified_vision_system/local_setup.sh\n'}
[0.251262] (unified_vision_system) StdoutLine: {'line': b'-- Up-to-date symlink: /workspace/install/unified_vision_system/share/unified_vision_system/local_setup.zsh\n'}
[0.251338] (unified_vision_system) StdoutLine: {'line': b'-- Up-to-date symlink: /workspace/install/unified_vision_system/share/unified_vision_system/local_setup.dsv\n'}
[0.251395] (unified_vision_system) StdoutLine: {'line': b'-- Symlinking: /workspace/install/unified_vision_system/share/unified_vision_system/package.dsv\n'}
[0.261311] (unified_vision_system) StdoutLine: {'line': b'-- Up-to-date symlink: /workspace/install/unified_vision_system/share/ament_index/resource_index/packages/unified_vision_system\n'}
[0.261490] (unified_vision_system) StdoutLine: {'line': b'-- Up-to-date symlink: /workspace/install/unified_vision_system/share/unified_vision_system/cmake/ament_cmake_export_dependencies-extras.cmake\n'}
[0.261765] (unified_vision_system) StdoutLine: {'line': b'-- Up-to-date symlink: /workspace/install/unified_vision_system/share/unified_vision_system/cmake/unified_vision_systemConfig.cmake\n'}
[0.261830] (unified_vision_system) StdoutLine: {'line': b'-- Up-to-date symlink: /workspace/install/unified_vision_system/share/unified_vision_system/cmake/unified_vision_systemConfig-version.cmake\n'}
[0.261885] (unified_vision_system) StdoutLine: {'line': b'-- Up-to-date symlink: /workspace/install/unified_vision_system/share/unified_vision_system/package.xml\n'}
[0.286746] (unified_vision_system) StdoutLine: {'line': b"Listing '/workspace/install/unified_vision_system/lib/python3.11/site-packages/unified_vision_system'...\n"}
[0.286963] (unified_vision_system) StdoutLine: {'line': b"Listing '/workspace/install/unified_vision_system/lib/python3.11/site-packages/unified_vision_system/calibration'...\n"}
[0.287045] (unified_vision_system) StdoutLine: {'line': b"Listing '/workspace/install/unified_vision_system/lib/python3.11/site-packages/unified_vision_system/control'...\n"}
[0.287095] (unified_vision_system) StdoutLine: {'line': b"Listing '/workspace/install/unified_vision_system/lib/python3.11/site-packages/unified_vision_system/hri'...\n"}
[0.287135] (unified_vision_system) StdoutLine: {'line': b"Listing '/workspace/install/unified_vision_system/lib/python3.11/site-packages/unified_vision_system/metrics'...\n"}
[0.287173] (unified_vision_system) StdoutLine: {'line': b"Listing '/workspace/install/unified_vision_system/lib/python3.11/site-packages/unified_vision_system/perception'...\n"}
[0.287204] (unified_vision_system) StdoutLine: {'line': b"Listing '/workspace/install/unified_vision_system/lib/python3.11/site-packages/unified_vision_system/system'...\n"}
[0.294137] (unified_vision_system) CommandEnded: {'returncode': 0}
[0.300366] (-) TimerEvent: {}
[0.306326] (unified_vision_system) JobEnded: {'identifier': 'unified_vision_system', 'rc': 0}
[0.306692] (-) EventReactorShutdown: {}
