[0.000000] (-) TimerEvent: {}
[0.000249] (-) JobUnselected: {'identifier': 'robotiq_controllers'}
[0.000275] (-) JobUnselected: {'identifier': 'robotiq_description'}
[0.000288] (-) JobUnselected: {'identifier': 'robotiq_driver'}
[0.000299] (-) JobUnselected: {'identifier': 'robotiq_hardware_tests'}
[0.000310] (-) JobUnselected: {'identifier': 'serial'}
[0.000323] (-) JobUnselected: {'identifier': 'ur_description'}
[0.000340] (unified_vision_system) JobQueued: {'identifier': 'unified_vision_system', 'dependencies': OrderedDict([('robotiq_description', '/workspace/install/robotiq_description'), ('ur_description', '/workspace/install/ur_description')])}
[0.000669] (unified_vision_system) JobStarted: {'identifier': 'unified_vision_system'}
[0.011097] (unified_vision_system) JobProgress: {'identifier': 'unified_vision_system', 'progress': 'cmake'}
[0.011927] (unified_vision_system) JobProgress: {'identifier': 'unified_vision_system', 'progress': 'build'}
[0.012431] (unified_vision_system) Command: {'cmd': ['/usr/bin/cmake', '--build', '/workspace/build/unified_vision_system', '--', '-j12', '-l12'], 'cwd': '/workspace/build/unified_vision_system', 'env': OrderedDict([('LIBRARY_PATH', '/usr/local/cuda/lib64/stubs'), ('MINICONDA_VERSION', 'py311_23.11.0-2'), ('NV_LIBCUBLAS_VERSION', '12.1.0.26-1'), ('NV_NVPROF_DEV_PACKAGE', 'cuda-nvprof-12-1=12.1.55-1'), ('NV_CUDA_COMPAT_PACKAGE', 'cuda-compat-12-1'), ('NV_CUDA_NSIGHT_COMPUTE_VERSION', '12.1.0-1'), ('HOSTNAME', 'ishaan-Victus-by-HP-Gaming-Laptop-16-s1xxx'), ('NVIDIA_CUDA_END_OF_LIFE', '1'), ('SHLVL', '1'), ('LD_LIBRARY_PATH', '/usr/lib/x86_64-linux-gnu/gazebo-11/plugins:/opt/ros/humble/opt/rviz_ogre_vendor/lib:/opt/ros/humble/lib/x86_64-linux-gnu:/opt/ros/humble/lib:/usr/local/nvidia/lib:/usr/local/nvidia/lib64'), ('NV_LIBNCCL_PACKAGE_VERSION', '2.17.1-1'), ('HOME', '/home/ur5e_user'), ('OLDPWD', '/workspace'), ('NV_LIBCUBLAS_DEV_VERSION', '12.1.0.26-1'), ('ROS_PYTHON_VERSION', '3'), ('NV_LIBNCCL_DEV_PACKAGE_VERSION', '2.17.1-1'), ('NV_LIBNPP_PACKAGE', 'libnpp-12-1=12.0.2.50-1'), ('CUDA_VERSION', '12.1.0'), ('NV_NVPROF_VERSION', '12.1.55-1'), ('ROS_DISTRO', 'humble'), ('NV_LIBCUBLAS_PACKAGE_NAME', 'libcublas-12-1'), ('NVIDIA_REQUIRE_CUDA', 'cuda>=12.1 brand=tesla,driver>=470,driver<471 brand=unknown,driver>=470,driver<471 brand=nvidia,driver>=470,driver<471 brand=nvidiartx,driver>=470,driver<471 brand=geforce,driver>=470,driver<471 brand=geforcertx,driver>=470,driver<471 brand=quadro,driver>=470,driver<471 brand=quadrortx,driver>=470,driver<471 brand=titan,driver>=470,driver<471 brand=titanrtx,driver>=470,driver<471 brand=tesla,driver>=525,driver<526 brand=unknown,driver>=525,driver<526 brand=nvidia,driver>=525,driver<526 brand=nvidiartx,driver>=525,driver<526 brand=geforce,driver>=525,driver<526 brand=geforcertx,driver>=525,driver<526 brand=quadro,driver>=525,driver<526 brand=quadrortx,driver>=525,driver<526 brand=titan,driver>=525,driver<526 brand=titanrtx,driver>=525,driver<526'), ('_', '/usr/bin/colcon'), ('ROS_VERSION', '2'), ('NV_LIBCUSPARSE_VERSION', '12.0.2.55-1'), ('NVIDIA_DRIVER_CAPABILITIES', 'compute,utility'), ('NV_CUDA_LIB_VERSION', '12.1.0-1'), ('NV_LIBNCCL_PACKAGE_NAME', 'libnccl2'), ('NV_NVML_DEV_VERSION', '12.1.55-1'), ('NV_LIBNPP_DEV_PACKAGE', 'libnpp-dev-12-1=12.0.2.50-1'), ('NV_CUDA_CUDART_VERSION', '12.1.55-1'), ('ROS_LOCALHOST_ONLY', '0'), ('PATH', '/opt/ros/humble/bin:/opt/miniconda3/bin:/usr/local/nvidia/bin:/usr/local/cuda/bin:/usr/local/sbin:/usr/local/bin:/usr/sbin:/usr/bin:/sbin:/bin'), ('NV_LIBCUBLAS_DEV_PACKAGE_NAME', 'libcublas-dev-12-1'), ('NV_LIBCUBLAS_PACKAGE', 'libcublas-12-1=12.1.0.26-1'), ('NVARCH', 'x86_64'), ('NV_LIBNCCL_DEV_PACKAGE_NAME', 'libnccl-dev'), ('NV_LIBCUSPARSE_DEV_VERSION', '12.0.2.55-1'), ('DISPLAY', ':1'), ('NV_LIBNCCL_PACKAGE', 'libnccl2=2.17.1-1+cuda12.1'), ('NVIDIA_PRODUCT_NAME', 'CUDA'), ('LANG', 'en_US.UTF-8'), ('RMW_IMPLEMENTATION', 'rmw_fastrtps_cpp'), ('NV_CUDA_CUDART_DEV_VERSION', '12.1.55-1'), ('ROS_DOMAIN_ID', '0'), ('AMENT_PREFIX_PATH', '/workspace/install/ur_description:/workspace/install/robotiq_description:/opt/ros/humble'), ('DEBIAN_FRONTEND', 'noninteractive'), ('NV_LIBCUBLAS_DEV_PACKAGE', 'libcublas-dev-12-1=12.1.0.26-1'), ('NV_CUDA_NSIGHT_COMPUTE_DEV_PACKAGE', 'cuda-nsight-compute-12-1=12.1.0-1'), ('NV_LIBNCCL_DEV_PACKAGE', 'libnccl-dev=2.17.1-1+cuda12.1'), ('NV_NVTX_VERSION', '12.1.66-1'), ('NV_LIBNPP_VERSION', '12.0.2.50-1'), ('PWD', '/workspace/build/unified_vision_system'), ('LC_ALL', 'en_US.UTF-8'), ('PYTHONPATH', '/opt/ros/humble/lib/python3.10/site-packages:/opt/ros/humble/local/lib/python3.10/dist-packages'), ('NVIDIA_VISIBLE_DEVICES', 'all'), ('NCCL_VERSION', '2.17.1-1'), ('TZ', 'America/Toronto'), ('COLCON', '1'), ('NV_LIBNPP_DEV_VERSION', '12.0.2.50-1'), ('CMAKE_PREFIX_PATH', '/workspace/install/ur_description:/workspace/install/robotiq_description:/opt/ros/humble')]), 'shell': False}
[0.071774] (unified_vision_system) StdoutLine: {'line': b'Built target ament_cmake_python_symlink_unified_vision_system\n'}
[0.099730] (-) TimerEvent: {}
[0.199894] (unified_vision_system) StdoutLine: {'line': b'running egg_info\n'}
[0.200080] (-) TimerEvent: {}
[0.206315] (unified_vision_system) StdoutLine: {'line': b'writing unified_vision_system.egg-info/PKG-INFO\n'}
[0.206608] (unified_vision_system) StdoutLine: {'line': b'writing dependency_links to unified_vision_system.egg-info/dependency_links.txt\n'}
[0.206810] (unified_vision_system) StdoutLine: {'line': b'writing top-level names to unified_vision_system.egg-info/top_level.txt\n'}
[0.225479] (unified_vision_system) StdoutLine: {'line': b"reading manifest file 'unified_vision_system.egg-info/SOURCES.txt'\n"}
[0.226252] (unified_vision_system) StdoutLine: {'line': b"writing manifest file 'unified_vision_system.egg-info/SOURCES.txt'\n"}
[0.256822] (unified_vision_system) StdoutLine: {'line': b'Built target ament_cmake_python_build_unified_vision_system_egg\n'}
[0.269344] (unified_vision_system) CommandEnded: {'returncode': 0}
[0.269952] (unified_vision_system) JobProgress: {'identifier': 'unified_vision_system', 'progress': 'install'}
[0.278574] (unified_vision_system) Command: {'cmd': ['/usr/bin/cmake', '--install', '/workspace/build/unified_vision_system'], 'cwd': '/workspace/build/unified_vision_system', 'env': OrderedDict([('LIBRARY_PATH', '/usr/local/cuda/lib64/stubs'), ('MINICONDA_VERSION', 'py311_23.11.0-2'), ('NV_LIBCUBLAS_VERSION', '12.1.0.26-1'), ('NV_NVPROF_DEV_PACKAGE', 'cuda-nvprof-12-1=12.1.55-1'), ('NV_CUDA_COMPAT_PACKAGE', 'cuda-compat-12-1'), ('NV_CUDA_NSIGHT_COMPUTE_VERSION', '12.1.0-1'), ('HOSTNAME', 'ishaan-Victus-by-HP-Gaming-Laptop-16-s1xxx'), ('NVIDIA_CUDA_END_OF_LIFE', '1'), ('SHLVL', '1'), ('LD_LIBRARY_PATH', '/usr/lib/x86_64-linux-gnu/gazebo-11/plugins:/opt/ros/humble/opt/rviz_ogre_vendor/lib:/opt/ros/humble/lib/x86_64-linux-gnu:/opt/ros/humble/lib:/usr/local/nvidia/lib:/usr/local/nvidia/lib64'), ('NV_LIBNCCL_PACKAGE_VERSION', '2.17.1-1'), ('HOME', '/home/ur5e_user'), ('OLDPWD', '/workspace'), ('NV_LIBCUBLAS_DEV_VERSION', '12.1.0.26-1'), ('ROS_PYTHON_VERSION', '3'), ('NV_LIBNCCL_DEV_PACKAGE_VERSION', '2.17.1-1'), ('NV_LIBNPP_PACKAGE', 'libnpp-12-1=12.0.2.50-1'), ('CUDA_VERSION', '12.1.0'), ('NV_NVPROF_VERSION', '12.1.55-1'), ('ROS_DISTRO', 'humble'), ('NV_LIBCUBLAS_PACKAGE_NAME', 'libcublas-12-1'), ('NVIDIA_REQUIRE_CUDA', 'cuda>=12.1 brand=tesla,driver>=470,driver<471 brand=unknown,driver>=470,driver<471 brand=nvidia,driver>=470,driver<471 brand=nvidiartx,driver>=470,driver<471 brand=geforce,driver>=470,driver<471 brand=geforcertx,driver>=470,driver<471 brand=quadro,driver>=470,driver<471 brand=quadrortx,driver>=470,driver<471 brand=titan,driver>=470,driver<471 brand=titanrtx,driver>=470,driver<471 brand=tesla,driver>=525,driver<526 brand=unknown,driver>=525,driver<526 brand=nvidia,driver>=525,driver<526 brand=nvidiartx,driver>=525,driver<526 brand=geforce,driver>=525,driver<526 brand=geforcertx,driver>=525,driver<526 brand=quadro,driver>=525,driver<526 brand=quadrortx,driver>=525,driver<526 brand=titan,driver>=525,driver<526 brand=titanrtx,driver>=525,driver<526'), ('_', '/usr/bin/colcon'), ('ROS_VERSION', '2'), ('NV_LIBCUSPARSE_VERSION', '12.0.2.55-1'), ('NVIDIA_DRIVER_CAPABILITIES', 'compute,utility'), ('NV_CUDA_LIB_VERSION', '12.1.0-1'), ('NV_LIBNCCL_PACKAGE_NAME', 'libnccl2'), ('NV_NVML_DEV_VERSION', '12.1.55-1'), ('NV_LIBNPP_DEV_PACKAGE', 'libnpp-dev-12-1=12.0.2.50-1'), ('NV_CUDA_CUDART_VERSION', '12.1.55-1'), ('ROS_LOCALHOST_ONLY', '0'), ('PATH', '/opt/ros/humble/bin:/opt/miniconda3/bin:/usr/local/nvidia/bin:/usr/local/cuda/bin:/usr/local/sbin:/usr/local/bin:/usr/sbin:/usr/bin:/sbin:/bin'), ('NV_LIBCUBLAS_DEV_PACKAGE_NAME', 'libcublas-dev-12-1'), ('NV_LIBCUBLAS_PACKAGE', 'libcublas-12-1=12.1.0.26-1'), ('NVARCH', 'x86_64'), ('NV_LIBNCCL_DEV_PACKAGE_NAME', 'libnccl-dev'), ('NV_LIBCUSPARSE_DEV_VERSION', '12.0.2.55-1'), ('DISPLAY', ':1'), ('NV_LIBNCCL_PACKAGE', 'libnccl2=2.17.1-1+cuda12.1'), ('NVIDIA_PRODUCT_NAME', 'CUDA'), ('LANG', 'en_US.UTF-8'), ('RMW_IMPLEMENTATION', 'rmw_fastrtps_cpp'), ('NV_CUDA_CUDART_DEV_VERSION', '12.1.55-1'), ('ROS_DOMAIN_ID', '0'), ('AMENT_PREFIX_PATH', '/workspace/install/ur_description:/workspace/install/robotiq_description:/opt/ros/humble'), ('DEBIAN_FRONTEND', 'noninteractive'), ('NV_LIBCUBLAS_DEV_PACKAGE', 'libcublas-dev-12-1=12.1.0.26-1'), ('NV_CUDA_NSIGHT_COMPUTE_DEV_PACKAGE', 'cuda-nsight-compute-12-1=12.1.0-1'), ('NV_LIBNCCL_DEV_PACKAGE', 'libnccl-dev=2.17.1-1+cuda12.1'), ('NV_NVTX_VERSION', '12.1.66-1'), ('NV_LIBNPP_VERSION', '12.0.2.50-1'), ('PWD', '/workspace/build/unified_vision_system'), ('LC_ALL', 'en_US.UTF-8'), ('PYTHONPATH', '/opt/ros/humble/lib/python3.10/site-packages:/opt/ros/humble/local/lib/python3.10/dist-packages'), ('NVIDIA_VISIBLE_DEVICES', 'all'), ('NCCL_VERSION', '2.17.1-1'), ('TZ', 'America/Toronto'), ('COLCON', '1'), ('NV_LIBNPP_DEV_VERSION', '12.0.2.50-1'), ('CMAKE_PREFIX_PATH', '/workspace/install/ur_description:/workspace/install/robotiq_description:/opt/ros/humble')]), 'shell': False}
[0.285319] (unified_vision_system) StdoutLine: {'line': b'-- Install configuration: ""\n'}
[0.285634] (unified_vision_system) StdoutLine: {'line': b'-- Execute custom install script\n'}
[0.285758] (unified_vision_system) StdoutLine: {'line': b'-- Up-to-date symlink: /workspace/install/unified_vision_system/share/unified_vision_system/environment/pythonpath.sh\n'}
[0.285853] (unified_vision_system) StdoutLine: {'line': b'-- Up-to-date symlink: /workspace/install/unified_vision_system/share/unified_vision_system/environment/pythonpath.dsv\n'}
[0.286084] (unified_vision_system) StdoutLine: {'line': b'-- Up-to-date symlink: /workspace/install/unified_vision_system/lib/python3.11/site-packages/unified_vision_system-1.0.0-py3.11.egg-info/PKG-INFO\n'}
[0.286201] (unified_vision_system) StdoutLine: {'line': b'-- Up-to-date symlink: /workspace/install/unified_vision_system/lib/python3.11/site-packages/unified_vision_system-1.0.0-py3.11.egg-info/SOURCES.txt\n'}
[0.286411] (unified_vision_system) StdoutLine: {'line': b'-- Up-to-date symlink: /workspace/install/unified_vision_system/lib/python3.11/site-packages/unified_vision_system-1.0.0-py3.11.egg-info/dependency_links.txt\n'}
[0.286470] (unified_vision_system) StdoutLine: {'line': b'-- Up-to-date symlink: /workspace/install/unified_vision_system/lib/python3.11/site-packages/unified_vision_system-1.0.0-py3.11.egg-info/top_level.txt\n'}
[0.288094] (unified_vision_system) StdoutLine: {'line': b'-- Up-to-date symlink: /workspace/install/unified_vision_system/lib/python3.11/site-packages/unified_vision_system/__init__.py\n'}
[0.288215] (unified_vision_system) StdoutLine: {'line': b'-- Up-to-date symlink: /workspace/install/unified_vision_system/lib/python3.11/site-packages/unified_vision_system/calibration/CameraCalibration.py\n'}
[0.288250] (unified_vision_system) StdoutLine: {'line': b'-- Up-to-date symlink: /workspace/install/unified_vision_system/lib/python3.11/site-packages/unified_vision_system/calibration/EyeInHandSafetyChecker.py\n'}
[0.288313] (unified_vision_system) StdoutLine: {'line': b'-- Up-to-date symlink: /workspace/install/unified_vision_system/lib/python3.11/site-packages/unified_vision_system/calibration/HandEyeCalibrator.py\n'}
[0.288372] (unified_vision_system) StdoutLine: {'line': b'-- Up-to-date symlink: /workspace/install/unified_vision_system/lib/python3.11/site-packages/unified_vision_system/calibration/__init__.py\n'}
[0.288453] (unified_vision_system) StdoutLine: {'line': b'-- Up-to-date symlink: /workspace/install/unified_vision_system/lib/python3.11/site-packages/unified_vision_system/control/HybridIKWrapper.py\n'}
[0.288530] (unified_vision_system) StdoutLine: {'line': b'-- Up-to-date symlink: /workspace/install/unified_vision_system/lib/python3.11/site-packages/unified_vision_system/control/UR30Kinematics.py\n'}
[0.288611] (unified_vision_system) StdoutLine: {'line': b'-- Up-to-date symlink: /workspace/install/unified_vision_system/lib/python3.11/site-packages/unified_vision_system/control/__init__.py\n'}
[0.288643] (unified_vision_system) StdoutLine: {'line': b'-- Up-to-date symlink: /workspace/install/unified_vision_system/lib/python3.11/site-packages/unified_vision_system/control/ur30_grasp_controller.py\n'}
[0.288696] (unified_vision_system) StdoutLine: {'line': b'-- Up-to-date symlink: /workspace/install/unified_vision_system/lib/python3.11/site-packages/unified_vision_system/control/ur30_robot_rtb.py\n'}
[0.288746] (unified_vision_system) StdoutLine: {'line': b'-- Up-to-date symlink: /workspace/install/unified_vision_system/lib/python3.11/site-packages/unified_vision_system/hri/ConstructionClarificationManager.py\n'}
[0.288811] (unified_vision_system) StdoutLine: {'line': b'-- Up-to-date symlink: /workspace/install/unified_vision_system/lib/python3.11/site-packages/unified_vision_system/hri/ConstructionRasaNLP.py\n'}
[0.288879] (unified_vision_system) StdoutLine: {'line': b'-- Up-to-date symlink: /workspace/install/unified_vision_system/lib/python3.11/site-packages/unified_vision_system/hri/ConstructionTTSManager.py\n'}
[0.289121] (unified_vision_system) StdoutLine: {'line': b'-- Up-to-date symlink: /workspace/install/unified_vision_system/lib/python3.11/site-packages/unified_vision_system/hri/EnhancedConstructionRAG.py\n'}
[0.289197] (unified_vision_system) StdoutLine: {'line': b'-- Up-to-date symlink: /workspace/install/unified_vision_system/lib/python3.11/site-packages/unified_vision_system/hri/ExperimentalController.py\n'}
[0.289264] (unified_vision_system) StdoutLine: {'line': b'-- Up-to-date symlink: /workspace/install/unified_vision_system/lib/python3.11/site-packages/unified_vision_system/hri/SpeechCommandProcessor.py\n'}
[0.289330] (unified_vision_system) StdoutLine: {'line': b'-- Up-to-date symlink: /workspace/install/unified_vision_system/lib/python3.11/site-packages/unified_vision_system/hri/__init__.py\n'}
[0.289396] (unified_vision_system) StdoutLine: {'line': b'-- Up-to-date symlink: /workspace/install/unified_vision_system/lib/python3.11/site-packages/unified_vision_system/metrics/BehavioralMetrics.py\n'}
[0.289464] (unified_vision_system) StdoutLine: {'line': b'-- Up-to-date symlink: /workspace/install/unified_vision_system/lib/python3.11/site-packages/unified_vision_system/metrics/NASATLXAssessment.py\n'}
[0.289677] (unified_vision_system) StdoutLine: {'line': b'-- Up-to-date symlink: /workspace/install/unified_vision_system/lib/python3.11/site-packages/unified_vision_system/metrics/TrustQuestionnaire.py\n'}
[0.289788] (unified_vision_system) StdoutLine: {'line': b'-- Up-to-date symlink: /workspace/install/unified_vision_system/lib/python3.11/site-packages/unified_vision_system/metrics/__init__.py\n'}
[0.289823] (unified_vision_system) StdoutLine: {'line': b'-- Up-to-date symlink: /workspace/install/unified_vision_system/lib/python3.11/site-packages/unified_vision_system/perception/DepthAwareDetector.py\n'}
[0.289865] (unified_vision_system) StdoutLine: {'line': b'-- Up-to-date symlink: /workspace/install/unified_vision_system/lib/python3.11/site-packages/unified_vision_system/perception/GraspPointDetector.py\n'}
[0.289947] (unified_vision_system) StdoutLine: {'line': b'-- Up-to-date symlink: /workspace/install/unified_vision_system/lib/python3.11/site-packages/unified_vision_system/perception/OWLViTDetector.py\n'}
[0.289988] (unified_vision_system) StdoutLine: {'line': b'-- Up-to-date symlink: /workspace/install/unified_vision_system/lib/python3.11/site-packages/unified_vision_system/perception/WorkSpaceValidator.py\n'}
[0.290083] (unified_vision_system) StdoutLine: {'line': b'-- Up-to-date symlink: /workspace/install/unified_vision_system/lib/python3.11/site-packages/unified_vision_system/perception/__init__.py\n'}
[0.290168] (unified_vision_system) StdoutLine: {'line': b'-- Up-to-date symlink: /workspace/install/unified_vision_system/lib/python3.11/site-packages/unified_vision_system/system/UnifiedVisionSystem.py\n'}
[0.290209] (unified_vision_system) StdoutLine: {'line': b'-- Up-to-date symlink: /workspace/install/unified_vision_system/lib/python3.11/site-packages/unified_vision_system/system/UnifiedVisionSystemSim.py\n'}
[0.290243] (unified_vision_system) StdoutLine: {'line': b'-- Up-to-date symlink: /workspace/install/unified_vision_system/lib/python3.11/site-packages/unified_vision_system/system/__init__.py\n'}
[0.290271] (unified_vision_system) StdoutLine: {'line': b'-- Up-to-date symlink: /workspace/install/unified_vision_system/lib/unified_vision_system/unified_vision_system_node.py\n'}
[0.290422] (unified_vision_system) StdoutLine: {'line': b'-- Up-to-date symlink: /workspace/install/unified_vision_system/lib/unified_vision_system/create_sim_calibration.py\n'}
[0.290449] (unified_vision_system) StdoutLine: {'line': b'-- Up-to-date symlink: /workspace/install/unified_vision_system/share/unified_vision_system/launch/.DS_Store\n'}
[0.290475] (unified_vision_system) StdoutLine: {'line': b'-- Up-to-date symlink: /workspace/install/unified_vision_system/share/unified_vision_system/launch/launch_gazebo_with_red_cube.py\n'}
[0.290636] (unified_vision_system) StdoutLine: {'line': b'-- Up-to-date symlink: /workspace/install/unified_vision_system/share/unified_vision_system/config/simulation_controllers.yaml\n'}
[0.290680] (unified_vision_system) StdoutLine: {'line': b'-- Up-to-date symlink: /workspace/install/unified_vision_system/share/unified_vision_system/config/simulation_controllers.yaml.sync\n'}
[0.290781] (unified_vision_system) StdoutLine: {'line': b'-- Up-to-date symlink: /workspace/install/unified_vision_system/share/unified_vision_system/config/ur30_robotiq.srdf.xacro\n'}
[0.290870] (unified_vision_system) StdoutLine: {'line': b'-- Up-to-date symlink: /workspace/install/unified_vision_system/share/unified_vision_system/config/ur30_simple_gripper.srdf.xacro\n'}
[0.290899] (unified_vision_system) StdoutLine: {'line': b'-- Up-to-date symlink: /workspace/install/unified_vision_system/share/unified_vision_system/config/ur30_vision_moveit.rviz\n'}
[0.291002] (unified_vision_system) StdoutLine: {'line': b'-- Up-to-date symlink: /workspace/install/unified_vision_system/share/unified_vision_system/urdf/.DS_Store\n'}
[0.291069] (unified_vision_system) StdoutLine: {'line': b'-- Up-to-date symlink: /workspace/install/unified_vision_system/share/unified_vision_system/urdf/simple_parallel_gripper.urdf.xacro\n'}
[0.291135] (unified_vision_system) StdoutLine: {'line': b'-- Up-to-date symlink: /workspace/install/unified_vision_system/share/unified_vision_system/urdf/ur30_camera_only.urdf.xacro\n'}
[0.291203] (unified_vision_system) StdoutLine: {'line': b'-- Up-to-date symlink: /workspace/install/unified_vision_system/share/unified_vision_system/urdf/ur30_simple_gripper_camera.urdf.xacro\n'}
[0.291276] (unified_vision_system) StdoutLine: {'line': b'-- Up-to-date symlink: /workspace/install/unified_vision_system/share/unified_vision_system/urdf/ur30_simple_gripper_realsense.urdf.xacro\n'}
[0.291418] (unified_vision_system) StdoutLine: {'line': b'-- Up-to-date symlink: /workspace/install/unified_vision_system/share/unified_vision_system/worlds/ur30_vision_world.world\n'}
[0.291522] (unified_vision_system) StdoutLine: {'line': b'-- Up-to-date symlink: /workspace/install/unified_vision_system/share/ament_index/resource_index/package_run_dependencies/unified_vision_system\n'}
[0.291619] (unified_vision_system) StdoutLine: {'line': b'-- Up-to-date symlink: /workspace/install/unified_vision_system/share/ament_index/resource_index/parent_prefix_path/unified_vision_system\n'}
[0.291726] (unified_vision_system) StdoutLine: {'line': b'-- Up-to-date symlink: /workspace/install/unified_vision_system/share/unified_vision_system/environment/ament_prefix_path.sh\n'}
[0.291808] (unified_vision_system) StdoutLine: {'line': b'-- Up-to-date symlink: /workspace/install/unified_vision_system/share/unified_vision_system/environment/ament_prefix_path.dsv\n'}
[0.291940] (unified_vision_system) StdoutLine: {'line': b'-- Up-to-date symlink: /workspace/install/unified_vision_system/share/unified_vision_system/environment/path.sh\n'}
[0.292005] (unified_vision_system) StdoutLine: {'line': b'-- Up-to-date symlink: /workspace/install/unified_vision_system/share/unified_vision_system/environment/path.dsv\n'}
[0.292079] (unified_vision_system) StdoutLine: {'line': b'-- Up-to-date symlink: /workspace/install/unified_vision_system/share/unified_vision_system/local_setup.bash\n'}
[0.292164] (unified_vision_system) StdoutLine: {'line': b'-- Up-to-date symlink: /workspace/install/unified_vision_system/share/unified_vision_system/local_setup.sh\n'}
[0.292275] (unified_vision_system) StdoutLine: {'line': b'-- Up-to-date symlink: /workspace/install/unified_vision_system/share/unified_vision_system/local_setup.zsh\n'}
[0.292366] (unified_vision_system) StdoutLine: {'line': b'-- Up-to-date symlink: /workspace/install/unified_vision_system/share/unified_vision_system/local_setup.dsv\n'}
[0.292430] (unified_vision_system) StdoutLine: {'line': b'-- Symlinking: /workspace/install/unified_vision_system/share/unified_vision_system/package.dsv\n'}
[0.300190] (-) TimerEvent: {}
[0.302978] (unified_vision_system) StdoutLine: {'line': b'-- Up-to-date symlink: /workspace/install/unified_vision_system/share/ament_index/resource_index/packages/unified_vision_system\n'}
[0.303161] (unified_vision_system) StdoutLine: {'line': b'-- Up-to-date symlink: /workspace/install/unified_vision_system/share/unified_vision_system/cmake/ament_cmake_export_dependencies-extras.cmake\n'}
[0.303210] (unified_vision_system) StdoutLine: {'line': b'-- Up-to-date symlink: /workspace/install/unified_vision_system/share/unified_vision_system/cmake/unified_vision_systemConfig.cmake\n'}
[0.303251] (unified_vision_system) StdoutLine: {'line': b'-- Up-to-date symlink: /workspace/install/unified_vision_system/share/unified_vision_system/cmake/unified_vision_systemConfig-version.cmake\n'}
[0.303333] (unified_vision_system) StdoutLine: {'line': b'-- Up-to-date symlink: /workspace/install/unified_vision_system/share/unified_vision_system/package.xml\n'}
[0.326369] (unified_vision_system) StdoutLine: {'line': b"Listing '/workspace/install/unified_vision_system/lib/python3.11/site-packages/unified_vision_system'...\n"}
[0.326576] (unified_vision_system) StdoutLine: {'line': b"Listing '/workspace/install/unified_vision_system/lib/python3.11/site-packages/unified_vision_system/calibration'...\n"}
[0.326617] (unified_vision_system) StdoutLine: {'line': b"Listing '/workspace/install/unified_vision_system/lib/python3.11/site-packages/unified_vision_system/control'...\n"}
[0.326649] (unified_vision_system) StdoutLine: {'line': b"Listing '/workspace/install/unified_vision_system/lib/python3.11/site-packages/unified_vision_system/hri'...\n"}
[0.326678] (unified_vision_system) StdoutLine: {'line': b"Listing '/workspace/install/unified_vision_system/lib/python3.11/site-packages/unified_vision_system/metrics'...\n"}
[0.326705] (unified_vision_system) StdoutLine: {'line': b"Listing '/workspace/install/unified_vision_system/lib/python3.11/site-packages/unified_vision_system/perception'...\n"}
[0.326732] (unified_vision_system) StdoutLine: {'line': b"Listing '/workspace/install/unified_vision_system/lib/python3.11/site-packages/unified_vision_system/system'...\n"}
[0.333132] (unified_vision_system) CommandEnded: {'returncode': 0}
[0.345971] (unified_vision_system) JobEnded: {'identifier': 'unified_vision_system', 'rc': 0}
[0.346336] (-) EventReactorShutdown: {}
