[0.026s] Invoking command in '/workspace/build/serial': CMAKE_PREFIX_PATH=/opt/ros/humble /usr/bin/cmake --build /workspace/build/serial -- -j12 -l12
[0.077s] [100%] Built target serial
[0.117s] Invoked command in '/workspace/build/serial' returned '0': CMAKE_PREFIX_PATH=/opt/ros/humble /usr/bin/cmake --build /workspace/build/serial -- -j12 -l12
[0.118s] Invoking command in '/workspace/build/serial': CMAKE_PREFIX_PATH=/opt/ros/humble /usr/bin/cmake --install /workspace/build/serial
[0.137s] -- Install configuration: ""
[0.137s] -- Execute custom install script
[0.137s] -- Up-to-date symlink: /workspace/install/serial/include/serial/impl/unix.h
[0.137s] -- Up-to-date symlink: /workspace/install/serial/include/serial/impl/win.h
[0.137s] -- Up-to-date symlink: /workspace/install/serial/include/serial/serial.h
[0.137s] -- Up-to-date symlink: /workspace/install/serial/include/serial/v8stdint.h
[0.137s] -- Up-to-date symlink: /workspace/install/serial/share/serial/environment/library_path.sh
[0.137s] -- Up-to-date symlink: /workspace/install/serial/share/serial/environment/library_path.dsv
[0.137s] -- Up-to-date symlink: /workspace/install/serial/share/ament_index/resource_index/package_run_dependencies/serial
[0.138s] -- Up-to-date symlink: /workspace/install/serial/share/ament_index/resource_index/parent_prefix_path/serial
[0.138s] -- Up-to-date symlink: /workspace/install/serial/share/serial/environment/ament_prefix_path.sh
[0.138s] -- Up-to-date symlink: /workspace/install/serial/share/serial/environment/ament_prefix_path.dsv
[0.138s] -- Up-to-date symlink: /workspace/install/serial/share/serial/environment/path.sh
[0.138s] -- Up-to-date symlink: /workspace/install/serial/share/serial/environment/path.dsv
[0.138s] -- Up-to-date symlink: /workspace/install/serial/share/serial/local_setup.bash
[0.138s] -- Up-to-date symlink: /workspace/install/serial/share/serial/local_setup.sh
[0.138s] -- Up-to-date symlink: /workspace/install/serial/share/serial/local_setup.zsh
[0.138s] -- Up-to-date symlink: /workspace/install/serial/share/serial/local_setup.dsv
[0.138s] -- Symlinking: /workspace/install/serial/share/serial/package.dsv
[0.140s] -- Up-to-date symlink: /workspace/install/serial/share/ament_index/resource_index/packages/serial
[0.140s] -- Up-to-date symlink: /workspace/install/serial/share/serial/cmake/ament_cmake_export_include_directories-extras.cmake
[0.140s] -- Up-to-date symlink: /workspace/install/serial/share/serial/cmake/ament_cmake_export_libraries-extras.cmake
[0.140s] -- Up-to-date symlink: /workspace/install/serial/share/serial/cmake/ament_cmake_export_targets-extras.cmake
[0.140s] -- Up-to-date symlink: /workspace/install/serial/share/serial/cmake/serialConfig.cmake
[0.140s] -- Up-to-date symlink: /workspace/install/serial/share/serial/cmake/serialConfig-version.cmake
[0.140s] -- Up-to-date symlink: /workspace/install/serial/share/serial/package.xml
[0.140s] -- Up-to-date: /workspace/install/serial/lib/libserial.a
[0.140s] -- Up-to-date: /workspace/install/serial/share/serial/cmake/export_serialExport.cmake
[0.140s] -- Up-to-date: /workspace/install/serial/share/serial/cmake/export_serialExport-noconfig.cmake
[0.160s] Invoked command in '/workspace/build/serial' returned '0': CMAKE_PREFIX_PATH=/opt/ros/humble /usr/bin/cmake --install /workspace/build/serial
