[0.019s] Invoking command in '/home/ur5e_user/workspace/build/robotiq_description': CMAKE_PREFIX_PATH=/opt/ros/humble:${CMAKE_PREFIX_PATH} CONDA_PROMPT_MODIFIER=(ur5e_vlm_environment) /opt/miniconda3/envs/ur5e_vlm_environment/bin/cmake /home/ur5e_user/workspace/src/ros2_robotiq_gripper/robotiq_description -DCMAKE_INSTALL_PREFIX=/home/ur5e_user/workspace/install/robotiq_description
[0.030s] [0mCMake Deprecation Warning at CMakeLists.txt:1 (cmake_minimum_required):
[0.030s]   Compatibility with CMake < 3.10 will be removed from a future version of
[0.030s]   CMake.
[0.030s] 
[0.030s]   Update the VERSION argument <min> value.  Or, use the <min>...<max> syntax
[0.030s]   to tell CMake that the project requires at least <min> but has been updated
[0.031s]   to work with policies introduced by <max> or earlier.
[0.031s] 
[0.031s] [0m
[0.117s] -- The C compiler identification is GNU 15.1.0
[0.283s] -- The CXX compiler identification is GNU 15.1.0
[0.293s] -- Detecting C compiler ABI info
[0.391s] -- Detecting C compiler ABI info - done
[0.407s] -- Check for working C compiler: /opt/miniconda3/envs/ur5e_vlm_environment/bin/x86_64-conda-linux-gnu-cc - skipped
[0.408s] -- Detecting C compile features
[0.408s] -- Detecting C compile features - done
[0.425s] -- Detecting CXX compiler ABI info
[0.531s] -- Detecting CXX compiler ABI info - done
[0.548s] -- Check for working CXX compiler: /opt/miniconda3/envs/ur5e_vlm_environment/bin/x86_64-conda-linux-gnu-c++ - skipped
[0.548s] -- Detecting CXX compile features
[0.549s] -- Detecting CXX compile features - done
[0.568s] -- Found ament_cmake: 1.3.12 (/opt/ros/humble/share/ament_cmake/cmake)
[0.694s] -- Found Python3: /opt/miniconda3/envs/ur5e_vlm_environment/bin/python3 (found version "3.11.13") found components: Interpreter
[0.886s] -- Configuring done (0.9s)
[0.890s] -- Generating done (0.0s)
[0.891s] -- Build files have been written to: /home/ur5e_user/workspace/build/robotiq_description
[0.899s] Invoked command in '/home/ur5e_user/workspace/build/robotiq_description' returned '0': CMAKE_PREFIX_PATH=/opt/ros/humble:${CMAKE_PREFIX_PATH} CONDA_PROMPT_MODIFIER=(ur5e_vlm_environment) /opt/miniconda3/envs/ur5e_vlm_environment/bin/cmake /home/ur5e_user/workspace/src/ros2_robotiq_gripper/robotiq_description -DCMAKE_INSTALL_PREFIX=/home/ur5e_user/workspace/install/robotiq_description
[0.901s] Invoking command in '/home/ur5e_user/workspace/build/robotiq_description': CMAKE_PREFIX_PATH=/opt/ros/humble:${CMAKE_PREFIX_PATH} CONDA_PROMPT_MODIFIER=(ur5e_vlm_environment) /opt/miniconda3/envs/ur5e_vlm_environment/bin/cmake --build /home/ur5e_user/workspace/build/robotiq_description -- -j12 -l12
[0.944s] Invoked command in '/home/ur5e_user/workspace/build/robotiq_description' returned '0': CMAKE_PREFIX_PATH=/opt/ros/humble:${CMAKE_PREFIX_PATH} CONDA_PROMPT_MODIFIER=(ur5e_vlm_environment) /opt/miniconda3/envs/ur5e_vlm_environment/bin/cmake --build /home/ur5e_user/workspace/build/robotiq_description -- -j12 -l12
[0.946s] Invoking command in '/home/ur5e_user/workspace/build/robotiq_description': CMAKE_PREFIX_PATH=/opt/ros/humble:${CMAKE_PREFIX_PATH} CONDA_PROMPT_MODIFIER=(ur5e_vlm_environment) /opt/miniconda3/envs/ur5e_vlm_environment/bin/cmake --install /home/ur5e_user/workspace/build/robotiq_description
[0.953s] -- Install configuration: ""
[0.953s] -- Installing: /home/ur5e_user/workspace/install/robotiq_description/share/robotiq_description/config
[0.953s] -- Installing: /home/ur5e_user/workspace/install/robotiq_description/share/robotiq_description/config/robotiq_hand_e_controllers.yaml
[0.953s] -- Installing: /home/ur5e_user/workspace/install/robotiq_description/share/robotiq_description/config/robotiq_controllers.yaml
[0.954s] -- Installing: /home/ur5e_user/workspace/install/robotiq_description/share/robotiq_description/launch
[0.954s] -- Installing: /home/ur5e_user/workspace/install/robotiq_description/share/robotiq_description/launch/view_gripper.launch.py
[0.954s] -- Installing: /home/ur5e_user/workspace/install/robotiq_description/share/robotiq_description/launch/robotiq_control.launch.py
[0.954s] -- Installing: /home/ur5e_user/workspace/install/robotiq_description/share/robotiq_description/launch/hand-e_control.launch.xml
[0.955s] -- Installing: /home/ur5e_user/workspace/install/robotiq_description/share/robotiq_description/launch/view_hand-e.launch.xml
[0.955s] -- Installing: /home/ur5e_user/workspace/install/robotiq_description/share/robotiq_description/meshes
[0.955s] -- Installing: /home/ur5e_user/workspace/install/robotiq_description/share/robotiq_description/meshes/collision
[0.955s] -- Installing: /home/ur5e_user/workspace/install/robotiq_description/share/robotiq_description/meshes/collision/hande
[0.955s] -- Installing: /home/ur5e_user/workspace/install/robotiq_description/share/robotiq_description/meshes/collision/hande/right_finger.stl
[0.955s] -- Installing: /home/ur5e_user/workspace/install/robotiq_description/share/robotiq_description/meshes/collision/hande/left_finger.stl
[0.956s] -- Installing: /home/ur5e_user/workspace/install/robotiq_description/share/robotiq_description/meshes/collision/hande/hand-e.stl
[0.957s] -- Installing: /home/ur5e_user/workspace/install/robotiq_description/share/robotiq_description/meshes/collision/hande/hand-e_convex_hull.stl
[0.957s] -- Installing: /home/ur5e_user/workspace/install/robotiq_description/share/robotiq_description/meshes/collision/2f_140
[0.957s] -- Installing: /home/ur5e_user/workspace/install/robotiq_description/share/robotiq_description/meshes/collision/2f_140/robotiq_2f_140_base_link.stl
[0.957s] -- Installing: /home/ur5e_user/workspace/install/robotiq_description/share/robotiq_description/meshes/collision/2f_140/robotiq_2f_140_coupling.stl
[0.958s] -- Installing: /home/ur5e_user/workspace/install/robotiq_description/share/robotiq_description/meshes/collision/2f_140/robotiq_2f_140_outer_finger.stl
[0.958s] -- Installing: /home/ur5e_user/workspace/install/robotiq_description/share/robotiq_description/meshes/collision/2f_140/robotiq_2f_140_inner_knuckle.stl
[0.958s] -- Installing: /home/ur5e_user/workspace/install/robotiq_description/share/robotiq_description/meshes/collision/2f_140/robotiq_2f_140_inner_finger.stl
[0.958s] -- Installing: /home/ur5e_user/workspace/install/robotiq_description/share/robotiq_description/meshes/collision/2f_140/robotiq_2f_140_outer_knuckle.stl
[0.958s] -- Installing: /home/ur5e_user/workspace/install/robotiq_description/share/robotiq_description/meshes/collision/2f_85
[0.959s] -- Installing: /home/ur5e_user/workspace/install/robotiq_description/share/robotiq_description/meshes/collision/2f_85/ur_to_robotiq_adapter.stl
[0.959s] -- Installing: /home/ur5e_user/workspace/install/robotiq_description/share/robotiq_description/meshes/collision/2f_85/left_inner_knuckle.stl
[0.959s] -- Installing: /home/ur5e_user/workspace/install/robotiq_description/share/robotiq_description/meshes/collision/2f_85/left_knuckle.stl
[0.959s] -- Installing: /home/ur5e_user/workspace/install/robotiq_description/share/robotiq_description/meshes/collision/2f_85/left_finger_tip.stl
[0.960s] -- Installing: /home/ur5e_user/workspace/install/robotiq_description/share/robotiq_description/meshes/collision/2f_85/right_inner_knuckle.stl
[0.960s] -- Installing: /home/ur5e_user/workspace/install/robotiq_description/share/robotiq_description/meshes/collision/2f_85/robotiq_base.stl
[0.960s] -- Installing: /home/ur5e_user/workspace/install/robotiq_description/share/robotiq_description/meshes/collision/2f_85/right_finger_tip.stl
[0.961s] -- Installing: /home/ur5e_user/workspace/install/robotiq_description/share/robotiq_description/meshes/collision/2f_85/right_finger.stl
[0.961s] -- Installing: /home/ur5e_user/workspace/install/robotiq_description/share/robotiq_description/meshes/collision/2f_85/left_finger.stl
[0.961s] -- Installing: /home/ur5e_user/workspace/install/robotiq_description/share/robotiq_description/meshes/collision/2f_85/right_knuckle.stl
[0.961s] -- Installing: /home/ur5e_user/workspace/install/robotiq_description/share/robotiq_description/meshes/visual
[0.961s] -- Installing: /home/ur5e_user/workspace/install/robotiq_description/share/robotiq_description/meshes/visual/hande
[0.961s] -- Installing: /home/ur5e_user/workspace/install/robotiq_description/share/robotiq_description/meshes/visual/hande/right_finger.dae
[0.963s] -- Installing: /home/ur5e_user/workspace/install/robotiq_description/share/robotiq_description/meshes/visual/hande/hand-e.dae
[0.964s] -- Installing: /home/ur5e_user/workspace/install/robotiq_description/share/robotiq_description/meshes/visual/hande/left_finger.dae
[0.965s] -- Installing: /home/ur5e_user/workspace/install/robotiq_description/share/robotiq_description/meshes/visual/2f_140
[0.965s] -- Installing: /home/ur5e_user/workspace/install/robotiq_description/share/robotiq_description/meshes/visual/2f_140/robotiq_2f_140_base_link.stl
[0.968s] -- Installing: /home/ur5e_user/workspace/install/robotiq_description/share/robotiq_description/meshes/visual/2f_140/robotiq_2f_140_coupling.stl
[0.968s] -- Installing: /home/ur5e_user/workspace/install/robotiq_description/share/robotiq_description/meshes/visual/2f_140/robotiq_2f_140_outer_finger.stl
[0.969s] -- Installing: /home/ur5e_user/workspace/install/robotiq_description/share/robotiq_description/meshes/visual/2f_140/robotiq_2f_140_inner_knuckle.stl
[0.969s] -- Installing: /home/ur5e_user/workspace/install/robotiq_description/share/robotiq_description/meshes/visual/2f_140/robotiq_2f_140_inner_finger.stl
[0.970s] -- Installing: /home/ur5e_user/workspace/install/robotiq_description/share/robotiq_description/meshes/visual/2f_140/robotiq_2f_140_outer_knuckle.stl
[0.970s] -- Installing: /home/ur5e_user/workspace/install/robotiq_description/share/robotiq_description/meshes/visual/2f_85
[0.970s] -- Installing: /home/ur5e_user/workspace/install/robotiq_description/share/robotiq_description/meshes/visual/2f_85/robotiq_base.dae
[0.975s] -- Installing: /home/ur5e_user/workspace/install/robotiq_description/share/robotiq_description/meshes/visual/2f_85/right_finger.dae
[0.975s] -- Installing: /home/ur5e_user/workspace/install/robotiq_description/share/robotiq_description/meshes/visual/2f_85/left_inner_knuckle.dae
[0.976s] -- Installing: /home/ur5e_user/workspace/install/robotiq_description/share/robotiq_description/meshes/visual/2f_85/right_finger_tip.dae
[0.977s] -- Installing: /home/ur5e_user/workspace/install/robotiq_description/share/robotiq_description/meshes/visual/2f_85/left_finger.dae
[0.977s] -- Installing: /home/ur5e_user/workspace/install/robotiq_description/share/robotiq_description/meshes/visual/2f_85/ur_to_robotiq_adapter.dae
[0.978s] -- Installing: /home/ur5e_user/workspace/install/robotiq_description/share/robotiq_description/meshes/visual/2f_85/right_inner_knuckle.dae
[0.978s] -- Installing: /home/ur5e_user/workspace/install/robotiq_description/share/robotiq_description/meshes/visual/2f_85/left_finger_tip.dae
[0.979s] -- Installing: /home/ur5e_user/workspace/install/robotiq_description/share/robotiq_description/meshes/visual/2f_85/left_knuckle.dae
[0.979s] -- Installing: /home/ur5e_user/workspace/install/robotiq_description/share/robotiq_description/meshes/visual/2f_85/right_knuckle.dae
[0.980s] -- Installing: /home/ur5e_user/workspace/install/robotiq_description/share/robotiq_description/rviz
[0.980s] -- Installing: /home/ur5e_user/workspace/install/robotiq_description/share/robotiq_description/rviz/view_urdf.rviz
[0.980s] -- Installing: /home/ur5e_user/workspace/install/robotiq_description/share/robotiq_description/urdf
[0.980s] -- Installing: /home/ur5e_user/workspace/install/robotiq_description/share/robotiq_description/urdf/robotiq_2f_85_gripper.urdf.xacro
[0.980s] -- Installing: /home/ur5e_user/workspace/install/robotiq_description/share/robotiq_description/urdf/2f_85.ros2_control.xacro
[0.981s] -- Installing: /home/ur5e_user/workspace/install/robotiq_description/share/robotiq_description/urdf/robotiq_2f_140_macro.urdf.xacro
[0.981s] -- Installing: /home/ur5e_user/workspace/install/robotiq_description/share/robotiq_description/urdf/robotiq_2f_140_gripper.urdf.xacro
[0.981s] -- Installing: /home/ur5e_user/workspace/install/robotiq_description/share/robotiq_description/urdf/robotiq_2f_85_macro.urdf.xacro
[0.981s] -- Installing: /home/ur5e_user/workspace/install/robotiq_description/share/robotiq_description/urdf/ur_to_robotiq_adapter.urdf.xacro
[0.981s] -- Installing: /home/ur5e_user/workspace/install/robotiq_description/share/robotiq_description/urdf/robotiq_2f_140.xacro
[0.982s] -- Installing: /home/ur5e_user/workspace/install/robotiq_description/share/robotiq_description/urdf/2f_140.ros2_control.xacro
[0.982s] -- Installing: /home/ur5e_user/workspace/install/robotiq_description/share/robotiq_description/urdf/robotiq_hand_e_macro.urdf.xacro
[0.982s] -- Installing: /home/ur5e_user/workspace/install/robotiq_description/share/robotiq_description/urdf/hand_e.ros2_control.xacro
[0.982s] -- Installing: /home/ur5e_user/workspace/install/robotiq_description/share/robotiq_description/urdf/robotiq_hand_e_gripper.urdf.xacro
[0.982s] -- Installing: /home/ur5e_user/workspace/install/robotiq_description/share/ament_index/resource_index/package_run_dependencies/robotiq_description
[0.983s] -- Installing: /home/ur5e_user/workspace/install/robotiq_description/share/ament_index/resource_index/parent_prefix_path/robotiq_description
[0.983s] -- Installing: /home/ur5e_user/workspace/install/robotiq_description/share/robotiq_description/environment/ament_prefix_path.sh
[0.983s] -- Installing: /home/ur5e_user/workspace/install/robotiq_description/share/robotiq_description/environment/ament_prefix_path.dsv
[0.983s] -- Installing: /home/ur5e_user/workspace/install/robotiq_description/share/robotiq_description/environment/path.sh
[0.983s] -- Installing: /home/ur5e_user/workspace/install/robotiq_description/share/robotiq_description/environment/path.dsv
[0.983s] -- Installing: /home/ur5e_user/workspace/install/robotiq_description/share/robotiq_description/local_setup.bash
[0.983s] -- Installing: /home/ur5e_user/workspace/install/robotiq_description/share/robotiq_description/local_setup.sh
[0.984s] -- Installing: /home/ur5e_user/workspace/install/robotiq_description/share/robotiq_description/local_setup.zsh
[0.984s] -- Installing: /home/ur5e_user/workspace/install/robotiq_description/share/robotiq_description/local_setup.dsv
[0.984s] -- Installing: /home/ur5e_user/workspace/install/robotiq_description/share/robotiq_description/package.dsv
[0.984s] -- Installing: /home/ur5e_user/workspace/install/robotiq_description/share/ament_index/resource_index/packages/robotiq_description
[0.984s] -- Installing: /home/ur5e_user/workspace/install/robotiq_description/share/robotiq_description/cmake/robotiq_descriptionConfig.cmake
[0.984s] -- Installing: /home/ur5e_user/workspace/install/robotiq_description/share/robotiq_description/cmake/robotiq_descriptionConfig-version.cmake
[0.984s] -- Installing: /home/ur5e_user/workspace/install/robotiq_description/share/robotiq_description/package.xml
[0.988s] Invoked command in '/home/ur5e_user/workspace/build/robotiq_description' returned '0': CMAKE_PREFIX_PATH=/opt/ros/humble:${CMAKE_PREFIX_PATH} CONDA_PROMPT_MODIFIER=(ur5e_vlm_environment) /opt/miniconda3/envs/ur5e_vlm_environment/bin/cmake --install /home/ur5e_user/workspace/build/robotiq_description
