[0.022s] Invoking command in '/home/ur5e_user/workspace/build/unified_vision_system': CMAKE_PREFIX_PATH=${CMAKE_PREFIX_PATH}:/opt/ros/humble CONDA_PROMPT_MODIFIER=(ur5e_vlm_environment) /opt/miniconda3/envs/ur5e_vlm_environment/bin/cmake --build /home/ur5e_user/workspace/build/unified_vision_system -- -j12 -l12
[0.053s] [0mCMake Deprecation Warning at CMakeLists.txt:1 (cmake_minimum_required):
[0.053s]   Compatibility with CMake < 3.10 will be removed from a future version of
[0.053s]   CMake.
[0.053s] 
[0.054s]   Update the VERSION argument <min> value.  Or, use the <min>...<max> syntax
[0.054s]   to tell CMake that the project requires at least <min> but has been updated
[0.054s]   to work with policies introduced by <max> or earlier.
[0.054s] 
[0.054s] [0m
[0.061s] -- Found ament_cmake: 1.3.12 (/opt/ros/humble/share/ament_cmake/cmake)
[0.478s] -- Configuring done (0.4s)
[0.483s] -- Generating done (0.0s)
[0.484s] -- Build files have been written to: /home/ur5e_user/workspace/build/unified_vision_system
[0.519s] Built target ament_cmake_python_copy_unified_vision_system
[0.648s] running egg_info
[0.657s] writing unified_vision_system.egg-info/PKG-INFO
[0.657s] writing dependency_links to unified_vision_system.egg-info/dependency_links.txt
[0.657s] writing top-level names to unified_vision_system.egg-info/top_level.txt
[0.682s] reading manifest file 'unified_vision_system.egg-info/SOURCES.txt'
[0.682s] writing manifest file 'unified_vision_system.egg-info/SOURCES.txt'
[0.705s] Built target ament_cmake_python_build_unified_vision_system_egg
[0.715s] Invoked command in '/home/ur5e_user/workspace/build/unified_vision_system' returned '0': CMAKE_PREFIX_PATH=${CMAKE_PREFIX_PATH}:/opt/ros/humble CONDA_PROMPT_MODIFIER=(ur5e_vlm_environment) /opt/miniconda3/envs/ur5e_vlm_environment/bin/cmake --build /home/ur5e_user/workspace/build/unified_vision_system -- -j12 -l12
[0.724s] Invoking command in '/home/ur5e_user/workspace/build/unified_vision_system': CMAKE_PREFIX_PATH=${CMAKE_PREFIX_PATH}:/opt/ros/humble CONDA_PROMPT_MODIFIER=(ur5e_vlm_environment) /opt/miniconda3/envs/ur5e_vlm_environment/bin/cmake --install /home/ur5e_user/workspace/build/unified_vision_system
[0.728s] -- Install configuration: ""
[0.729s] -- Up-to-date: /home/ur5e_user/workspace/install/unified_vision_system/share/unified_vision_system/environment/pythonpath.sh
[0.729s] -- Installing: /home/ur5e_user/workspace/install/unified_vision_system/share/unified_vision_system/environment/pythonpath.dsv
[0.729s] -- Up-to-date: /home/ur5e_user/workspace/install/unified_vision_system/lib/python3.11/site-packages/unified_vision_system-1.0.0-py3.11.egg-info
[0.729s] -- Installing: /home/ur5e_user/workspace/install/unified_vision_system/lib/python3.11/site-packages/unified_vision_system-1.0.0-py3.11.egg-info/PKG-INFO
[0.729s] -- Installing: /home/ur5e_user/workspace/install/unified_vision_system/lib/python3.11/site-packages/unified_vision_system-1.0.0-py3.11.egg-info/SOURCES.txt
[0.729s] -- Installing: /home/ur5e_user/workspace/install/unified_vision_system/lib/python3.11/site-packages/unified_vision_system-1.0.0-py3.11.egg-info/top_level.txt
[0.729s] -- Installing: /home/ur5e_user/workspace/install/unified_vision_system/lib/python3.11/site-packages/unified_vision_system-1.0.0-py3.11.egg-info/dependency_links.txt
[0.729s] -- Up-to-date: /home/ur5e_user/workspace/install/unified_vision_system/lib/python3.11/site-packages/unified_vision_system
[0.729s] -- Up-to-date: /home/ur5e_user/workspace/install/unified_vision_system/lib/python3.11/site-packages/unified_vision_system/__init__.py
[0.751s] Listing '/home/ur5e_user/workspace/install/unified_vision_system/lib/python3.11/site-packages/unified_vision_system'...
[0.754s] -- Installing: /home/ur5e_user/workspace/install/unified_vision_system/lib/unified_vision_system/unified_vision_system_node.py
[0.754s] -- Installing: /home/ur5e_user/workspace/install/unified_vision_system/lib/unified_vision_system/create_sim_calibration.py
[0.755s] -- Installing: /home/ur5e_user/workspace/install/unified_vision_system/share/unified_vision_system/launch
[0.755s] -- Installing: /home/ur5e_user/workspace/install/unified_vision_system/share/unified_vision_system/launch/test_unified_vision_system.py
[0.755s] -- Installing: /home/ur5e_user/workspace/install/unified_vision_system/share/unified_vision_system/launch/.DS_Store
[0.755s] -- Installing: /home/ur5e_user/workspace/install/unified_vision_system/share/unified_vision_system/launch/__pycache__
[0.755s] -- Installing: /home/ur5e_user/workspace/install/unified_vision_system/share/unified_vision_system/launch/__pycache__/launch_gazebo_with_red_cube.cpython-313.pyc
[0.755s] -- Installing: /home/ur5e_user/workspace/install/unified_vision_system/share/unified_vision_system/launch/__pycache__/test_unified_vision_system.cpython-313.pyc
[0.755s] -- Installing: /home/ur5e_user/workspace/install/unified_vision_system/share/unified_vision_system/launch/launch_gazebo_with_red_cube.py
[0.755s] -- Installing: /home/ur5e_user/workspace/install/unified_vision_system/share/unified_vision_system/config
[0.755s] -- Installing: /home/ur5e_user/workspace/install/unified_vision_system/share/unified_vision_system/config/simulation_controllers.yaml
[0.755s] -- Installing: /home/ur5e_user/workspace/install/unified_vision_system/share/unified_vision_system/urdf
[0.756s] -- Installing: /home/ur5e_user/workspace/install/unified_vision_system/share/unified_vision_system/urdf/robotiq_arg85.urdf
[0.756s] -- Installing: /home/ur5e_user/workspace/install/unified_vision_system/share/unified_vision_system/urdf/ur5e_robotiq_realsense.urdf.xacro
[0.756s] -- Installing: /home/ur5e_user/workspace/install/unified_vision_system/share/unified_vision_system/urdf/ur5e_with_realsense.urdf.xacro
[0.756s] -- Installing: /home/ur5e_user/workspace/install/unified_vision_system/share/unified_vision_system/urdf/.DS_Store
[0.756s] -- Installing: /home/ur5e_user/workspace/install/unified_vision_system/share/unified_vision_system/worlds
[0.756s] -- Installing: /home/ur5e_user/workspace/install/unified_vision_system/share/unified_vision_system/worlds/ur5e_vision_world.world
[0.756s] -- Installing: /home/ur5e_user/workspace/install/unified_vision_system/share/unified_vision_system/meshes
[0.756s] -- Installing: /home/ur5e_user/workspace/install/unified_vision_system/share/unified_vision_system/meshes/outer_knuckle_coarse.STL
[0.756s] -- Installing: /home/ur5e_user/workspace/install/unified_vision_system/share/unified_vision_system/meshes/inner_knuckle_coarse.STL
[0.757s] -- Installing: /home/ur5e_user/workspace/install/unified_vision_system/share/unified_vision_system/meshes/outer_finger_fine.STL
[0.757s] -- Installing: /home/ur5e_user/workspace/install/unified_vision_system/share/unified_vision_system/meshes/inner_finger_fine.STL
[0.758s] -- Installing: /home/ur5e_user/workspace/install/unified_vision_system/share/unified_vision_system/meshes/robotiq_85_base_link_fine.STL
[0.761s] -- Installing: /home/ur5e_user/workspace/install/unified_vision_system/share/unified_vision_system/meshes/inner_finger_coarse.STL
[0.761s] -- Installing: /home/ur5e_user/workspace/install/unified_vision_system/share/unified_vision_system/meshes/inner_knuckle_fine.STL
[0.761s] -- Installing: /home/ur5e_user/workspace/install/unified_vision_system/share/unified_vision_system/meshes/robotiq_85_base_link_coarse.STL
[0.761s] -- Installing: /home/ur5e_user/workspace/install/unified_vision_system/share/unified_vision_system/meshes/outer_finger_coarse.STL
[0.762s] -- Installing: /home/ur5e_user/workspace/install/unified_vision_system/share/unified_vision_system/meshes/outer_knuckle_fine.STL
[0.762s] -- Installing: /home/ur5e_user/workspace/install/unified_vision_system/share/ament_index/resource_index/package_run_dependencies/unified_vision_system
[0.762s] -- Installing: /home/ur5e_user/workspace/install/unified_vision_system/share/ament_index/resource_index/parent_prefix_path/unified_vision_system
[0.762s] -- Installing: /home/ur5e_user/workspace/install/unified_vision_system/share/unified_vision_system/environment/ament_prefix_path.sh
[0.762s] -- Installing: /home/ur5e_user/workspace/install/unified_vision_system/share/unified_vision_system/environment/ament_prefix_path.dsv
[0.762s] -- Installing: /home/ur5e_user/workspace/install/unified_vision_system/share/unified_vision_system/environment/path.sh
[0.762s] -- Installing: /home/ur5e_user/workspace/install/unified_vision_system/share/unified_vision_system/environment/path.dsv
[0.762s] -- Installing: /home/ur5e_user/workspace/install/unified_vision_system/share/unified_vision_system/local_setup.bash
[0.763s] -- Installing: /home/ur5e_user/workspace/install/unified_vision_system/share/unified_vision_system/local_setup.sh
[0.763s] -- Installing: /home/ur5e_user/workspace/install/unified_vision_system/share/unified_vision_system/local_setup.zsh
[0.763s] -- Installing: /home/ur5e_user/workspace/install/unified_vision_system/share/unified_vision_system/local_setup.dsv
[0.763s] -- Installing: /home/ur5e_user/workspace/install/unified_vision_system/share/unified_vision_system/package.dsv
[0.763s] -- Installing: /home/ur5e_user/workspace/install/unified_vision_system/share/ament_index/resource_index/packages/unified_vision_system
[0.763s] -- Installing: /home/ur5e_user/workspace/install/unified_vision_system/share/unified_vision_system/cmake/unified_vision_systemConfig.cmake
[0.763s] -- Installing: /home/ur5e_user/workspace/install/unified_vision_system/share/unified_vision_system/cmake/unified_vision_systemConfig-version.cmake
[0.763s] -- Installing: /home/ur5e_user/workspace/install/unified_vision_system/share/unified_vision_system/package.xml
[0.765s] Invoked command in '/home/ur5e_user/workspace/build/unified_vision_system' returned '0': CMAKE_PREFIX_PATH=${CMAKE_PREFIX_PATH}:/opt/ros/humble CONDA_PROMPT_MODIFIER=(ur5e_vlm_environment) /opt/miniconda3/envs/ur5e_vlm_environment/bin/cmake --install /home/ur5e_user/workspace/build/unified_vision_system
