[0.134s] DEBUG:colcon:Command line arguments: ['/usr/bin/colcon', 'build', '--packages-select', 'unified_vision_system']
[0.134s] DEBUG:colcon:Parsed command line arguments: Namespace(log_base=None, log_level=None, verb_name='build', build_base='build', install_base='install', merge_install=False, symlink_install=False, test_result_base=None, continue_on_error=False, executor='parallel', parallel_workers=12, event_handlers=None, ignore_user_meta=False, metas=['./colcon.meta'], base_paths=['.'], packages_ignore=None, packages_ignore_regex=None, paths=None, packages_up_to=None, packages_up_to_regex=None, packages_above=None, packages_above_and_dependencies=None, packages_above_depth=None, packages_select_by_dep=None, packages_skip_by_dep=None, packages_skip_up_to=None, packages_select_build_failed=False, packages_skip_build_finished=False, packages_select_test_failures=False, packages_skip_test_passed=False, packages_select=['unified_vision_system'], packages_skip=None, packages_select_regex=None, packages_skip_regex=None, packages_start=None, packages_end=None, allow_overriding=[], cmake_args=None, cmake_target=None, cmake_target_skip_unavailable=False, cmake_clean_cache=False, cmake_clean_first=False, cmake_force_configure=False, ament_cmake_args=None, catkin_cmake_args=None, catkin_skip_building_tests=False, verb_parser=<colcon_defaults.argument_parser.defaults.DefaultArgumentsDecorator object at 0x74c378c2fee0>, verb_extension=<colcon_core.verb.build.BuildVerb object at 0x74c378d15360>, main=<bound method BuildVerb.main of <colcon_core.verb.build.BuildVerb object at 0x74c378d15360>>)
[0.235s] Level 1:colcon.colcon_core.package_discovery:discover_packages(colcon_meta) check parameters
[0.235s] Level 1:colcon.colcon_core.package_discovery:discover_packages(recursive) check parameters
[0.235s] Level 1:colcon.colcon_core.package_discovery:discover_packages(ignore) check parameters
[0.235s] Level 1:colcon.colcon_core.package_discovery:discover_packages(path) check parameters
[0.235s] Level 1:colcon.colcon_core.package_discovery:discover_packages(colcon_meta) discover
[0.235s] Level 1:colcon.colcon_core.package_discovery:discover_packages(recursive) discover
[0.235s] INFO:colcon.colcon_core.package_discovery:Crawling recursively for packages in '/home/ur5e_user/workspace'
[0.235s] Level 1:colcon.colcon_core.package_identification:_identify(.) by extensions ['ignore', 'ignore_ament_install']
[0.235s] Level 1:colcon.colcon_core.package_identification:_identify(.) by extension 'ignore'
[0.235s] Level 1:colcon.colcon_core.package_identification:_identify(.) by extension 'ignore_ament_install'
[0.235s] Level 1:colcon.colcon_core.package_identification:_identify(.) by extensions ['colcon_pkg']
[0.235s] Level 1:colcon.colcon_core.package_identification:_identify(.) by extension 'colcon_pkg'
[0.235s] Level 1:colcon.colcon_core.package_identification:_identify(.) by extensions ['colcon_meta']
[0.235s] Level 1:colcon.colcon_core.package_identification:_identify(.) by extension 'colcon_meta'
[0.236s] Level 1:colcon.colcon_core.package_identification:_identify(.) by extensions ['ros']
[0.236s] Level 1:colcon.colcon_core.package_identification:_identify(.) by extension 'ros'
[0.242s] Level 1:colcon.colcon_core.package_identification:_identify(.) by extensions ['cmake', 'python']
[0.242s] Level 1:colcon.colcon_core.package_identification:_identify(.) by extension 'cmake'
[0.242s] Level 1:colcon.colcon_core.package_identification:_identify(.) by extension 'python'
[0.242s] Level 1:colcon.colcon_core.package_identification:_identify(.) by extensions ['python_setup_py']
[0.242s] Level 1:colcon.colcon_core.package_identification:_identify(.) by extension 'python_setup_py'
[0.243s] Level 1:colcon.colcon_core.package_identification:_identify(IKBT) by extensions ['ignore', 'ignore_ament_install']
[0.243s] Level 1:colcon.colcon_core.package_identification:_identify(IKBT) by extension 'ignore'
[0.243s] Level 1:colcon.colcon_core.package_identification:_identify(IKBT) by extension 'ignore_ament_install'
[0.243s] Level 1:colcon.colcon_core.package_identification:_identify(IKBT) by extensions ['colcon_pkg']
[0.243s] Level 1:colcon.colcon_core.package_identification:_identify(IKBT) by extension 'colcon_pkg'
[0.243s] Level 1:colcon.colcon_core.package_identification:_identify(IKBT) by extensions ['colcon_meta']
[0.243s] Level 1:colcon.colcon_core.package_identification:_identify(IKBT) by extension 'colcon_meta'
[0.243s] Level 1:colcon.colcon_core.package_identification:_identify(IKBT) by extensions ['ros']
[0.243s] Level 1:colcon.colcon_core.package_identification:_identify(IKBT) by extension 'ros'
[0.243s] Level 1:colcon.colcon_core.package_identification:_identify(IKBT) by extensions ['cmake', 'python']
[0.243s] Level 1:colcon.colcon_core.package_identification:_identify(IKBT) by extension 'cmake'
[0.243s] Level 1:colcon.colcon_core.package_identification:_identify(IKBT) by extension 'python'
[0.243s] Level 1:colcon.colcon_core.package_identification:_identify(IKBT) by extensions ['python_setup_py']
[0.243s] Level 1:colcon.colcon_core.package_identification:_identify(IKBT) by extension 'python_setup_py'
[0.243s] Level 1:colcon.colcon_core.package_identification:_identify(IKBT/CodeGen) by extensions ['ignore', 'ignore_ament_install']
[0.243s] Level 1:colcon.colcon_core.package_identification:_identify(IKBT/CodeGen) by extension 'ignore'
[0.243s] Level 1:colcon.colcon_core.package_identification:_identify(IKBT/CodeGen) by extension 'ignore_ament_install'
[0.243s] Level 1:colcon.colcon_core.package_identification:_identify(IKBT/CodeGen) by extensions ['colcon_pkg']
[0.243s] Level 1:colcon.colcon_core.package_identification:_identify(IKBT/CodeGen) by extension 'colcon_pkg'
[0.243s] Level 1:colcon.colcon_core.package_identification:_identify(IKBT/CodeGen) by extensions ['colcon_meta']
[0.243s] Level 1:colcon.colcon_core.package_identification:_identify(IKBT/CodeGen) by extension 'colcon_meta'
[0.243s] Level 1:colcon.colcon_core.package_identification:_identify(IKBT/CodeGen) by extensions ['ros']
[0.243s] Level 1:colcon.colcon_core.package_identification:_identify(IKBT/CodeGen) by extension 'ros'
[0.243s] Level 1:colcon.colcon_core.package_identification:_identify(IKBT/CodeGen) by extensions ['cmake', 'python']
[0.243s] Level 1:colcon.colcon_core.package_identification:_identify(IKBT/CodeGen) by extension 'cmake'
[0.243s] Level 1:colcon.colcon_core.package_identification:_identify(IKBT/CodeGen) by extension 'python'
[0.243s] Level 1:colcon.colcon_core.package_identification:_identify(IKBT/CodeGen) by extensions ['python_setup_py']
[0.243s] Level 1:colcon.colcon_core.package_identification:_identify(IKBT/CodeGen) by extension 'python_setup_py'
[0.243s] Level 1:colcon.colcon_core.package_identification:_identify(IKBT/CodeGen/Cpp) by extensions ['ignore', 'ignore_ament_install']
[0.243s] Level 1:colcon.colcon_core.package_identification:_identify(IKBT/CodeGen/Cpp) by extension 'ignore'
[0.243s] Level 1:colcon.colcon_core.package_identification:_identify(IKBT/CodeGen/Cpp) by extension 'ignore_ament_install'
[0.243s] Level 1:colcon.colcon_core.package_identification:_identify(IKBT/CodeGen/Cpp) by extensions ['colcon_pkg']
[0.243s] Level 1:colcon.colcon_core.package_identification:_identify(IKBT/CodeGen/Cpp) by extension 'colcon_pkg'
[0.243s] Level 1:colcon.colcon_core.package_identification:_identify(IKBT/CodeGen/Cpp) by extensions ['colcon_meta']
[0.243s] Level 1:colcon.colcon_core.package_identification:_identify(IKBT/CodeGen/Cpp) by extension 'colcon_meta'
[0.243s] Level 1:colcon.colcon_core.package_identification:_identify(IKBT/CodeGen/Cpp) by extensions ['ros']
[0.243s] Level 1:colcon.colcon_core.package_identification:_identify(IKBT/CodeGen/Cpp) by extension 'ros'
[0.243s] Level 1:colcon.colcon_core.package_identification:_identify(IKBT/CodeGen/Cpp) by extensions ['cmake', 'python']
[0.243s] Level 1:colcon.colcon_core.package_identification:_identify(IKBT/CodeGen/Cpp) by extension 'cmake'
[0.243s] Level 1:colcon.colcon_core.package_identification:_identify(IKBT/CodeGen/Cpp) by extension 'python'
[0.243s] Level 1:colcon.colcon_core.package_identification:_identify(IKBT/CodeGen/Cpp) by extensions ['python_setup_py']
[0.243s] Level 1:colcon.colcon_core.package_identification:_identify(IKBT/CodeGen/Cpp) by extension 'python_setup_py'
[0.244s] Level 1:colcon.colcon_core.package_identification:_identify(IKBT/CodeGen/Python) by extensions ['ignore', 'ignore_ament_install']
[0.244s] Level 1:colcon.colcon_core.package_identification:_identify(IKBT/CodeGen/Python) by extension 'ignore'
[0.244s] Level 1:colcon.colcon_core.package_identification:_identify(IKBT/CodeGen/Python) by extension 'ignore_ament_install'
[0.244s] Level 1:colcon.colcon_core.package_identification:_identify(IKBT/CodeGen/Python) by extensions ['colcon_pkg']
[0.244s] Level 1:colcon.colcon_core.package_identification:_identify(IKBT/CodeGen/Python) by extension 'colcon_pkg'
[0.244s] Level 1:colcon.colcon_core.package_identification:_identify(IKBT/CodeGen/Python) by extensions ['colcon_meta']
[0.244s] Level 1:colcon.colcon_core.package_identification:_identify(IKBT/CodeGen/Python) by extension 'colcon_meta'
[0.244s] Level 1:colcon.colcon_core.package_identification:_identify(IKBT/CodeGen/Python) by extensions ['ros']
[0.244s] Level 1:colcon.colcon_core.package_identification:_identify(IKBT/CodeGen/Python) by extension 'ros'
[0.244s] Level 1:colcon.colcon_core.package_identification:_identify(IKBT/CodeGen/Python) by extensions ['cmake', 'python']
[0.244s] Level 1:colcon.colcon_core.package_identification:_identify(IKBT/CodeGen/Python) by extension 'cmake'
[0.244s] Level 1:colcon.colcon_core.package_identification:_identify(IKBT/CodeGen/Python) by extension 'python'
[0.244s] Level 1:colcon.colcon_core.package_identification:_identify(IKBT/CodeGen/Python) by extensions ['python_setup_py']
[0.244s] Level 1:colcon.colcon_core.package_identification:_identify(IKBT/CodeGen/Python) by extension 'python_setup_py'
[0.244s] Level 1:colcon.colcon_core.package_identification:_identify(IKBT/IKdocs) by extensions ['ignore', 'ignore_ament_install']
[0.244s] Level 1:colcon.colcon_core.package_identification:_identify(IKBT/IKdocs) by extension 'ignore'
[0.244s] Level 1:colcon.colcon_core.package_identification:_identify(IKBT/IKdocs) by extension 'ignore_ament_install'
[0.244s] Level 1:colcon.colcon_core.package_identification:_identify(IKBT/IKdocs) by extensions ['colcon_pkg']
[0.244s] Level 1:colcon.colcon_core.package_identification:_identify(IKBT/IKdocs) by extension 'colcon_pkg'
[0.244s] Level 1:colcon.colcon_core.package_identification:_identify(IKBT/IKdocs) by extensions ['colcon_meta']
[0.244s] Level 1:colcon.colcon_core.package_identification:_identify(IKBT/IKdocs) by extension 'colcon_meta'
[0.244s] Level 1:colcon.colcon_core.package_identification:_identify(IKBT/IKdocs) by extensions ['ros']
[0.244s] Level 1:colcon.colcon_core.package_identification:_identify(IKBT/IKdocs) by extension 'ros'
[0.244s] Level 1:colcon.colcon_core.package_identification:_identify(IKBT/IKdocs) by extensions ['cmake', 'python']
[0.244s] Level 1:colcon.colcon_core.package_identification:_identify(IKBT/IKdocs) by extension 'cmake'
[0.244s] Level 1:colcon.colcon_core.package_identification:_identify(IKBT/IKdocs) by extension 'python'
[0.244s] Level 1:colcon.colcon_core.package_identification:_identify(IKBT/IKdocs) by extensions ['python_setup_py']
[0.244s] Level 1:colcon.colcon_core.package_identification:_identify(IKBT/IKdocs) by extension 'python_setup_py'
[0.244s] Level 1:colcon.colcon_core.package_identification:_identify(IKBT/LaTex) by extensions ['ignore', 'ignore_ament_install']
[0.244s] Level 1:colcon.colcon_core.package_identification:_identify(IKBT/LaTex) by extension 'ignore'
[0.244s] Level 1:colcon.colcon_core.package_identification:_identify(IKBT/LaTex) by extension 'ignore_ament_install'
[0.244s] Level 1:colcon.colcon_core.package_identification:_identify(IKBT/LaTex) by extensions ['colcon_pkg']
[0.244s] Level 1:colcon.colcon_core.package_identification:_identify(IKBT/LaTex) by extension 'colcon_pkg'
[0.244s] Level 1:colcon.colcon_core.package_identification:_identify(IKBT/LaTex) by extensions ['colcon_meta']
[0.244s] Level 1:colcon.colcon_core.package_identification:_identify(IKBT/LaTex) by extension 'colcon_meta'
[0.244s] Level 1:colcon.colcon_core.package_identification:_identify(IKBT/LaTex) by extensions ['ros']
[0.244s] Level 1:colcon.colcon_core.package_identification:_identify(IKBT/LaTex) by extension 'ros'
[0.244s] Level 1:colcon.colcon_core.package_identification:_identify(IKBT/LaTex) by extensions ['cmake', 'python']
[0.244s] Level 1:colcon.colcon_core.package_identification:_identify(IKBT/LaTex) by extension 'cmake'
[0.244s] Level 1:colcon.colcon_core.package_identification:_identify(IKBT/LaTex) by extension 'python'
[0.244s] Level 1:colcon.colcon_core.package_identification:_identify(IKBT/LaTex) by extensions ['python_setup_py']
[0.244s] Level 1:colcon.colcon_core.package_identification:_identify(IKBT/LaTex) by extension 'python_setup_py'
[0.244s] Level 1:colcon.colcon_core.package_identification:_identify(IKBT/b3) by extensions ['ignore', 'ignore_ament_install']
[0.245s] Level 1:colcon.colcon_core.package_identification:_identify(IKBT/b3) by extension 'ignore'
[0.245s] Level 1:colcon.colcon_core.package_identification:_identify(IKBT/b3) by extension 'ignore_ament_install'
[0.245s] Level 1:colcon.colcon_core.package_identification:_identify(IKBT/b3) by extensions ['colcon_pkg']
[0.245s] Level 1:colcon.colcon_core.package_identification:_identify(IKBT/b3) by extension 'colcon_pkg'
[0.245s] Level 1:colcon.colcon_core.package_identification:_identify(IKBT/b3) by extensions ['colcon_meta']
[0.245s] Level 1:colcon.colcon_core.package_identification:_identify(IKBT/b3) by extension 'colcon_meta'
[0.245s] Level 1:colcon.colcon_core.package_identification:_identify(IKBT/b3) by extensions ['ros']
[0.245s] Level 1:colcon.colcon_core.package_identification:_identify(IKBT/b3) by extension 'ros'
[0.245s] Level 1:colcon.colcon_core.package_identification:_identify(IKBT/b3) by extensions ['cmake', 'python']
[0.245s] Level 1:colcon.colcon_core.package_identification:_identify(IKBT/b3) by extension 'cmake'
[0.245s] Level 1:colcon.colcon_core.package_identification:_identify(IKBT/b3) by extension 'python'
[0.245s] Level 1:colcon.colcon_core.package_identification:_identify(IKBT/b3) by extensions ['python_setup_py']
[0.245s] Level 1:colcon.colcon_core.package_identification:_identify(IKBT/b3) by extension 'python_setup_py'
[0.245s] Level 1:colcon.colcon_core.package_identification:_identify(IKBT/b3/actions) by extensions ['ignore', 'ignore_ament_install']
[0.245s] Level 1:colcon.colcon_core.package_identification:_identify(IKBT/b3/actions) by extension 'ignore'
[0.245s] Level 1:colcon.colcon_core.package_identification:_identify(IKBT/b3/actions) by extension 'ignore_ament_install'
[0.245s] Level 1:colcon.colcon_core.package_identification:_identify(IKBT/b3/actions) by extensions ['colcon_pkg']
[0.245s] Level 1:colcon.colcon_core.package_identification:_identify(IKBT/b3/actions) by extension 'colcon_pkg'
[0.245s] Level 1:colcon.colcon_core.package_identification:_identify(IKBT/b3/actions) by extensions ['colcon_meta']
[0.245s] Level 1:colcon.colcon_core.package_identification:_identify(IKBT/b3/actions) by extension 'colcon_meta'
[0.245s] Level 1:colcon.colcon_core.package_identification:_identify(IKBT/b3/actions) by extensions ['ros']
[0.245s] Level 1:colcon.colcon_core.package_identification:_identify(IKBT/b3/actions) by extension 'ros'
[0.245s] Level 1:colcon.colcon_core.package_identification:_identify(IKBT/b3/actions) by extensions ['cmake', 'python']
[0.245s] Level 1:colcon.colcon_core.package_identification:_identify(IKBT/b3/actions) by extension 'cmake'
[0.245s] Level 1:colcon.colcon_core.package_identification:_identify(IKBT/b3/actions) by extension 'python'
[0.245s] Level 1:colcon.colcon_core.package_identification:_identify(IKBT/b3/actions) by extensions ['python_setup_py']
[0.245s] Level 1:colcon.colcon_core.package_identification:_identify(IKBT/b3/actions) by extension 'python_setup_py'
[0.245s] Level 1:colcon.colcon_core.package_identification:_identify(IKBT/b3/composites) by extensions ['ignore', 'ignore_ament_install']
[0.245s] Level 1:colcon.colcon_core.package_identification:_identify(IKBT/b3/composites) by extension 'ignore'
[0.245s] Level 1:colcon.colcon_core.package_identification:_identify(IKBT/b3/composites) by extension 'ignore_ament_install'
[0.245s] Level 1:colcon.colcon_core.package_identification:_identify(IKBT/b3/composites) by extensions ['colcon_pkg']
[0.245s] Level 1:colcon.colcon_core.package_identification:_identify(IKBT/b3/composites) by extension 'colcon_pkg'
[0.245s] Level 1:colcon.colcon_core.package_identification:_identify(IKBT/b3/composites) by extensions ['colcon_meta']
[0.245s] Level 1:colcon.colcon_core.package_identification:_identify(IKBT/b3/composites) by extension 'colcon_meta'
[0.245s] Level 1:colcon.colcon_core.package_identification:_identify(IKBT/b3/composites) by extensions ['ros']
[0.245s] Level 1:colcon.colcon_core.package_identification:_identify(IKBT/b3/composites) by extension 'ros'
[0.245s] Level 1:colcon.colcon_core.package_identification:_identify(IKBT/b3/composites) by extensions ['cmake', 'python']
[0.245s] Level 1:colcon.colcon_core.package_identification:_identify(IKBT/b3/composites) by extension 'cmake'
[0.245s] Level 1:colcon.colcon_core.package_identification:_identify(IKBT/b3/composites) by extension 'python'
[0.245s] Level 1:colcon.colcon_core.package_identification:_identify(IKBT/b3/composites) by extensions ['python_setup_py']
[0.245s] Level 1:colcon.colcon_core.package_identification:_identify(IKBT/b3/composites) by extension 'python_setup_py'
[0.245s] Level 1:colcon.colcon_core.package_identification:_identify(IKBT/b3/core) by extensions ['ignore', 'ignore_ament_install']
[0.246s] Level 1:colcon.colcon_core.package_identification:_identify(IKBT/b3/core) by extension 'ignore'
[0.246s] Level 1:colcon.colcon_core.package_identification:_identify(IKBT/b3/core) by extension 'ignore_ament_install'
[0.246s] Level 1:colcon.colcon_core.package_identification:_identify(IKBT/b3/core) by extensions ['colcon_pkg']
[0.246s] Level 1:colcon.colcon_core.package_identification:_identify(IKBT/b3/core) by extension 'colcon_pkg'
[0.246s] Level 1:colcon.colcon_core.package_identification:_identify(IKBT/b3/core) by extensions ['colcon_meta']
[0.246s] Level 1:colcon.colcon_core.package_identification:_identify(IKBT/b3/core) by extension 'colcon_meta'
[0.246s] Level 1:colcon.colcon_core.package_identification:_identify(IKBT/b3/core) by extensions ['ros']
[0.246s] Level 1:colcon.colcon_core.package_identification:_identify(IKBT/b3/core) by extension 'ros'
[0.246s] Level 1:colcon.colcon_core.package_identification:_identify(IKBT/b3/core) by extensions ['cmake', 'python']
[0.246s] Level 1:colcon.colcon_core.package_identification:_identify(IKBT/b3/core) by extension 'cmake'
[0.246s] Level 1:colcon.colcon_core.package_identification:_identify(IKBT/b3/core) by extension 'python'
[0.246s] Level 1:colcon.colcon_core.package_identification:_identify(IKBT/b3/core) by extensions ['python_setup_py']
[0.246s] Level 1:colcon.colcon_core.package_identification:_identify(IKBT/b3/core) by extension 'python_setup_py'
[0.246s] Level 1:colcon.colcon_core.package_identification:_identify(IKBT/b3/decorators) by extensions ['ignore', 'ignore_ament_install']
[0.246s] Level 1:colcon.colcon_core.package_identification:_identify(IKBT/b3/decorators) by extension 'ignore'
[0.246s] Level 1:colcon.colcon_core.package_identification:_identify(IKBT/b3/decorators) by extension 'ignore_ament_install'
[0.246s] Level 1:colcon.colcon_core.package_identification:_identify(IKBT/b3/decorators) by extensions ['colcon_pkg']
[0.246s] Level 1:colcon.colcon_core.package_identification:_identify(IKBT/b3/decorators) by extension 'colcon_pkg'
[0.246s] Level 1:colcon.colcon_core.package_identification:_identify(IKBT/b3/decorators) by extensions ['colcon_meta']
[0.246s] Level 1:colcon.colcon_core.package_identification:_identify(IKBT/b3/decorators) by extension 'colcon_meta'
[0.246s] Level 1:colcon.colcon_core.package_identification:_identify(IKBT/b3/decorators) by extensions ['ros']
[0.246s] Level 1:colcon.colcon_core.package_identification:_identify(IKBT/b3/decorators) by extension 'ros'
[0.246s] Level 1:colcon.colcon_core.package_identification:_identify(IKBT/b3/decorators) by extensions ['cmake', 'python']
[0.246s] Level 1:colcon.colcon_core.package_identification:_identify(IKBT/b3/decorators) by extension 'cmake'
[0.246s] Level 1:colcon.colcon_core.package_identification:_identify(IKBT/b3/decorators) by extension 'python'
[0.246s] Level 1:colcon.colcon_core.package_identification:_identify(IKBT/b3/decorators) by extensions ['python_setup_py']
[0.246s] Level 1:colcon.colcon_core.package_identification:_identify(IKBT/b3/decorators) by extension 'python_setup_py'
[0.246s] Level 1:colcon.colcon_core.package_identification:_identify(IKBT/ikbtbasics) by extensions ['ignore', 'ignore_ament_install']
[0.246s] Level 1:colcon.colcon_core.package_identification:_identify(IKBT/ikbtbasics) by extension 'ignore'
[0.246s] Level 1:colcon.colcon_core.package_identification:_identify(IKBT/ikbtbasics) by extension 'ignore_ament_install'
[0.246s] Level 1:colcon.colcon_core.package_identification:_identify(IKBT/ikbtbasics) by extensions ['colcon_pkg']
[0.246s] Level 1:colcon.colcon_core.package_identification:_identify(IKBT/ikbtbasics) by extension 'colcon_pkg'
[0.246s] Level 1:colcon.colcon_core.package_identification:_identify(IKBT/ikbtbasics) by extensions ['colcon_meta']
[0.246s] Level 1:colcon.colcon_core.package_identification:_identify(IKBT/ikbtbasics) by extension 'colcon_meta'
[0.246s] Level 1:colcon.colcon_core.package_identification:_identify(IKBT/ikbtbasics) by extensions ['ros']
[0.246s] Level 1:colcon.colcon_core.package_identification:_identify(IKBT/ikbtbasics) by extension 'ros'
[0.246s] Level 1:colcon.colcon_core.package_identification:_identify(IKBT/ikbtbasics) by extensions ['cmake', 'python']
[0.246s] Level 1:colcon.colcon_core.package_identification:_identify(IKBT/ikbtbasics) by extension 'cmake'
[0.246s] Level 1:colcon.colcon_core.package_identification:_identify(IKBT/ikbtbasics) by extension 'python'
[0.246s] Level 1:colcon.colcon_core.package_identification:_identify(IKBT/ikbtbasics) by extensions ['python_setup_py']
[0.246s] Level 1:colcon.colcon_core.package_identification:_identify(IKBT/ikbtbasics) by extension 'python_setup_py'
[0.246s] Level 1:colcon.colcon_core.package_identification:_identify(IKBT/ikbtfunctions) by extensions ['ignore', 'ignore_ament_install']
[0.247s] Level 1:colcon.colcon_core.package_identification:_identify(IKBT/ikbtfunctions) by extension 'ignore'
[0.247s] Level 1:colcon.colcon_core.package_identification:_identify(IKBT/ikbtfunctions) by extension 'ignore_ament_install'
[0.247s] Level 1:colcon.colcon_core.package_identification:_identify(IKBT/ikbtfunctions) by extensions ['colcon_pkg']
[0.247s] Level 1:colcon.colcon_core.package_identification:_identify(IKBT/ikbtfunctions) by extension 'colcon_pkg'
[0.247s] Level 1:colcon.colcon_core.package_identification:_identify(IKBT/ikbtfunctions) by extensions ['colcon_meta']
[0.247s] Level 1:colcon.colcon_core.package_identification:_identify(IKBT/ikbtfunctions) by extension 'colcon_meta'
[0.247s] Level 1:colcon.colcon_core.package_identification:_identify(IKBT/ikbtfunctions) by extensions ['ros']
[0.247s] Level 1:colcon.colcon_core.package_identification:_identify(IKBT/ikbtfunctions) by extension 'ros'
[0.247s] Level 1:colcon.colcon_core.package_identification:_identify(IKBT/ikbtfunctions) by extensions ['cmake', 'python']
[0.247s] Level 1:colcon.colcon_core.package_identification:_identify(IKBT/ikbtfunctions) by extension 'cmake'
[0.247s] Level 1:colcon.colcon_core.package_identification:_identify(IKBT/ikbtfunctions) by extension 'python'
[0.247s] Level 1:colcon.colcon_core.package_identification:_identify(IKBT/ikbtfunctions) by extensions ['python_setup_py']
[0.247s] Level 1:colcon.colcon_core.package_identification:_identify(IKBT/ikbtfunctions) by extension 'python_setup_py'
[0.247s] Level 1:colcon.colcon_core.package_identification:_identify(IKBT/ikbtleaves) by extensions ['ignore', 'ignore_ament_install']
[0.247s] Level 1:colcon.colcon_core.package_identification:_identify(IKBT/ikbtleaves) by extension 'ignore'
[0.247s] Level 1:colcon.colcon_core.package_identification:_identify(IKBT/ikbtleaves) by extension 'ignore_ament_install'
[0.247s] Level 1:colcon.colcon_core.package_identification:_identify(IKBT/ikbtleaves) by extensions ['colcon_pkg']
[0.247s] Level 1:colcon.colcon_core.package_identification:_identify(IKBT/ikbtleaves) by extension 'colcon_pkg'
[0.247s] Level 1:colcon.colcon_core.package_identification:_identify(IKBT/ikbtleaves) by extensions ['colcon_meta']
[0.247s] Level 1:colcon.colcon_core.package_identification:_identify(IKBT/ikbtleaves) by extension 'colcon_meta'
[0.247s] Level 1:colcon.colcon_core.package_identification:_identify(IKBT/ikbtleaves) by extensions ['ros']
[0.247s] Level 1:colcon.colcon_core.package_identification:_identify(IKBT/ikbtleaves) by extension 'ros'
[0.247s] Level 1:colcon.colcon_core.package_identification:_identify(IKBT/ikbtleaves) by extensions ['cmake', 'python']
[0.247s] Level 1:colcon.colcon_core.package_identification:_identify(IKBT/ikbtleaves) by extension 'cmake'
[0.247s] Level 1:colcon.colcon_core.package_identification:_identify(IKBT/ikbtleaves) by extension 'python'
[0.247s] Level 1:colcon.colcon_core.package_identification:_identify(IKBT/ikbtleaves) by extensions ['python_setup_py']
[0.247s] Level 1:colcon.colcon_core.package_identification:_identify(IKBT/ikbtleaves) by extension 'python_setup_py'
[0.247s] Level 1:colcon.colcon_core.package_identification:_identify(IKBT/scripts) by extensions ['ignore', 'ignore_ament_install']
[0.247s] Level 1:colcon.colcon_core.package_identification:_identify(IKBT/scripts) by extension 'ignore'
[0.247s] Level 1:colcon.colcon_core.package_identification:_identify(IKBT/scripts) by extension 'ignore_ament_install'
[0.247s] Level 1:colcon.colcon_core.package_identification:_identify(IKBT/scripts) by extensions ['colcon_pkg']
[0.247s] Level 1:colcon.colcon_core.package_identification:_identify(IKBT/scripts) by extension 'colcon_pkg'
[0.247s] Level 1:colcon.colcon_core.package_identification:_identify(IKBT/scripts) by extensions ['colcon_meta']
[0.247s] Level 1:colcon.colcon_core.package_identification:_identify(IKBT/scripts) by extension 'colcon_meta'
[0.247s] Level 1:colcon.colcon_core.package_identification:_identify(IKBT/scripts) by extensions ['ros']
[0.247s] Level 1:colcon.colcon_core.package_identification:_identify(IKBT/scripts) by extension 'ros'
[0.247s] Level 1:colcon.colcon_core.package_identification:_identify(IKBT/scripts) by extensions ['cmake', 'python']
[0.247s] Level 1:colcon.colcon_core.package_identification:_identify(IKBT/scripts) by extension 'cmake'
[0.247s] Level 1:colcon.colcon_core.package_identification:_identify(IKBT/scripts) by extension 'python'
[0.247s] Level 1:colcon.colcon_core.package_identification:_identify(IKBT/scripts) by extensions ['python_setup_py']
[0.248s] Level 1:colcon.colcon_core.package_identification:_identify(IKBT/scripts) by extension 'python_setup_py'
[0.248s] Level 1:colcon.colcon_core.package_identification:_identify(IKBT/tests) by extensions ['ignore', 'ignore_ament_install']
[0.248s] Level 1:colcon.colcon_core.package_identification:_identify(IKBT/tests) by extension 'ignore'
[0.248s] Level 1:colcon.colcon_core.package_identification:_identify(IKBT/tests) by extension 'ignore_ament_install'
[0.248s] Level 1:colcon.colcon_core.package_identification:_identify(IKBT/tests) by extensions ['colcon_pkg']
[0.248s] Level 1:colcon.colcon_core.package_identification:_identify(IKBT/tests) by extension 'colcon_pkg'
[0.248s] Level 1:colcon.colcon_core.package_identification:_identify(IKBT/tests) by extensions ['colcon_meta']
[0.248s] Level 1:colcon.colcon_core.package_identification:_identify(IKBT/tests) by extension 'colcon_meta'
[0.248s] Level 1:colcon.colcon_core.package_identification:_identify(IKBT/tests) by extensions ['ros']
[0.248s] Level 1:colcon.colcon_core.package_identification:_identify(IKBT/tests) by extension 'ros'
[0.248s] Level 1:colcon.colcon_core.package_identification:_identify(IKBT/tests) by extensions ['cmake', 'python']
[0.248s] Level 1:colcon.colcon_core.package_identification:_identify(IKBT/tests) by extension 'cmake'
[0.248s] Level 1:colcon.colcon_core.package_identification:_identify(IKBT/tests) by extension 'python'
[0.248s] Level 1:colcon.colcon_core.package_identification:_identify(IKBT/tests) by extensions ['python_setup_py']
[0.248s] Level 1:colcon.colcon_core.package_identification:_identify(IKBT/tests) by extension 'python_setup_py'
[0.248s] Level 1:colcon.colcon_core.package_identification:_identify(Universal_Robots_ROS2_Description) by extensions ['ignore', 'ignore_ament_install']
[0.248s] Level 1:colcon.colcon_core.package_identification:_identify(Universal_Robots_ROS2_Description) by extension 'ignore'
[0.248s] Level 1:colcon.colcon_core.package_identification:_identify(Universal_Robots_ROS2_Description) by extension 'ignore_ament_install'
[0.248s] Level 1:colcon.colcon_core.package_identification:_identify(Universal_Robots_ROS2_Description) by extensions ['colcon_pkg']
[0.248s] Level 1:colcon.colcon_core.package_identification:_identify(Universal_Robots_ROS2_Description) by extension 'colcon_pkg'
[0.248s] Level 1:colcon.colcon_core.package_identification:_identify(Universal_Robots_ROS2_Description) by extensions ['colcon_meta']
[0.248s] Level 1:colcon.colcon_core.package_identification:_identify(Universal_Robots_ROS2_Description) by extension 'colcon_meta'
[0.248s] Level 1:colcon.colcon_core.package_identification:_identify(Universal_Robots_ROS2_Description) by extensions ['ros']
[0.248s] Level 1:colcon.colcon_core.package_identification:_identify(Universal_Robots_ROS2_Description) by extension 'ros'
[0.250s] DEBUG:colcon.colcon_core.package_identification:Package 'Universal_Robots_ROS2_Description' with type 'ros.ament_cmake' and name 'ur_description'
[0.250s] Level 1:colcon.colcon_core.package_identification:_identify(build) by extensions ['ignore', 'ignore_ament_install']
[0.250s] Level 1:colcon.colcon_core.package_identification:_identify(build) by extension 'ignore'
[0.250s] Level 1:colcon.colcon_core.package_identification:_identify(build) ignored
[0.250s] Level 1:colcon.colcon_core.package_identification:_identify(install) by extensions ['ignore', 'ignore_ament_install']
[0.250s] Level 1:colcon.colcon_core.package_identification:_identify(install) by extension 'ignore'
[0.250s] Level 1:colcon.colcon_core.package_identification:_identify(install) ignored
[0.251s] Level 1:colcon.colcon_core.package_identification:_identify(log) by extensions ['ignore', 'ignore_ament_install']
[0.251s] Level 1:colcon.colcon_core.package_identification:_identify(log) by extension 'ignore'
[0.251s] Level 1:colcon.colcon_core.package_identification:_identify(log) ignored
[0.251s] Level 1:colcon.colcon_core.package_identification:_identify(meshes) by extensions ['ignore', 'ignore_ament_install']
[0.251s] Level 1:colcon.colcon_core.package_identification:_identify(meshes) by extension 'ignore'
[0.251s] Level 1:colcon.colcon_core.package_identification:_identify(meshes) by extension 'ignore_ament_install'
[0.251s] Level 1:colcon.colcon_core.package_identification:_identify(meshes) by extensions ['colcon_pkg']
[0.251s] Level 1:colcon.colcon_core.package_identification:_identify(meshes) by extension 'colcon_pkg'
[0.251s] Level 1:colcon.colcon_core.package_identification:_identify(meshes) by extensions ['colcon_meta']
[0.251s] Level 1:colcon.colcon_core.package_identification:_identify(meshes) by extension 'colcon_meta'
[0.251s] Level 1:colcon.colcon_core.package_identification:_identify(meshes) by extensions ['ros']
[0.251s] Level 1:colcon.colcon_core.package_identification:_identify(meshes) by extension 'ros'
[0.251s] Level 1:colcon.colcon_core.package_identification:_identify(meshes) by extensions ['cmake', 'python']
[0.251s] Level 1:colcon.colcon_core.package_identification:_identify(meshes) by extension 'cmake'
[0.251s] Level 1:colcon.colcon_core.package_identification:_identify(meshes) by extension 'python'
[0.251s] Level 1:colcon.colcon_core.package_identification:_identify(meshes) by extensions ['python_setup_py']
[0.251s] Level 1:colcon.colcon_core.package_identification:_identify(meshes) by extension 'python_setup_py'
[0.251s] Level 1:colcon.colcon_core.package_identification:_identify(meshes/robotiq_2f_85) by extensions ['ignore', 'ignore_ament_install']
[0.251s] Level 1:colcon.colcon_core.package_identification:_identify(meshes/robotiq_2f_85) by extension 'ignore'
[0.251s] Level 1:colcon.colcon_core.package_identification:_identify(meshes/robotiq_2f_85) by extension 'ignore_ament_install'
[0.251s] Level 1:colcon.colcon_core.package_identification:_identify(meshes/robotiq_2f_85) by extensions ['colcon_pkg']
[0.251s] Level 1:colcon.colcon_core.package_identification:_identify(meshes/robotiq_2f_85) by extension 'colcon_pkg'
[0.251s] Level 1:colcon.colcon_core.package_identification:_identify(meshes/robotiq_2f_85) by extensions ['colcon_meta']
[0.251s] Level 1:colcon.colcon_core.package_identification:_identify(meshes/robotiq_2f_85) by extension 'colcon_meta'
[0.251s] Level 1:colcon.colcon_core.package_identification:_identify(meshes/robotiq_2f_85) by extensions ['ros']
[0.251s] Level 1:colcon.colcon_core.package_identification:_identify(meshes/robotiq_2f_85) by extension 'ros'
[0.251s] Level 1:colcon.colcon_core.package_identification:_identify(meshes/robotiq_2f_85) by extensions ['cmake', 'python']
[0.251s] Level 1:colcon.colcon_core.package_identification:_identify(meshes/robotiq_2f_85) by extension 'cmake'
[0.251s] Level 1:colcon.colcon_core.package_identification:_identify(meshes/robotiq_2f_85) by extension 'python'
[0.251s] Level 1:colcon.colcon_core.package_identification:_identify(meshes/robotiq_2f_85) by extensions ['python_setup_py']
[0.251s] Level 1:colcon.colcon_core.package_identification:_identify(meshes/robotiq_2f_85) by extension 'python_setup_py'
[0.251s] Level 1:colcon.colcon_core.package_identification:_identify(meshes/robotiq_2f_85/collision) by extensions ['ignore', 'ignore_ament_install']
[0.251s] Level 1:colcon.colcon_core.package_identification:_identify(meshes/robotiq_2f_85/collision) by extension 'ignore'
[0.251s] Level 1:colcon.colcon_core.package_identification:_identify(meshes/robotiq_2f_85/collision) by extension 'ignore_ament_install'
[0.251s] Level 1:colcon.colcon_core.package_identification:_identify(meshes/robotiq_2f_85/collision) by extensions ['colcon_pkg']
[0.251s] Level 1:colcon.colcon_core.package_identification:_identify(meshes/robotiq_2f_85/collision) by extension 'colcon_pkg'
[0.251s] Level 1:colcon.colcon_core.package_identification:_identify(meshes/robotiq_2f_85/collision) by extensions ['colcon_meta']
[0.251s] Level 1:colcon.colcon_core.package_identification:_identify(meshes/robotiq_2f_85/collision) by extension 'colcon_meta'
[0.251s] Level 1:colcon.colcon_core.package_identification:_identify(meshes/robotiq_2f_85/collision) by extensions ['ros']
[0.251s] Level 1:colcon.colcon_core.package_identification:_identify(meshes/robotiq_2f_85/collision) by extension 'ros'
[0.251s] Level 1:colcon.colcon_core.package_identification:_identify(meshes/robotiq_2f_85/collision) by extensions ['cmake', 'python']
[0.251s] Level 1:colcon.colcon_core.package_identification:_identify(meshes/robotiq_2f_85/collision) by extension 'cmake'
[0.252s] Level 1:colcon.colcon_core.package_identification:_identify(meshes/robotiq_2f_85/collision) by extension 'python'
[0.252s] Level 1:colcon.colcon_core.package_identification:_identify(meshes/robotiq_2f_85/collision) by extensions ['python_setup_py']
[0.252s] Level 1:colcon.colcon_core.package_identification:_identify(meshes/robotiq_2f_85/collision) by extension 'python_setup_py'
[0.252s] Level 1:colcon.colcon_core.package_identification:_identify(meshes/robotiq_2f_85/visual) by extensions ['ignore', 'ignore_ament_install']
[0.252s] Level 1:colcon.colcon_core.package_identification:_identify(meshes/robotiq_2f_85/visual) by extension 'ignore'
[0.252s] Level 1:colcon.colcon_core.package_identification:_identify(meshes/robotiq_2f_85/visual) by extension 'ignore_ament_install'
[0.252s] Level 1:colcon.colcon_core.package_identification:_identify(meshes/robotiq_2f_85/visual) by extensions ['colcon_pkg']
[0.252s] Level 1:colcon.colcon_core.package_identification:_identify(meshes/robotiq_2f_85/visual) by extension 'colcon_pkg'
[0.252s] Level 1:colcon.colcon_core.package_identification:_identify(meshes/robotiq_2f_85/visual) by extensions ['colcon_meta']
[0.252s] Level 1:colcon.colcon_core.package_identification:_identify(meshes/robotiq_2f_85/visual) by extension 'colcon_meta'
[0.252s] Level 1:colcon.colcon_core.package_identification:_identify(meshes/robotiq_2f_85/visual) by extensions ['ros']
[0.252s] Level 1:colcon.colcon_core.package_identification:_identify(meshes/robotiq_2f_85/visual) by extension 'ros'
[0.252s] Level 1:colcon.colcon_core.package_identification:_identify(meshes/robotiq_2f_85/visual) by extensions ['cmake', 'python']
[0.252s] Level 1:colcon.colcon_core.package_identification:_identify(meshes/robotiq_2f_85/visual) by extension 'cmake'
[0.252s] Level 1:colcon.colcon_core.package_identification:_identify(meshes/robotiq_2f_85/visual) by extension 'python'
[0.252s] Level 1:colcon.colcon_core.package_identification:_identify(meshes/robotiq_2f_85/visual) by extensions ['python_setup_py']
[0.252s] Level 1:colcon.colcon_core.package_identification:_identify(meshes/robotiq_2f_85/visual) by extension 'python_setup_py'
[0.252s] Level 1:colcon.colcon_core.package_identification:_identify(robotiq) by extensions ['ignore', 'ignore_ament_install']
[0.252s] Level 1:colcon.colcon_core.package_identification:_identify(robotiq) by extension 'ignore'
[0.252s] Level 1:colcon.colcon_core.package_identification:_identify(robotiq) by extension 'ignore_ament_install'
[0.252s] Level 1:colcon.colcon_core.package_identification:_identify(robotiq) by extensions ['colcon_pkg']
[0.252s] Level 1:colcon.colcon_core.package_identification:_identify(robotiq) by extension 'colcon_pkg'
[0.252s] Level 1:colcon.colcon_core.package_identification:_identify(robotiq) by extensions ['colcon_meta']
[0.252s] Level 1:colcon.colcon_core.package_identification:_identify(robotiq) by extension 'colcon_meta'
[0.252s] Level 1:colcon.colcon_core.package_identification:_identify(robotiq) by extensions ['ros']
[0.252s] Level 1:colcon.colcon_core.package_identification:_identify(robotiq) by extension 'ros'
[0.252s] Level 1:colcon.colcon_core.package_identification:_identify(robotiq) by extensions ['cmake', 'python']
[0.252s] Level 1:colcon.colcon_core.package_identification:_identify(robotiq) by extension 'cmake'
[0.252s] Level 1:colcon.colcon_core.package_identification:_identify(robotiq) by extension 'python'
[0.252s] Level 1:colcon.colcon_core.package_identification:_identify(robotiq) by extensions ['python_setup_py']
[0.252s] Level 1:colcon.colcon_core.package_identification:_identify(robotiq) by extension 'python_setup_py'
[0.252s] Level 1:colcon.colcon_core.package_identification:_identify(robotiq/robotiq) by extensions ['ignore', 'ignore_ament_install']
[0.252s] Level 1:colcon.colcon_core.package_identification:_identify(robotiq/robotiq) by extension 'ignore'
[0.252s] Level 1:colcon.colcon_core.package_identification:_identify(robotiq/robotiq) by extension 'ignore_ament_install'
[0.252s] Level 1:colcon.colcon_core.package_identification:_identify(robotiq/robotiq) by extensions ['colcon_pkg']
[0.252s] Level 1:colcon.colcon_core.package_identification:_identify(robotiq/robotiq) by extension 'colcon_pkg'
[0.252s] Level 1:colcon.colcon_core.package_identification:_identify(robotiq/robotiq) by extensions ['colcon_meta']
[0.252s] Level 1:colcon.colcon_core.package_identification:_identify(robotiq/robotiq) by extension 'colcon_meta'
[0.252s] Level 1:colcon.colcon_core.package_identification:_identify(robotiq/robotiq) by extensions ['ros']
[0.252s] Level 1:colcon.colcon_core.package_identification:_identify(robotiq/robotiq) by extension 'ros'
[0.253s] DEBUG:colcon.colcon_core.package_identification:Package 'robotiq/robotiq' with type 'ros.catkin' and name 'robotiq'
[0.253s] Level 1:colcon.colcon_core.package_identification:_identify(robotiq/robotiq_2f_140_gripper_visualization) by extensions ['ignore', 'ignore_ament_install']
[0.253s] Level 1:colcon.colcon_core.package_identification:_identify(robotiq/robotiq_2f_140_gripper_visualization) by extension 'ignore'
[0.253s] Level 1:colcon.colcon_core.package_identification:_identify(robotiq/robotiq_2f_140_gripper_visualization) by extension 'ignore_ament_install'
[0.253s] Level 1:colcon.colcon_core.package_identification:_identify(robotiq/robotiq_2f_140_gripper_visualization) by extensions ['colcon_pkg']
[0.253s] Level 1:colcon.colcon_core.package_identification:_identify(robotiq/robotiq_2f_140_gripper_visualization) by extension 'colcon_pkg'
[0.253s] Level 1:colcon.colcon_core.package_identification:_identify(robotiq/robotiq_2f_140_gripper_visualization) by extensions ['colcon_meta']
[0.253s] Level 1:colcon.colcon_core.package_identification:_identify(robotiq/robotiq_2f_140_gripper_visualization) by extension 'colcon_meta'
[0.253s] Level 1:colcon.colcon_core.package_identification:_identify(robotiq/robotiq_2f_140_gripper_visualization) by extensions ['ros']
[0.253s] Level 1:colcon.colcon_core.package_identification:_identify(robotiq/robotiq_2f_140_gripper_visualization) by extension 'ros'
[0.253s] DEBUG:colcon.colcon_core.package_identification:Package 'robotiq/robotiq_2f_140_gripper_visualization' with type 'ros.catkin' and name 'robotiq_2f_140_gripper_visualization'
[0.253s] Level 1:colcon.colcon_core.package_identification:_identify(robotiq/robotiq_2f_85_gripper_visualization) by extensions ['ignore', 'ignore_ament_install']
[0.253s] Level 1:colcon.colcon_core.package_identification:_identify(robotiq/robotiq_2f_85_gripper_visualization) by extension 'ignore'
[0.253s] Level 1:colcon.colcon_core.package_identification:_identify(robotiq/robotiq_2f_85_gripper_visualization) by extension 'ignore_ament_install'
[0.253s] Level 1:colcon.colcon_core.package_identification:_identify(robotiq/robotiq_2f_85_gripper_visualization) by extensions ['colcon_pkg']
[0.253s] Level 1:colcon.colcon_core.package_identification:_identify(robotiq/robotiq_2f_85_gripper_visualization) by extension 'colcon_pkg'
[0.253s] Level 1:colcon.colcon_core.package_identification:_identify(robotiq/robotiq_2f_85_gripper_visualization) by extensions ['colcon_meta']
[0.253s] Level 1:colcon.colcon_core.package_identification:_identify(robotiq/robotiq_2f_85_gripper_visualization) by extension 'colcon_meta'
[0.253s] Level 1:colcon.colcon_core.package_identification:_identify(robotiq/robotiq_2f_85_gripper_visualization) by extensions ['ros']
[0.253s] Level 1:colcon.colcon_core.package_identification:_identify(robotiq/robotiq_2f_85_gripper_visualization) by extension 'ros'
[0.254s] DEBUG:colcon.colcon_core.package_identification:Package 'robotiq/robotiq_2f_85_gripper_visualization' with type 'ros.catkin' and name 'robotiq_2f_85_gripper_visualization'
[0.254s] Level 1:colcon.colcon_core.package_identification:_identify(robotiq/robotiq_2f_c2_gripper_visualization) by extensions ['ignore', 'ignore_ament_install']
[0.254s] Level 1:colcon.colcon_core.package_identification:_identify(robotiq/robotiq_2f_c2_gripper_visualization) by extension 'ignore'
[0.254s] Level 1:colcon.colcon_core.package_identification:_identify(robotiq/robotiq_2f_c2_gripper_visualization) by extension 'ignore_ament_install'
[0.254s] Level 1:colcon.colcon_core.package_identification:_identify(robotiq/robotiq_2f_c2_gripper_visualization) by extensions ['colcon_pkg']
[0.254s] Level 1:colcon.colcon_core.package_identification:_identify(robotiq/robotiq_2f_c2_gripper_visualization) by extension 'colcon_pkg'
[0.254s] Level 1:colcon.colcon_core.package_identification:_identify(robotiq/robotiq_2f_c2_gripper_visualization) by extensions ['colcon_meta']
[0.254s] Level 1:colcon.colcon_core.package_identification:_identify(robotiq/robotiq_2f_c2_gripper_visualization) by extension 'colcon_meta'
[0.254s] Level 1:colcon.colcon_core.package_identification:_identify(robotiq/robotiq_2f_c2_gripper_visualization) by extensions ['ros']
[0.254s] Level 1:colcon.colcon_core.package_identification:_identify(robotiq/robotiq_2f_c2_gripper_visualization) by extension 'ros'
[0.254s] DEBUG:colcon.colcon_core.package_identification:Package 'robotiq/robotiq_2f_c2_gripper_visualization' with type 'ros.catkin' and name 'robotiq_2f_c2_gripper_visualization'
[0.254s] Level 1:colcon.colcon_core.package_identification:_identify(robotiq/robotiq_2f_gripper_action_server) by extensions ['ignore', 'ignore_ament_install']
[0.254s] Level 1:colcon.colcon_core.package_identification:_identify(robotiq/robotiq_2f_gripper_action_server) by extension 'ignore'
[0.254s] Level 1:colcon.colcon_core.package_identification:_identify(robotiq/robotiq_2f_gripper_action_server) by extension 'ignore_ament_install'
[0.254s] Level 1:colcon.colcon_core.package_identification:_identify(robotiq/robotiq_2f_gripper_action_server) by extensions ['colcon_pkg']
[0.254s] Level 1:colcon.colcon_core.package_identification:_identify(robotiq/robotiq_2f_gripper_action_server) by extension 'colcon_pkg'
[0.254s] Level 1:colcon.colcon_core.package_identification:_identify(robotiq/robotiq_2f_gripper_action_server) by extensions ['colcon_meta']
[0.254s] Level 1:colcon.colcon_core.package_identification:_identify(robotiq/robotiq_2f_gripper_action_server) by extension 'colcon_meta'
[0.254s] Level 1:colcon.colcon_core.package_identification:_identify(robotiq/robotiq_2f_gripper_action_server) by extensions ['ros']
[0.254s] Level 1:colcon.colcon_core.package_identification:_identify(robotiq/robotiq_2f_gripper_action_server) by extension 'ros'
[0.255s] DEBUG:colcon.colcon_core.package_identification:Package 'robotiq/robotiq_2f_gripper_action_server' with type 'ros.catkin' and name 'robotiq_2f_gripper_action_server'
[0.255s] Level 1:colcon.colcon_core.package_identification:_identify(robotiq/robotiq_2f_gripper_control) by extensions ['ignore', 'ignore_ament_install']
[0.255s] Level 1:colcon.colcon_core.package_identification:_identify(robotiq/robotiq_2f_gripper_control) by extension 'ignore'
[0.255s] Level 1:colcon.colcon_core.package_identification:_identify(robotiq/robotiq_2f_gripper_control) by extension 'ignore_ament_install'
[0.255s] Level 1:colcon.colcon_core.package_identification:_identify(robotiq/robotiq_2f_gripper_control) by extensions ['colcon_pkg']
[0.255s] Level 1:colcon.colcon_core.package_identification:_identify(robotiq/robotiq_2f_gripper_control) by extension 'colcon_pkg'
[0.255s] Level 1:colcon.colcon_core.package_identification:_identify(robotiq/robotiq_2f_gripper_control) by extensions ['colcon_meta']
[0.255s] Level 1:colcon.colcon_core.package_identification:_identify(robotiq/robotiq_2f_gripper_control) by extension 'colcon_meta'
[0.255s] Level 1:colcon.colcon_core.package_identification:_identify(robotiq/robotiq_2f_gripper_control) by extensions ['ros']
[0.255s] Level 1:colcon.colcon_core.package_identification:_identify(robotiq/robotiq_2f_gripper_control) by extension 'ros'
[0.256s] DEBUG:colcon.colcon_core.package_identification:Package 'robotiq/robotiq_2f_gripper_control' with type 'ros.catkin' and name 'robotiq_2f_gripper_control'
[0.256s] Level 1:colcon.colcon_core.package_identification:_identify(robotiq/robotiq_3f_gripper_articulated_gazebo) by extensions ['ignore', 'ignore_ament_install']
[0.256s] Level 1:colcon.colcon_core.package_identification:_identify(robotiq/robotiq_3f_gripper_articulated_gazebo) by extension 'ignore'
[0.256s] Level 1:colcon.colcon_core.package_identification:_identify(robotiq/robotiq_3f_gripper_articulated_gazebo) by extension 'ignore_ament_install'
[0.256s] Level 1:colcon.colcon_core.package_identification:_identify(robotiq/robotiq_3f_gripper_articulated_gazebo) by extensions ['colcon_pkg']
[0.256s] Level 1:colcon.colcon_core.package_identification:_identify(robotiq/robotiq_3f_gripper_articulated_gazebo) by extension 'colcon_pkg'
[0.256s] Level 1:colcon.colcon_core.package_identification:_identify(robotiq/robotiq_3f_gripper_articulated_gazebo) by extensions ['colcon_meta']
[0.256s] Level 1:colcon.colcon_core.package_identification:_identify(robotiq/robotiq_3f_gripper_articulated_gazebo) by extension 'colcon_meta'
[0.256s] Level 1:colcon.colcon_core.package_identification:_identify(robotiq/robotiq_3f_gripper_articulated_gazebo) by extensions ['ros']
[0.256s] Level 1:colcon.colcon_core.package_identification:_identify(robotiq/robotiq_3f_gripper_articulated_gazebo) by extension 'ros'
[0.256s] DEBUG:colcon.colcon_core.package_identification:Package 'robotiq/robotiq_3f_gripper_articulated_gazebo' with type 'ros.catkin' and name 'robotiq_3f_gripper_articulated_gazebo'
[0.256s] Level 1:colcon.colcon_core.package_identification:_identify(robotiq/robotiq_3f_gripper_articulated_gazebo_plugins) by extensions ['ignore', 'ignore_ament_install']
[0.256s] Level 1:colcon.colcon_core.package_identification:_identify(robotiq/robotiq_3f_gripper_articulated_gazebo_plugins) by extension 'ignore'
[0.256s] Level 1:colcon.colcon_core.package_identification:_identify(robotiq/robotiq_3f_gripper_articulated_gazebo_plugins) by extension 'ignore_ament_install'
[0.256s] Level 1:colcon.colcon_core.package_identification:_identify(robotiq/robotiq_3f_gripper_articulated_gazebo_plugins) by extensions ['colcon_pkg']
[0.256s] Level 1:colcon.colcon_core.package_identification:_identify(robotiq/robotiq_3f_gripper_articulated_gazebo_plugins) by extension 'colcon_pkg'
[0.256s] Level 1:colcon.colcon_core.package_identification:_identify(robotiq/robotiq_3f_gripper_articulated_gazebo_plugins) by extensions ['colcon_meta']
[0.256s] Level 1:colcon.colcon_core.package_identification:_identify(robotiq/robotiq_3f_gripper_articulated_gazebo_plugins) by extension 'colcon_meta'
[0.256s] Level 1:colcon.colcon_core.package_identification:_identify(robotiq/robotiq_3f_gripper_articulated_gazebo_plugins) by extensions ['ros']
[0.256s] Level 1:colcon.colcon_core.package_identification:_identify(robotiq/robotiq_3f_gripper_articulated_gazebo_plugins) by extension 'ros'
[0.257s] DEBUG:colcon.colcon_core.package_identification:Package 'robotiq/robotiq_3f_gripper_articulated_gazebo_plugins' with type 'ros.catkin' and name 'robotiq_3f_gripper_articulated_gazebo_plugins'
[0.257s] Level 1:colcon.colcon_core.package_identification:_identify(robotiq/robotiq_3f_gripper_articulated_msgs) by extensions ['ignore', 'ignore_ament_install']
[0.257s] Level 1:colcon.colcon_core.package_identification:_identify(robotiq/robotiq_3f_gripper_articulated_msgs) by extension 'ignore'
[0.257s] Level 1:colcon.colcon_core.package_identification:_identify(robotiq/robotiq_3f_gripper_articulated_msgs) by extension 'ignore_ament_install'
[0.257s] Level 1:colcon.colcon_core.package_identification:_identify(robotiq/robotiq_3f_gripper_articulated_msgs) by extensions ['colcon_pkg']
[0.257s] Level 1:colcon.colcon_core.package_identification:_identify(robotiq/robotiq_3f_gripper_articulated_msgs) by extension 'colcon_pkg'
[0.257s] Level 1:colcon.colcon_core.package_identification:_identify(robotiq/robotiq_3f_gripper_articulated_msgs) by extensions ['colcon_meta']
[0.258s] Level 1:colcon.colcon_core.package_identification:_identify(robotiq/robotiq_3f_gripper_articulated_msgs) by extension 'colcon_meta'
[0.258s] Level 1:colcon.colcon_core.package_identification:_identify(robotiq/robotiq_3f_gripper_articulated_msgs) by extensions ['ros']
[0.258s] Level 1:colcon.colcon_core.package_identification:_identify(robotiq/robotiq_3f_gripper_articulated_msgs) by extension 'ros'
[0.258s] DEBUG:colcon.colcon_core.package_identification:Package 'robotiq/robotiq_3f_gripper_articulated_msgs' with type 'ros.catkin' and name 'robotiq_3f_gripper_articulated_msgs'
[0.258s] Level 1:colcon.colcon_core.package_identification:_identify(robotiq/robotiq_3f_gripper_control) by extensions ['ignore', 'ignore_ament_install']
[0.258s] Level 1:colcon.colcon_core.package_identification:_identify(robotiq/robotiq_3f_gripper_control) by extension 'ignore'
[0.258s] Level 1:colcon.colcon_core.package_identification:_identify(robotiq/robotiq_3f_gripper_control) by extension 'ignore_ament_install'
[0.258s] Level 1:colcon.colcon_core.package_identification:_identify(robotiq/robotiq_3f_gripper_control) by extensions ['colcon_pkg']
[0.258s] Level 1:colcon.colcon_core.package_identification:_identify(robotiq/robotiq_3f_gripper_control) by extension 'colcon_pkg'
[0.258s] Level 1:colcon.colcon_core.package_identification:_identify(robotiq/robotiq_3f_gripper_control) by extensions ['colcon_meta']
[0.258s] Level 1:colcon.colcon_core.package_identification:_identify(robotiq/robotiq_3f_gripper_control) by extension 'colcon_meta'
[0.258s] Level 1:colcon.colcon_core.package_identification:_identify(robotiq/robotiq_3f_gripper_control) by extensions ['ros']
[0.258s] Level 1:colcon.colcon_core.package_identification:_identify(robotiq/robotiq_3f_gripper_control) by extension 'ros'
[0.259s] DEBUG:colcon.colcon_core.package_identification:Package 'robotiq/robotiq_3f_gripper_control' with type 'ros.catkin' and name 'robotiq_3f_gripper_control'
[0.259s] Level 1:colcon.colcon_core.package_identification:_identify(robotiq/robotiq_3f_gripper_joint_state_publisher) by extensions ['ignore', 'ignore_ament_install']
[0.259s] Level 1:colcon.colcon_core.package_identification:_identify(robotiq/robotiq_3f_gripper_joint_state_publisher) by extension 'ignore'
[0.259s] Level 1:colcon.colcon_core.package_identification:_identify(robotiq/robotiq_3f_gripper_joint_state_publisher) by extension 'ignore_ament_install'
[0.259s] Level 1:colcon.colcon_core.package_identification:_identify(robotiq/robotiq_3f_gripper_joint_state_publisher) by extensions ['colcon_pkg']
[0.259s] Level 1:colcon.colcon_core.package_identification:_identify(robotiq/robotiq_3f_gripper_joint_state_publisher) by extension 'colcon_pkg'
[0.259s] Level 1:colcon.colcon_core.package_identification:_identify(robotiq/robotiq_3f_gripper_joint_state_publisher) by extensions ['colcon_meta']
[0.259s] Level 1:colcon.colcon_core.package_identification:_identify(robotiq/robotiq_3f_gripper_joint_state_publisher) by extension 'colcon_meta'
[0.259s] Level 1:colcon.colcon_core.package_identification:_identify(robotiq/robotiq_3f_gripper_joint_state_publisher) by extensions ['ros']
[0.259s] Level 1:colcon.colcon_core.package_identification:_identify(robotiq/robotiq_3f_gripper_joint_state_publisher) by extension 'ros'
[0.260s] DEBUG:colcon.colcon_core.package_identification:Package 'robotiq/robotiq_3f_gripper_joint_state_publisher' with type 'ros.catkin' and name 'robotiq_3f_gripper_joint_state_publisher'
[0.260s] Level 1:colcon.colcon_core.package_identification:_identify(robotiq/robotiq_3f_gripper_visualization) by extensions ['ignore', 'ignore_ament_install']
[0.260s] Level 1:colcon.colcon_core.package_identification:_identify(robotiq/robotiq_3f_gripper_visualization) by extension 'ignore'
[0.260s] Level 1:colcon.colcon_core.package_identification:_identify(robotiq/robotiq_3f_gripper_visualization) by extension 'ignore_ament_install'
[0.260s] Level 1:colcon.colcon_core.package_identification:_identify(robotiq/robotiq_3f_gripper_visualization) by extensions ['colcon_pkg']
[0.260s] Level 1:colcon.colcon_core.package_identification:_identify(robotiq/robotiq_3f_gripper_visualization) by extension 'colcon_pkg'
[0.260s] Level 1:colcon.colcon_core.package_identification:_identify(robotiq/robotiq_3f_gripper_visualization) by extensions ['colcon_meta']
[0.260s] Level 1:colcon.colcon_core.package_identification:_identify(robotiq/robotiq_3f_gripper_visualization) by extension 'colcon_meta'
[0.260s] Level 1:colcon.colcon_core.package_identification:_identify(robotiq/robotiq_3f_gripper_visualization) by extensions ['ros']
[0.260s] Level 1:colcon.colcon_core.package_identification:_identify(robotiq/robotiq_3f_gripper_visualization) by extension 'ros'
[0.261s] DEBUG:colcon.colcon_core.package_identification:Package 'robotiq/robotiq_3f_gripper_visualization' with type 'ros.catkin' and name 'robotiq_3f_gripper_visualization'
[0.261s] Level 1:colcon.colcon_core.package_identification:_identify(robotiq/robotiq_3f_rviz) by extensions ['ignore', 'ignore_ament_install']
[0.261s] Level 1:colcon.colcon_core.package_identification:_identify(robotiq/robotiq_3f_rviz) by extension 'ignore'
[0.261s] Level 1:colcon.colcon_core.package_identification:_identify(robotiq/robotiq_3f_rviz) by extension 'ignore_ament_install'
[0.261s] Level 1:colcon.colcon_core.package_identification:_identify(robotiq/robotiq_3f_rviz) by extensions ['colcon_pkg']
[0.261s] Level 1:colcon.colcon_core.package_identification:_identify(robotiq/robotiq_3f_rviz) by extension 'colcon_pkg'
[0.261s] Level 1:colcon.colcon_core.package_identification:_identify(robotiq/robotiq_3f_rviz) by extensions ['colcon_meta']
[0.261s] Level 1:colcon.colcon_core.package_identification:_identify(robotiq/robotiq_3f_rviz) by extension 'colcon_meta'
[0.261s] Level 1:colcon.colcon_core.package_identification:_identify(robotiq/robotiq_3f_rviz) by extensions ['ros']
[0.261s] Level 1:colcon.colcon_core.package_identification:_identify(robotiq/robotiq_3f_rviz) by extension 'ros'
[0.262s] DEBUG:colcon.colcon_core.package_identification:Package 'robotiq/robotiq_3f_rviz' with type 'ros.catkin' and name 'robotiq_3f_rviz'
[0.262s] Level 1:colcon.colcon_core.package_identification:_identify(robotiq/robotiq_ethercat) by extensions ['ignore', 'ignore_ament_install']
[0.262s] Level 1:colcon.colcon_core.package_identification:_identify(robotiq/robotiq_ethercat) by extension 'ignore'
[0.262s] Level 1:colcon.colcon_core.package_identification:_identify(robotiq/robotiq_ethercat) by extension 'ignore_ament_install'
[0.262s] Level 1:colcon.colcon_core.package_identification:_identify(robotiq/robotiq_ethercat) by extensions ['colcon_pkg']
[0.262s] Level 1:colcon.colcon_core.package_identification:_identify(robotiq/robotiq_ethercat) by extension 'colcon_pkg'
[0.262s] Level 1:colcon.colcon_core.package_identification:_identify(robotiq/robotiq_ethercat) by extensions ['colcon_meta']
[0.262s] Level 1:colcon.colcon_core.package_identification:_identify(robotiq/robotiq_ethercat) by extension 'colcon_meta'
[0.262s] Level 1:colcon.colcon_core.package_identification:_identify(robotiq/robotiq_ethercat) by extensions ['ros']
[0.262s] Level 1:colcon.colcon_core.package_identification:_identify(robotiq/robotiq_ethercat) by extension 'ros'
[0.263s] DEBUG:colcon.colcon_core.package_identification:Package 'robotiq/robotiq_ethercat' with type 'ros.catkin' and name 'robotiq_ethercat'
[0.263s] Level 1:colcon.colcon_core.package_identification:_identify(robotiq/robotiq_ft_sensor) by extensions ['ignore', 'ignore_ament_install']
[0.263s] Level 1:colcon.colcon_core.package_identification:_identify(robotiq/robotiq_ft_sensor) by extension 'ignore'
[0.263s] Level 1:colcon.colcon_core.package_identification:_identify(robotiq/robotiq_ft_sensor) by extension 'ignore_ament_install'
[0.263s] Level 1:colcon.colcon_core.package_identification:_identify(robotiq/robotiq_ft_sensor) by extensions ['colcon_pkg']
[0.263s] Level 1:colcon.colcon_core.package_identification:_identify(robotiq/robotiq_ft_sensor) by extension 'colcon_pkg'
[0.263s] Level 1:colcon.colcon_core.package_identification:_identify(robotiq/robotiq_ft_sensor) by extensions ['colcon_meta']
[0.263s] Level 1:colcon.colcon_core.package_identification:_identify(robotiq/robotiq_ft_sensor) by extension 'colcon_meta'
[0.263s] Level 1:colcon.colcon_core.package_identification:_identify(robotiq/robotiq_ft_sensor) by extensions ['ros']
[0.263s] Level 1:colcon.colcon_core.package_identification:_identify(robotiq/robotiq_ft_sensor) by extension 'ros'
[0.263s] DEBUG:colcon.colcon_core.package_identification:Package 'robotiq/robotiq_ft_sensor' with type 'ros.catkin' and name 'robotiq_ft_sensor'
[0.263s] Level 1:colcon.colcon_core.package_identification:_identify(robotiq/robotiq_modbus_rtu) by extensions ['ignore', 'ignore_ament_install']
[0.263s] Level 1:colcon.colcon_core.package_identification:_identify(robotiq/robotiq_modbus_rtu) by extension 'ignore'
[0.264s] Level 1:colcon.colcon_core.package_identification:_identify(robotiq/robotiq_modbus_rtu) by extension 'ignore_ament_install'
[0.264s] Level 1:colcon.colcon_core.package_identification:_identify(robotiq/robotiq_modbus_rtu) by extensions ['colcon_pkg']
[0.264s] Level 1:colcon.colcon_core.package_identification:_identify(robotiq/robotiq_modbus_rtu) by extension 'colcon_pkg'
[0.264s] Level 1:colcon.colcon_core.package_identification:_identify(robotiq/robotiq_modbus_rtu) by extensions ['colcon_meta']
[0.264s] Level 1:colcon.colcon_core.package_identification:_identify(robotiq/robotiq_modbus_rtu) by extension 'colcon_meta'
[0.264s] Level 1:colcon.colcon_core.package_identification:_identify(robotiq/robotiq_modbus_rtu) by extensions ['ros']
[0.264s] Level 1:colcon.colcon_core.package_identification:_identify(robotiq/robotiq_modbus_rtu) by extension 'ros'
[0.264s] DEBUG:colcon.colcon_core.package_identification:Package 'robotiq/robotiq_modbus_rtu' with type 'ros.catkin' and name 'robotiq_modbus_rtu'
[0.264s] Level 1:colcon.colcon_core.package_identification:_identify(robotiq/robotiq_modbus_tcp) by extensions ['ignore', 'ignore_ament_install']
[0.264s] Level 1:colcon.colcon_core.package_identification:_identify(robotiq/robotiq_modbus_tcp) by extension 'ignore'
[0.264s] Level 1:colcon.colcon_core.package_identification:_identify(robotiq/robotiq_modbus_tcp) by extension 'ignore_ament_install'
[0.264s] Level 1:colcon.colcon_core.package_identification:_identify(robotiq/robotiq_modbus_tcp) by extensions ['colcon_pkg']
[0.264s] Level 1:colcon.colcon_core.package_identification:_identify(robotiq/robotiq_modbus_tcp) by extension 'colcon_pkg'
[0.264s] Level 1:colcon.colcon_core.package_identification:_identify(robotiq/robotiq_modbus_tcp) by extensions ['colcon_meta']
[0.264s] Level 1:colcon.colcon_core.package_identification:_identify(robotiq/robotiq_modbus_tcp) by extension 'colcon_meta'
[0.264s] Level 1:colcon.colcon_core.package_identification:_identify(robotiq/robotiq_modbus_tcp) by extensions ['ros']
[0.264s] Level 1:colcon.colcon_core.package_identification:_identify(robotiq/robotiq_modbus_tcp) by extension 'ros'
[0.265s] DEBUG:colcon.colcon_core.package_identification:Package 'robotiq/robotiq_modbus_tcp' with type 'ros.catkin' and name 'robotiq_modbus_tcp'
[0.265s] Level 1:colcon.colcon_core.package_identification:_identify(vision) by extensions ['ignore', 'ignore_ament_install']
[0.265s] Level 1:colcon.colcon_core.package_identification:_identify(vision) by extension 'ignore'
[0.265s] Level 1:colcon.colcon_core.package_identification:_identify(vision) by extension 'ignore_ament_install'
[0.265s] Level 1:colcon.colcon_core.package_identification:_identify(vision) by extensions ['colcon_pkg']
[0.265s] Level 1:colcon.colcon_core.package_identification:_identify(vision) by extension 'colcon_pkg'
[0.265s] Level 1:colcon.colcon_core.package_identification:_identify(vision) by extensions ['colcon_meta']
[0.265s] Level 1:colcon.colcon_core.package_identification:_identify(vision) by extension 'colcon_meta'
[0.265s] Level 1:colcon.colcon_core.package_identification:_identify(vision) by extensions ['ros']
[0.265s] Level 1:colcon.colcon_core.package_identification:_identify(vision) by extension 'ros'
[0.266s] DEBUG:colcon.colcon_core.package_identification:Package 'vision' with type 'ros.ament_cmake' and name 'unified_vision_system'
[0.266s] Level 1:colcon.colcon_core.package_discovery:discover_packages(recursive) using defaults
[0.266s] Level 1:colcon.colcon_core.package_discovery:discover_packages(ignore) discover
[0.266s] Level 1:colcon.colcon_core.package_discovery:discover_packages(ignore) using defaults
[0.266s] Level 1:colcon.colcon_core.package_discovery:discover_packages(path) discover
[0.266s] Level 1:colcon.colcon_core.package_discovery:discover_packages(path) using defaults
[0.291s] INFO:colcon.colcon_core.package_selection:Skipping not selected package 'robotiq_2f_140_gripper_visualization' in 'robotiq/robotiq_2f_140_gripper_visualization'
[0.291s] INFO:colcon.colcon_core.package_selection:Skipping not selected package 'robotiq_2f_85_gripper_visualization' in 'robotiq/robotiq_2f_85_gripper_visualization'
[0.291s] INFO:colcon.colcon_core.package_selection:Skipping not selected package 'robotiq_2f_c2_gripper_visualization' in 'robotiq/robotiq_2f_c2_gripper_visualization'
[0.291s] INFO:colcon.colcon_core.package_selection:Skipping not selected package 'robotiq_3f_gripper_articulated_msgs' in 'robotiq/robotiq_3f_gripper_articulated_msgs'
[0.291s] INFO:colcon.colcon_core.package_selection:Skipping not selected package 'robotiq_3f_gripper_visualization' in 'robotiq/robotiq_3f_gripper_visualization'
[0.291s] INFO:colcon.colcon_core.package_selection:Skipping not selected package 'robotiq_ethercat' in 'robotiq/robotiq_ethercat'
[0.291s] INFO:colcon.colcon_core.package_selection:Skipping not selected package 'robotiq_ft_sensor' in 'robotiq/robotiq_ft_sensor'
[0.291s] INFO:colcon.colcon_core.package_selection:Skipping not selected package 'robotiq_modbus_rtu' in 'robotiq/robotiq_modbus_rtu'
[0.291s] INFO:colcon.colcon_core.package_selection:Skipping not selected package 'robotiq_modbus_tcp' in 'robotiq/robotiq_modbus_tcp'
[0.291s] INFO:colcon.colcon_core.package_selection:Skipping not selected package 'ur_description' in 'Universal_Robots_ROS2_Description'
[0.291s] INFO:colcon.colcon_core.package_selection:Skipping not selected package 'robotiq_2f_gripper_control' in 'robotiq/robotiq_2f_gripper_control'
[0.291s] INFO:colcon.colcon_core.package_selection:Skipping not selected package 'robotiq_3f_gripper_articulated_gazebo' in 'robotiq/robotiq_3f_gripper_articulated_gazebo'
[0.291s] INFO:colcon.colcon_core.package_selection:Skipping not selected package 'robotiq_3f_gripper_articulated_gazebo_plugins' in 'robotiq/robotiq_3f_gripper_articulated_gazebo_plugins'
[0.291s] INFO:colcon.colcon_core.package_selection:Skipping not selected package 'robotiq_3f_gripper_control' in 'robotiq/robotiq_3f_gripper_control'
[0.291s] INFO:colcon.colcon_core.package_selection:Skipping not selected package 'robotiq' in 'robotiq/robotiq'
[0.291s] INFO:colcon.colcon_core.package_selection:Skipping not selected package 'robotiq_2f_gripper_action_server' in 'robotiq/robotiq_2f_gripper_action_server'
[0.291s] INFO:colcon.colcon_core.package_selection:Skipping not selected package 'robotiq_3f_gripper_joint_state_publisher' in 'robotiq/robotiq_3f_gripper_joint_state_publisher'
[0.291s] INFO:colcon.colcon_core.package_selection:Skipping not selected package 'robotiq_3f_rviz' in 'robotiq/robotiq_3f_rviz'
[0.291s] Level 1:colcon.colcon_core.package_discovery:discover_packages(prefix_path) check parameters
[0.291s] Level 1:colcon.colcon_core.package_discovery:discover_packages(prefix_path) discover
[0.292s] DEBUG:colcon.colcon_installed_package_information.package_discovery:Found 1 installed packages in /home/ur5e_user/workspace/install
[0.294s] DEBUG:colcon.colcon_installed_package_information.package_discovery:Found 413 installed packages in /opt/ros/humble
[0.295s] Level 1:colcon.colcon_core.package_discovery:discover_packages(prefix_path) using defaults
[0.325s] Level 5:colcon.colcon_core.verb:set package 'unified_vision_system' build argument 'cmake_args' from command line to 'None'
[0.325s] Level 5:colcon.colcon_core.verb:set package 'unified_vision_system' build argument 'cmake_target' from command line to 'None'
[0.325s] Level 5:colcon.colcon_core.verb:set package 'unified_vision_system' build argument 'cmake_target_skip_unavailable' from command line to 'False'
[0.325s] Level 5:colcon.colcon_core.verb:set package 'unified_vision_system' build argument 'cmake_clean_cache' from command line to 'False'
[0.325s] Level 5:colcon.colcon_core.verb:set package 'unified_vision_system' build argument 'cmake_clean_first' from command line to 'False'
[0.325s] Level 5:colcon.colcon_core.verb:set package 'unified_vision_system' build argument 'cmake_force_configure' from command line to 'False'
[0.325s] Level 5:colcon.colcon_core.verb:set package 'unified_vision_system' build argument 'ament_cmake_args' from command line to 'None'
[0.325s] Level 5:colcon.colcon_core.verb:set package 'unified_vision_system' build argument 'catkin_cmake_args' from command line to 'None'
[0.325s] Level 5:colcon.colcon_core.verb:set package 'unified_vision_system' build argument 'catkin_skip_building_tests' from command line to 'False'
[0.325s] DEBUG:colcon.colcon_core.verb:Building package 'unified_vision_system' with the following arguments: {'ament_cmake_args': None, 'build_base': '/home/ur5e_user/workspace/build/unified_vision_system', 'catkin_cmake_args': None, 'catkin_skip_building_tests': False, 'cmake_args': None, 'cmake_clean_cache': False, 'cmake_clean_first': False, 'cmake_force_configure': False, 'cmake_target': None, 'cmake_target_skip_unavailable': False, 'install_base': '/home/ur5e_user/workspace/install/unified_vision_system', 'merge_install': False, 'path': '/home/ur5e_user/workspace/vision', 'symlink_install': False, 'test_result_base': None}
[0.325s] INFO:colcon.colcon_core.executor:Executing jobs using 'parallel' executor
[0.326s] DEBUG:colcon.colcon_parallel_executor.executor.parallel:run_until_complete
[0.326s] INFO:colcon.colcon_ros.task.ament_cmake.build:Building ROS package in '/home/ur5e_user/workspace/vision' with build type 'ament_cmake'
[0.326s] INFO:colcon.colcon_cmake.task.cmake.build:Building CMake package in '/home/ur5e_user/workspace/vision'
[0.328s] INFO:colcon.colcon_core.plugin_system:Skipping extension 'colcon_core.shell.bat': Not used on non-Windows systems
[0.328s] INFO:colcon.colcon_core.shell:Skip shell extension 'powershell' for command environment: Not usable outside of PowerShell
[0.328s] DEBUG:colcon.colcon_core.shell:Skip shell extension 'dsv' for command environment
[0.330s] WARNING:colcon.colcon_core.shell:The following packages are in the workspace but haven't been built:
- ur_description
They are being used from the following locations instead:
- /opt/ros/humble
To suppress this warning ignore these packages in the workspace:
--packages-ignore ur_description
[0.336s] DEBUG:colcon.colcon_core.event_handler.log_command:Invoking command in '/home/ur5e_user/workspace/build/unified_vision_system': CMAKE_PREFIX_PATH=${CMAKE_PREFIX_PATH}:/opt/ros/humble CONDA_PROMPT_MODIFIER=(ur5e_vlm_environment) /opt/miniconda3/envs/ur5e_vlm_environment/bin/cmake --build /home/ur5e_user/workspace/build/unified_vision_system -- -j12 -l12
[0.555s] DEBUG:colcon.colcon_core.event_handler.log_command:Invoked command in '/home/ur5e_user/workspace/build/unified_vision_system' returned '0': CMAKE_PREFIX_PATH=${CMAKE_PREFIX_PATH}:/opt/ros/humble CONDA_PROMPT_MODIFIER=(ur5e_vlm_environment) /opt/miniconda3/envs/ur5e_vlm_environment/bin/cmake --build /home/ur5e_user/workspace/build/unified_vision_system -- -j12 -l12
[0.563s] DEBUG:colcon.colcon_core.event_handler.log_command:Invoking command in '/home/ur5e_user/workspace/build/unified_vision_system': CMAKE_PREFIX_PATH=${CMAKE_PREFIX_PATH}:/opt/ros/humble CONDA_PROMPT_MODIFIER=(ur5e_vlm_environment) /opt/miniconda3/envs/ur5e_vlm_environment/bin/cmake --install /home/ur5e_user/workspace/build/unified_vision_system
[0.596s] Level 1:colcon.colcon_core.environment:create_environment_scripts_only(unified_vision_system)
[0.596s] DEBUG:colcon.colcon_core.event_handler.log_command:Invoked command in '/home/ur5e_user/workspace/build/unified_vision_system' returned '0': CMAKE_PREFIX_PATH=${CMAKE_PREFIX_PATH}:/opt/ros/humble CONDA_PROMPT_MODIFIER=(ur5e_vlm_environment) /opt/miniconda3/envs/ur5e_vlm_environment/bin/cmake --install /home/ur5e_user/workspace/build/unified_vision_system
[0.598s] Level 1:colcon.colcon_core.environment:checking '/home/ur5e_user/workspace/install/unified_vision_system' for CMake module files
[0.598s] Level 1:colcon.colcon_core.environment:checking '/home/ur5e_user/workspace/install/unified_vision_system' for CMake config files
[0.598s] Level 1:colcon.colcon_core.shell:create_environment_hook('unified_vision_system', 'cmake_prefix_path')
[0.598s] INFO:colcon.colcon_core.shell:Creating environment hook '/home/ur5e_user/workspace/install/unified_vision_system/share/unified_vision_system/hook/cmake_prefix_path.ps1'
[0.599s] INFO:colcon.colcon_core.shell:Creating environment descriptor '/home/ur5e_user/workspace/install/unified_vision_system/share/unified_vision_system/hook/cmake_prefix_path.dsv'
[0.599s] INFO:colcon.colcon_core.shell:Creating environment hook '/home/ur5e_user/workspace/install/unified_vision_system/share/unified_vision_system/hook/cmake_prefix_path.sh'
[0.600s] Level 1:colcon.colcon_core.environment:checking '/home/ur5e_user/workspace/install/unified_vision_system/lib'
[0.600s] Level 1:colcon.colcon_core.environment:checking '/home/ur5e_user/workspace/install/unified_vision_system/bin'
[0.600s] Level 1:colcon.colcon_core.environment:checking '/home/ur5e_user/workspace/install/unified_vision_system/lib/pkgconfig/unified_vision_system.pc'
[0.600s] Level 1:colcon.colcon_core.environment:checking '/home/ur5e_user/workspace/install/unified_vision_system/lib/python3.10/site-packages'
[0.600s] Level 1:colcon.colcon_core.environment:checking '/home/ur5e_user/workspace/install/unified_vision_system/bin'
[0.600s] INFO:colcon.colcon_core.shell:Creating package script '/home/ur5e_user/workspace/install/unified_vision_system/share/unified_vision_system/package.ps1'
[0.601s] INFO:colcon.colcon_core.shell:Creating package descriptor '/home/ur5e_user/workspace/install/unified_vision_system/share/unified_vision_system/package.dsv'
[0.601s] INFO:colcon.colcon_core.shell:Creating package script '/home/ur5e_user/workspace/install/unified_vision_system/share/unified_vision_system/package.sh'
[0.601s] INFO:colcon.colcon_core.shell:Creating package script '/home/ur5e_user/workspace/install/unified_vision_system/share/unified_vision_system/package.bash'
[0.602s] INFO:colcon.colcon_core.shell:Creating package script '/home/ur5e_user/workspace/install/unified_vision_system/share/unified_vision_system/package.zsh'
[0.602s] Level 1:colcon.colcon_core.environment:create_file_with_runtime_dependencies(/home/ur5e_user/workspace/install/unified_vision_system/share/colcon-core/packages/unified_vision_system)
[0.602s] Level 1:colcon.colcon_core.environment:create_environment_scripts_only(unified_vision_system)
[0.602s] Level 1:colcon.colcon_core.environment:checking '/home/ur5e_user/workspace/install/unified_vision_system' for CMake module files
[0.603s] Level 1:colcon.colcon_core.environment:checking '/home/ur5e_user/workspace/install/unified_vision_system' for CMake config files
[0.603s] Level 1:colcon.colcon_core.shell:create_environment_hook('unified_vision_system', 'cmake_prefix_path')
[0.603s] INFO:colcon.colcon_core.shell:Creating environment hook '/home/ur5e_user/workspace/install/unified_vision_system/share/unified_vision_system/hook/cmake_prefix_path.ps1'
[0.603s] INFO:colcon.colcon_core.shell:Creating environment descriptor '/home/ur5e_user/workspace/install/unified_vision_system/share/unified_vision_system/hook/cmake_prefix_path.dsv'
[0.603s] INFO:colcon.colcon_core.shell:Creating environment hook '/home/ur5e_user/workspace/install/unified_vision_system/share/unified_vision_system/hook/cmake_prefix_path.sh'
[0.604s] Level 1:colcon.colcon_core.environment:checking '/home/ur5e_user/workspace/install/unified_vision_system/lib'
[0.604s] Level 1:colcon.colcon_core.environment:checking '/home/ur5e_user/workspace/install/unified_vision_system/bin'
[0.604s] Level 1:colcon.colcon_core.environment:checking '/home/ur5e_user/workspace/install/unified_vision_system/lib/pkgconfig/unified_vision_system.pc'
[0.604s] Level 1:colcon.colcon_core.environment:checking '/home/ur5e_user/workspace/install/unified_vision_system/lib/python3.10/site-packages'
[0.604s] Level 1:colcon.colcon_core.environment:checking '/home/ur5e_user/workspace/install/unified_vision_system/bin'
[0.604s] INFO:colcon.colcon_core.shell:Creating package script '/home/ur5e_user/workspace/install/unified_vision_system/share/unified_vision_system/package.ps1'
[0.605s] INFO:colcon.colcon_core.shell:Creating package descriptor '/home/ur5e_user/workspace/install/unified_vision_system/share/unified_vision_system/package.dsv'
[0.605s] INFO:colcon.colcon_core.shell:Creating package script '/home/ur5e_user/workspace/install/unified_vision_system/share/unified_vision_system/package.sh'
[0.605s] INFO:colcon.colcon_core.shell:Creating package script '/home/ur5e_user/workspace/install/unified_vision_system/share/unified_vision_system/package.bash'
[0.605s] INFO:colcon.colcon_core.shell:Creating package script '/home/ur5e_user/workspace/install/unified_vision_system/share/unified_vision_system/package.zsh'
[0.606s] Level 1:colcon.colcon_core.environment:create_file_with_runtime_dependencies(/home/ur5e_user/workspace/install/unified_vision_system/share/colcon-core/packages/unified_vision_system)
[0.606s] DEBUG:colcon.colcon_parallel_executor.executor.parallel:closing loop
[0.606s] DEBUG:colcon.colcon_parallel_executor.executor.parallel:loop closed
[0.606s] DEBUG:colcon.colcon_parallel_executor.executor.parallel:run_until_complete finished with '0'
[0.606s] DEBUG:colcon.colcon_core.event_reactor:joining thread
[0.609s] INFO:colcon.colcon_core.plugin_system:Skipping extension 'colcon_notification.desktop_notification.notify_send': Could not find 'notify-send'
[0.610s] INFO:colcon.colcon_core.plugin_system:Skipping extension 'colcon_notification.desktop_notification.terminal_notifier': Not used on non-Darwin systems
[0.610s] INFO:colcon.colcon_core.plugin_system:Skipping extension 'colcon_notification.desktop_notification.win32': Not used on non-Windows systems
[0.610s] INFO:colcon.colcon_notification.desktop_notification:Sending desktop notification using 'notify2'
[0.613s] DEBUG:colcon.colcon_notification.desktop_notification.notify2:Failed to initialize notify2: org.freedesktop.DBus.Error.Spawn.ExecFailed: /usr/bin/dbus-launch terminated abnormally with the following error: dbus-launch: No existing session bus was found, and X11 autolaunch support was disabled at compile time.

[0.613s] DEBUG:colcon.colcon_core.event_reactor:joined thread
[0.613s] INFO:colcon.colcon_core.shell:Creating prefix script '/home/ur5e_user/workspace/install/local_setup.ps1'
[0.614s] INFO:colcon.colcon_core.shell:Creating prefix util module '/home/ur5e_user/workspace/install/_local_setup_util_ps1.py'
[0.615s] INFO:colcon.colcon_core.shell:Creating prefix chain script '/home/ur5e_user/workspace/install/setup.ps1'
[0.616s] INFO:colcon.colcon_core.shell:Creating prefix script '/home/ur5e_user/workspace/install/local_setup.sh'
[0.617s] INFO:colcon.colcon_core.shell:Creating prefix util module '/home/ur5e_user/workspace/install/_local_setup_util_sh.py'
[0.617s] INFO:colcon.colcon_core.shell:Creating prefix chain script '/home/ur5e_user/workspace/install/setup.sh'
[0.618s] INFO:colcon.colcon_core.shell:Creating prefix script '/home/ur5e_user/workspace/install/local_setup.bash'
[0.618s] INFO:colcon.colcon_core.shell:Creating prefix chain script '/home/ur5e_user/workspace/install/setup.bash'
[0.619s] INFO:colcon.colcon_core.shell:Creating prefix script '/home/ur5e_user/workspace/install/local_setup.zsh'
[0.619s] INFO:colcon.colcon_core.shell:Creating prefix chain script '/home/ur5e_user/workspace/install/setup.zsh'
