[0.035s] Invoking command in '/workspace/build/robotiq_driver': AMENT_PREFIX_PATH=/workspace/install/serial:${AMENT_PREFIX_PATH} CMAKE_PREFIX_PATH=/workspace/install/serial:/opt/ros/humble LD_LIBRARY_PATH=/workspace/install/serial/lib:${LD_LIBRARY_PATH} /usr/bin/cmake --build /workspace/build/robotiq_driver -- -j12 -l12
[0.088s] [ 20%] Built target gmock
[0.088s] [ 20%] Built target gmock_main
[0.096s] [ 58%] Built target robotiq_driver
[0.117s] [ 75%] Built target test_crc_utils
[0.117s] [ 75%] Built target test_default_serial_factory
[0.117s] [ 83%] Built target test_data_utils
[0.120s] [ 91%] Built target test_default_driver_factory
[0.120s] [100%] Built target test_robotiq_gripper_hardware_interface
[0.131s] Invoked command in '/workspace/build/robotiq_driver' returned '0': AMENT_PREFIX_PATH=/workspace/install/serial:${AMENT_PREFIX_PATH} CMAKE_PREFIX_PATH=/workspace/install/serial:/opt/ros/humble LD_LIBRARY_PATH=/workspace/install/serial/lib:${LD_LIBRARY_PATH} /usr/bin/cmake --build /workspace/build/robotiq_driver -- -j12 -l12
[0.133s] Invoking command in '/workspace/build/robotiq_driver': AMENT_PREFIX_PATH=/workspace/install/serial:${AMENT_PREFIX_PATH} CMAKE_PREFIX_PATH=/workspace/install/serial:/opt/ros/humble LD_LIBRARY_PATH=/workspace/install/serial/lib:${LD_LIBRARY_PATH} /usr/bin/cmake --install /workspace/build/robotiq_driver
[0.139s] -- Install configuration: ""
[0.139s] -- Execute custom install script
[0.139s] -- Up-to-date symlink: /workspace/install/robotiq_driver/share/robotiq_driver//hardware_interface_plugin.xml
[0.139s] -- Up-to-date symlink: /workspace/install/robotiq_driver/share/robotiq_driver/environment/library_path.sh
[0.140s] -- Up-to-date symlink: /workspace/install/robotiq_driver/share/robotiq_driver/environment/library_path.dsv
[0.140s] -- Up-to-date symlink: /workspace/install/robotiq_driver/include/robotiq_driver/crc_utils.hpp
[0.140s] -- Up-to-date symlink: /workspace/install/robotiq_driver/include/robotiq_driver/data_utils.hpp
[0.140s] -- Up-to-date symlink: /workspace/install/robotiq_driver/include/robotiq_driver/default_driver.hpp
[0.140s] -- Up-to-date symlink: /workspace/install/robotiq_driver/include/robotiq_driver/default_driver_factory.hpp
[0.140s] -- Up-to-date symlink: /workspace/install/robotiq_driver/include/robotiq_driver/default_serial.hpp
[0.140s] -- Up-to-date symlink: /workspace/install/robotiq_driver/include/robotiq_driver/default_serial_factory.hpp
[0.140s] -- Up-to-date symlink: /workspace/install/robotiq_driver/include/robotiq_driver/driver.hpp
[0.140s] -- Up-to-date symlink: /workspace/install/robotiq_driver/include/robotiq_driver/driver_exception.hpp
[0.140s] -- Up-to-date symlink: /workspace/install/robotiq_driver/include/robotiq_driver/driver_factory.hpp
[0.140s] -- Up-to-date symlink: /workspace/install/robotiq_driver/include/robotiq_driver/fake/fake_driver.hpp
[0.141s] -- Up-to-date symlink: /workspace/install/robotiq_driver/include/robotiq_driver/hardware_interface.hpp
[0.141s] -- Up-to-date symlink: /workspace/install/robotiq_driver/include/robotiq_driver/serial.hpp
[0.141s] -- Up-to-date symlink: /workspace/install/robotiq_driver/include/robotiq_driver/serial_factory.hpp
[0.141s] -- Up-to-date symlink: /workspace/install/robotiq_driver/include/robotiq_driver/visibility_control.hpp
[0.141s] -- Up-to-date symlink: /workspace/install/robotiq_driver/share/ament_index/resource_index/package_run_dependencies/robotiq_driver
[0.141s] -- Up-to-date symlink: /workspace/install/robotiq_driver/share/ament_index/resource_index/parent_prefix_path/robotiq_driver
[0.141s] -- Up-to-date symlink: /workspace/install/robotiq_driver/share/robotiq_driver/environment/ament_prefix_path.sh
[0.141s] -- Up-to-date symlink: /workspace/install/robotiq_driver/share/robotiq_driver/environment/ament_prefix_path.dsv
[0.141s] -- Up-to-date symlink: /workspace/install/robotiq_driver/share/robotiq_driver/environment/path.sh
[0.141s] -- Up-to-date symlink: /workspace/install/robotiq_driver/share/robotiq_driver/environment/path.dsv
[0.141s] -- Up-to-date symlink: /workspace/install/robotiq_driver/share/robotiq_driver/local_setup.bash
[0.141s] -- Up-to-date symlink: /workspace/install/robotiq_driver/share/robotiq_driver/local_setup.sh
[0.142s] -- Up-to-date symlink: /workspace/install/robotiq_driver/share/robotiq_driver/local_setup.zsh
[0.142s] -- Up-to-date symlink: /workspace/install/robotiq_driver/share/robotiq_driver/local_setup.dsv
[0.142s] -- Symlinking: /workspace/install/robotiq_driver/share/robotiq_driver/package.dsv
[0.150s] -- Up-to-date symlink: /workspace/install/robotiq_driver/share/ament_index/resource_index/packages/robotiq_driver
[0.150s] -- Up-to-date symlink: /workspace/install/robotiq_driver/share/ament_index/resource_index/hardware_interface__pluginlib__plugin/robotiq_driver
[0.150s] -- Up-to-date symlink: /workspace/install/robotiq_driver/share/robotiq_driver/cmake/ament_cmake_export_targets-extras.cmake
[0.150s] -- Up-to-date symlink: /workspace/install/robotiq_driver/share/robotiq_driver/cmake/ament_cmake_export_dependencies-extras.cmake
[0.150s] -- Up-to-date symlink: /workspace/install/robotiq_driver/share/robotiq_driver/cmake/ament_cmake_export_include_directories-extras.cmake
[0.150s] -- Up-to-date symlink: /workspace/install/robotiq_driver/share/robotiq_driver/cmake/ament_cmake_export_libraries-extras.cmake
[0.150s] -- Up-to-date symlink: /workspace/install/robotiq_driver/share/robotiq_driver/cmake/robotiq_driverConfig.cmake
[0.150s] -- Up-to-date symlink: /workspace/install/robotiq_driver/share/robotiq_driver/cmake/robotiq_driverConfig-version.cmake
[0.151s] -- Up-to-date symlink: /workspace/install/robotiq_driver/share/robotiq_driver/package.xml
[0.151s] -- Up-to-date: /workspace/install/robotiq_driver/lib/librobotiq_driver.so
[0.151s] -- Up-to-date: /workspace/install/robotiq_driver/share/robotiq_driver/cmake/robotiq_driver_targetsExport.cmake
[0.151s] -- Up-to-date: /workspace/install/robotiq_driver/share/robotiq_driver/cmake/robotiq_driver_targetsExport-noconfig.cmake
[0.154s] Invoked command in '/workspace/build/robotiq_driver' returned '0': AMENT_PREFIX_PATH=/workspace/install/serial:${AMENT_PREFIX_PATH} CMAKE_PREFIX_PATH=/workspace/install/serial:/opt/ros/humble LD_LIBRARY_PATH=/workspace/install/serial/lib:${LD_LIBRARY_PATH} /usr/bin/cmake --install /workspace/build/robotiq_driver
