[0.011s] Invoking command in '/workspace/build/robotiq_controllers': CMAKE_PREFIX_PATH=/opt/ros/humble /usr/bin/cmake /workspace/src/ros2_robotiq_gripper/robotiq_controllers -DAMENT_CMAKE_SYMLINK_INSTALL=1 -DCMAKE_INSTALL_PREFIX=/workspace/install/robotiq_controllers
[0.102s] -- The C compiler identification is GNU 11.4.0
[0.170s] -- The CXX compiler identification is GNU 11.4.0
[0.177s] -- Detecting C compiler ABI info
[0.240s] -- Detecting C compiler ABI info - done
[0.245s] -- Check for working C compiler: /usr/bin/cc - skipped
[0.245s] -- Detecting C compile features
[0.245s] -- Detecting C compile features - done
[0.248s] -- Detecting CXX compiler ABI info
[0.315s] -- Detecting CXX compiler ABI info - done
[0.319s] -- Check for working CXX compiler: /usr/bin/c++ - skipped
[0.319s] -- Detecting CXX compile features
[0.320s] -- Detecting CXX compile features - done
[0.333s] -- Found ament_cmake: 1.3.12 (/opt/ros/humble/share/ament_cmake/cmake)
[0.620s] -- Found Python3: /opt/miniconda3/bin/python3 (found version "3.11.5") found components: Interpreter 
[0.673s] -- Override CMake install command with custom implementation using symlinks instead of copying resources
[0.711s] -- Found class_loader: 2.2.0 (/opt/ros/humble/share/class_loader/cmake)
[0.755s] -- Found controller_interface: 2.51.0 (/opt/ros/humble/share/controller_interface/cmake)
[0.798s] -- Found rosidl_generator_c: 3.1.7 (/opt/ros/humble/share/rosidl_generator_c/cmake)
[0.804s] -- Found rosidl_adapter: 3.1.7 (/opt/ros/humble/share/rosidl_adapter/cmake)
[0.815s] -- Found rosidl_generator_cpp: 3.1.7 (/opt/ros/humble/share/rosidl_generator_cpp/cmake)
[0.832s] -- Using all available rosidl_typesupport_c: rosidl_typesupport_fastrtps_c;rosidl_typesupport_introspection_c
[0.846s] -- Using all available rosidl_typesupport_cpp: rosidl_typesupport_fastrtps_cpp;rosidl_typesupport_introspection_cpp
[1.074s] -- Found rmw_implementation_cmake: 6.1.2 (/opt/ros/humble/share/rmw_implementation_cmake/cmake)
[1.078s] -- Found rmw_fastrtps_cpp: 6.2.8 (/opt/ros/humble/share/rmw_fastrtps_cpp/cmake)
[1.112s] -- Found TinyXML2 via Config file: TinyXML2_DIR-NOTFOUND
[1.172s] -- Found OpenSSL: /usr/lib/x86_64-linux-gnu/libcrypto.so (found version "3.0.2")  
[1.176s] -- Found TinyXML2 via Config file: TinyXML2_DIR-NOTFOUND
[1.191s] -- Found FastRTPS: /opt/ros/humble/include  
[1.194s] -- Found TinyXML2 via Config file: TinyXML2_DIR-NOTFOUND
[1.200s] -- Found TinyXML2 via Config file: TinyXML2_DIR-NOTFOUND
[1.210s] -- Using RMW implementation 'rmw_fastrtps_cpp' as default
[1.222s] -- Looking for pthread.h
[1.282s] -- Looking for pthread.h - found
[1.282s] -- Performing Test CMAKE_HAVE_LIBC_PTHREAD
[1.343s] -- Performing Test CMAKE_HAVE_LIBC_PTHREAD - Success
[1.343s] -- Found Threads: TRUE  
[1.393s] -- Found std_srvs: 4.9.0 (/opt/ros/humble/share/std_srvs/cmake)
[1.408s] -- Found ament_lint_auto: 0.12.14 (/opt/ros/humble/share/ament_lint_auto/cmake)
[1.488s] -- Added test 'cppcheck' to perform static code analysis on C / C++ code
[1.488s] -- Configured cppcheck include dirs: /workspace/src/ros2_robotiq_gripper/robotiq_controllers/include
[1.488s] -- Configured cppcheck exclude dirs and/or files: 
[1.489s] -- Added test 'lint_cmake' to check CMake code style
[1.492s] -- Configuring done
[1.531s] -- Generating done
[1.534s] -- Build files have been written to: /workspace/build/robotiq_controllers
[1.545s] Invoked command in '/workspace/build/robotiq_controllers' returned '0': CMAKE_PREFIX_PATH=/opt/ros/humble /usr/bin/cmake /workspace/src/ros2_robotiq_gripper/robotiq_controllers -DAMENT_CMAKE_SYMLINK_INSTALL=1 -DCMAKE_INSTALL_PREFIX=/workspace/install/robotiq_controllers
[1.546s] Invoking command in '/workspace/build/robotiq_controllers': CMAKE_PREFIX_PATH=/opt/ros/humble /usr/bin/cmake --build /workspace/build/robotiq_controllers -- -j12 -l12
[1.589s] [ 50%] Building CXX object CMakeFiles/robotiq_controllers.dir/src/robotiq_activation_controller.cpp.o
[4.709s] [100%] Linking CXX shared library librobotiq_controllers.so
[4.909s] [100%] Built target robotiq_controllers
[4.917s] Invoked command in '/workspace/build/robotiq_controllers' returned '0': CMAKE_PREFIX_PATH=/opt/ros/humble /usr/bin/cmake --build /workspace/build/robotiq_controllers -- -j12 -l12
[4.918s] Invoking command in '/workspace/build/robotiq_controllers': CMAKE_PREFIX_PATH=/opt/ros/humble /usr/bin/cmake --install /workspace/build/robotiq_controllers
[4.926s] -- Install configuration: ""
[4.926s] -- Execute custom install script
[4.927s] -- Symlinking: /workspace/install/robotiq_controllers/share/robotiq_controllers//controller_plugins.xml
[4.937s] -- Symlinking: /workspace/install/robotiq_controllers/include/robotiq_controllers/robotiq_activation_controller.hpp
[4.947s] -- Symlinking: /workspace/install/robotiq_controllers/share/robotiq_controllers/environment/library_path.sh
[4.958s] -- Symlinking: /workspace/install/robotiq_controllers/share/robotiq_controllers/environment/library_path.dsv
[4.967s] -- Symlinking: /workspace/install/robotiq_controllers/share/ament_index/resource_index/package_run_dependencies/robotiq_controllers
[4.977s] -- Symlinking: /workspace/install/robotiq_controllers/share/ament_index/resource_index/parent_prefix_path/robotiq_controllers
[4.987s] -- Symlinking: /workspace/install/robotiq_controllers/share/robotiq_controllers/environment/ament_prefix_path.sh
[4.997s] -- Symlinking: /workspace/install/robotiq_controllers/share/robotiq_controllers/environment/ament_prefix_path.dsv
[5.007s] -- Symlinking: /workspace/install/robotiq_controllers/share/robotiq_controllers/environment/path.sh
[5.017s] -- Symlinking: /workspace/install/robotiq_controllers/share/robotiq_controllers/environment/path.dsv
[5.027s] -- Symlinking: /workspace/install/robotiq_controllers/share/robotiq_controllers/local_setup.bash
[5.036s] -- Symlinking: /workspace/install/robotiq_controllers/share/robotiq_controllers/local_setup.sh
[5.046s] -- Symlinking: /workspace/install/robotiq_controllers/share/robotiq_controllers/local_setup.zsh
[5.055s] -- Symlinking: /workspace/install/robotiq_controllers/share/robotiq_controllers/local_setup.dsv
[5.064s] -- Symlinking: /workspace/install/robotiq_controllers/share/robotiq_controllers/package.dsv
[5.074s] -- Symlinking: /workspace/install/robotiq_controllers/share/ament_index/resource_index/packages/robotiq_controllers
[5.083s] -- Symlinking: /workspace/install/robotiq_controllers/share/ament_index/resource_index/controller_interface__pluginlib__plugin/robotiq_controllers
[5.092s] -- Symlinking: /workspace/install/robotiq_controllers/share/robotiq_controllers/cmake/ament_cmake_export_include_directories-extras.cmake
[5.101s] -- Symlinking: /workspace/install/robotiq_controllers/share/robotiq_controllers/cmake/ament_cmake_export_libraries-extras.cmake
[5.110s] -- Symlinking: /workspace/install/robotiq_controllers/share/robotiq_controllers/cmake/ament_cmake_export_targets-extras.cmake
[5.119s] -- Symlinking: /workspace/install/robotiq_controllers/share/robotiq_controllers/cmake/ament_cmake_export_dependencies-extras.cmake
[5.128s] -- Symlinking: /workspace/install/robotiq_controllers/share/robotiq_controllers/cmake/robotiq_controllersConfig.cmake
[5.137s] -- Symlinking: /workspace/install/robotiq_controllers/share/robotiq_controllers/cmake/robotiq_controllersConfig-version.cmake
[5.146s] -- Symlinking: /workspace/install/robotiq_controllers/share/robotiq_controllers/package.xml
[5.155s] -- Installing: /workspace/install/robotiq_controllers/lib/librobotiq_controllers.so
[5.157s] -- Set runtime path of "/workspace/install/robotiq_controllers/lib/librobotiq_controllers.so" to ""
[5.157s] -- Installing: /workspace/install/robotiq_controllers/share/robotiq_controllers/cmake/export_robotiq_controllersExport.cmake
[5.157s] -- Installing: /workspace/install/robotiq_controllers/share/robotiq_controllers/cmake/export_robotiq_controllersExport-noconfig.cmake
[5.160s] Invoked command in '/workspace/build/robotiq_controllers' returned '0': CMAKE_PREFIX_PATH=/opt/ros/humble /usr/bin/cmake --install /workspace/build/robotiq_controllers
