[0.008s] Invoking command in '/workspace/build/unified_vision_system': AMENT_PREFIX_PATH=/workspace/install/ur_description:/workspace/install/robotiq_description:${AMENT_PREFIX_PATH} CMAKE_PREFIX_PATH=/workspace/install/ur_description:/workspace/install/robotiq_description:/opt/ros/humble:/workspace/install/robotiq_2f_85_gripper_visualization PKG_CONFIG_PATH=/workspace/install/robotiq_2f_85_gripper_visualization/lib/x86_64-linux-gnu/pkgconfig:/workspace/install/robotiq_2f_85_gripper_visualization/lib/pkgconfig ROS_PACKAGE_PATH=/workspace/install/robotiq_2f_85_gripper_visualization/share /usr/bin/cmake /workspace/src/unified_vision_system -DAMENT_CMAKE_SYMLINK_INSTALL=1 -DCMAKE_INSTALL_PREFIX=/workspace/install/unified_vision_system
[0.056s] -- The C compiler identification is GNU 11.4.0
[0.098s] -- The CXX compiler identification is GNU 11.4.0
[0.103s] -- Detecting C compiler ABI info
[0.160s] -- Detecting C compiler ABI info - done
[0.164s] -- Check for working C compiler: /usr/bin/cc - skipped
[0.164s] -- Detecting C compile features
[0.164s] -- Detecting C compile features - done
[0.167s] -- Detecting CXX compiler ABI info
[0.235s] -- Detecting CXX compiler ABI info - done
[0.239s] -- Check for working CXX compiler: /usr/bin/c++ - skipped
[0.239s] -- Detecting CXX compile features
[0.239s] -- Detecting CXX compile features - done
[0.243s] -- Found ament_cmake: 1.3.12 (/opt/ros/humble/share/ament_cmake/cmake)
[0.519s] -- Found Python3: /opt/miniconda3/bin/python3 (found version "3.11.5") found components: Interpreter 
[0.592s] -- Override CMake install command with custom implementation using symlinks instead of copying resources
[0.927s] -- Configuring done
[0.942s] -- Generating done
[0.945s] -- Build files have been written to: /workspace/build/unified_vision_system
[0.952s] Invoked command in '/workspace/build/unified_vision_system' returned '0': AMENT_PREFIX_PATH=/workspace/install/ur_description:/workspace/install/robotiq_description:${AMENT_PREFIX_PATH} CMAKE_PREFIX_PATH=/workspace/install/ur_description:/workspace/install/robotiq_description:/opt/ros/humble:/workspace/install/robotiq_2f_85_gripper_visualization PKG_CONFIG_PATH=/workspace/install/robotiq_2f_85_gripper_visualization/lib/x86_64-linux-gnu/pkgconfig:/workspace/install/robotiq_2f_85_gripper_visualization/lib/pkgconfig ROS_PACKAGE_PATH=/workspace/install/robotiq_2f_85_gripper_visualization/share /usr/bin/cmake /workspace/src/unified_vision_system -DAMENT_CMAKE_SYMLINK_INSTALL=1 -DCMAKE_INSTALL_PREFIX=/workspace/install/unified_vision_system
[0.953s] Invoking command in '/workspace/build/unified_vision_system': AMENT_PREFIX_PATH=/workspace/install/ur_description:/workspace/install/robotiq_description:${AMENT_PREFIX_PATH} CMAKE_PREFIX_PATH=/workspace/install/ur_description:/workspace/install/robotiq_description:/opt/ros/humble:/workspace/install/robotiq_2f_85_gripper_visualization PKG_CONFIG_PATH=/workspace/install/robotiq_2f_85_gripper_visualization/lib/x86_64-linux-gnu/pkgconfig:/workspace/install/robotiq_2f_85_gripper_visualization/lib/pkgconfig ROS_PACKAGE_PATH=/workspace/install/robotiq_2f_85_gripper_visualization/share /usr/bin/cmake --build /workspace/build/unified_vision_system -- -j12 -l12
[1.035s] Built target ament_cmake_python_symlink_unified_vision_system
[1.233s] running egg_info
[1.234s] creating unified_vision_system.egg-info
[1.246s] writing unified_vision_system.egg-info/PKG-INFO
[1.249s] writing dependency_links to unified_vision_system.egg-info/dependency_links.txt
[1.249s] writing top-level names to unified_vision_system.egg-info/top_level.txt
[1.250s] writing manifest file 'unified_vision_system.egg-info/SOURCES.txt'
[1.285s] reading manifest file 'unified_vision_system.egg-info/SOURCES.txt'
[1.285s] writing manifest file 'unified_vision_system.egg-info/SOURCES.txt'
[1.330s] Built target ament_cmake_python_build_unified_vision_system_egg
[1.345s] Invoked command in '/workspace/build/unified_vision_system' returned '0': AMENT_PREFIX_PATH=/workspace/install/ur_description:/workspace/install/robotiq_description:${AMENT_PREFIX_PATH} CMAKE_PREFIX_PATH=/workspace/install/ur_description:/workspace/install/robotiq_description:/opt/ros/humble:/workspace/install/robotiq_2f_85_gripper_visualization PKG_CONFIG_PATH=/workspace/install/robotiq_2f_85_gripper_visualization/lib/x86_64-linux-gnu/pkgconfig:/workspace/install/robotiq_2f_85_gripper_visualization/lib/pkgconfig ROS_PACKAGE_PATH=/workspace/install/robotiq_2f_85_gripper_visualization/share /usr/bin/cmake --build /workspace/build/unified_vision_system -- -j12 -l12
[1.346s] Invoking command in '/workspace/build/unified_vision_system': AMENT_PREFIX_PATH=/workspace/install/ur_description:/workspace/install/robotiq_description:${AMENT_PREFIX_PATH} CMAKE_PREFIX_PATH=/workspace/install/ur_description:/workspace/install/robotiq_description:/opt/ros/humble:/workspace/install/robotiq_2f_85_gripper_visualization PKG_CONFIG_PATH=/workspace/install/robotiq_2f_85_gripper_visualization/lib/x86_64-linux-gnu/pkgconfig:/workspace/install/robotiq_2f_85_gripper_visualization/lib/pkgconfig ROS_PACKAGE_PATH=/workspace/install/robotiq_2f_85_gripper_visualization/share /usr/bin/cmake --install /workspace/build/unified_vision_system
[1.356s] -- Install configuration: ""
[1.356s] -- Execute custom install script
[1.356s] -- Symlinking: /workspace/install/unified_vision_system/share/unified_vision_system/environment/pythonpath.sh
[1.368s] -- Symlinking: /workspace/install/unified_vision_system/share/unified_vision_system/environment/pythonpath.dsv
[1.380s] -- Symlinking: /workspace/install/unified_vision_system/lib/python3.11/site-packages/unified_vision_system-1.0.0-py3.11.egg-info/PKG-INFO
[1.392s] -- Symlinking: /workspace/install/unified_vision_system/lib/python3.11/site-packages/unified_vision_system-1.0.0-py3.11.egg-info/SOURCES.txt
[1.404s] -- Symlinking: /workspace/install/unified_vision_system/lib/python3.11/site-packages/unified_vision_system-1.0.0-py3.11.egg-info/dependency_links.txt
[1.416s] -- Symlinking: /workspace/install/unified_vision_system/lib/python3.11/site-packages/unified_vision_system-1.0.0-py3.11.egg-info/top_level.txt
[1.429s] -- Symlinking: /workspace/install/unified_vision_system/lib/python3.11/site-packages/unified_vision_system/__init__.py
[1.441s] -- Symlinking: /workspace/install/unified_vision_system/lib/python3.11/site-packages/unified_vision_system/calibration/CameraCalibration.py
[1.453s] -- Symlinking: /workspace/install/unified_vision_system/lib/python3.11/site-packages/unified_vision_system/calibration/EyeInHandSafetyChecker.py
[1.465s] -- Symlinking: /workspace/install/unified_vision_system/lib/python3.11/site-packages/unified_vision_system/calibration/HandEyeCalibrator.py
[1.476s] -- Symlinking: /workspace/install/unified_vision_system/lib/python3.11/site-packages/unified_vision_system/calibration/__init__.py
[1.488s] -- Symlinking: /workspace/install/unified_vision_system/lib/python3.11/site-packages/unified_vision_system/control/HybridIKWrapper.py
[1.499s] -- Symlinking: /workspace/install/unified_vision_system/lib/python3.11/site-packages/unified_vision_system/control/UR30Kinematics.py
[1.511s] -- Symlinking: /workspace/install/unified_vision_system/lib/python3.11/site-packages/unified_vision_system/control/__init__.py
[1.522s] -- Symlinking: /workspace/install/unified_vision_system/lib/python3.11/site-packages/unified_vision_system/control/ur30_grasp_controller.py
[1.533s] -- Symlinking: /workspace/install/unified_vision_system/lib/python3.11/site-packages/unified_vision_system/control/ur30_robot_rtb.py
[1.545s] -- Symlinking: /workspace/install/unified_vision_system/lib/python3.11/site-packages/unified_vision_system/hri/ConstructionClarificationManager.py
[1.558s] -- Symlinking: /workspace/install/unified_vision_system/lib/python3.11/site-packages/unified_vision_system/hri/ConstructionRasaNLP.py
[1.570s] -- Symlinking: /workspace/install/unified_vision_system/lib/python3.11/site-packages/unified_vision_system/hri/ConstructionTTSManager.py
[1.581s] -- Symlinking: /workspace/install/unified_vision_system/lib/python3.11/site-packages/unified_vision_system/hri/EnhancedConstructionRAG.py
[1.593s] -- Symlinking: /workspace/install/unified_vision_system/lib/python3.11/site-packages/unified_vision_system/hri/ExperimentalController.py
[1.604s] -- Symlinking: /workspace/install/unified_vision_system/lib/python3.11/site-packages/unified_vision_system/hri/SpeechCommandProcessor.py
[1.618s] -- Symlinking: /workspace/install/unified_vision_system/lib/python3.11/site-packages/unified_vision_system/hri/__init__.py
[1.630s] -- Symlinking: /workspace/install/unified_vision_system/lib/python3.11/site-packages/unified_vision_system/metrics/BehavioralMetrics.py
[1.642s] -- Symlinking: /workspace/install/unified_vision_system/lib/python3.11/site-packages/unified_vision_system/metrics/NASATLXAssessment.py
[1.652s] -- Symlinking: /workspace/install/unified_vision_system/lib/python3.11/site-packages/unified_vision_system/metrics/TrustQuestionnaire.py
[1.662s] -- Symlinking: /workspace/install/unified_vision_system/lib/python3.11/site-packages/unified_vision_system/metrics/__init__.py
[1.674s] -- Symlinking: /workspace/install/unified_vision_system/lib/python3.11/site-packages/unified_vision_system/perception/DepthAwareDetector.py
[1.687s] -- Symlinking: /workspace/install/unified_vision_system/lib/python3.11/site-packages/unified_vision_system/perception/GraspPointDetector.py
[1.697s] -- Symlinking: /workspace/install/unified_vision_system/lib/python3.11/site-packages/unified_vision_system/perception/OWLViTDetector.py
[1.710s] -- Symlinking: /workspace/install/unified_vision_system/lib/python3.11/site-packages/unified_vision_system/perception/WorkSpaceValidator.py
[1.722s] -- Symlinking: /workspace/install/unified_vision_system/lib/python3.11/site-packages/unified_vision_system/perception/__init__.py
[1.738s] -- Symlinking: /workspace/install/unified_vision_system/lib/python3.11/site-packages/unified_vision_system/system/UnifiedVisionSystem.py
[1.748s] -- Symlinking: /workspace/install/unified_vision_system/lib/python3.11/site-packages/unified_vision_system/system/UnifiedVisionSystemSim.py
[1.759s] -- Symlinking: /workspace/install/unified_vision_system/lib/python3.11/site-packages/unified_vision_system/system/__init__.py
[1.768s] -- Symlinking: /workspace/install/unified_vision_system/lib/unified_vision_system/unified_vision_system_node.py
[1.780s] -- Symlinking: /workspace/install/unified_vision_system/lib/unified_vision_system/create_sim_calibration.py
[1.794s] -- Symlinking: /workspace/install/unified_vision_system/share/unified_vision_system/launch/.DS_Store
[1.811s] -- Symlinking: /workspace/install/unified_vision_system/share/unified_vision_system/launch/launch_gazebo_with_red_cube.py
[1.820s] -- Symlinking: /workspace/install/unified_vision_system/share/unified_vision_system/launch/test_unified_vision_system.py
[1.834s] -- Symlinking: /workspace/install/unified_vision_system/share/unified_vision_system/config/simulation_controllers.yaml
[1.847s] -- Symlinking: /workspace/install/unified_vision_system/share/unified_vision_system/config/simulation_controllers.yaml.sync
[1.858s] -- Symlinking: /workspace/install/unified_vision_system/share/unified_vision_system/config/ur30_robotiq.srdf.xacro
[1.873s] -- Symlinking: /workspace/install/unified_vision_system/share/unified_vision_system/config/ur30_vision_moveit.rviz
[1.888s] -- Symlinking: /workspace/install/unified_vision_system/share/unified_vision_system/urdf/.DS_Store
[1.900s] -- Symlinking: /workspace/install/unified_vision_system/share/unified_vision_system/urdf/robotiq_85_stable.urdf.xacro
[1.913s] -- Symlinking: /workspace/install/unified_vision_system/share/unified_vision_system/urdf/robotiq_arg85.urdf
[1.926s] -- Symlinking: /workspace/install/unified_vision_system/share/unified_vision_system/urdf/simple_parallel_gripper.urdf.xacro
[1.939s] -- Symlinking: /workspace/install/unified_vision_system/share/unified_vision_system/urdf/ur30_robotiq_realsense.urdf.xacro
[1.952s] -- Symlinking: /workspace/install/unified_vision_system/share/unified_vision_system/urdf/ur30_simple_gripper_realsense.urdf.xacro
[1.965s] -- Symlinking: /workspace/install/unified_vision_system/share/unified_vision_system/worlds/ur30_vision_world.world
[1.979s] -- Symlinking: /workspace/install/unified_vision_system/share/unified_vision_system/meshes/inner_finger_coarse.STL
[1.996s] -- Symlinking: /workspace/install/unified_vision_system/share/unified_vision_system/meshes/inner_finger_fine.STL
[2.007s] -- Symlinking: /workspace/install/unified_vision_system/share/unified_vision_system/meshes/inner_knuckle_coarse.STL
[2.018s] -- Symlinking: /workspace/install/unified_vision_system/share/unified_vision_system/meshes/inner_knuckle_fine.STL
[2.030s] -- Symlinking: /workspace/install/unified_vision_system/share/unified_vision_system/meshes/outer_finger_coarse.STL
[2.044s] -- Symlinking: /workspace/install/unified_vision_system/share/unified_vision_system/meshes/outer_finger_fine.STL
[2.055s] -- Symlinking: /workspace/install/unified_vision_system/share/unified_vision_system/meshes/outer_knuckle_coarse.STL
[2.064s] -- Symlinking: /workspace/install/unified_vision_system/share/unified_vision_system/meshes/outer_knuckle_fine.STL
[2.073s] -- Symlinking: /workspace/install/unified_vision_system/share/unified_vision_system/meshes/robotiq_85_base_link_coarse.STL
[2.085s] -- Symlinking: /workspace/install/unified_vision_system/share/unified_vision_system/meshes/robotiq_85_base_link_fine.STL
[2.097s] -- Symlinking: /workspace/install/unified_vision_system/share/ament_index/resource_index/package_run_dependencies/unified_vision_system
[2.110s] -- Symlinking: /workspace/install/unified_vision_system/share/ament_index/resource_index/parent_prefix_path/unified_vision_system
[2.118s] -- Symlinking: /workspace/install/unified_vision_system/share/unified_vision_system/environment/ament_prefix_path.sh
[2.128s] -- Symlinking: /workspace/install/unified_vision_system/share/unified_vision_system/environment/ament_prefix_path.dsv
[2.137s] -- Symlinking: /workspace/install/unified_vision_system/share/unified_vision_system/environment/path.sh
[2.149s] -- Symlinking: /workspace/install/unified_vision_system/share/unified_vision_system/environment/path.dsv
[2.160s] -- Symlinking: /workspace/install/unified_vision_system/share/unified_vision_system/local_setup.bash
[2.171s] -- Symlinking: /workspace/install/unified_vision_system/share/unified_vision_system/local_setup.sh
[2.182s] -- Symlinking: /workspace/install/unified_vision_system/share/unified_vision_system/local_setup.zsh
[2.192s] -- Symlinking: /workspace/install/unified_vision_system/share/unified_vision_system/local_setup.dsv
[2.204s] -- Symlinking: /workspace/install/unified_vision_system/share/unified_vision_system/package.dsv
[2.216s] -- Symlinking: /workspace/install/unified_vision_system/share/ament_index/resource_index/packages/unified_vision_system
[2.229s] -- Symlinking: /workspace/install/unified_vision_system/share/unified_vision_system/cmake/ament_cmake_export_dependencies-extras.cmake
[2.238s] -- Symlinking: /workspace/install/unified_vision_system/share/unified_vision_system/cmake/unified_vision_systemConfig.cmake
[2.248s] -- Symlinking: /workspace/install/unified_vision_system/share/unified_vision_system/cmake/unified_vision_systemConfig-version.cmake
[2.259s] -- Symlinking: /workspace/install/unified_vision_system/share/unified_vision_system/package.xml
[2.353s] Listing '/workspace/install/unified_vision_system/lib/python3.11/site-packages/unified_vision_system'...
[2.353s] Compiling '/workspace/install/unified_vision_system/lib/python3.11/site-packages/unified_vision_system/__init__.py'...
[2.353s] Listing '/workspace/install/unified_vision_system/lib/python3.11/site-packages/unified_vision_system/calibration'...
[2.353s] Compiling '/workspace/install/unified_vision_system/lib/python3.11/site-packages/unified_vision_system/calibration/CameraCalibration.py'...
[2.353s] Compiling '/workspace/install/unified_vision_system/lib/python3.11/site-packages/unified_vision_system/calibration/EyeInHandSafetyChecker.py'...
[2.353s] Compiling '/workspace/install/unified_vision_system/lib/python3.11/site-packages/unified_vision_system/calibration/HandEyeCalibrator.py'...
[2.353s] Compiling '/workspace/install/unified_vision_system/lib/python3.11/site-packages/unified_vision_system/calibration/__init__.py'...
[2.353s] Listing '/workspace/install/unified_vision_system/lib/python3.11/site-packages/unified_vision_system/control'...
[2.353s] Compiling '/workspace/install/unified_vision_system/lib/python3.11/site-packages/unified_vision_system/control/HybridIKWrapper.py'...
[2.354s] Compiling '/workspace/install/unified_vision_system/lib/python3.11/site-packages/unified_vision_system/control/UR30Kinematics.py'...
[2.354s] Compiling '/workspace/install/unified_vision_system/lib/python3.11/site-packages/unified_vision_system/control/__init__.py'...
[2.354s] Compiling '/workspace/install/unified_vision_system/lib/python3.11/site-packages/unified_vision_system/control/ur30_grasp_controller.py'...
[2.354s] Compiling '/workspace/install/unified_vision_system/lib/python3.11/site-packages/unified_vision_system/control/ur30_robot_rtb.py'...
[2.354s] Listing '/workspace/install/unified_vision_system/lib/python3.11/site-packages/unified_vision_system/hri'...
[2.354s] Compiling '/workspace/install/unified_vision_system/lib/python3.11/site-packages/unified_vision_system/hri/ConstructionClarificationManager.py'...
[2.354s] Compiling '/workspace/install/unified_vision_system/lib/python3.11/site-packages/unified_vision_system/hri/ConstructionRasaNLP.py'...
[2.354s] Compiling '/workspace/install/unified_vision_system/lib/python3.11/site-packages/unified_vision_system/hri/ConstructionTTSManager.py'...
[2.354s] Compiling '/workspace/install/unified_vision_system/lib/python3.11/site-packages/unified_vision_system/hri/EnhancedConstructionRAG.py'...
[2.354s] Compiling '/workspace/install/unified_vision_system/lib/python3.11/site-packages/unified_vision_system/hri/ExperimentalController.py'...
[2.354s] Compiling '/workspace/install/unified_vision_system/lib/python3.11/site-packages/unified_vision_system/hri/SpeechCommandProcessor.py'...
[2.354s] Compiling '/workspace/install/unified_vision_system/lib/python3.11/site-packages/unified_vision_system/hri/__init__.py'...
[2.354s] Listing '/workspace/install/unified_vision_system/lib/python3.11/site-packages/unified_vision_system/metrics'...
[2.354s] Compiling '/workspace/install/unified_vision_system/lib/python3.11/site-packages/unified_vision_system/metrics/BehavioralMetrics.py'...
[2.354s] Compiling '/workspace/install/unified_vision_system/lib/python3.11/site-packages/unified_vision_system/metrics/NASATLXAssessment.py'...
[2.354s] Compiling '/workspace/install/unified_vision_system/lib/python3.11/site-packages/unified_vision_system/metrics/TrustQuestionnaire.py'...
[2.354s] Compiling '/workspace/install/unified_vision_system/lib/python3.11/site-packages/unified_vision_system/metrics/__init__.py'...
[2.354s] Listing '/workspace/install/unified_vision_system/lib/python3.11/site-packages/unified_vision_system/perception'...
[2.354s] Compiling '/workspace/install/unified_vision_system/lib/python3.11/site-packages/unified_vision_system/perception/DepthAwareDetector.py'...
[2.354s] Compiling '/workspace/install/unified_vision_system/lib/python3.11/site-packages/unified_vision_system/perception/GraspPointDetector.py'...
[2.354s] Compiling '/workspace/install/unified_vision_system/lib/python3.11/site-packages/unified_vision_system/perception/OWLViTDetector.py'...
[2.354s] Compiling '/workspace/install/unified_vision_system/lib/python3.11/site-packages/unified_vision_system/perception/WorkSpaceValidator.py'...
[2.354s] Compiling '/workspace/install/unified_vision_system/lib/python3.11/site-packages/unified_vision_system/perception/__init__.py'...
[2.354s] Listing '/workspace/install/unified_vision_system/lib/python3.11/site-packages/unified_vision_system/system'...
[2.354s] Compiling '/workspace/install/unified_vision_system/lib/python3.11/site-packages/unified_vision_system/system/UnifiedVisionSystem.py'...
[2.354s] Compiling '/workspace/install/unified_vision_system/lib/python3.11/site-packages/unified_vision_system/system/UnifiedVisionSystemSim.py'...
[2.354s] Compiling '/workspace/install/unified_vision_system/lib/python3.11/site-packages/unified_vision_system/system/__init__.py'...
[2.362s] Invoked command in '/workspace/build/unified_vision_system' returned '0': AMENT_PREFIX_PATH=/workspace/install/ur_description:/workspace/install/robotiq_description:${AMENT_PREFIX_PATH} CMAKE_PREFIX_PATH=/workspace/install/ur_description:/workspace/install/robotiq_description:/opt/ros/humble:/workspace/install/robotiq_2f_85_gripper_visualization PKG_CONFIG_PATH=/workspace/install/robotiq_2f_85_gripper_visualization/lib/x86_64-linux-gnu/pkgconfig:/workspace/install/robotiq_2f_85_gripper_visualization/lib/pkgconfig ROS_PACKAGE_PATH=/workspace/install/robotiq_2f_85_gripper_visualization/share /usr/bin/cmake --install /workspace/build/unified_vision_system
