-- Install configuration: ""
-- Execute custom install script
-- Symlinking: /home/ur5e_user/workspace/install/robotiq_description/share/robotiq_description/config/robotiq_controllers.yaml
-- Symlinking: /home/ur5e_user/workspace/install/robotiq_description/share/robotiq_description/config/robotiq_hand_e_controllers.yaml
-- Symlinking: /home/ur5e_user/workspace/install/robotiq_description/share/robotiq_description/launch/hand-e_control.launch.xml
-- Symlinking: /home/ur5e_user/workspace/install/robotiq_description/share/robotiq_description/launch/robotiq_control.launch.py
-- Symlinking: /home/ur5e_user/workspace/install/robotiq_description/share/robotiq_description/launch/view_gripper.launch.py
-- Symlinking: /home/ur5e_user/workspace/install/robotiq_description/share/robotiq_description/launch/view_hand-e.launch.xml
-- Symlinking: /home/ur5e_user/workspace/install/robotiq_description/share/robotiq_description/meshes/collision/2f_140/robotiq_2f_140_base_link.stl
-- Symlinking: /home/ur5e_user/workspace/install/robotiq_description/share/robotiq_description/meshes/collision/2f_140/robotiq_2f_140_coupling.stl
-- Symlinking: /home/ur5e_user/workspace/install/robotiq_description/share/robotiq_description/meshes/collision/2f_140/robotiq_2f_140_inner_finger.stl
-- Symlinking: /home/ur5e_user/workspace/install/robotiq_description/share/robotiq_description/meshes/collision/2f_140/robotiq_2f_140_inner_knuckle.stl
-- Symlinking: /home/ur5e_user/workspace/install/robotiq_description/share/robotiq_description/meshes/collision/2f_140/robotiq_2f_140_outer_finger.stl
-- Symlinking: /home/ur5e_user/workspace/install/robotiq_description/share/robotiq_description/meshes/collision/2f_140/robotiq_2f_140_outer_knuckle.stl
-- Symlinking: /home/ur5e_user/workspace/install/robotiq_description/share/robotiq_description/meshes/collision/2f_85/left_finger.stl
-- Symlinking: /home/ur5e_user/workspace/install/robotiq_description/share/robotiq_description/meshes/collision/2f_85/left_finger_tip.stl
-- Symlinking: /home/ur5e_user/workspace/install/robotiq_description/share/robotiq_description/meshes/collision/2f_85/left_inner_knuckle.stl
-- Symlinking: /home/ur5e_user/workspace/install/robotiq_description/share/robotiq_description/meshes/collision/2f_85/left_knuckle.stl
-- Symlinking: /home/ur5e_user/workspace/install/robotiq_description/share/robotiq_description/meshes/collision/2f_85/right_finger.stl
-- Symlinking: /home/ur5e_user/workspace/install/robotiq_description/share/robotiq_description/meshes/collision/2f_85/right_finger_tip.stl
-- Symlinking: /home/ur5e_user/workspace/install/robotiq_description/share/robotiq_description/meshes/collision/2f_85/right_inner_knuckle.stl
-- Symlinking: /home/ur5e_user/workspace/install/robotiq_description/share/robotiq_description/meshes/collision/2f_85/right_knuckle.stl
-- Symlinking: /home/ur5e_user/workspace/install/robotiq_description/share/robotiq_description/meshes/collision/2f_85/robotiq_base.stl
-- Symlinking: /home/ur5e_user/workspace/install/robotiq_description/share/robotiq_description/meshes/collision/2f_85/ur_to_robotiq_adapter.stl
-- Symlinking: /home/ur5e_user/workspace/install/robotiq_description/share/robotiq_description/meshes/collision/hande/hand-e.stl
-- Symlinking: /home/ur5e_user/workspace/install/robotiq_description/share/robotiq_description/meshes/collision/hande/hand-e_convex_hull.stl
-- Symlinking: /home/ur5e_user/workspace/install/robotiq_description/share/robotiq_description/meshes/collision/hande/left_finger.stl
-- Symlinking: /home/ur5e_user/workspace/install/robotiq_description/share/robotiq_description/meshes/collision/hande/right_finger.stl
-- Symlinking: /home/ur5e_user/workspace/install/robotiq_description/share/robotiq_description/meshes/visual/2f_140/robotiq_2f_140_base_link.stl
-- Symlinking: /home/ur5e_user/workspace/install/robotiq_description/share/robotiq_description/meshes/visual/2f_140/robotiq_2f_140_coupling.stl
-- Symlinking: /home/ur5e_user/workspace/install/robotiq_description/share/robotiq_description/meshes/visual/2f_140/robotiq_2f_140_inner_finger.stl
-- Symlinking: /home/ur5e_user/workspace/install/robotiq_description/share/robotiq_description/meshes/visual/2f_140/robotiq_2f_140_inner_knuckle.stl
-- Symlinking: /home/ur5e_user/workspace/install/robotiq_description/share/robotiq_description/meshes/visual/2f_140/robotiq_2f_140_outer_finger.stl
-- Symlinking: /home/ur5e_user/workspace/install/robotiq_description/share/robotiq_description/meshes/visual/2f_140/robotiq_2f_140_outer_knuckle.stl
-- Symlinking: /home/ur5e_user/workspace/install/robotiq_description/share/robotiq_description/meshes/visual/2f_85/left_finger.dae
-- Symlinking: /home/ur5e_user/workspace/install/robotiq_description/share/robotiq_description/meshes/visual/2f_85/left_finger_tip.dae
-- Symlinking: /home/ur5e_user/workspace/install/robotiq_description/share/robotiq_description/meshes/visual/2f_85/left_inner_knuckle.dae
-- Symlinking: /home/ur5e_user/workspace/install/robotiq_description/share/robotiq_description/meshes/visual/2f_85/left_knuckle.dae
-- Symlinking: /home/ur5e_user/workspace/install/robotiq_description/share/robotiq_description/meshes/visual/2f_85/right_finger.dae
-- Symlinking: /home/ur5e_user/workspace/install/robotiq_description/share/robotiq_description/meshes/visual/2f_85/right_finger_tip.dae
-- Symlinking: /home/ur5e_user/workspace/install/robotiq_description/share/robotiq_description/meshes/visual/2f_85/right_inner_knuckle.dae
-- Symlinking: /home/ur5e_user/workspace/install/robotiq_description/share/robotiq_description/meshes/visual/2f_85/right_knuckle.dae
-- Symlinking: /home/ur5e_user/workspace/install/robotiq_description/share/robotiq_description/meshes/visual/2f_85/robotiq_base.dae
-- Symlinking: /home/ur5e_user/workspace/install/robotiq_description/share/robotiq_description/meshes/visual/2f_85/ur_to_robotiq_adapter.dae
-- Symlinking: /home/ur5e_user/workspace/install/robotiq_description/share/robotiq_description/meshes/visual/hande/hand-e.dae
-- Symlinking: /home/ur5e_user/workspace/install/robotiq_description/share/robotiq_description/meshes/visual/hande/left_finger.dae
-- Symlinking: /home/ur5e_user/workspace/install/robotiq_description/share/robotiq_description/meshes/visual/hande/right_finger.dae
-- Symlinking: /home/ur5e_user/workspace/install/robotiq_description/share/robotiq_description/rviz/view_urdf.rviz
-- Symlinking: /home/ur5e_user/workspace/install/robotiq_description/share/robotiq_description/urdf/2f_140.ros2_control.xacro
-- Symlinking: /home/ur5e_user/workspace/install/robotiq_description/share/robotiq_description/urdf/2f_85.ros2_control.xacro
-- Symlinking: /home/ur5e_user/workspace/install/robotiq_description/share/robotiq_description/urdf/hand_e.ros2_control.xacro
-- Symlinking: /home/ur5e_user/workspace/install/robotiq_description/share/robotiq_description/urdf/robotiq_2f_140.xacro
-- Symlinking: /home/ur5e_user/workspace/install/robotiq_description/share/robotiq_description/urdf/robotiq_2f_140_gripper.urdf.xacro
-- Symlinking: /home/ur5e_user/workspace/install/robotiq_description/share/robotiq_description/urdf/robotiq_2f_140_macro.urdf.xacro
-- Symlinking: /home/ur5e_user/workspace/install/robotiq_description/share/robotiq_description/urdf/robotiq_2f_85_gripper.urdf.xacro
-- Symlinking: /home/ur5e_user/workspace/install/robotiq_description/share/robotiq_description/urdf/robotiq_2f_85_macro.urdf.xacro
-- Symlinking: /home/ur5e_user/workspace/install/robotiq_description/share/robotiq_description/urdf/robotiq_hand_e_gripper.urdf.xacro
-- Symlinking: /home/ur5e_user/workspace/install/robotiq_description/share/robotiq_description/urdf/robotiq_hand_e_macro.urdf.xacro
-- Symlinking: /home/ur5e_user/workspace/install/robotiq_description/share/robotiq_description/urdf/ur_to_robotiq_adapter.urdf.xacro
-- Symlinking: /home/ur5e_user/workspace/install/robotiq_description/share/ament_index/resource_index/package_run_dependencies/robotiq_description
-- Symlinking: /home/ur5e_user/workspace/install/robotiq_description/share/ament_index/resource_index/parent_prefix_path/robotiq_description
-- Symlinking: /home/ur5e_user/workspace/install/robotiq_description/share/robotiq_description/environment/ament_prefix_path.sh
-- Symlinking: /home/ur5e_user/workspace/install/robotiq_description/share/robotiq_description/environment/ament_prefix_path.dsv
-- Symlinking: /home/ur5e_user/workspace/install/robotiq_description/share/robotiq_description/environment/path.sh
-- Symlinking: /home/ur5e_user/workspace/install/robotiq_description/share/robotiq_description/environment/path.dsv
-- Symlinking: /home/ur5e_user/workspace/install/robotiq_description/share/robotiq_description/local_setup.bash
-- Symlinking: /home/ur5e_user/workspace/install/robotiq_description/share/robotiq_description/local_setup.sh
-- Symlinking: /home/ur5e_user/workspace/install/robotiq_description/share/robotiq_description/local_setup.zsh
-- Symlinking: /home/ur5e_user/workspace/install/robotiq_description/share/robotiq_description/local_setup.dsv
-- Symlinking: /home/ur5e_user/workspace/install/robotiq_description/share/robotiq_description/package.dsv
-- Symlinking: /home/ur5e_user/workspace/install/robotiq_description/share/ament_index/resource_index/packages/robotiq_description
-- Symlinking: /home/ur5e_user/workspace/install/robotiq_description/share/robotiq_description/cmake/robotiq_descriptionConfig.cmake
-- Symlinking: /home/ur5e_user/workspace/install/robotiq_description/share/robotiq_description/cmake/robotiq_descriptionConfig-version.cmake
-- Symlinking: /home/ur5e_user/workspace/install/robotiq_description/share/robotiq_description/package.xml
