[0.013s] Invoking command in '/workspace/build/unified_vision_system': CMAKE_PREFIX_PATH=/workspace/install/ur_description:/workspace/install/robotiq_description:/opt/ros/humble:/workspace/install/robotiq_2f_85_gripper_visualization:/workspace/install/unified_vision_system:/workspace/install/robotiq_hardware_tests:/workspace/install/robotiq_driver:/workspace/install/serial:/workspace/install/robotiq_controllers CONDA_PROMPT_MODIFIER=(base) /usr/bin/cmake /workspace/src/unified_vision_system -DAMENT_CMAKE_SYMLINK_INSTALL=1 -DCMAKE_INSTALL_PREFIX=/workspace/install/unified_vision_system
[0.058s] -- The C compiler identification is GNU 11.4.0
[0.103s] -- The CXX compiler identification is GNU 11.4.0
[0.109s] -- Detecting C compiler ABI info
[0.174s] -- Detecting C compiler ABI info - done
[0.178s] -- Check for working C compiler: /usr/bin/cc - skipped
[0.178s] -- Detecting C compile features
[0.179s] -- Detecting C compile features - done
[0.181s] -- Detecting CXX compiler ABI info
[0.252s] -- Detecting CXX compiler ABI info - done
[0.256s] -- Check for working CXX compiler: /usr/bin/c++ - skipped
[0.257s] -- Detecting CXX compile features
[0.257s] -- Detecting CXX compile features - done
[0.260s] -- Found ament_cmake: 1.3.12 (/opt/ros/humble/share/ament_cmake/cmake)
[0.484s] -- Found Python3: /opt/miniconda3/bin/python3 (found version "3.11.5") found components: Interpreter 
[0.535s] -- Override CMake install command with custom implementation using symlinks instead of copying resources
[0.698s] -- Configuring done
[0.701s] -- Generating done
[0.703s] -- Build files have been written to: /workspace/build/unified_vision_system
[0.706s] Invoked command in '/workspace/build/unified_vision_system' returned '0': CMAKE_PREFIX_PATH=/workspace/install/ur_description:/workspace/install/robotiq_description:/opt/ros/humble:/workspace/install/robotiq_2f_85_gripper_visualization:/workspace/install/unified_vision_system:/workspace/install/robotiq_hardware_tests:/workspace/install/robotiq_driver:/workspace/install/serial:/workspace/install/robotiq_controllers CONDA_PROMPT_MODIFIER=(base) /usr/bin/cmake /workspace/src/unified_vision_system -DAMENT_CMAKE_SYMLINK_INSTALL=1 -DCMAKE_INSTALL_PREFIX=/workspace/install/unified_vision_system
[0.708s] Invoking command in '/workspace/build/unified_vision_system': CMAKE_PREFIX_PATH=/workspace/install/ur_description:/workspace/install/robotiq_description:/opt/ros/humble:/workspace/install/robotiq_2f_85_gripper_visualization:/workspace/install/unified_vision_system:/workspace/install/robotiq_hardware_tests:/workspace/install/robotiq_driver:/workspace/install/serial:/workspace/install/robotiq_controllers CONDA_PROMPT_MODIFIER=(base) /usr/bin/cmake --build /workspace/build/unified_vision_system -- -j12 -l12
[0.761s] Built target ament_cmake_python_symlink_unified_vision_system
[0.865s] running egg_info
[0.865s] creating unified_vision_system.egg-info
[0.870s] writing unified_vision_system.egg-info/PKG-INFO
[0.870s] writing dependency_links to unified_vision_system.egg-info/dependency_links.txt
[0.870s] writing top-level names to unified_vision_system.egg-info/top_level.txt
[0.870s] writing manifest file 'unified_vision_system.egg-info/SOURCES.txt'
[0.885s] reading manifest file 'unified_vision_system.egg-info/SOURCES.txt'
[0.886s] writing manifest file 'unified_vision_system.egg-info/SOURCES.txt'
[0.905s] Built target ament_cmake_python_build_unified_vision_system_egg
[0.916s] Invoked command in '/workspace/build/unified_vision_system' returned '0': CMAKE_PREFIX_PATH=/workspace/install/ur_description:/workspace/install/robotiq_description:/opt/ros/humble:/workspace/install/robotiq_2f_85_gripper_visualization:/workspace/install/unified_vision_system:/workspace/install/robotiq_hardware_tests:/workspace/install/robotiq_driver:/workspace/install/serial:/workspace/install/robotiq_controllers CONDA_PROMPT_MODIFIER=(base) /usr/bin/cmake --build /workspace/build/unified_vision_system -- -j12 -l12
[0.927s] Invoking command in '/workspace/build/unified_vision_system': CMAKE_PREFIX_PATH=/workspace/install/ur_description:/workspace/install/robotiq_description:/opt/ros/humble:/workspace/install/robotiq_2f_85_gripper_visualization:/workspace/install/unified_vision_system:/workspace/install/robotiq_hardware_tests:/workspace/install/robotiq_driver:/workspace/install/serial:/workspace/install/robotiq_controllers CONDA_PROMPT_MODIFIER=(base) /usr/bin/cmake --install /workspace/build/unified_vision_system
[0.934s] -- Install configuration: ""
[0.934s] -- Execute custom install script
[0.935s] -- Symlinking: /workspace/install/unified_vision_system/share/unified_vision_system/environment/pythonpath.sh
[0.942s] -- Symlinking: /workspace/install/unified_vision_system/share/unified_vision_system/environment/pythonpath.dsv
[0.952s] -- Symlinking: /workspace/install/unified_vision_system/lib/python3.11/site-packages/unified_vision_system-1.0.0-py3.11.egg-info/PKG-INFO
[0.960s] -- Symlinking: /workspace/install/unified_vision_system/lib/python3.11/site-packages/unified_vision_system-1.0.0-py3.11.egg-info/SOURCES.txt
[0.968s] -- Symlinking: /workspace/install/unified_vision_system/lib/python3.11/site-packages/unified_vision_system-1.0.0-py3.11.egg-info/dependency_links.txt
[0.976s] -- Symlinking: /workspace/install/unified_vision_system/lib/python3.11/site-packages/unified_vision_system-1.0.0-py3.11.egg-info/top_level.txt
[0.985s] -- Symlinking: /workspace/install/unified_vision_system/lib/python3.11/site-packages/unified_vision_system/__init__.py
[0.993s] -- Symlinking: /workspace/install/unified_vision_system/lib/python3.11/site-packages/unified_vision_system/calibration/CameraCalibration.py
[1.001s] -- Symlinking: /workspace/install/unified_vision_system/lib/python3.11/site-packages/unified_vision_system/calibration/EyeInHandSafetyChecker.py
[1.009s] -- Symlinking: /workspace/install/unified_vision_system/lib/python3.11/site-packages/unified_vision_system/calibration/HandEyeCalibrator.py
[1.018s] -- Symlinking: /workspace/install/unified_vision_system/lib/python3.11/site-packages/unified_vision_system/calibration/__init__.py
[1.028s] -- Symlinking: /workspace/install/unified_vision_system/lib/python3.11/site-packages/unified_vision_system/control/HybridIKWrapper.py
[1.035s] -- Symlinking: /workspace/install/unified_vision_system/lib/python3.11/site-packages/unified_vision_system/control/UR30Kinematics.py
[1.043s] -- Symlinking: /workspace/install/unified_vision_system/lib/python3.11/site-packages/unified_vision_system/control/__init__.py
[1.051s] -- Symlinking: /workspace/install/unified_vision_system/lib/python3.11/site-packages/unified_vision_system/control/ur30_grasp_controller.py
[1.058s] -- Symlinking: /workspace/install/unified_vision_system/lib/python3.11/site-packages/unified_vision_system/control/ur30_robot_rtb.py
[1.066s] -- Symlinking: /workspace/install/unified_vision_system/lib/python3.11/site-packages/unified_vision_system/hri/ConstructionClarificationManager.py
[1.072s] -- Symlinking: /workspace/install/unified_vision_system/lib/python3.11/site-packages/unified_vision_system/hri/ConstructionRasaNLP.py
[1.079s] -- Symlinking: /workspace/install/unified_vision_system/lib/python3.11/site-packages/unified_vision_system/hri/ConstructionTTSManager.py
[1.087s] -- Symlinking: /workspace/install/unified_vision_system/lib/python3.11/site-packages/unified_vision_system/hri/EnhancedConstructionRAG.py
[1.095s] -- Symlinking: /workspace/install/unified_vision_system/lib/python3.11/site-packages/unified_vision_system/hri/ExperimentalController.py
[1.102s] -- Symlinking: /workspace/install/unified_vision_system/lib/python3.11/site-packages/unified_vision_system/hri/SpeechCommandProcessor.py
[1.110s] -- Symlinking: /workspace/install/unified_vision_system/lib/python3.11/site-packages/unified_vision_system/hri/__init__.py
[1.121s] -- Symlinking: /workspace/install/unified_vision_system/lib/python3.11/site-packages/unified_vision_system/metrics/BehavioralMetrics.py
[1.129s] -- Symlinking: /workspace/install/unified_vision_system/lib/python3.11/site-packages/unified_vision_system/metrics/NASATLXAssessment.py
[1.137s] -- Symlinking: /workspace/install/unified_vision_system/lib/python3.11/site-packages/unified_vision_system/metrics/TrustQuestionnaire.py
[1.145s] -- Symlinking: /workspace/install/unified_vision_system/lib/python3.11/site-packages/unified_vision_system/metrics/__init__.py
[1.153s] -- Symlinking: /workspace/install/unified_vision_system/lib/python3.11/site-packages/unified_vision_system/perception/DepthAwareDetector.py
[1.160s] -- Symlinking: /workspace/install/unified_vision_system/lib/python3.11/site-packages/unified_vision_system/perception/GraspPointDetector.py
[1.168s] -- Symlinking: /workspace/install/unified_vision_system/lib/python3.11/site-packages/unified_vision_system/perception/OWLViTDetector.py
[1.175s] -- Symlinking: /workspace/install/unified_vision_system/lib/python3.11/site-packages/unified_vision_system/perception/WorkSpaceValidator.py
[1.183s] -- Symlinking: /workspace/install/unified_vision_system/lib/python3.11/site-packages/unified_vision_system/perception/__init__.py
[1.191s] -- Symlinking: /workspace/install/unified_vision_system/lib/python3.11/site-packages/unified_vision_system/system/UnifiedVisionSystem.py
[1.199s] -- Symlinking: /workspace/install/unified_vision_system/lib/python3.11/site-packages/unified_vision_system/system/UnifiedVisionSystemSim.py
[1.206s] -- Symlinking: /workspace/install/unified_vision_system/lib/python3.11/site-packages/unified_vision_system/system/__init__.py
[1.216s] -- Symlinking: /workspace/install/unified_vision_system/lib/unified_vision_system/unified_vision_system_node.py
[1.226s] -- Symlinking: /workspace/install/unified_vision_system/lib/unified_vision_system/create_sim_calibration.py
[1.235s] -- Symlinking: /workspace/install/unified_vision_system/share/unified_vision_system/launch/.DS_Store
[1.243s] -- Symlinking: /workspace/install/unified_vision_system/share/unified_vision_system/launch/launch_gazebo_with_red_cube.py
[1.251s] -- Symlinking: /workspace/install/unified_vision_system/share/unified_vision_system/launch/test_unified_vision_system.py
[1.259s] -- Symlinking: /workspace/install/unified_vision_system/share/unified_vision_system/config/simulation_controllers.yaml
[1.266s] -- Symlinking: /workspace/install/unified_vision_system/share/unified_vision_system/config/simulation_controllers.yaml.sync
[1.274s] -- Symlinking: /workspace/install/unified_vision_system/share/unified_vision_system/config/ur30_robotiq.srdf.xacro
[1.283s] -- Symlinking: /workspace/install/unified_vision_system/share/unified_vision_system/config/ur30_vision_moveit.rviz
[1.292s] -- Symlinking: /workspace/install/unified_vision_system/share/unified_vision_system/urdf/.DS_Store
[1.299s] -- Symlinking: /workspace/install/unified_vision_system/share/unified_vision_system/urdf/robotiq_85_stable.urdf.xacro
[1.307s] -- Symlinking: /workspace/install/unified_vision_system/share/unified_vision_system/urdf/robotiq_arg85.urdf
[1.316s] -- Symlinking: /workspace/install/unified_vision_system/share/unified_vision_system/urdf/simple_parallel_gripper.urdf.xacro
[1.326s] -- Symlinking: /workspace/install/unified_vision_system/share/unified_vision_system/urdf/ur30_camera_only.urdf.xacro
[1.333s] -- Symlinking: /workspace/install/unified_vision_system/share/unified_vision_system/urdf/ur30_robotiq_realsense.urdf.xacro
[1.340s] -- Symlinking: /workspace/install/unified_vision_system/share/unified_vision_system/urdf/ur30_simple_gripper_camera.urdf.xacro
[1.347s] -- Symlinking: /workspace/install/unified_vision_system/share/unified_vision_system/urdf/ur30_simple_gripper_realsense.urdf.xacro
[1.354s] -- Symlinking: /workspace/install/unified_vision_system/share/unified_vision_system/worlds/ur30_vision_world.world
[1.361s] -- Symlinking: /workspace/install/unified_vision_system/share/unified_vision_system/meshes/inner_finger_coarse.STL
[1.368s] -- Symlinking: /workspace/install/unified_vision_system/share/unified_vision_system/meshes/inner_finger_fine.STL
[1.375s] -- Symlinking: /workspace/install/unified_vision_system/share/unified_vision_system/meshes/inner_knuckle_coarse.STL
[1.383s] -- Symlinking: /workspace/install/unified_vision_system/share/unified_vision_system/meshes/inner_knuckle_fine.STL
[1.390s] -- Symlinking: /workspace/install/unified_vision_system/share/unified_vision_system/meshes/outer_finger_coarse.STL
[1.398s] -- Symlinking: /workspace/install/unified_vision_system/share/unified_vision_system/meshes/outer_finger_fine.STL
[1.404s] -- Symlinking: /workspace/install/unified_vision_system/share/unified_vision_system/meshes/outer_knuckle_coarse.STL
[1.413s] -- Symlinking: /workspace/install/unified_vision_system/share/unified_vision_system/meshes/outer_knuckle_fine.STL
[1.422s] -- Symlinking: /workspace/install/unified_vision_system/share/unified_vision_system/meshes/robotiq_85_base_link_coarse.STL
[1.431s] -- Symlinking: /workspace/install/unified_vision_system/share/unified_vision_system/meshes/robotiq_85_base_link_fine.STL
[1.440s] -- Symlinking: /workspace/install/unified_vision_system/share/ament_index/resource_index/package_run_dependencies/unified_vision_system
[1.449s] -- Symlinking: /workspace/install/unified_vision_system/share/ament_index/resource_index/parent_prefix_path/unified_vision_system
[1.457s] -- Symlinking: /workspace/install/unified_vision_system/share/unified_vision_system/environment/ament_prefix_path.sh
[1.464s] -- Symlinking: /workspace/install/unified_vision_system/share/unified_vision_system/environment/ament_prefix_path.dsv
[1.471s] -- Symlinking: /workspace/install/unified_vision_system/share/unified_vision_system/environment/path.sh
[1.479s] -- Symlinking: /workspace/install/unified_vision_system/share/unified_vision_system/environment/path.dsv
[1.486s] -- Symlinking: /workspace/install/unified_vision_system/share/unified_vision_system/local_setup.bash
[1.494s] -- Symlinking: /workspace/install/unified_vision_system/share/unified_vision_system/local_setup.sh
[1.501s] -- Symlinking: /workspace/install/unified_vision_system/share/unified_vision_system/local_setup.zsh
[1.508s] -- Symlinking: /workspace/install/unified_vision_system/share/unified_vision_system/local_setup.dsv
[1.517s] -- Symlinking: /workspace/install/unified_vision_system/share/unified_vision_system/package.dsv
[1.526s] -- Symlinking: /workspace/install/unified_vision_system/share/ament_index/resource_index/packages/unified_vision_system
[1.534s] -- Symlinking: /workspace/install/unified_vision_system/share/unified_vision_system/cmake/ament_cmake_export_dependencies-extras.cmake
[1.541s] -- Symlinking: /workspace/install/unified_vision_system/share/unified_vision_system/cmake/unified_vision_systemConfig.cmake
[1.548s] -- Symlinking: /workspace/install/unified_vision_system/share/unified_vision_system/cmake/unified_vision_systemConfig-version.cmake
[1.555s] -- Symlinking: /workspace/install/unified_vision_system/share/unified_vision_system/package.xml
[1.624s] Listing '/workspace/install/unified_vision_system/lib/python3.11/site-packages/unified_vision_system'...
[1.624s] Compiling '/workspace/install/unified_vision_system/lib/python3.11/site-packages/unified_vision_system/__init__.py'...
[1.624s] Listing '/workspace/install/unified_vision_system/lib/python3.11/site-packages/unified_vision_system/calibration'...
[1.624s] Compiling '/workspace/install/unified_vision_system/lib/python3.11/site-packages/unified_vision_system/calibration/CameraCalibration.py'...
[1.624s] Compiling '/workspace/install/unified_vision_system/lib/python3.11/site-packages/unified_vision_system/calibration/EyeInHandSafetyChecker.py'...
[1.624s] Compiling '/workspace/install/unified_vision_system/lib/python3.11/site-packages/unified_vision_system/calibration/HandEyeCalibrator.py'...
[1.624s] Compiling '/workspace/install/unified_vision_system/lib/python3.11/site-packages/unified_vision_system/calibration/__init__.py'...
[1.624s] Listing '/workspace/install/unified_vision_system/lib/python3.11/site-packages/unified_vision_system/control'...
[1.624s] Compiling '/workspace/install/unified_vision_system/lib/python3.11/site-packages/unified_vision_system/control/HybridIKWrapper.py'...
[1.624s] Compiling '/workspace/install/unified_vision_system/lib/python3.11/site-packages/unified_vision_system/control/UR30Kinematics.py'...
[1.625s] Compiling '/workspace/install/unified_vision_system/lib/python3.11/site-packages/unified_vision_system/control/__init__.py'...
[1.625s] Compiling '/workspace/install/unified_vision_system/lib/python3.11/site-packages/unified_vision_system/control/ur30_grasp_controller.py'...
[1.625s] Compiling '/workspace/install/unified_vision_system/lib/python3.11/site-packages/unified_vision_system/control/ur30_robot_rtb.py'...
[1.625s] Listing '/workspace/install/unified_vision_system/lib/python3.11/site-packages/unified_vision_system/hri'...
[1.625s] Compiling '/workspace/install/unified_vision_system/lib/python3.11/site-packages/unified_vision_system/hri/ConstructionClarificationManager.py'...
[1.625s] Compiling '/workspace/install/unified_vision_system/lib/python3.11/site-packages/unified_vision_system/hri/ConstructionRasaNLP.py'...
[1.625s] Compiling '/workspace/install/unified_vision_system/lib/python3.11/site-packages/unified_vision_system/hri/ConstructionTTSManager.py'...
[1.625s] Compiling '/workspace/install/unified_vision_system/lib/python3.11/site-packages/unified_vision_system/hri/EnhancedConstructionRAG.py'...
[1.625s] Compiling '/workspace/install/unified_vision_system/lib/python3.11/site-packages/unified_vision_system/hri/ExperimentalController.py'...
[1.625s] Compiling '/workspace/install/unified_vision_system/lib/python3.11/site-packages/unified_vision_system/hri/SpeechCommandProcessor.py'...
[1.625s] Compiling '/workspace/install/unified_vision_system/lib/python3.11/site-packages/unified_vision_system/hri/__init__.py'...
[1.625s] Listing '/workspace/install/unified_vision_system/lib/python3.11/site-packages/unified_vision_system/metrics'...
[1.625s] Compiling '/workspace/install/unified_vision_system/lib/python3.11/site-packages/unified_vision_system/metrics/BehavioralMetrics.py'...
[1.625s] Compiling '/workspace/install/unified_vision_system/lib/python3.11/site-packages/unified_vision_system/metrics/NASATLXAssessment.py'...
[1.625s] Compiling '/workspace/install/unified_vision_system/lib/python3.11/site-packages/unified_vision_system/metrics/TrustQuestionnaire.py'...
[1.625s] Compiling '/workspace/install/unified_vision_system/lib/python3.11/site-packages/unified_vision_system/metrics/__init__.py'...
[1.625s] Listing '/workspace/install/unified_vision_system/lib/python3.11/site-packages/unified_vision_system/perception'...
[1.625s] Compiling '/workspace/install/unified_vision_system/lib/python3.11/site-packages/unified_vision_system/perception/DepthAwareDetector.py'...
[1.625s] Compiling '/workspace/install/unified_vision_system/lib/python3.11/site-packages/unified_vision_system/perception/GraspPointDetector.py'...
[1.625s] Compiling '/workspace/install/unified_vision_system/lib/python3.11/site-packages/unified_vision_system/perception/OWLViTDetector.py'...
[1.625s] Compiling '/workspace/install/unified_vision_system/lib/python3.11/site-packages/unified_vision_system/perception/WorkSpaceValidator.py'...
[1.625s] Compiling '/workspace/install/unified_vision_system/lib/python3.11/site-packages/unified_vision_system/perception/__init__.py'...
[1.625s] Listing '/workspace/install/unified_vision_system/lib/python3.11/site-packages/unified_vision_system/system'...
[1.625s] Compiling '/workspace/install/unified_vision_system/lib/python3.11/site-packages/unified_vision_system/system/UnifiedVisionSystem.py'...
[1.625s] Compiling '/workspace/install/unified_vision_system/lib/python3.11/site-packages/unified_vision_system/system/UnifiedVisionSystemSim.py'...
[1.625s] Compiling '/workspace/install/unified_vision_system/lib/python3.11/site-packages/unified_vision_system/system/__init__.py'...
[1.631s] Invoked command in '/workspace/build/unified_vision_system' returned '0': CMAKE_PREFIX_PATH=/workspace/install/ur_description:/workspace/install/robotiq_description:/opt/ros/humble:/workspace/install/robotiq_2f_85_gripper_visualization:/workspace/install/unified_vision_system:/workspace/install/robotiq_hardware_tests:/workspace/install/robotiq_driver:/workspace/install/serial:/workspace/install/robotiq_controllers CONDA_PROMPT_MODIFIER=(base) /usr/bin/cmake --install /workspace/build/unified_vision_system
