[0.009s] Invoking command in '/workspace/build/unified_vision_system': AMENT_PREFIX_PATH=/workspace/install/ur_description:/workspace/install/robotiq_description:${AMENT_PREFIX_PATH} CMAKE_PREFIX_PATH=/workspace/install/ur_description:/workspace/install/robotiq_description:/opt/ros/humble /usr/bin/cmake /workspace/src/unified_vision_system -DCMAKE_INSTALL_PREFIX=/workspace/install/unified_vision_system
[0.027s] -- Found ament_cmake: 1.3.12 (/opt/ros/humble/share/ament_cmake/cmake)
[0.130s] -- Override CMake install command with custom implementation using symlinks instead of copying resources
[0.288s] -- Configuring done
[0.293s] -- Generating done
[0.294s] -- Build files have been written to: /workspace/build/unified_vision_system
[0.297s] Invoked command in '/workspace/build/unified_vision_system' returned '0': AMENT_PREFIX_PATH=/workspace/install/ur_description:/workspace/install/robotiq_description:${AMENT_PREFIX_PATH} CMAKE_PREFIX_PATH=/workspace/install/ur_description:/workspace/install/robotiq_description:/opt/ros/humble /usr/bin/cmake /workspace/src/unified_vision_system -DCMAKE_INSTALL_PREFIX=/workspace/install/unified_vision_system
[0.298s] Invoking command in '/workspace/build/unified_vision_system': AMENT_PREFIX_PATH=/workspace/install/ur_description:/workspace/install/robotiq_description:${AMENT_PREFIX_PATH} CMAKE_PREFIX_PATH=/workspace/install/ur_description:/workspace/install/robotiq_description:/opt/ros/humble /usr/bin/cmake --build /workspace/build/unified_vision_system -- -j12 -l12
[0.359s] Built target ament_cmake_python_symlink_unified_vision_system
[0.495s] running egg_info
[0.502s] writing unified_vision_system.egg-info/PKG-INFO
[0.502s] writing dependency_links to unified_vision_system.egg-info/dependency_links.txt
[0.502s] writing top-level names to unified_vision_system.egg-info/top_level.txt
[0.523s] reading manifest file 'unified_vision_system.egg-info/SOURCES.txt'
[0.524s] writing manifest file 'unified_vision_system.egg-info/SOURCES.txt'
[0.565s] Built target ament_cmake_python_build_unified_vision_system_egg
[0.576s] Invoked command in '/workspace/build/unified_vision_system' returned '0': AMENT_PREFIX_PATH=/workspace/install/ur_description:/workspace/install/robotiq_description:${AMENT_PREFIX_PATH} CMAKE_PREFIX_PATH=/workspace/install/ur_description:/workspace/install/robotiq_description:/opt/ros/humble /usr/bin/cmake --build /workspace/build/unified_vision_system -- -j12 -l12
[0.586s] Invoking command in '/workspace/build/unified_vision_system': AMENT_PREFIX_PATH=/workspace/install/ur_description:/workspace/install/robotiq_description:${AMENT_PREFIX_PATH} CMAKE_PREFIX_PATH=/workspace/install/ur_description:/workspace/install/robotiq_description:/opt/ros/humble /usr/bin/cmake --install /workspace/build/unified_vision_system
[0.595s] -- Install configuration: ""
[0.595s] -- Execute custom install script
[0.596s] -- Up-to-date symlink: /workspace/install/unified_vision_system/share/unified_vision_system/environment/pythonpath.sh
[0.596s] -- Up-to-date symlink: /workspace/install/unified_vision_system/share/unified_vision_system/environment/pythonpath.dsv
[0.596s] -- Up-to-date symlink: /workspace/install/unified_vision_system/lib/python3.11/site-packages/unified_vision_system-1.0.0-py3.11.egg-info/PKG-INFO
[0.596s] -- Up-to-date symlink: /workspace/install/unified_vision_system/lib/python3.11/site-packages/unified_vision_system-1.0.0-py3.11.egg-info/SOURCES.txt
[0.597s] -- Up-to-date symlink: /workspace/install/unified_vision_system/lib/python3.11/site-packages/unified_vision_system-1.0.0-py3.11.egg-info/dependency_links.txt
[0.597s] -- Up-to-date symlink: /workspace/install/unified_vision_system/lib/python3.11/site-packages/unified_vision_system-1.0.0-py3.11.egg-info/top_level.txt
[0.599s] -- Up-to-date symlink: /workspace/install/unified_vision_system/lib/python3.11/site-packages/unified_vision_system/__init__.py
[0.599s] -- Up-to-date symlink: /workspace/install/unified_vision_system/lib/python3.11/site-packages/unified_vision_system/calibration/CameraCalibration.py
[0.599s] -- Up-to-date symlink: /workspace/install/unified_vision_system/lib/python3.11/site-packages/unified_vision_system/calibration/EyeInHandSafetyChecker.py
[0.599s] -- Up-to-date symlink: /workspace/install/unified_vision_system/lib/python3.11/site-packages/unified_vision_system/calibration/HandEyeCalibrator.py
[0.599s] -- Up-to-date symlink: /workspace/install/unified_vision_system/lib/python3.11/site-packages/unified_vision_system/calibration/__init__.py
[0.599s] -- Up-to-date symlink: /workspace/install/unified_vision_system/lib/python3.11/site-packages/unified_vision_system/control/HybridIKWrapper.py
[0.599s] -- Up-to-date symlink: /workspace/install/unified_vision_system/lib/python3.11/site-packages/unified_vision_system/control/UR30Kinematics.py
[0.599s] -- Up-to-date symlink: /workspace/install/unified_vision_system/lib/python3.11/site-packages/unified_vision_system/control/__init__.py
[0.599s] -- Up-to-date symlink: /workspace/install/unified_vision_system/lib/python3.11/site-packages/unified_vision_system/control/ur30_grasp_controller.py
[0.600s] -- Up-to-date symlink: /workspace/install/unified_vision_system/lib/python3.11/site-packages/unified_vision_system/control/ur30_robot_rtb.py
[0.600s] -- Up-to-date symlink: /workspace/install/unified_vision_system/lib/python3.11/site-packages/unified_vision_system/hri/ConstructionClarificationManager.py
[0.600s] -- Up-to-date symlink: /workspace/install/unified_vision_system/lib/python3.11/site-packages/unified_vision_system/hri/ConstructionRasaNLP.py
[0.600s] -- Up-to-date symlink: /workspace/install/unified_vision_system/lib/python3.11/site-packages/unified_vision_system/hri/ConstructionTTSManager.py
[0.600s] -- Up-to-date symlink: /workspace/install/unified_vision_system/lib/python3.11/site-packages/unified_vision_system/hri/EnhancedConstructionRAG.py
[0.600s] -- Up-to-date symlink: /workspace/install/unified_vision_system/lib/python3.11/site-packages/unified_vision_system/hri/ExperimentalController.py
[0.600s] -- Up-to-date symlink: /workspace/install/unified_vision_system/lib/python3.11/site-packages/unified_vision_system/hri/SpeechCommandProcessor.py
[0.600s] -- Up-to-date symlink: /workspace/install/unified_vision_system/lib/python3.11/site-packages/unified_vision_system/hri/__init__.py
[0.600s] -- Up-to-date symlink: /workspace/install/unified_vision_system/lib/python3.11/site-packages/unified_vision_system/metrics/BehavioralMetrics.py
[0.600s] -- Up-to-date symlink: /workspace/install/unified_vision_system/lib/python3.11/site-packages/unified_vision_system/metrics/NASATLXAssessment.py
[0.600s] -- Up-to-date symlink: /workspace/install/unified_vision_system/lib/python3.11/site-packages/unified_vision_system/metrics/TrustQuestionnaire.py
[0.601s] -- Up-to-date symlink: /workspace/install/unified_vision_system/lib/python3.11/site-packages/unified_vision_system/metrics/__init__.py
[0.601s] -- Up-to-date symlink: /workspace/install/unified_vision_system/lib/python3.11/site-packages/unified_vision_system/perception/DepthAwareDetector.py
[0.601s] -- Up-to-date symlink: /workspace/install/unified_vision_system/lib/python3.11/site-packages/unified_vision_system/perception/GraspPointDetector.py
[0.601s] -- Up-to-date symlink: /workspace/install/unified_vision_system/lib/python3.11/site-packages/unified_vision_system/perception/OWLViTDetector.py
[0.601s] -- Up-to-date symlink: /workspace/install/unified_vision_system/lib/python3.11/site-packages/unified_vision_system/perception/WorkSpaceValidator.py
[0.601s] -- Up-to-date symlink: /workspace/install/unified_vision_system/lib/python3.11/site-packages/unified_vision_system/perception/__init__.py
[0.601s] -- Up-to-date symlink: /workspace/install/unified_vision_system/lib/python3.11/site-packages/unified_vision_system/system/UnifiedVisionSystem.py
[0.601s] -- Up-to-date symlink: /workspace/install/unified_vision_system/lib/python3.11/site-packages/unified_vision_system/system/UnifiedVisionSystemSim.py
[0.601s] -- Up-to-date symlink: /workspace/install/unified_vision_system/lib/python3.11/site-packages/unified_vision_system/system/__init__.py
[0.601s] -- Up-to-date symlink: /workspace/install/unified_vision_system/lib/unified_vision_system/unified_vision_system_node.py
[0.602s] -- Up-to-date symlink: /workspace/install/unified_vision_system/lib/unified_vision_system/create_sim_calibration.py
[0.602s] -- Up-to-date symlink: /workspace/install/unified_vision_system/share/unified_vision_system/launch/.DS_Store
[0.602s] -- Up-to-date symlink: /workspace/install/unified_vision_system/share/unified_vision_system/launch/launch_gazebo_with_red_cube.py
[0.602s] -- Up-to-date symlink: /workspace/install/unified_vision_system/share/unified_vision_system/config/simulation_controllers.yaml
[0.602s] -- Up-to-date symlink: /workspace/install/unified_vision_system/share/unified_vision_system/config/simulation_controllers.yaml.sync
[0.602s] -- Up-to-date symlink: /workspace/install/unified_vision_system/share/unified_vision_system/config/ur30_robotiq.srdf.xacro
[0.602s] -- Up-to-date symlink: /workspace/install/unified_vision_system/share/unified_vision_system/config/ur30_simple_gripper.srdf.xacro
[0.603s] -- Up-to-date symlink: /workspace/install/unified_vision_system/share/unified_vision_system/config/ur30_vision_moveit.rviz
[0.603s] -- Up-to-date symlink: /workspace/install/unified_vision_system/share/unified_vision_system/urdf/.DS_Store
[0.603s] -- Up-to-date symlink: /workspace/install/unified_vision_system/share/unified_vision_system/urdf/simple_parallel_gripper.urdf.xacro
[0.603s] -- Up-to-date symlink: /workspace/install/unified_vision_system/share/unified_vision_system/urdf/ur30_camera_only.urdf.xacro
[0.603s] -- Up-to-date symlink: /workspace/install/unified_vision_system/share/unified_vision_system/urdf/ur30_simple_gripper_camera.urdf.xacro
[0.603s] -- Up-to-date symlink: /workspace/install/unified_vision_system/share/unified_vision_system/urdf/ur30_simple_gripper_realsense.urdf.xacro
[0.603s] -- Up-to-date symlink: /workspace/install/unified_vision_system/share/unified_vision_system/worlds/ur30_vision_world.world
[0.604s] -- Up-to-date symlink: /workspace/install/unified_vision_system/share/ament_index/resource_index/package_run_dependencies/unified_vision_system
[0.604s] -- Up-to-date symlink: /workspace/install/unified_vision_system/share/ament_index/resource_index/parent_prefix_path/unified_vision_system
[0.604s] -- Up-to-date symlink: /workspace/install/unified_vision_system/share/unified_vision_system/environment/ament_prefix_path.sh
[0.604s] -- Up-to-date symlink: /workspace/install/unified_vision_system/share/unified_vision_system/environment/ament_prefix_path.dsv
[0.604s] -- Up-to-date symlink: /workspace/install/unified_vision_system/share/unified_vision_system/environment/path.sh
[0.604s] -- Up-to-date symlink: /workspace/install/unified_vision_system/share/unified_vision_system/environment/path.dsv
[0.604s] -- Up-to-date symlink: /workspace/install/unified_vision_system/share/unified_vision_system/local_setup.bash
[0.604s] -- Up-to-date symlink: /workspace/install/unified_vision_system/share/unified_vision_system/local_setup.sh
[0.605s] -- Up-to-date symlink: /workspace/install/unified_vision_system/share/unified_vision_system/local_setup.zsh
[0.605s] -- Up-to-date symlink: /workspace/install/unified_vision_system/share/unified_vision_system/local_setup.dsv
[0.605s] -- Symlinking: /workspace/install/unified_vision_system/share/unified_vision_system/package.dsv
[0.615s] -- Up-to-date symlink: /workspace/install/unified_vision_system/share/ament_index/resource_index/packages/unified_vision_system
[0.615s] -- Up-to-date symlink: /workspace/install/unified_vision_system/share/unified_vision_system/cmake/ament_cmake_export_dependencies-extras.cmake
[0.615s] -- Up-to-date symlink: /workspace/install/unified_vision_system/share/unified_vision_system/cmake/unified_vision_systemConfig.cmake
[0.615s] -- Up-to-date symlink: /workspace/install/unified_vision_system/share/unified_vision_system/cmake/unified_vision_systemConfig-version.cmake
[0.615s] -- Up-to-date symlink: /workspace/install/unified_vision_system/share/unified_vision_system/package.xml
[0.646s] Listing '/workspace/install/unified_vision_system/lib/python3.11/site-packages/unified_vision_system'...
[0.646s] Listing '/workspace/install/unified_vision_system/lib/python3.11/site-packages/unified_vision_system/calibration'...
[0.646s] Listing '/workspace/install/unified_vision_system/lib/python3.11/site-packages/unified_vision_system/control'...
[0.646s] Listing '/workspace/install/unified_vision_system/lib/python3.11/site-packages/unified_vision_system/hri'...
[0.646s] Listing '/workspace/install/unified_vision_system/lib/python3.11/site-packages/unified_vision_system/metrics'...
[0.646s] Listing '/workspace/install/unified_vision_system/lib/python3.11/site-packages/unified_vision_system/perception'...
[0.646s] Listing '/workspace/install/unified_vision_system/lib/python3.11/site-packages/unified_vision_system/system'...
[0.652s] Invoked command in '/workspace/build/unified_vision_system' returned '0': AMENT_PREFIX_PATH=/workspace/install/ur_description:/workspace/install/robotiq_description:${AMENT_PREFIX_PATH} CMAKE_PREFIX_PATH=/workspace/install/ur_description:/workspace/install/robotiq_description:/opt/ros/humble /usr/bin/cmake --install /workspace/build/unified_vision_system
