[0.032s] Invoking command in '/home/ur5e_user/workspace/build/robotiq_controllers': CMAKE_PREFIX_PATH=${CMAKE_PREFIX_PATH}:/opt/ros/humble CONDA_PROMPT_MODIFIER=(ur5e_vlm_environment) /opt/miniconda3/envs/ur5e_vlm_environment/bin/cmake /home/ur5e_user/workspace/src/ros2_robotiq_gripper/robotiq_controllers -DCMAKE_INSTALL_PREFIX=/home/ur5e_user/workspace/install/robotiq_controllers
[0.051s] CMake Deprecation Warning at CMakeLists.txt:1 (cmake_minimum_required):
[0.051s]   Compatibility with CMake < 3.10 will be removed from a future version of
[0.051s]   CMake.
[0.051s] 
[0.051s]   Update the VERSION argument <min> value.  Or, use the <min>...<max> syntax
[0.051s]   to tell CMake that the project requires at least <min> but has been updated
[0.052s]   to work with policies introduced by <max> or earlier.
[0.052s] 
[0.052s] 
[0.052s] -- Found ament_cmake: 1.3.12 (/opt/ros/humble/share/ament_cmake/cmake)
[0.175s] -- Override CMake install command with custom implementation using symlinks instead of copying resources
[0.181s] -- Found controller_interface: 2.51.0 (/opt/ros/humble/share/controller_interface/cmake)
[0.199s] -- Found rosidl_generator_c: 3.1.7 (/opt/ros/humble/share/rosidl_generator_c/cmake)
[0.201s] -- Found rosidl_adapter: 3.1.7 (/opt/ros/humble/share/rosidl_adapter/cmake)
[0.206s] -- Found rosidl_generator_cpp: 3.1.7 (/opt/ros/humble/share/rosidl_generator_cpp/cmake)
[0.213s] -- Using all available rosidl_typesupport_c: rosidl_typesupport_fastrtps_c;rosidl_typesupport_introspection_c
[0.223s] -- Using all available rosidl_typesupport_cpp: rosidl_typesupport_fastrtps_cpp;rosidl_typesupport_introspection_cpp
[0.357s] CMake Error at /opt/ros/humble/share/class_loader/cmake/ament_cmake_export_dependencies-extras.cmake:21 (find_package):
[0.357s]   By not providing "Findconsole_bridge.cmake" in CMAKE_MODULE_PATH this
[0.357s]   project has asked CMake to find a package configuration file provided by
[0.357s]   "console_bridge", but CMake did not find one.
[0.357s] 
[0.357s]   Could not find a package configuration file provided by "console_bridge"
[0.357s]   with any of the following names:
[0.357s] 
[0.357s]     console_bridgeConfig.cmake
[0.357s]     console_bridge-config.cmake
[0.357s] 
[0.357s]   Add the installation prefix of "console_bridge" to CMAKE_PREFIX_PATH or set
[0.357s]   "console_bridge_DIR" to a directory containing one of the above files.  If
[0.357s]   "console_bridge" provides a separate development package or SDK, be sure it
[0.357s]   has been installed.
[0.357s] Call Stack (most recent call first):
[0.357s]   /opt/ros/humble/share/class_loader/cmake/class_loaderConfig.cmake:41 (include)
[0.357s]   /opt/ros/humble/share/pluginlib/cmake/ament_cmake_export_dependencies-extras.cmake:21 (find_package)
[0.357s]   /opt/ros/humble/share/pluginlib/cmake/pluginlibConfig.cmake:41 (include)
[0.357s]   /opt/ros/humble/share/hardware_interface/cmake/ament_cmake_export_dependencies-extras.cmake:21 (find_package)
[0.357s]   /opt/ros/humble/share/hardware_interface/cmake/hardware_interfaceConfig.cmake:41 (include)
[0.357s]   /opt/ros/humble/share/controller_interface/cmake/ament_cmake_export_dependencies-extras.cmake:21 (find_package)
[0.357s]   /opt/ros/humble/share/controller_interface/cmake/controller_interfaceConfig.cmake:41 (include)
[0.357s]   CMakeLists.txt:10 (find_package)
[0.357s] 
[0.357s] 
[0.357s] -- Configuring incomplete, errors occurred!
