[0.012s] Invoking command in '/workspace/build/unified_vision_system': CMAKE_PREFIX_PATH=/workspace/install/ur_description:/workspace/install/robotiq_description:/opt/ros/humble:/workspace/install/robotiq_2f_85_gripper_visualization:/workspace/install/unified_vision_system:/workspace/install/robotiq_hardware_tests:/workspace/install/robotiq_driver:/workspace/install/serial:/workspace/install/robotiq_controllers CONDA_PROMPT_MODIFIER=(base) /usr/bin/cmake /workspace/src/unified_vision_system -DAMENT_CMAKE_SYMLINK_INSTALL=1 -DCMAKE_INSTALL_PREFIX=/workspace/install/unified_vision_system
[0.060s] -- The C compiler identification is GNU 11.4.0
[0.104s] -- The CXX compiler identification is GNU 11.4.0
[0.110s] -- Detecting C compiler ABI info
[0.173s] -- Detecting C compiler ABI info - done
[0.177s] -- Check for working C compiler: /usr/bin/cc - skipped
[0.178s] -- Detecting C compile features
[0.178s] -- Detecting C compile features - done
[0.180s] -- Detecting CXX compiler ABI info
[0.253s] -- Detecting CXX compiler ABI info - done
[0.257s] -- Check for working CXX compiler: /usr/bin/c++ - skipped
[0.258s] -- Detecting CXX compile features
[0.258s] -- Detecting CXX compile features - done
[0.261s] -- Found ament_cmake: 1.3.12 (/opt/ros/humble/share/ament_cmake/cmake)
[0.488s] -- Found Python3: /opt/miniconda3/bin/python3 (found version "3.11.5") found components: Interpreter 
[0.535s] -- Override CMake install command with custom implementation using symlinks instead of copying resources
[0.698s] -- Configuring done
[0.701s] -- Generating done
[0.702s] -- Build files have been written to: /workspace/build/unified_vision_system
[0.706s] Invoked command in '/workspace/build/unified_vision_system' returned '0': CMAKE_PREFIX_PATH=/workspace/install/ur_description:/workspace/install/robotiq_description:/opt/ros/humble:/workspace/install/robotiq_2f_85_gripper_visualization:/workspace/install/unified_vision_system:/workspace/install/robotiq_hardware_tests:/workspace/install/robotiq_driver:/workspace/install/serial:/workspace/install/robotiq_controllers CONDA_PROMPT_MODIFIER=(base) /usr/bin/cmake /workspace/src/unified_vision_system -DAMENT_CMAKE_SYMLINK_INSTALL=1 -DCMAKE_INSTALL_PREFIX=/workspace/install/unified_vision_system
[0.708s] Invoking command in '/workspace/build/unified_vision_system': CMAKE_PREFIX_PATH=/workspace/install/ur_description:/workspace/install/robotiq_description:/opt/ros/humble:/workspace/install/robotiq_2f_85_gripper_visualization:/workspace/install/unified_vision_system:/workspace/install/robotiq_hardware_tests:/workspace/install/robotiq_driver:/workspace/install/serial:/workspace/install/robotiq_controllers CONDA_PROMPT_MODIFIER=(base) /usr/bin/cmake --build /workspace/build/unified_vision_system -- -j12 -l12
[0.762s] Built target ament_cmake_python_symlink_unified_vision_system
[0.867s] running egg_info
[0.868s] creating unified_vision_system.egg-info
[0.873s] writing unified_vision_system.egg-info/PKG-INFO
[0.873s] writing dependency_links to unified_vision_system.egg-info/dependency_links.txt
[0.873s] writing top-level names to unified_vision_system.egg-info/top_level.txt
[0.873s] writing manifest file 'unified_vision_system.egg-info/SOURCES.txt'
[0.888s] reading manifest file 'unified_vision_system.egg-info/SOURCES.txt'
[0.888s] writing manifest file 'unified_vision_system.egg-info/SOURCES.txt'
[0.908s] Built target ament_cmake_python_build_unified_vision_system_egg
[0.919s] Invoked command in '/workspace/build/unified_vision_system' returned '0': CMAKE_PREFIX_PATH=/workspace/install/ur_description:/workspace/install/robotiq_description:/opt/ros/humble:/workspace/install/robotiq_2f_85_gripper_visualization:/workspace/install/unified_vision_system:/workspace/install/robotiq_hardware_tests:/workspace/install/robotiq_driver:/workspace/install/serial:/workspace/install/robotiq_controllers CONDA_PROMPT_MODIFIER=(base) /usr/bin/cmake --build /workspace/build/unified_vision_system -- -j12 -l12
[0.930s] Invoking command in '/workspace/build/unified_vision_system': CMAKE_PREFIX_PATH=/workspace/install/ur_description:/workspace/install/robotiq_description:/opt/ros/humble:/workspace/install/robotiq_2f_85_gripper_visualization:/workspace/install/unified_vision_system:/workspace/install/robotiq_hardware_tests:/workspace/install/robotiq_driver:/workspace/install/serial:/workspace/install/robotiq_controllers CONDA_PROMPT_MODIFIER=(base) /usr/bin/cmake --install /workspace/build/unified_vision_system
[0.936s] -- Install configuration: ""
[0.936s] -- Execute custom install script
[0.937s] -- Symlinking: /workspace/install/unified_vision_system/share/unified_vision_system/environment/pythonpath.sh
[0.946s] -- Symlinking: /workspace/install/unified_vision_system/share/unified_vision_system/environment/pythonpath.dsv
[0.954s] -- Symlinking: /workspace/install/unified_vision_system/lib/python3.11/site-packages/unified_vision_system-1.0.0-py3.11.egg-info/PKG-INFO
[0.962s] -- Symlinking: /workspace/install/unified_vision_system/lib/python3.11/site-packages/unified_vision_system-1.0.0-py3.11.egg-info/SOURCES.txt
[0.969s] -- Symlinking: /workspace/install/unified_vision_system/lib/python3.11/site-packages/unified_vision_system-1.0.0-py3.11.egg-info/dependency_links.txt
[0.977s] -- Symlinking: /workspace/install/unified_vision_system/lib/python3.11/site-packages/unified_vision_system-1.0.0-py3.11.egg-info/top_level.txt
[0.985s] -- Symlinking: /workspace/install/unified_vision_system/lib/python3.11/site-packages/unified_vision_system/__init__.py
[0.993s] -- Symlinking: /workspace/install/unified_vision_system/lib/python3.11/site-packages/unified_vision_system/calibration/CameraCalibration.py
[1.000s] -- Symlinking: /workspace/install/unified_vision_system/lib/python3.11/site-packages/unified_vision_system/calibration/EyeInHandSafetyChecker.py
[1.008s] -- Symlinking: /workspace/install/unified_vision_system/lib/python3.11/site-packages/unified_vision_system/calibration/HandEyeCalibrator.py
[1.016s] -- Symlinking: /workspace/install/unified_vision_system/lib/python3.11/site-packages/unified_vision_system/calibration/__init__.py
[1.026s] -- Symlinking: /workspace/install/unified_vision_system/lib/python3.11/site-packages/unified_vision_system/control/HybridIKWrapper.py
[1.034s] -- Symlinking: /workspace/install/unified_vision_system/lib/python3.11/site-packages/unified_vision_system/control/UR30Kinematics.py
[1.041s] -- Symlinking: /workspace/install/unified_vision_system/lib/python3.11/site-packages/unified_vision_system/control/__init__.py
[1.049s] -- Symlinking: /workspace/install/unified_vision_system/lib/python3.11/site-packages/unified_vision_system/control/ur30_grasp_controller.py
[1.058s] -- Symlinking: /workspace/install/unified_vision_system/lib/python3.11/site-packages/unified_vision_system/control/ur30_robot_rtb.py
[1.067s] -- Symlinking: /workspace/install/unified_vision_system/lib/python3.11/site-packages/unified_vision_system/hri/ConstructionClarificationManager.py
[1.075s] -- Symlinking: /workspace/install/unified_vision_system/lib/python3.11/site-packages/unified_vision_system/hri/ConstructionRasaNLP.py
[1.083s] -- Symlinking: /workspace/install/unified_vision_system/lib/python3.11/site-packages/unified_vision_system/hri/ConstructionTTSManager.py
[1.092s] -- Symlinking: /workspace/install/unified_vision_system/lib/python3.11/site-packages/unified_vision_system/hri/EnhancedConstructionRAG.py
[1.100s] -- Symlinking: /workspace/install/unified_vision_system/lib/python3.11/site-packages/unified_vision_system/hri/ExperimentalController.py
[1.109s] -- Symlinking: /workspace/install/unified_vision_system/lib/python3.11/site-packages/unified_vision_system/hri/SpeechCommandProcessor.py
[1.118s] -- Symlinking: /workspace/install/unified_vision_system/lib/python3.11/site-packages/unified_vision_system/hri/__init__.py
[1.129s] -- Symlinking: /workspace/install/unified_vision_system/lib/python3.11/site-packages/unified_vision_system/metrics/BehavioralMetrics.py
[1.136s] -- Symlinking: /workspace/install/unified_vision_system/lib/python3.11/site-packages/unified_vision_system/metrics/NASATLXAssessment.py
[1.145s] -- Symlinking: /workspace/install/unified_vision_system/lib/python3.11/site-packages/unified_vision_system/metrics/TrustQuestionnaire.py
[1.152s] -- Symlinking: /workspace/install/unified_vision_system/lib/python3.11/site-packages/unified_vision_system/metrics/__init__.py
[1.159s] -- Symlinking: /workspace/install/unified_vision_system/lib/python3.11/site-packages/unified_vision_system/perception/DepthAwareDetector.py
[1.166s] -- Symlinking: /workspace/install/unified_vision_system/lib/python3.11/site-packages/unified_vision_system/perception/GraspPointDetector.py
[1.174s] -- Symlinking: /workspace/install/unified_vision_system/lib/python3.11/site-packages/unified_vision_system/perception/OWLViTDetector.py
[1.181s] -- Symlinking: /workspace/install/unified_vision_system/lib/python3.11/site-packages/unified_vision_system/perception/WorkSpaceValidator.py
[1.188s] -- Symlinking: /workspace/install/unified_vision_system/lib/python3.11/site-packages/unified_vision_system/perception/__init__.py
[1.197s] -- Symlinking: /workspace/install/unified_vision_system/lib/python3.11/site-packages/unified_vision_system/system/UnifiedVisionSystem.py
[1.206s] -- Symlinking: /workspace/install/unified_vision_system/lib/python3.11/site-packages/unified_vision_system/system/UnifiedVisionSystemSim.py
[1.215s] -- Symlinking: /workspace/install/unified_vision_system/lib/python3.11/site-packages/unified_vision_system/system/__init__.py
[1.225s] -- Symlinking: /workspace/install/unified_vision_system/lib/unified_vision_system/unified_vision_system_node.py
[1.233s] -- Symlinking: /workspace/install/unified_vision_system/lib/unified_vision_system/create_sim_calibration.py
[1.241s] -- Symlinking: /workspace/install/unified_vision_system/share/unified_vision_system/launch/.DS_Store
[1.250s] -- Symlinking: /workspace/install/unified_vision_system/share/unified_vision_system/launch/launch_gazebo_with_red_cube.py
[1.258s] -- Symlinking: /workspace/install/unified_vision_system/share/unified_vision_system/launch/test_unified_vision_system.py
[1.265s] -- Symlinking: /workspace/install/unified_vision_system/share/unified_vision_system/config/simulation_controllers.yaml
[1.272s] -- Symlinking: /workspace/install/unified_vision_system/share/unified_vision_system/config/simulation_controllers.yaml.sync
[1.278s] -- Symlinking: /workspace/install/unified_vision_system/share/unified_vision_system/config/ur30_robotiq.srdf.xacro
[1.285s] -- Symlinking: /workspace/install/unified_vision_system/share/unified_vision_system/config/ur30_vision_moveit.rviz
[1.293s] -- Symlinking: /workspace/install/unified_vision_system/share/unified_vision_system/urdf/.DS_Store
[1.300s] -- Symlinking: /workspace/install/unified_vision_system/share/unified_vision_system/urdf/robotiq_85_stable.urdf.xacro
[1.307s] -- Symlinking: /workspace/install/unified_vision_system/share/unified_vision_system/urdf/robotiq_arg85.urdf
[1.316s] -- Symlinking: /workspace/install/unified_vision_system/share/unified_vision_system/urdf/simple_parallel_gripper.urdf.xacro
[1.325s] -- Symlinking: /workspace/install/unified_vision_system/share/unified_vision_system/urdf/ur30_camera_only.urdf.xacro
[1.333s] -- Symlinking: /workspace/install/unified_vision_system/share/unified_vision_system/urdf/ur30_robotiq_realsense.urdf.xacro
[1.342s] -- Symlinking: /workspace/install/unified_vision_system/share/unified_vision_system/urdf/ur30_simple_gripper_camera.urdf.xacro
[1.349s] -- Symlinking: /workspace/install/unified_vision_system/share/unified_vision_system/urdf/ur30_simple_gripper_realsense.urdf.xacro
[1.357s] -- Symlinking: /workspace/install/unified_vision_system/share/unified_vision_system/worlds/ur30_vision_world.world
[1.366s] -- Symlinking: /workspace/install/unified_vision_system/share/unified_vision_system/meshes/inner_finger_coarse.STL
[1.374s] -- Symlinking: /workspace/install/unified_vision_system/share/unified_vision_system/meshes/inner_finger_fine.STL
[1.381s] -- Symlinking: /workspace/install/unified_vision_system/share/unified_vision_system/meshes/inner_knuckle_coarse.STL
[1.388s] -- Symlinking: /workspace/install/unified_vision_system/share/unified_vision_system/meshes/inner_knuckle_fine.STL
[1.395s] -- Symlinking: /workspace/install/unified_vision_system/share/unified_vision_system/meshes/outer_finger_coarse.STL
[1.403s] -- Symlinking: /workspace/install/unified_vision_system/share/unified_vision_system/meshes/outer_finger_fine.STL
[1.411s] -- Symlinking: /workspace/install/unified_vision_system/share/unified_vision_system/meshes/outer_knuckle_coarse.STL
[1.422s] -- Symlinking: /workspace/install/unified_vision_system/share/unified_vision_system/meshes/outer_knuckle_fine.STL
[1.430s] -- Symlinking: /workspace/install/unified_vision_system/share/unified_vision_system/meshes/robotiq_85_base_link_coarse.STL
[1.438s] -- Symlinking: /workspace/install/unified_vision_system/share/unified_vision_system/meshes/robotiq_85_base_link_fine.STL
[1.446s] -- Symlinking: /workspace/install/unified_vision_system/share/ament_index/resource_index/package_run_dependencies/unified_vision_system
[1.453s] -- Symlinking: /workspace/install/unified_vision_system/share/ament_index/resource_index/parent_prefix_path/unified_vision_system
[1.460s] -- Symlinking: /workspace/install/unified_vision_system/share/unified_vision_system/environment/ament_prefix_path.sh
[1.468s] -- Symlinking: /workspace/install/unified_vision_system/share/unified_vision_system/environment/ament_prefix_path.dsv
[1.474s] -- Symlinking: /workspace/install/unified_vision_system/share/unified_vision_system/environment/path.sh
[1.481s] -- Symlinking: /workspace/install/unified_vision_system/share/unified_vision_system/environment/path.dsv
[1.487s] -- Symlinking: /workspace/install/unified_vision_system/share/unified_vision_system/local_setup.bash
[1.496s] -- Symlinking: /workspace/install/unified_vision_system/share/unified_vision_system/local_setup.sh
[1.504s] -- Symlinking: /workspace/install/unified_vision_system/share/unified_vision_system/local_setup.zsh
[1.513s] -- Symlinking: /workspace/install/unified_vision_system/share/unified_vision_system/local_setup.dsv
[1.522s] -- Symlinking: /workspace/install/unified_vision_system/share/unified_vision_system/package.dsv
[1.530s] -- Symlinking: /workspace/install/unified_vision_system/share/ament_index/resource_index/packages/unified_vision_system
[1.537s] -- Symlinking: /workspace/install/unified_vision_system/share/unified_vision_system/cmake/ament_cmake_export_dependencies-extras.cmake
[1.543s] -- Symlinking: /workspace/install/unified_vision_system/share/unified_vision_system/cmake/unified_vision_systemConfig.cmake
[1.551s] -- Symlinking: /workspace/install/unified_vision_system/share/unified_vision_system/cmake/unified_vision_systemConfig-version.cmake
[1.559s] -- Symlinking: /workspace/install/unified_vision_system/share/unified_vision_system/package.xml
[1.630s] Listing '/workspace/install/unified_vision_system/lib/python3.11/site-packages/unified_vision_system'...
[1.630s] Compiling '/workspace/install/unified_vision_system/lib/python3.11/site-packages/unified_vision_system/__init__.py'...
[1.630s] Listing '/workspace/install/unified_vision_system/lib/python3.11/site-packages/unified_vision_system/calibration'...
[1.630s] Compiling '/workspace/install/unified_vision_system/lib/python3.11/site-packages/unified_vision_system/calibration/CameraCalibration.py'...
[1.630s] Compiling '/workspace/install/unified_vision_system/lib/python3.11/site-packages/unified_vision_system/calibration/EyeInHandSafetyChecker.py'...
[1.631s] Compiling '/workspace/install/unified_vision_system/lib/python3.11/site-packages/unified_vision_system/calibration/HandEyeCalibrator.py'...
[1.631s] Compiling '/workspace/install/unified_vision_system/lib/python3.11/site-packages/unified_vision_system/calibration/__init__.py'...
[1.631s] Listing '/workspace/install/unified_vision_system/lib/python3.11/site-packages/unified_vision_system/control'...
[1.631s] Compiling '/workspace/install/unified_vision_system/lib/python3.11/site-packages/unified_vision_system/control/HybridIKWrapper.py'...
[1.631s] Compiling '/workspace/install/unified_vision_system/lib/python3.11/site-packages/unified_vision_system/control/UR30Kinematics.py'...
[1.631s] Compiling '/workspace/install/unified_vision_system/lib/python3.11/site-packages/unified_vision_system/control/__init__.py'...
[1.631s] Compiling '/workspace/install/unified_vision_system/lib/python3.11/site-packages/unified_vision_system/control/ur30_grasp_controller.py'...
[1.631s] Compiling '/workspace/install/unified_vision_system/lib/python3.11/site-packages/unified_vision_system/control/ur30_robot_rtb.py'...
[1.631s] Listing '/workspace/install/unified_vision_system/lib/python3.11/site-packages/unified_vision_system/hri'...
[1.631s] Compiling '/workspace/install/unified_vision_system/lib/python3.11/site-packages/unified_vision_system/hri/ConstructionClarificationManager.py'...
[1.631s] Compiling '/workspace/install/unified_vision_system/lib/python3.11/site-packages/unified_vision_system/hri/ConstructionRasaNLP.py'...
[1.631s] Compiling '/workspace/install/unified_vision_system/lib/python3.11/site-packages/unified_vision_system/hri/ConstructionTTSManager.py'...
[1.631s] Compiling '/workspace/install/unified_vision_system/lib/python3.11/site-packages/unified_vision_system/hri/EnhancedConstructionRAG.py'...
[1.631s] Compiling '/workspace/install/unified_vision_system/lib/python3.11/site-packages/unified_vision_system/hri/ExperimentalController.py'...
[1.631s] Compiling '/workspace/install/unified_vision_system/lib/python3.11/site-packages/unified_vision_system/hri/SpeechCommandProcessor.py'...
[1.631s] Compiling '/workspace/install/unified_vision_system/lib/python3.11/site-packages/unified_vision_system/hri/__init__.py'...
[1.631s] Listing '/workspace/install/unified_vision_system/lib/python3.11/site-packages/unified_vision_system/metrics'...
[1.631s] Compiling '/workspace/install/unified_vision_system/lib/python3.11/site-packages/unified_vision_system/metrics/BehavioralMetrics.py'...
[1.631s] Compiling '/workspace/install/unified_vision_system/lib/python3.11/site-packages/unified_vision_system/metrics/NASATLXAssessment.py'...
[1.631s] Compiling '/workspace/install/unified_vision_system/lib/python3.11/site-packages/unified_vision_system/metrics/TrustQuestionnaire.py'...
[1.631s] Compiling '/workspace/install/unified_vision_system/lib/python3.11/site-packages/unified_vision_system/metrics/__init__.py'...
[1.631s] Listing '/workspace/install/unified_vision_system/lib/python3.11/site-packages/unified_vision_system/perception'...
[1.631s] Compiling '/workspace/install/unified_vision_system/lib/python3.11/site-packages/unified_vision_system/perception/DepthAwareDetector.py'...
[1.631s] Compiling '/workspace/install/unified_vision_system/lib/python3.11/site-packages/unified_vision_system/perception/GraspPointDetector.py'...
[1.631s] Compiling '/workspace/install/unified_vision_system/lib/python3.11/site-packages/unified_vision_system/perception/OWLViTDetector.py'...
[1.631s] Compiling '/workspace/install/unified_vision_system/lib/python3.11/site-packages/unified_vision_system/perception/WorkSpaceValidator.py'...
[1.631s] Compiling '/workspace/install/unified_vision_system/lib/python3.11/site-packages/unified_vision_system/perception/__init__.py'...
[1.631s] Listing '/workspace/install/unified_vision_system/lib/python3.11/site-packages/unified_vision_system/system'...
[1.631s] Compiling '/workspace/install/unified_vision_system/lib/python3.11/site-packages/unified_vision_system/system/UnifiedVisionSystem.py'...
[1.631s] Compiling '/workspace/install/unified_vision_system/lib/python3.11/site-packages/unified_vision_system/system/UnifiedVisionSystemSim.py'...
[1.631s] Compiling '/workspace/install/unified_vision_system/lib/python3.11/site-packages/unified_vision_system/system/__init__.py'...
[1.637s] Invoked command in '/workspace/build/unified_vision_system' returned '0': CMAKE_PREFIX_PATH=/workspace/install/ur_description:/workspace/install/robotiq_description:/opt/ros/humble:/workspace/install/robotiq_2f_85_gripper_visualization:/workspace/install/unified_vision_system:/workspace/install/robotiq_hardware_tests:/workspace/install/robotiq_driver:/workspace/install/serial:/workspace/install/robotiq_controllers CONDA_PROMPT_MODIFIER=(base) /usr/bin/cmake --install /workspace/build/unified_vision_system
