[0.000000] (-) TimerEvent: {}
[0.000111] (-) JobUnselected: {'identifier': 'robotiq_2f_85_gripper_visualization'}
[0.000215] (-) JobUnselected: {'identifier': 'robotiq_controllers'}
[0.000228] (-) JobUnselected: {'identifier': 'robotiq_description'}
[0.000239] (-) JobUnselected: {'identifier': 'robotiq_driver'}
[0.000248] (-) JobUnselected: {'identifier': 'robotiq_hardware_tests'}
[0.000256] (-) JobUnselected: {'identifier': 'serial'}
[0.000264] (-) JobUnselected: {'identifier': 'ur_description'}
[0.000274] (unified_vision_system) JobQueued: {'identifier': 'unified_vision_system', 'dependencies': OrderedDict([('robotiq_2f_85_gripper_visualization', '/workspace/install/robotiq_2f_85_gripper_visualization'), ('robotiq_description', '/workspace/install/robotiq_description'), ('ur_description', '/workspace/install/ur_description')])}
[0.000452] (unified_vision_system) JobStarted: {'identifier': 'unified_vision_system'}
[0.010785] (unified_vision_system) JobProgress: {'identifier': 'unified_vision_system', 'progress': 'cmake'}
[0.011269] (unified_vision_system) Command: {'cmd': ['/usr/bin/cmake', '/workspace/src/unified_vision_system', '-DCMAKE_INSTALL_PREFIX=/workspace/install/unified_vision_system'], 'cwd': '/workspace/build/unified_vision_system', 'env': OrderedDict([('LIBRARY_PATH', '/usr/local/cuda/lib64/stubs'), ('MINICONDA_VERSION', 'py311_23.11.0-2'), ('NV_LIBCUBLAS_VERSION', '12.1.0.26-1'), ('NV_NVPROF_DEV_PACKAGE', 'cuda-nvprof-12-1=12.1.55-1'), ('NV_CUDA_COMPAT_PACKAGE', 'cuda-compat-12-1'), ('NV_CUDA_NSIGHT_COMPUTE_VERSION', '12.1.0-1'), ('HOSTNAME', 'ishaan-Victus-by-HP-Gaming-Laptop-16-s1xxx'), ('ROS_PACKAGE_PATH', '/workspace/install/robotiq_2f_85_gripper_visualization/share'), ('NVIDIA_CUDA_END_OF_LIFE', '1'), ('SHLVL', '0'), ('LD_LIBRARY_PATH', '/workspace/install/robotiq_driver/lib:/workspace/install/serial/lib:/workspace/install/robotiq_controllers/lib:/usr/lib/x86_64-linux-gnu/gazebo-11/plugins:/opt/ros/humble/opt/rviz_ogre_vendor/lib:/opt/ros/humble/lib/x86_64-linux-gnu:/opt/ros/humble/lib:/usr/local/nvidia/lib:/usr/local/nvidia/lib64'), ('NV_LIBNCCL_PACKAGE_VERSION', '2.17.1-1'), ('HOME', '/home/ur5e_user'), ('OLDPWD', '/workspace'), ('NV_LIBCUBLAS_DEV_VERSION', '12.1.0.26-1'), ('ROS_PYTHON_VERSION', '3'), ('NV_LIBNCCL_DEV_PACKAGE_VERSION', '2.17.1-1'), ('NV_LIBNPP_PACKAGE', 'libnpp-12-1=12.0.2.50-1'), ('CUDA_VERSION', '12.1.0'), ('COLCON_PREFIX_PATH', '/workspace/install'), ('NV_NVPROF_VERSION', '12.1.55-1'), ('ROS_DISTRO', 'humble'), ('NV_LIBCUBLAS_PACKAGE_NAME', 'libcublas-12-1'), ('NVIDIA_REQUIRE_CUDA', 'cuda>=12.1 brand=tesla,driver>=470,driver<471 brand=unknown,driver>=470,driver<471 brand=nvidia,driver>=470,driver<471 brand=nvidiartx,driver>=470,driver<471 brand=geforce,driver>=470,driver<471 brand=geforcertx,driver>=470,driver<471 brand=quadro,driver>=470,driver<471 brand=quadrortx,driver>=470,driver<471 brand=titan,driver>=470,driver<471 brand=titanrtx,driver>=470,driver<471 brand=tesla,driver>=525,driver<526 brand=unknown,driver>=525,driver<526 brand=nvidia,driver>=525,driver<526 brand=nvidiartx,driver>=525,driver<526 brand=geforce,driver>=525,driver<526 brand=geforcertx,driver>=525,driver<526 brand=quadro,driver>=525,driver<526 brand=quadrortx,driver>=525,driver<526 brand=titan,driver>=525,driver<526 brand=titanrtx,driver>=525,driver<526'), ('_', '/usr/bin/colcon'), ('ROS_VERSION', '2'), ('PKG_CONFIG_PATH', '/workspace/install/robotiq_2f_85_gripper_visualization/lib/x86_64-linux-gnu/pkgconfig:/workspace/install/robotiq_2f_85_gripper_visualization/lib/pkgconfig'), ('NV_LIBCUSPARSE_VERSION', '12.0.2.55-1'), ('NVIDIA_DRIVER_CAPABILITIES', 'compute,utility'), ('NV_CUDA_LIB_VERSION', '12.1.0-1'), ('NV_LIBNCCL_PACKAGE_NAME', 'libnccl2'), ('NV_NVML_DEV_VERSION', '12.1.55-1'), ('NV_LIBNPP_DEV_PACKAGE', 'libnpp-dev-12-1=12.0.2.50-1'), ('NV_CUDA_CUDART_VERSION', '12.1.55-1'), ('ROS_LOCALHOST_ONLY', '0'), ('PATH', '/opt/ros/humble/bin:/opt/miniconda3/bin:/usr/local/nvidia/bin:/usr/local/cuda/bin:/usr/local/sbin:/usr/local/bin:/usr/sbin:/usr/bin:/sbin:/bin'), ('NV_LIBCUBLAS_DEV_PACKAGE_NAME', 'libcublas-dev-12-1'), ('NV_LIBCUBLAS_PACKAGE', 'libcublas-12-1=12.1.0.26-1'), ('NVARCH', 'x86_64'), ('NV_LIBNCCL_DEV_PACKAGE_NAME', 'libnccl-dev'), ('NV_LIBCUSPARSE_DEV_VERSION', '12.0.2.55-1'), ('DISPLAY', ':1'), ('NV_LIBNCCL_PACKAGE', 'libnccl2=2.17.1-1+cuda12.1'), ('NVIDIA_PRODUCT_NAME', 'CUDA'), ('LANG', 'en_US.UTF-8'), ('RMW_IMPLEMENTATION', 'rmw_fastrtps_cpp'), ('NV_CUDA_CUDART_DEV_VERSION', '12.1.55-1'), ('ROS_DOMAIN_ID', '0'), ('AMENT_PREFIX_PATH', '/workspace/install/unified_vision_system:/workspace/install/ur_description:/workspace/install/robotiq_hardware_tests:/workspace/install/robotiq_driver:/workspace/install/serial:/workspace/install/robotiq_description:/workspace/install/robotiq_controllers:/opt/ros/humble'), ('DEBIAN_FRONTEND', 'noninteractive'), ('NV_LIBCUBLAS_DEV_PACKAGE', 'libcublas-dev-12-1=12.1.0.26-1'), ('NV_CUDA_NSIGHT_COMPUTE_DEV_PACKAGE', 'cuda-nsight-compute-12-1=12.1.0-1'), ('NV_LIBNCCL_DEV_PACKAGE', 'libnccl-dev=2.17.1-1+cuda12.1'), ('NV_NVTX_VERSION', '12.1.66-1'), ('NV_LIBNPP_VERSION', '12.0.2.50-1'), ('PWD', '/workspace/build/unified_vision_system'), ('LC_ALL', 'en_US.UTF-8'), ('PYTHONPATH', '/workspace/install/unified_vision_system/lib/python3.11/site-packages:/opt/ros/humble/lib/python3.10/site-packages:/opt/ros/humble/local/lib/python3.10/dist-packages'), ('NVIDIA_VISIBLE_DEVICES', 'all'), ('NCCL_VERSION', '2.17.1-1'), ('TZ', 'America/Toronto'), ('COLCON', '1'), ('NV_LIBNPP_DEV_VERSION', '12.0.2.50-1'), ('CMAKE_PREFIX_PATH', '/workspace/install/ur_description:/workspace/install/robotiq_description:/opt/ros/humble:/workspace/install/robotiq_2f_85_gripper_visualization:/workspace/install/unified_vision_system:/workspace/install/robotiq_hardware_tests:/workspace/install/robotiq_driver:/workspace/install/serial:/workspace/install/robotiq_controllers')]), 'shell': False}
[0.066283] (unified_vision_system) StdoutLine: {'line': b'-- The C compiler identification is GNU 11.4.0\n'}
[0.099821] (-) TimerEvent: {}
[0.115130] (unified_vision_system) StdoutLine: {'line': b'-- The CXX compiler identification is GNU 11.4.0\n'}
[0.121140] (unified_vision_system) StdoutLine: {'line': b'-- Detecting C compiler ABI info\n'}
[0.187943] (unified_vision_system) StdoutLine: {'line': b'-- Detecting C compiler ABI info - done\n'}
[0.192147] (unified_vision_system) StdoutLine: {'line': b'-- Check for working C compiler: /usr/bin/cc - skipped\n'}
[0.192314] (unified_vision_system) StdoutLine: {'line': b'-- Detecting C compile features\n'}
[0.192517] (unified_vision_system) StdoutLine: {'line': b'-- Detecting C compile features - done\n'}
[0.194681] (unified_vision_system) StdoutLine: {'line': b'-- Detecting CXX compiler ABI info\n'}
[0.199887] (-) TimerEvent: {}
[0.267631] (unified_vision_system) StdoutLine: {'line': b'-- Detecting CXX compiler ABI info - done\n'}
[0.272143] (unified_vision_system) StdoutLine: {'line': b'-- Check for working CXX compiler: /usr/bin/c++ - skipped\n'}
[0.272344] (unified_vision_system) StdoutLine: {'line': b'-- Detecting CXX compile features\n'}
[0.272586] (unified_vision_system) StdoutLine: {'line': b'-- Detecting CXX compile features - done\n'}
[0.275905] (unified_vision_system) StdoutLine: {'line': b'-- Found ament_cmake: 1.3.12 (/opt/ros/humble/share/ament_cmake/cmake)\n'}
[0.299977] (-) TimerEvent: {}
[0.400187] (-) TimerEvent: {}
[0.500370] (-) TimerEvent: {}
[0.526335] (unified_vision_system) StdoutLine: {'line': b'-- Found Python3: /opt/miniconda3/bin/python3 (found version "3.11.5") found components: Interpreter \n'}
[0.600471] (-) TimerEvent: {}
[0.700662] (-) TimerEvent: {}
[0.749166] (unified_vision_system) StdoutLine: {'line': b'-- Configuring done\n'}
[0.752650] (unified_vision_system) StdoutLine: {'line': b'-- Generating done\n'}
[0.754160] (unified_vision_system) StdoutLine: {'line': b'-- Build files have been written to: /workspace/build/unified_vision_system\n'}
[0.757938] (unified_vision_system) CommandEnded: {'returncode': 0}
[0.758901] (unified_vision_system) JobProgress: {'identifier': 'unified_vision_system', 'progress': 'build'}
[0.758921] (unified_vision_system) Command: {'cmd': ['/usr/bin/cmake', '--build', '/workspace/build/unified_vision_system', '--', '-j12', '-l12'], 'cwd': '/workspace/build/unified_vision_system', 'env': OrderedDict([('LIBRARY_PATH', '/usr/local/cuda/lib64/stubs'), ('MINICONDA_VERSION', 'py311_23.11.0-2'), ('NV_LIBCUBLAS_VERSION', '12.1.0.26-1'), ('NV_NVPROF_DEV_PACKAGE', 'cuda-nvprof-12-1=12.1.55-1'), ('NV_CUDA_COMPAT_PACKAGE', 'cuda-compat-12-1'), ('NV_CUDA_NSIGHT_COMPUTE_VERSION', '12.1.0-1'), ('HOSTNAME', 'ishaan-Victus-by-HP-Gaming-Laptop-16-s1xxx'), ('ROS_PACKAGE_PATH', '/workspace/install/robotiq_2f_85_gripper_visualization/share'), ('NVIDIA_CUDA_END_OF_LIFE', '1'), ('SHLVL', '0'), ('LD_LIBRARY_PATH', '/workspace/install/robotiq_driver/lib:/workspace/install/serial/lib:/workspace/install/robotiq_controllers/lib:/usr/lib/x86_64-linux-gnu/gazebo-11/plugins:/opt/ros/humble/opt/rviz_ogre_vendor/lib:/opt/ros/humble/lib/x86_64-linux-gnu:/opt/ros/humble/lib:/usr/local/nvidia/lib:/usr/local/nvidia/lib64'), ('NV_LIBNCCL_PACKAGE_VERSION', '2.17.1-1'), ('HOME', '/home/ur5e_user'), ('OLDPWD', '/workspace'), ('NV_LIBCUBLAS_DEV_VERSION', '12.1.0.26-1'), ('ROS_PYTHON_VERSION', '3'), ('NV_LIBNCCL_DEV_PACKAGE_VERSION', '2.17.1-1'), ('NV_LIBNPP_PACKAGE', 'libnpp-12-1=12.0.2.50-1'), ('CUDA_VERSION', '12.1.0'), ('COLCON_PREFIX_PATH', '/workspace/install'), ('NV_NVPROF_VERSION', '12.1.55-1'), ('ROS_DISTRO', 'humble'), ('NV_LIBCUBLAS_PACKAGE_NAME', 'libcublas-12-1'), ('NVIDIA_REQUIRE_CUDA', 'cuda>=12.1 brand=tesla,driver>=470,driver<471 brand=unknown,driver>=470,driver<471 brand=nvidia,driver>=470,driver<471 brand=nvidiartx,driver>=470,driver<471 brand=geforce,driver>=470,driver<471 brand=geforcertx,driver>=470,driver<471 brand=quadro,driver>=470,driver<471 brand=quadrortx,driver>=470,driver<471 brand=titan,driver>=470,driver<471 brand=titanrtx,driver>=470,driver<471 brand=tesla,driver>=525,driver<526 brand=unknown,driver>=525,driver<526 brand=nvidia,driver>=525,driver<526 brand=nvidiartx,driver>=525,driver<526 brand=geforce,driver>=525,driver<526 brand=geforcertx,driver>=525,driver<526 brand=quadro,driver>=525,driver<526 brand=quadrortx,driver>=525,driver<526 brand=titan,driver>=525,driver<526 brand=titanrtx,driver>=525,driver<526'), ('_', '/usr/bin/colcon'), ('ROS_VERSION', '2'), ('PKG_CONFIG_PATH', '/workspace/install/robotiq_2f_85_gripper_visualization/lib/x86_64-linux-gnu/pkgconfig:/workspace/install/robotiq_2f_85_gripper_visualization/lib/pkgconfig'), ('NV_LIBCUSPARSE_VERSION', '12.0.2.55-1'), ('NVIDIA_DRIVER_CAPABILITIES', 'compute,utility'), ('NV_CUDA_LIB_VERSION', '12.1.0-1'), ('NV_LIBNCCL_PACKAGE_NAME', 'libnccl2'), ('NV_NVML_DEV_VERSION', '12.1.55-1'), ('NV_LIBNPP_DEV_PACKAGE', 'libnpp-dev-12-1=12.0.2.50-1'), ('NV_CUDA_CUDART_VERSION', '12.1.55-1'), ('ROS_LOCALHOST_ONLY', '0'), ('PATH', '/opt/ros/humble/bin:/opt/miniconda3/bin:/usr/local/nvidia/bin:/usr/local/cuda/bin:/usr/local/sbin:/usr/local/bin:/usr/sbin:/usr/bin:/sbin:/bin'), ('NV_LIBCUBLAS_DEV_PACKAGE_NAME', 'libcublas-dev-12-1'), ('NV_LIBCUBLAS_PACKAGE', 'libcublas-12-1=12.1.0.26-1'), ('NVARCH', 'x86_64'), ('NV_LIBNCCL_DEV_PACKAGE_NAME', 'libnccl-dev'), ('NV_LIBCUSPARSE_DEV_VERSION', '12.0.2.55-1'), ('DISPLAY', ':1'), ('NV_LIBNCCL_PACKAGE', 'libnccl2=2.17.1-1+cuda12.1'), ('NVIDIA_PRODUCT_NAME', 'CUDA'), ('LANG', 'en_US.UTF-8'), ('RMW_IMPLEMENTATION', 'rmw_fastrtps_cpp'), ('NV_CUDA_CUDART_DEV_VERSION', '12.1.55-1'), ('ROS_DOMAIN_ID', '0'), ('AMENT_PREFIX_PATH', '/workspace/install/unified_vision_system:/workspace/install/ur_description:/workspace/install/robotiq_hardware_tests:/workspace/install/robotiq_driver:/workspace/install/serial:/workspace/install/robotiq_description:/workspace/install/robotiq_controllers:/opt/ros/humble'), ('DEBIAN_FRONTEND', 'noninteractive'), ('NV_LIBCUBLAS_DEV_PACKAGE', 'libcublas-dev-12-1=12.1.0.26-1'), ('NV_CUDA_NSIGHT_COMPUTE_DEV_PACKAGE', 'cuda-nsight-compute-12-1=12.1.0-1'), ('NV_LIBNCCL_DEV_PACKAGE', 'libnccl-dev=2.17.1-1+cuda12.1'), ('NV_NVTX_VERSION', '12.1.66-1'), ('NV_LIBNPP_VERSION', '12.0.2.50-1'), ('PWD', '/workspace/build/unified_vision_system'), ('LC_ALL', 'en_US.UTF-8'), ('PYTHONPATH', '/workspace/install/unified_vision_system/lib/python3.11/site-packages:/opt/ros/humble/lib/python3.10/site-packages:/opt/ros/humble/local/lib/python3.10/dist-packages'), ('NVIDIA_VISIBLE_DEVICES', 'all'), ('NCCL_VERSION', '2.17.1-1'), ('TZ', 'America/Toronto'), ('COLCON', '1'), ('NV_LIBNPP_DEV_VERSION', '12.0.2.50-1'), ('CMAKE_PREFIX_PATH', '/workspace/install/ur_description:/workspace/install/robotiq_description:/opt/ros/humble:/workspace/install/robotiq_2f_85_gripper_visualization:/workspace/install/unified_vision_system:/workspace/install/robotiq_hardware_tests:/workspace/install/robotiq_driver:/workspace/install/serial:/workspace/install/robotiq_controllers')]), 'shell': False}
[0.800777] (-) TimerEvent: {}
[0.817518] (unified_vision_system) StdoutLine: {'line': b'Built target ament_cmake_python_copy_unified_vision_system\n'}
[0.900866] (-) TimerEvent: {}
[0.932739] (unified_vision_system) StdoutLine: {'line': b'running egg_info\n'}
[0.933220] (unified_vision_system) StdoutLine: {'line': b'creating unified_vision_system.egg-info\n'}
[0.939607] (unified_vision_system) StdoutLine: {'line': b'writing unified_vision_system.egg-info/PKG-INFO\n'}
[0.939840] (unified_vision_system) StdoutLine: {'line': b'writing dependency_links to unified_vision_system.egg-info/dependency_links.txt\n'}
[0.939947] (unified_vision_system) StdoutLine: {'line': b'writing top-level names to unified_vision_system.egg-info/top_level.txt\n'}
[0.940040] (unified_vision_system) StdoutLine: {'line': b"writing manifest file 'unified_vision_system.egg-info/SOURCES.txt'\n"}
[0.960174] (unified_vision_system) StdoutLine: {'line': b"reading manifest file 'unified_vision_system.egg-info/SOURCES.txt'\n"}
[0.960650] (unified_vision_system) StdoutLine: {'line': b"writing manifest file 'unified_vision_system.egg-info/SOURCES.txt'\n"}
[0.991092] (unified_vision_system) StdoutLine: {'line': b'Built target ament_cmake_python_build_unified_vision_system_egg\n'}
[1.001299] (unified_vision_system) CommandEnded: {'returncode': 0}
[1.001712] (-) TimerEvent: {}
[1.001990] (unified_vision_system) JobProgress: {'identifier': 'unified_vision_system', 'progress': 'install'}
[1.011044] (unified_vision_system) Command: {'cmd': ['/usr/bin/cmake', '--install', '/workspace/build/unified_vision_system'], 'cwd': '/workspace/build/unified_vision_system', 'env': OrderedDict([('LIBRARY_PATH', '/usr/local/cuda/lib64/stubs'), ('MINICONDA_VERSION', 'py311_23.11.0-2'), ('NV_LIBCUBLAS_VERSION', '12.1.0.26-1'), ('NV_NVPROF_DEV_PACKAGE', 'cuda-nvprof-12-1=12.1.55-1'), ('NV_CUDA_COMPAT_PACKAGE', 'cuda-compat-12-1'), ('NV_CUDA_NSIGHT_COMPUTE_VERSION', '12.1.0-1'), ('HOSTNAME', 'ishaan-Victus-by-HP-Gaming-Laptop-16-s1xxx'), ('ROS_PACKAGE_PATH', '/workspace/install/robotiq_2f_85_gripper_visualization/share'), ('NVIDIA_CUDA_END_OF_LIFE', '1'), ('SHLVL', '0'), ('LD_LIBRARY_PATH', '/workspace/install/robotiq_driver/lib:/workspace/install/serial/lib:/workspace/install/robotiq_controllers/lib:/usr/lib/x86_64-linux-gnu/gazebo-11/plugins:/opt/ros/humble/opt/rviz_ogre_vendor/lib:/opt/ros/humble/lib/x86_64-linux-gnu:/opt/ros/humble/lib:/usr/local/nvidia/lib:/usr/local/nvidia/lib64'), ('NV_LIBNCCL_PACKAGE_VERSION', '2.17.1-1'), ('HOME', '/home/ur5e_user'), ('OLDPWD', '/workspace'), ('NV_LIBCUBLAS_DEV_VERSION', '12.1.0.26-1'), ('ROS_PYTHON_VERSION', '3'), ('NV_LIBNCCL_DEV_PACKAGE_VERSION', '2.17.1-1'), ('NV_LIBNPP_PACKAGE', 'libnpp-12-1=12.0.2.50-1'), ('CUDA_VERSION', '12.1.0'), ('COLCON_PREFIX_PATH', '/workspace/install'), ('NV_NVPROF_VERSION', '12.1.55-1'), ('ROS_DISTRO', 'humble'), ('NV_LIBCUBLAS_PACKAGE_NAME', 'libcublas-12-1'), ('NVIDIA_REQUIRE_CUDA', 'cuda>=12.1 brand=tesla,driver>=470,driver<471 brand=unknown,driver>=470,driver<471 brand=nvidia,driver>=470,driver<471 brand=nvidiartx,driver>=470,driver<471 brand=geforce,driver>=470,driver<471 brand=geforcertx,driver>=470,driver<471 brand=quadro,driver>=470,driver<471 brand=quadrortx,driver>=470,driver<471 brand=titan,driver>=470,driver<471 brand=titanrtx,driver>=470,driver<471 brand=tesla,driver>=525,driver<526 brand=unknown,driver>=525,driver<526 brand=nvidia,driver>=525,driver<526 brand=nvidiartx,driver>=525,driver<526 brand=geforce,driver>=525,driver<526 brand=geforcertx,driver>=525,driver<526 brand=quadro,driver>=525,driver<526 brand=quadrortx,driver>=525,driver<526 brand=titan,driver>=525,driver<526 brand=titanrtx,driver>=525,driver<526'), ('_', '/usr/bin/colcon'), ('ROS_VERSION', '2'), ('PKG_CONFIG_PATH', '/workspace/install/robotiq_2f_85_gripper_visualization/lib/x86_64-linux-gnu/pkgconfig:/workspace/install/robotiq_2f_85_gripper_visualization/lib/pkgconfig'), ('NV_LIBCUSPARSE_VERSION', '12.0.2.55-1'), ('NVIDIA_DRIVER_CAPABILITIES', 'compute,utility'), ('NV_CUDA_LIB_VERSION', '12.1.0-1'), ('NV_LIBNCCL_PACKAGE_NAME', 'libnccl2'), ('NV_NVML_DEV_VERSION', '12.1.55-1'), ('NV_LIBNPP_DEV_PACKAGE', 'libnpp-dev-12-1=12.0.2.50-1'), ('NV_CUDA_CUDART_VERSION', '12.1.55-1'), ('ROS_LOCALHOST_ONLY', '0'), ('PATH', '/opt/ros/humble/bin:/opt/miniconda3/bin:/usr/local/nvidia/bin:/usr/local/cuda/bin:/usr/local/sbin:/usr/local/bin:/usr/sbin:/usr/bin:/sbin:/bin'), ('NV_LIBCUBLAS_DEV_PACKAGE_NAME', 'libcublas-dev-12-1'), ('NV_LIBCUBLAS_PACKAGE', 'libcublas-12-1=12.1.0.26-1'), ('NVARCH', 'x86_64'), ('NV_LIBNCCL_DEV_PACKAGE_NAME', 'libnccl-dev'), ('NV_LIBCUSPARSE_DEV_VERSION', '12.0.2.55-1'), ('DISPLAY', ':1'), ('NV_LIBNCCL_PACKAGE', 'libnccl2=2.17.1-1+cuda12.1'), ('NVIDIA_PRODUCT_NAME', 'CUDA'), ('LANG', 'en_US.UTF-8'), ('RMW_IMPLEMENTATION', 'rmw_fastrtps_cpp'), ('NV_CUDA_CUDART_DEV_VERSION', '12.1.55-1'), ('ROS_DOMAIN_ID', '0'), ('AMENT_PREFIX_PATH', '/workspace/install/unified_vision_system:/workspace/install/ur_description:/workspace/install/robotiq_hardware_tests:/workspace/install/robotiq_driver:/workspace/install/serial:/workspace/install/robotiq_description:/workspace/install/robotiq_controllers:/opt/ros/humble'), ('DEBIAN_FRONTEND', 'noninteractive'), ('NV_LIBCUBLAS_DEV_PACKAGE', 'libcublas-dev-12-1=12.1.0.26-1'), ('NV_CUDA_NSIGHT_COMPUTE_DEV_PACKAGE', 'cuda-nsight-compute-12-1=12.1.0-1'), ('NV_LIBNCCL_DEV_PACKAGE', 'libnccl-dev=2.17.1-1+cuda12.1'), ('NV_NVTX_VERSION', '12.1.66-1'), ('NV_LIBNPP_VERSION', '12.0.2.50-1'), ('PWD', '/workspace/build/unified_vision_system'), ('LC_ALL', 'en_US.UTF-8'), ('PYTHONPATH', '/workspace/install/unified_vision_system/lib/python3.11/site-packages:/opt/ros/humble/lib/python3.10/site-packages:/opt/ros/humble/local/lib/python3.10/dist-packages'), ('NVIDIA_VISIBLE_DEVICES', 'all'), ('NCCL_VERSION', '2.17.1-1'), ('TZ', 'America/Toronto'), ('COLCON', '1'), ('NV_LIBNPP_DEV_VERSION', '12.0.2.50-1'), ('CMAKE_PREFIX_PATH', '/workspace/install/ur_description:/workspace/install/robotiq_description:/opt/ros/humble:/workspace/install/robotiq_2f_85_gripper_visualization:/workspace/install/unified_vision_system:/workspace/install/robotiq_hardware_tests:/workspace/install/robotiq_driver:/workspace/install/serial:/workspace/install/robotiq_controllers')]), 'shell': False}
[1.019907] (unified_vision_system) StdoutLine: {'line': b'-- Install configuration: ""\n'}
[1.020107] (unified_vision_system) StdoutLine: {'line': b'-- Installing: /workspace/install/unified_vision_system/share/unified_vision_system/environment/pythonpath.sh\n'}
[1.020159] (unified_vision_system) StdoutLine: {'line': b'-- Installing: /workspace/install/unified_vision_system/share/unified_vision_system/environment/pythonpath.dsv\n'}
[1.020252] (unified_vision_system) StdoutLine: {'line': b'-- Up-to-date: /workspace/install/unified_vision_system/lib/python3.11/site-packages/unified_vision_system-1.0.0-py3.11.egg-info\n'}
[1.020292] (unified_vision_system) StdoutLine: {'line': b'-- Installing: /workspace/install/unified_vision_system/lib/python3.11/site-packages/unified_vision_system-1.0.0-py3.11.egg-info/PKG-INFO\n'}
[1.020357] (unified_vision_system) StdoutLine: {'line': b'-- Installing: /workspace/install/unified_vision_system/lib/python3.11/site-packages/unified_vision_system-1.0.0-py3.11.egg-info/SOURCES.txt\n'}
[1.020474] (unified_vision_system) StdoutLine: {'line': b'-- Installing: /workspace/install/unified_vision_system/lib/python3.11/site-packages/unified_vision_system-1.0.0-py3.11.egg-info/top_level.txt\n'}
[1.020604] (unified_vision_system) StdoutLine: {'line': b'-- Installing: /workspace/install/unified_vision_system/lib/python3.11/site-packages/unified_vision_system-1.0.0-py3.11.egg-info/dependency_links.txt\n'}
[1.020743] (unified_vision_system) StdoutLine: {'line': b'-- Up-to-date: /workspace/install/unified_vision_system/lib/python3.11/site-packages/unified_vision_system\n'}
[1.020819] (unified_vision_system) StdoutLine: {'line': b'-- Up-to-date: /workspace/install/unified_vision_system/lib/python3.11/site-packages/unified_vision_system/system\n'}
[1.020861] (unified_vision_system) StdoutLine: {'line': b'-- Up-to-date: /workspace/install/unified_vision_system/lib/python3.11/site-packages/unified_vision_system/system/UnifiedVisionSystem.py\n'}
[1.020972] (unified_vision_system) StdoutLine: {'line': b'-- Up-to-date: /workspace/install/unified_vision_system/lib/python3.11/site-packages/unified_vision_system/system/UnifiedVisionSystemSim.py\n'}
[1.021136] (unified_vision_system) StdoutLine: {'line': b'-- Up-to-date: /workspace/install/unified_vision_system/lib/python3.11/site-packages/unified_vision_system/system/__init__.py\n'}
[1.021264] (unified_vision_system) StdoutLine: {'line': b'-- Up-to-date: /workspace/install/unified_vision_system/lib/python3.11/site-packages/unified_vision_system/calibration\n'}
[1.021355] (unified_vision_system) StdoutLine: {'line': b'-- Up-to-date: /workspace/install/unified_vision_system/lib/python3.11/site-packages/unified_vision_system/calibration/CameraCalibration.py\n'}
[1.021394] (unified_vision_system) StdoutLine: {'line': b'-- Up-to-date: /workspace/install/unified_vision_system/lib/python3.11/site-packages/unified_vision_system/calibration/EyeInHandSafetyChecker.py\n'}
[1.021430] (unified_vision_system) StdoutLine: {'line': b'-- Up-to-date: /workspace/install/unified_vision_system/lib/python3.11/site-packages/unified_vision_system/calibration/__init__.py\n'}
[1.021464] (unified_vision_system) StdoutLine: {'line': b'-- Up-to-date: /workspace/install/unified_vision_system/lib/python3.11/site-packages/unified_vision_system/calibration/HandEyeCalibrator.py\n'}
[1.021498] (unified_vision_system) StdoutLine: {'line': b'-- Up-to-date: /workspace/install/unified_vision_system/lib/python3.11/site-packages/unified_vision_system/perception\n'}
[1.021532] (unified_vision_system) StdoutLine: {'line': b'-- Up-to-date: /workspace/install/unified_vision_system/lib/python3.11/site-packages/unified_vision_system/perception/OWLViTDetector.py\n'}
[1.021567] (unified_vision_system) StdoutLine: {'line': b'-- Up-to-date: /workspace/install/unified_vision_system/lib/python3.11/site-packages/unified_vision_system/perception/GraspPointDetector.py\n'}
[1.021709] (unified_vision_system) StdoutLine: {'line': b'-- Up-to-date: /workspace/install/unified_vision_system/lib/python3.11/site-packages/unified_vision_system/perception/WorkSpaceValidator.py\n'}
[1.021812] (unified_vision_system) StdoutLine: {'line': b'-- Up-to-date: /workspace/install/unified_vision_system/lib/python3.11/site-packages/unified_vision_system/perception/__init__.py\n'}
[1.021842] (unified_vision_system) StdoutLine: {'line': b'-- Up-to-date: /workspace/install/unified_vision_system/lib/python3.11/site-packages/unified_vision_system/perception/DepthAwareDetector.py\n'}
[1.021868] (unified_vision_system) StdoutLine: {'line': b'-- Up-to-date: /workspace/install/unified_vision_system/lib/python3.11/site-packages/unified_vision_system/hri\n'}
[1.021895] (unified_vision_system) StdoutLine: {'line': b'-- Up-to-date: /workspace/install/unified_vision_system/lib/python3.11/site-packages/unified_vision_system/hri/ExperimentalController.py\n'}
[1.021919] (unified_vision_system) StdoutLine: {'line': b'-- Up-to-date: /workspace/install/unified_vision_system/lib/python3.11/site-packages/unified_vision_system/hri/EnhancedConstructionRAG.py\n'}
[1.021944] (unified_vision_system) StdoutLine: {'line': b'-- Up-to-date: /workspace/install/unified_vision_system/lib/python3.11/site-packages/unified_vision_system/hri/SpeechCommandProcessor.py\n'}
[1.021972] (unified_vision_system) StdoutLine: {'line': b'-- Up-to-date: /workspace/install/unified_vision_system/lib/python3.11/site-packages/unified_vision_system/hri/ConstructionRasaNLP.py\n'}
[1.021997] (unified_vision_system) StdoutLine: {'line': b'-- Up-to-date: /workspace/install/unified_vision_system/lib/python3.11/site-packages/unified_vision_system/hri/ConstructionClarificationManager.py\n'}
[1.022027] (unified_vision_system) StdoutLine: {'line': b'-- Up-to-date: /workspace/install/unified_vision_system/lib/python3.11/site-packages/unified_vision_system/hri/__init__.py\n'}
[1.022053] (unified_vision_system) StdoutLine: {'line': b'-- Up-to-date: /workspace/install/unified_vision_system/lib/python3.11/site-packages/unified_vision_system/hri/ConstructionTTSManager.py\n'}
[1.022078] (unified_vision_system) StdoutLine: {'line': b'-- Up-to-date: /workspace/install/unified_vision_system/lib/python3.11/site-packages/unified_vision_system/__init__.py\n'}
[1.022112] (unified_vision_system) StdoutLine: {'line': b'-- Up-to-date: /workspace/install/unified_vision_system/lib/python3.11/site-packages/unified_vision_system/control\n'}
[1.022140] (unified_vision_system) StdoutLine: {'line': b'-- Up-to-date: /workspace/install/unified_vision_system/lib/python3.11/site-packages/unified_vision_system/control/HybridIKWrapper.py\n'}
[1.022165] (unified_vision_system) StdoutLine: {'line': b'-- Up-to-date: /workspace/install/unified_vision_system/lib/python3.11/site-packages/unified_vision_system/control/UR30Kinematics.py\n'}
[1.022190] (unified_vision_system) StdoutLine: {'line': b'-- Up-to-date: /workspace/install/unified_vision_system/lib/python3.11/site-packages/unified_vision_system/control/ur30_robot_rtb.py\n'}
[1.022214] (unified_vision_system) StdoutLine: {'line': b'-- Up-to-date: /workspace/install/unified_vision_system/lib/python3.11/site-packages/unified_vision_system/control/__init__.py\n'}
[1.022239] (unified_vision_system) StdoutLine: {'line': b'-- Up-to-date: /workspace/install/unified_vision_system/lib/python3.11/site-packages/unified_vision_system/control/ur30_grasp_controller.py\n'}
[1.022264] (unified_vision_system) StdoutLine: {'line': b'-- Up-to-date: /workspace/install/unified_vision_system/lib/python3.11/site-packages/unified_vision_system/metrics\n'}
[1.022290] (unified_vision_system) StdoutLine: {'line': b'-- Up-to-date: /workspace/install/unified_vision_system/lib/python3.11/site-packages/unified_vision_system/metrics/TrustQuestionnaire.py\n'}
[1.022315] (unified_vision_system) StdoutLine: {'line': b'-- Up-to-date: /workspace/install/unified_vision_system/lib/python3.11/site-packages/unified_vision_system/metrics/NASATLXAssessment.py\n'}
[1.022341] (unified_vision_system) StdoutLine: {'line': b'-- Up-to-date: /workspace/install/unified_vision_system/lib/python3.11/site-packages/unified_vision_system/metrics/BehavioralMetrics.py\n'}
[1.022366] (unified_vision_system) StdoutLine: {'line': b'-- Up-to-date: /workspace/install/unified_vision_system/lib/python3.11/site-packages/unified_vision_system/metrics/__init__.py\n'}
[1.049260] (unified_vision_system) StdoutLine: {'line': b"Listing '/workspace/install/unified_vision_system/lib/python3.11/site-packages/unified_vision_system'...\n"}
[1.049400] (unified_vision_system) StdoutLine: {'line': b"Listing '/workspace/install/unified_vision_system/lib/python3.11/site-packages/unified_vision_system/calibration'...\n"}
[1.049444] (unified_vision_system) StdoutLine: {'line': b"Listing '/workspace/install/unified_vision_system/lib/python3.11/site-packages/unified_vision_system/control'...\n"}
[1.049481] (unified_vision_system) StdoutLine: {'line': b"Listing '/workspace/install/unified_vision_system/lib/python3.11/site-packages/unified_vision_system/hri'...\n"}
[1.049513] (unified_vision_system) StdoutLine: {'line': b"Listing '/workspace/install/unified_vision_system/lib/python3.11/site-packages/unified_vision_system/metrics'...\n"}
[1.049542] (unified_vision_system) StdoutLine: {'line': b"Listing '/workspace/install/unified_vision_system/lib/python3.11/site-packages/unified_vision_system/perception'...\n"}
[1.049581] (unified_vision_system) StdoutLine: {'line': b"Listing '/workspace/install/unified_vision_system/lib/python3.11/site-packages/unified_vision_system/system'...\n"}
[1.053646] (unified_vision_system) StdoutLine: {'line': b'-- Up-to-date: /workspace/install/unified_vision_system/lib/unified_vision_system/unified_vision_system_node.py\n'}
[1.053929] (unified_vision_system) StdoutLine: {'line': b'-- Up-to-date: /workspace/install/unified_vision_system/lib/unified_vision_system/create_sim_calibration.py\n'}
[1.054114] (unified_vision_system) StdoutLine: {'line': b'-- Up-to-date: /workspace/install/unified_vision_system/share/unified_vision_system/launch\n'}
[1.054216] (unified_vision_system) StdoutLine: {'line': b'-- Up-to-date: /workspace/install/unified_vision_system/share/unified_vision_system/launch/test_unified_vision_system.py\n'}
[1.054297] (unified_vision_system) StdoutLine: {'line': b'-- Up-to-date: /workspace/install/unified_vision_system/share/unified_vision_system/launch/.DS_Store\n'}
[1.054343] (unified_vision_system) StdoutLine: {'line': b'-- Installing: /workspace/install/unified_vision_system/share/unified_vision_system/launch/launch_gazebo_with_red_cube.py\n'}
[1.054384] (unified_vision_system) StdoutLine: {'line': b'-- Up-to-date: /workspace/install/unified_vision_system/share/unified_vision_system/config\n'}
[1.054524] (unified_vision_system) StdoutLine: {'line': b'-- Up-to-date: /workspace/install/unified_vision_system/share/unified_vision_system/config/simulation_controllers.yaml\n'}
[1.054601] (unified_vision_system) StdoutLine: {'line': b'-- Up-to-date: /workspace/install/unified_vision_system/share/unified_vision_system/config/ur30_vision_moveit.rviz\n'}
[1.054686] (unified_vision_system) StdoutLine: {'line': b'-- Up-to-date: /workspace/install/unified_vision_system/share/unified_vision_system/config/ur30_robotiq.srdf.xacro\n'}
[1.054776] (unified_vision_system) StdoutLine: {'line': b'-- Up-to-date: /workspace/install/unified_vision_system/share/unified_vision_system/config/simulation_controllers.yaml.sync\n'}
[1.054838] (unified_vision_system) StdoutLine: {'line': b'-- Up-to-date: /workspace/install/unified_vision_system/share/unified_vision_system/urdf\n'}
[1.054879] (unified_vision_system) StdoutLine: {'line': b'-- Up-to-date: /workspace/install/unified_vision_system/share/unified_vision_system/urdf/ur30_simple_gripper_realsense.urdf.xacro\n'}
[1.054917] (unified_vision_system) StdoutLine: {'line': b'-- Up-to-date: /workspace/install/unified_vision_system/share/unified_vision_system/urdf/ur30_robotiq_realsense.urdf.xacro\n'}
[1.054957] (unified_vision_system) StdoutLine: {'line': b'-- Installing: /workspace/install/unified_vision_system/share/unified_vision_system/urdf/ur30_simple_gripper_camera.urdf.xacro\n'}
[1.054995] (unified_vision_system) StdoutLine: {'line': b'-- Up-to-date: /workspace/install/unified_vision_system/share/unified_vision_system/urdf/robotiq_arg85.urdf\n'}
[1.055034] (unified_vision_system) StdoutLine: {'line': b'-- Up-to-date: /workspace/install/unified_vision_system/share/unified_vision_system/urdf/.DS_Store\n'}
[1.055073] (unified_vision_system) StdoutLine: {'line': b'-- Installing: /workspace/install/unified_vision_system/share/unified_vision_system/urdf/ur30_camera_only.urdf.xacro\n'}
[1.055233] (unified_vision_system) StdoutLine: {'line': b'-- Up-to-date: /workspace/install/unified_vision_system/share/unified_vision_system/urdf/simple_parallel_gripper.urdf.xacro\n'}
[1.055281] (unified_vision_system) StdoutLine: {'line': b'-- Up-to-date: /workspace/install/unified_vision_system/share/unified_vision_system/urdf/robotiq_85_stable.urdf.xacro\n'}
[1.055321] (unified_vision_system) StdoutLine: {'line': b'-- Up-to-date: /workspace/install/unified_vision_system/share/unified_vision_system/worlds\n'}
[1.055362] (unified_vision_system) StdoutLine: {'line': b'-- Up-to-date: /workspace/install/unified_vision_system/share/unified_vision_system/worlds/ur30_vision_world.world\n'}
[1.055447] (unified_vision_system) StdoutLine: {'line': b'-- Up-to-date: /workspace/install/unified_vision_system/share/unified_vision_system/meshes\n'}
[1.055492] (unified_vision_system) StdoutLine: {'line': b'-- Up-to-date: /workspace/install/unified_vision_system/share/unified_vision_system/meshes/outer_knuckle_coarse.STL\n'}
[1.055529] (unified_vision_system) StdoutLine: {'line': b'-- Up-to-date: /workspace/install/unified_vision_system/share/unified_vision_system/meshes/inner_knuckle_coarse.STL\n'}
[1.055565] (unified_vision_system) StdoutLine: {'line': b'-- Up-to-date: /workspace/install/unified_vision_system/share/unified_vision_system/meshes/outer_finger_fine.STL\n'}
[1.055722] (unified_vision_system) StdoutLine: {'line': b'-- Up-to-date: /workspace/install/unified_vision_system/share/unified_vision_system/meshes/inner_finger_fine.STL\n'}
[1.055770] (unified_vision_system) StdoutLine: {'line': b'-- Up-to-date: /workspace/install/unified_vision_system/share/unified_vision_system/meshes/robotiq_85_base_link_fine.STL\n'}
[1.055808] (unified_vision_system) StdoutLine: {'line': b'-- Up-to-date: /workspace/install/unified_vision_system/share/unified_vision_system/meshes/inner_finger_coarse.STL\n'}
[1.055847] (unified_vision_system) StdoutLine: {'line': b'-- Up-to-date: /workspace/install/unified_vision_system/share/unified_vision_system/meshes/inner_knuckle_fine.STL\n'}
[1.055886] (unified_vision_system) StdoutLine: {'line': b'-- Up-to-date: /workspace/install/unified_vision_system/share/unified_vision_system/meshes/robotiq_85_base_link_coarse.STL\n'}
[1.055924] (unified_vision_system) StdoutLine: {'line': b'-- Up-to-date: /workspace/install/unified_vision_system/share/unified_vision_system/meshes/outer_finger_coarse.STL\n'}
[1.055962] (unified_vision_system) StdoutLine: {'line': b'-- Up-to-date: /workspace/install/unified_vision_system/share/unified_vision_system/meshes/outer_knuckle_fine.STL\n'}
[1.055999] (unified_vision_system) StdoutLine: {'line': b'-- Installing: /workspace/install/unified_vision_system/share/ament_index/resource_index/package_run_dependencies/unified_vision_system\n'}
[1.056037] (unified_vision_system) StdoutLine: {'line': b'-- Installing: /workspace/install/unified_vision_system/share/ament_index/resource_index/parent_prefix_path/unified_vision_system\n'}
[1.056075] (unified_vision_system) StdoutLine: {'line': b'-- Up-to-date: /workspace/install/unified_vision_system/share/unified_vision_system/environment/ament_prefix_path.sh\n'}
[1.056191] (unified_vision_system) StdoutLine: {'line': b'-- Installing: /workspace/install/unified_vision_system/share/unified_vision_system/environment/ament_prefix_path.dsv\n'}
[1.056232] (unified_vision_system) StdoutLine: {'line': b'-- Up-to-date: /workspace/install/unified_vision_system/share/unified_vision_system/environment/path.sh\n'}
[1.056268] (unified_vision_system) StdoutLine: {'line': b'-- Installing: /workspace/install/unified_vision_system/share/unified_vision_system/environment/path.dsv\n'}
[1.056336] (unified_vision_system) StdoutLine: {'line': b'-- Installing: /workspace/install/unified_vision_system/share/unified_vision_system/local_setup.bash\n'}
[1.056383] (unified_vision_system) StdoutLine: {'line': b'-- Installing: /workspace/install/unified_vision_system/share/unified_vision_system/local_setup.sh\n'}
[1.056420] (unified_vision_system) StdoutLine: {'line': b'-- Installing: /workspace/install/unified_vision_system/share/unified_vision_system/local_setup.zsh\n'}
[1.056499] (unified_vision_system) StdoutLine: {'line': b'-- Installing: /workspace/install/unified_vision_system/share/unified_vision_system/local_setup.dsv\n'}
[1.056570] (unified_vision_system) StdoutLine: {'line': b'-- Installing: /workspace/install/unified_vision_system/share/unified_vision_system/package.dsv\n'}
[1.056726] (unified_vision_system) StdoutLine: {'line': b'-- Installing: /workspace/install/unified_vision_system/share/ament_index/resource_index/packages/unified_vision_system\n'}
[1.056896] (unified_vision_system) StdoutLine: {'line': b'-- Installing: /workspace/install/unified_vision_system/share/unified_vision_system/cmake/ament_cmake_export_dependencies-extras.cmake\n'}
[1.057093] (unified_vision_system) StdoutLine: {'line': b'-- Installing: /workspace/install/unified_vision_system/share/unified_vision_system/cmake/unified_vision_systemConfig.cmake\n'}
[1.057248] (unified_vision_system) StdoutLine: {'line': b'-- Installing: /workspace/install/unified_vision_system/share/unified_vision_system/cmake/unified_vision_systemConfig-version.cmake\n'}
[1.057424] (unified_vision_system) StdoutLine: {'line': b'-- Up-to-date: /workspace/install/unified_vision_system/share/unified_vision_system/package.xml\n'}
[1.059350] (unified_vision_system) CommandEnded: {'returncode': 0}
[1.072464] (unified_vision_system) JobEnded: {'identifier': 'unified_vision_system', 'rc': 0}
[1.072914] (-) EventReactorShutdown: {}
