[0.022s] Invoking command in '/home/ur5e_user/workspace/build/unified_vision_system': CONDA_PROMPT_MODIFIER=(ur5e_vlm_environment) /opt/miniconda3/envs/ur5e_vlm_environment/bin/cmake /home/ur5e_user/workspace/vision -DCMAKE_INSTALL_PREFIX=/home/ur5e_user/workspace/install/unified_vision_system
[0.086s] [0mCMake Deprecation Warning at CMakeLists.txt:1 (cmake_minimum_required):
[0.086s]   Compatibility with CMake < 3.10 will be removed from a future version of
[0.086s]   CMake.
[0.087s] 
[0.087s]   Update the VERSION argument <min> value.  Or, use the <min>...<max> syntax
[0.087s]   to tell CMake that the project requires at least <min> but has been updated
[0.087s]   to work with policies introduced by <max> or earlier.
[0.087s] 
[0.087s] [0m
[0.316s] -- The C compiler identification is GNU 15.1.0
[0.544s] -- The CXX compiler identification is GNU 15.1.0
[0.556s] -- Detecting C compiler ABI info
[0.657s] -- Detecting C compiler ABI info - done
[0.671s] -- Check for working C compiler: /opt/miniconda3/envs/ur5e_vlm_environment/bin/x86_64-conda-linux-gnu-cc - skipped
[0.671s] -- Detecting C compile features
[0.671s] -- Detecting C compile features - done
[0.688s] -- Detecting CXX compiler ABI info
[0.791s] -- Detecting CXX compiler ABI info - done
[0.806s] -- Check for working CXX compiler: /opt/miniconda3/envs/ur5e_vlm_environment/bin/x86_64-conda-linux-gnu-c++ - skipped
[0.806s] -- Detecting CXX compile features
[0.807s] -- Detecting CXX compile features - done
[0.829s] -- Found ament_cmake: 1.3.12 (/opt/ros/humble/share/ament_cmake/cmake)
[0.955s] -- Found Python3: /opt/miniconda3/envs/ur5e_vlm_environment/bin/python3 (found version "3.11.13") found components: Interpreter
[1.137s] Traceback (most recent call last):
[1.137s]   File "/opt/ros/humble/share/ament_cmake_core/cmake/core/package_xml_2_cmake.py", line 22, in <module>
[1.137s]     from catkin_pkg.package import parse_package_string
[1.137s] ModuleNotFoundError: No module named 'catkin_pkg'
[1.139s] [31mCMake Error at /opt/ros/humble/share/ament_cmake_core/cmake/core/ament_package_xml.cmake:95 (message):
[1.139s]   execute_process(/opt/miniconda3/envs/ur5e_vlm_environment/bin/python3
[1.139s]   /opt/ros/humble/share/ament_cmake_core/cmake/core/package_xml_2_cmake.py
[1.139s]   /home/ur5e_user/workspace/vision/package.xml
[1.139s]   /home/ur5e_user/workspace/build/unified_vision_system/ament_cmake_core/package.cmake)
[1.139s]   returned error code 1
[1.140s] Call Stack (most recent call first):
[1.140s]   /opt/ros/humble/share/ament_cmake_core/cmake/core/ament_package_xml.cmake:49 (_ament_package_xml)
[1.140s]   /opt/ros/humble/share/ament_cmake_python/cmake/ament_python_install_package.cmake:60 (ament_package_xml)
[1.140s]   /opt/ros/humble/share/ament_cmake_python/cmake/ament_python_install_package.cmake:39 (_ament_cmake_python_install_package)
[1.140s]   CMakeLists.txt:8 (ament_python_install_package)
[1.140s] 
[1.140s] [0m
[1.140s] -- Configuring incomplete, errors occurred!
[1.144s] Invoked command in '/home/ur5e_user/workspace/build/unified_vision_system' returned '1': CONDA_PROMPT_MODIFIER=(ur5e_vlm_environment) /opt/miniconda3/envs/ur5e_vlm_environment/bin/cmake /home/ur5e_user/workspace/vision -DCMAKE_INSTALL_PREFIX=/home/ur5e_user/workspace/install/unified_vision_system
