[0.020s] Invoking command in '/workspace/build/robotiq_description': CMAKE_PREFIX_PATH=/opt/ros/humble /usr/bin/cmake --build /workspace/build/robotiq_description -- -j12 -l12
[0.054s] Invoked command in '/workspace/build/robotiq_description' returned '0': CMAKE_PREFIX_PATH=/opt/ros/humble /usr/bin/cmake --build /workspace/build/robotiq_description -- -j12 -l12
[0.060s] Invoking command in '/workspace/build/robotiq_description': CMAKE_PREFIX_PATH=/opt/ros/humble /usr/bin/cmake --install /workspace/build/robotiq_description
[0.068s] -- Install configuration: ""
[0.068s] -- Execute custom install script
[0.068s] -- Up-to-date symlink: /workspace/install/robotiq_description/share/robotiq_description/config/robotiq_controllers.yaml
[0.068s] -- Up-to-date symlink: /workspace/install/robotiq_description/share/robotiq_description/config/robotiq_hand_e_controllers.yaml
[0.068s] -- Up-to-date symlink: /workspace/install/robotiq_description/share/robotiq_description/launch/hand-e_control.launch.xml
[0.068s] -- Up-to-date symlink: /workspace/install/robotiq_description/share/robotiq_description/launch/robotiq_control.launch.py
[0.069s] -- Up-to-date symlink: /workspace/install/robotiq_description/share/robotiq_description/launch/view_gripper.launch.py
[0.069s] -- Up-to-date symlink: /workspace/install/robotiq_description/share/robotiq_description/launch/view_hand-e.launch.xml
[0.070s] -- Up-to-date symlink: /workspace/install/robotiq_description/share/robotiq_description/meshes/collision/2f_140/robotiq_2f_140_base_link.stl
[0.071s] -- Up-to-date symlink: /workspace/install/robotiq_description/share/robotiq_description/meshes/collision/2f_140/robotiq_2f_140_coupling.stl
[0.071s] -- Up-to-date symlink: /workspace/install/robotiq_description/share/robotiq_description/meshes/collision/2f_140/robotiq_2f_140_inner_finger.stl
[0.071s] -- Up-to-date symlink: /workspace/install/robotiq_description/share/robotiq_description/meshes/collision/2f_140/robotiq_2f_140_inner_knuckle.stl
[0.071s] -- Up-to-date symlink: /workspace/install/robotiq_description/share/robotiq_description/meshes/collision/2f_140/robotiq_2f_140_outer_finger.stl
[0.071s] -- Up-to-date symlink: /workspace/install/robotiq_description/share/robotiq_description/meshes/collision/2f_140/robotiq_2f_140_outer_knuckle.stl
[0.071s] -- Up-to-date symlink: /workspace/install/robotiq_description/share/robotiq_description/meshes/collision/2f_85/left_finger.stl
[0.071s] -- Up-to-date symlink: /workspace/install/robotiq_description/share/robotiq_description/meshes/collision/2f_85/left_finger_tip.stl
[0.071s] -- Up-to-date symlink: /workspace/install/robotiq_description/share/robotiq_description/meshes/collision/2f_85/left_inner_knuckle.stl
[0.071s] -- Up-to-date symlink: /workspace/install/robotiq_description/share/robotiq_description/meshes/collision/2f_85/left_knuckle.stl
[0.071s] -- Up-to-date symlink: /workspace/install/robotiq_description/share/robotiq_description/meshes/collision/2f_85/right_finger.stl
[0.071s] -- Up-to-date symlink: /workspace/install/robotiq_description/share/robotiq_description/meshes/collision/2f_85/right_finger_tip.stl
[0.071s] -- Up-to-date symlink: /workspace/install/robotiq_description/share/robotiq_description/meshes/collision/2f_85/right_inner_knuckle.stl
[0.071s] -- Up-to-date symlink: /workspace/install/robotiq_description/share/robotiq_description/meshes/collision/2f_85/right_knuckle.stl
[0.071s] -- Up-to-date symlink: /workspace/install/robotiq_description/share/robotiq_description/meshes/collision/2f_85/robotiq_base.stl
[0.072s] -- Up-to-date symlink: /workspace/install/robotiq_description/share/robotiq_description/meshes/collision/2f_85/ur_to_robotiq_adapter.stl
[0.072s] -- Up-to-date symlink: /workspace/install/robotiq_description/share/robotiq_description/meshes/collision/hande/hand-e.stl
[0.072s] -- Up-to-date symlink: /workspace/install/robotiq_description/share/robotiq_description/meshes/collision/hande/hand-e_convex_hull.stl
[0.072s] -- Up-to-date symlink: /workspace/install/robotiq_description/share/robotiq_description/meshes/collision/hande/left_finger.stl
[0.072s] -- Up-to-date symlink: /workspace/install/robotiq_description/share/robotiq_description/meshes/collision/hande/right_finger.stl
[0.072s] -- Up-to-date symlink: /workspace/install/robotiq_description/share/robotiq_description/meshes/visual/2f_140/robotiq_2f_140_base_link.stl
[0.072s] -- Up-to-date symlink: /workspace/install/robotiq_description/share/robotiq_description/meshes/visual/2f_140/robotiq_2f_140_coupling.stl
[0.073s] -- Up-to-date symlink: /workspace/install/robotiq_description/share/robotiq_description/meshes/visual/2f_140/robotiq_2f_140_inner_finger.stl
[0.074s] -- Up-to-date symlink: /workspace/install/robotiq_description/share/robotiq_description/meshes/visual/2f_140/robotiq_2f_140_inner_knuckle.stl
[0.074s] -- Up-to-date symlink: /workspace/install/robotiq_description/share/robotiq_description/meshes/visual/2f_140/robotiq_2f_140_outer_finger.stl
[0.074s] -- Up-to-date symlink: /workspace/install/robotiq_description/share/robotiq_description/meshes/visual/2f_140/robotiq_2f_140_outer_knuckle.stl
[0.074s] -- Up-to-date symlink: /workspace/install/robotiq_description/share/robotiq_description/meshes/visual/2f_85/left_finger.dae
[0.074s] -- Up-to-date symlink: /workspace/install/robotiq_description/share/robotiq_description/meshes/visual/2f_85/left_finger_tip.dae
[0.074s] -- Up-to-date symlink: /workspace/install/robotiq_description/share/robotiq_description/meshes/visual/2f_85/left_inner_knuckle.dae
[0.075s] -- Up-to-date symlink: /workspace/install/robotiq_description/share/robotiq_description/meshes/visual/2f_85/left_knuckle.dae
[0.075s] -- Up-to-date symlink: /workspace/install/robotiq_description/share/robotiq_description/meshes/visual/2f_85/right_finger.dae
[0.075s] -- Up-to-date symlink: /workspace/install/robotiq_description/share/robotiq_description/meshes/visual/2f_85/right_finger_tip.dae
[0.075s] -- Up-to-date symlink: /workspace/install/robotiq_description/share/robotiq_description/meshes/visual/2f_85/right_inner_knuckle.dae
[0.075s] -- Up-to-date symlink: /workspace/install/robotiq_description/share/robotiq_description/meshes/visual/2f_85/right_knuckle.dae
[0.075s] -- Up-to-date symlink: /workspace/install/robotiq_description/share/robotiq_description/meshes/visual/2f_85/robotiq_base.dae
[0.076s] -- Up-to-date symlink: /workspace/install/robotiq_description/share/robotiq_description/meshes/visual/2f_85/ur_to_robotiq_adapter.dae
[0.076s] -- Up-to-date symlink: /workspace/install/robotiq_description/share/robotiq_description/meshes/visual/hande/hand-e.dae
[0.076s] -- Up-to-date symlink: /workspace/install/robotiq_description/share/robotiq_description/meshes/visual/hande/left_finger.dae
[0.076s] -- Up-to-date symlink: /workspace/install/robotiq_description/share/robotiq_description/meshes/visual/hande/right_finger.dae
[0.076s] -- Up-to-date symlink: /workspace/install/robotiq_description/share/robotiq_description/rviz/view_urdf.rviz
[0.076s] -- Up-to-date symlink: /workspace/install/robotiq_description/share/robotiq_description/urdf/2f_140.ros2_control.xacro
[0.077s] -- Up-to-date symlink: /workspace/install/robotiq_description/share/robotiq_description/urdf/2f_85.ros2_control.xacro
[0.077s] -- Up-to-date symlink: /workspace/install/robotiq_description/share/robotiq_description/urdf/hand_e.ros2_control.xacro
[0.077s] -- Up-to-date symlink: /workspace/install/robotiq_description/share/robotiq_description/urdf/robotiq_2f_140.xacro
[0.077s] -- Up-to-date symlink: /workspace/install/robotiq_description/share/robotiq_description/urdf/robotiq_2f_140_gripper.urdf.xacro
[0.077s] -- Up-to-date symlink: /workspace/install/robotiq_description/share/robotiq_description/urdf/robotiq_2f_140_macro.urdf.xacro
[0.078s] -- Up-to-date symlink: /workspace/install/robotiq_description/share/robotiq_description/urdf/robotiq_2f_85_gripper.urdf.xacro
[0.078s] -- Up-to-date symlink: /workspace/install/robotiq_description/share/robotiq_description/urdf/robotiq_2f_85_macro.urdf.xacro
[0.078s] -- Up-to-date symlink: /workspace/install/robotiq_description/share/robotiq_description/urdf/robotiq_hand_e_gripper.urdf.xacro
[0.078s] -- Up-to-date symlink: /workspace/install/robotiq_description/share/robotiq_description/urdf/robotiq_hand_e_macro.urdf.xacro
[0.078s] -- Up-to-date symlink: /workspace/install/robotiq_description/share/robotiq_description/urdf/ur_to_robotiq_adapter.urdf.xacro
[0.078s] -- Up-to-date symlink: /workspace/install/robotiq_description/share/ament_index/resource_index/package_run_dependencies/robotiq_description
[0.078s] -- Up-to-date symlink: /workspace/install/robotiq_description/share/ament_index/resource_index/parent_prefix_path/robotiq_description
[0.079s] -- Up-to-date symlink: /workspace/install/robotiq_description/share/robotiq_description/environment/ament_prefix_path.sh
[0.079s] -- Up-to-date symlink: /workspace/install/robotiq_description/share/robotiq_description/environment/ament_prefix_path.dsv
[0.079s] -- Up-to-date symlink: /workspace/install/robotiq_description/share/robotiq_description/environment/path.sh
[0.079s] -- Up-to-date symlink: /workspace/install/robotiq_description/share/robotiq_description/environment/path.dsv
[0.079s] -- Up-to-date symlink: /workspace/install/robotiq_description/share/robotiq_description/local_setup.bash
[0.079s] -- Up-to-date symlink: /workspace/install/robotiq_description/share/robotiq_description/local_setup.sh
[0.079s] -- Up-to-date symlink: /workspace/install/robotiq_description/share/robotiq_description/local_setup.zsh
[0.079s] -- Up-to-date symlink: /workspace/install/robotiq_description/share/robotiq_description/local_setup.dsv
[0.079s] -- Symlinking: /workspace/install/robotiq_description/share/robotiq_description/package.dsv
[0.084s] -- Up-to-date symlink: /workspace/install/robotiq_description/share/ament_index/resource_index/packages/robotiq_description
[0.085s] -- Up-to-date symlink: /workspace/install/robotiq_description/share/robotiq_description/cmake/robotiq_descriptionConfig.cmake
[0.085s] -- Up-to-date symlink: /workspace/install/robotiq_description/share/robotiq_description/cmake/robotiq_descriptionConfig-version.cmake
[0.085s] -- Up-to-date symlink: /workspace/install/robotiq_description/share/robotiq_description/package.xml
[0.098s] Invoked command in '/workspace/build/robotiq_description' returned '0': CMAKE_PREFIX_PATH=/opt/ros/humble /usr/bin/cmake --install /workspace/build/robotiq_description
