[0.011s] Invoking command in '/workspace/build/unified_vision_system': CMAKE_PREFIX_PATH=/workspace/install/ur_description:/workspace/install/robotiq_description:/opt/ros/humble:/workspace/install/robotiq_2f_85_gripper_visualization:/workspace/install/unified_vision_system:/workspace/install/robotiq_hardware_tests:/workspace/install/robotiq_driver:/workspace/install/serial:/workspace/install/robotiq_controllers CONDA_PROMPT_MODIFIER=(base) /usr/bin/cmake /workspace/src/unified_vision_system -DAMENT_CMAKE_SYMLINK_INSTALL=1 -DCMAKE_INSTALL_PREFIX=/workspace/install/unified_vision_system
[0.059s] -- The C compiler identification is GNU 11.4.0
[0.102s] -- The CXX compiler identification is GNU 11.4.0
[0.108s] -- Detecting C compiler ABI info
[0.172s] -- Detecting C compiler ABI info - done
[0.176s] -- Check for working C compiler: /usr/bin/cc - skipped
[0.176s] -- Detecting C compile features
[0.177s] -- Detecting C compile features - done
[0.179s] -- Detecting CXX compiler ABI info
[0.252s] -- Detecting CXX compiler ABI info - done
[0.257s] -- Check for working CXX compiler: /usr/bin/c++ - skipped
[0.257s] -- Detecting CXX compile features
[0.257s] -- Detecting CXX compile features - done
[0.260s] -- Found ament_cmake: 1.3.12 (/opt/ros/humble/share/ament_cmake/cmake)
[0.495s] -- Found Python3: /opt/miniconda3/bin/python3 (found version "3.11.5") found components: Interpreter 
[0.543s] -- Override CMake install command with custom implementation using symlinks instead of copying resources
[0.712s] -- Configuring done
[0.716s] -- Generating done
[0.718s] -- Build files have been written to: /workspace/build/unified_vision_system
[0.724s] Invoked command in '/workspace/build/unified_vision_system' returned '0': CMAKE_PREFIX_PATH=/workspace/install/ur_description:/workspace/install/robotiq_description:/opt/ros/humble:/workspace/install/robotiq_2f_85_gripper_visualization:/workspace/install/unified_vision_system:/workspace/install/robotiq_hardware_tests:/workspace/install/robotiq_driver:/workspace/install/serial:/workspace/install/robotiq_controllers CONDA_PROMPT_MODIFIER=(base) /usr/bin/cmake /workspace/src/unified_vision_system -DAMENT_CMAKE_SYMLINK_INSTALL=1 -DCMAKE_INSTALL_PREFIX=/workspace/install/unified_vision_system
[0.727s] Invoking command in '/workspace/build/unified_vision_system': CMAKE_PREFIX_PATH=/workspace/install/ur_description:/workspace/install/robotiq_description:/opt/ros/humble:/workspace/install/robotiq_2f_85_gripper_visualization:/workspace/install/unified_vision_system:/workspace/install/robotiq_hardware_tests:/workspace/install/robotiq_driver:/workspace/install/serial:/workspace/install/robotiq_controllers CONDA_PROMPT_MODIFIER=(base) /usr/bin/cmake --build /workspace/build/unified_vision_system -- -j12 -l12
[0.777s] Built target ament_cmake_python_symlink_unified_vision_system
[0.886s] running egg_info
[0.886s] creating unified_vision_system.egg-info
[0.891s] writing unified_vision_system.egg-info/PKG-INFO
[0.891s] writing dependency_links to unified_vision_system.egg-info/dependency_links.txt
[0.892s] writing top-level names to unified_vision_system.egg-info/top_level.txt
[0.892s] writing manifest file 'unified_vision_system.egg-info/SOURCES.txt'
[0.907s] reading manifest file 'unified_vision_system.egg-info/SOURCES.txt'
[0.907s] writing manifest file 'unified_vision_system.egg-info/SOURCES.txt'
[0.934s] Built target ament_cmake_python_build_unified_vision_system_egg
[0.944s] Invoked command in '/workspace/build/unified_vision_system' returned '0': CMAKE_PREFIX_PATH=/workspace/install/ur_description:/workspace/install/robotiq_description:/opt/ros/humble:/workspace/install/robotiq_2f_85_gripper_visualization:/workspace/install/unified_vision_system:/workspace/install/robotiq_hardware_tests:/workspace/install/robotiq_driver:/workspace/install/serial:/workspace/install/robotiq_controllers CONDA_PROMPT_MODIFIER=(base) /usr/bin/cmake --build /workspace/build/unified_vision_system -- -j12 -l12
[0.952s] Invoking command in '/workspace/build/unified_vision_system': CMAKE_PREFIX_PATH=/workspace/install/ur_description:/workspace/install/robotiq_description:/opt/ros/humble:/workspace/install/robotiq_2f_85_gripper_visualization:/workspace/install/unified_vision_system:/workspace/install/robotiq_hardware_tests:/workspace/install/robotiq_driver:/workspace/install/serial:/workspace/install/robotiq_controllers CONDA_PROMPT_MODIFIER=(base) /usr/bin/cmake --install /workspace/build/unified_vision_system
[0.958s] -- Install configuration: ""
[0.958s] -- Execute custom install script
[0.958s] -- Symlinking: /workspace/install/unified_vision_system/share/unified_vision_system/environment/pythonpath.sh
[0.966s] -- Symlinking: /workspace/install/unified_vision_system/share/unified_vision_system/environment/pythonpath.dsv
[0.975s] -- Symlinking: /workspace/install/unified_vision_system/lib/python3.11/site-packages/unified_vision_system-1.0.0-py3.11.egg-info/PKG-INFO
[0.982s] -- Symlinking: /workspace/install/unified_vision_system/lib/python3.11/site-packages/unified_vision_system-1.0.0-py3.11.egg-info/SOURCES.txt
[0.989s] -- Symlinking: /workspace/install/unified_vision_system/lib/python3.11/site-packages/unified_vision_system-1.0.0-py3.11.egg-info/dependency_links.txt
[0.996s] -- Symlinking: /workspace/install/unified_vision_system/lib/python3.11/site-packages/unified_vision_system-1.0.0-py3.11.egg-info/top_level.txt
[1.006s] -- Symlinking: /workspace/install/unified_vision_system/lib/python3.11/site-packages/unified_vision_system/__init__.py
[1.015s] -- Symlinking: /workspace/install/unified_vision_system/lib/python3.11/site-packages/unified_vision_system/calibration/CameraCalibration.py
[1.025s] -- Symlinking: /workspace/install/unified_vision_system/lib/python3.11/site-packages/unified_vision_system/calibration/EyeInHandSafetyChecker.py
[1.032s] -- Symlinking: /workspace/install/unified_vision_system/lib/python3.11/site-packages/unified_vision_system/calibration/HandEyeCalibrator.py
[1.039s] -- Symlinking: /workspace/install/unified_vision_system/lib/python3.11/site-packages/unified_vision_system/calibration/__init__.py
[1.046s] -- Symlinking: /workspace/install/unified_vision_system/lib/python3.11/site-packages/unified_vision_system/control/HybridIKWrapper.py
[1.053s] -- Symlinking: /workspace/install/unified_vision_system/lib/python3.11/site-packages/unified_vision_system/control/UR30Kinematics.py
[1.060s] -- Symlinking: /workspace/install/unified_vision_system/lib/python3.11/site-packages/unified_vision_system/control/__init__.py
[1.067s] -- Symlinking: /workspace/install/unified_vision_system/lib/python3.11/site-packages/unified_vision_system/control/ur30_grasp_controller.py
[1.073s] -- Symlinking: /workspace/install/unified_vision_system/lib/python3.11/site-packages/unified_vision_system/control/ur30_robot_rtb.py
[1.079s] -- Symlinking: /workspace/install/unified_vision_system/lib/python3.11/site-packages/unified_vision_system/hri/ConstructionClarificationManager.py
[1.088s] -- Symlinking: /workspace/install/unified_vision_system/lib/python3.11/site-packages/unified_vision_system/hri/ConstructionRasaNLP.py
[1.095s] -- Symlinking: /workspace/install/unified_vision_system/lib/python3.11/site-packages/unified_vision_system/hri/ConstructionTTSManager.py
[1.103s] -- Symlinking: /workspace/install/unified_vision_system/lib/python3.11/site-packages/unified_vision_system/hri/EnhancedConstructionRAG.py
[1.112s] -- Symlinking: /workspace/install/unified_vision_system/lib/python3.11/site-packages/unified_vision_system/hri/ExperimentalController.py
[1.121s] -- Symlinking: /workspace/install/unified_vision_system/lib/python3.11/site-packages/unified_vision_system/hri/SpeechCommandProcessor.py
[1.131s] -- Symlinking: /workspace/install/unified_vision_system/lib/python3.11/site-packages/unified_vision_system/hri/__init__.py
[1.139s] -- Symlinking: /workspace/install/unified_vision_system/lib/python3.11/site-packages/unified_vision_system/metrics/BehavioralMetrics.py
[1.147s] -- Symlinking: /workspace/install/unified_vision_system/lib/python3.11/site-packages/unified_vision_system/metrics/NASATLXAssessment.py
[1.155s] -- Symlinking: /workspace/install/unified_vision_system/lib/python3.11/site-packages/unified_vision_system/metrics/TrustQuestionnaire.py
[1.163s] -- Symlinking: /workspace/install/unified_vision_system/lib/python3.11/site-packages/unified_vision_system/metrics/__init__.py
[1.171s] -- Symlinking: /workspace/install/unified_vision_system/lib/python3.11/site-packages/unified_vision_system/perception/DepthAwareDetector.py
[1.179s] -- Symlinking: /workspace/install/unified_vision_system/lib/python3.11/site-packages/unified_vision_system/perception/GraspPointDetector.py
[1.186s] -- Symlinking: /workspace/install/unified_vision_system/lib/python3.11/site-packages/unified_vision_system/perception/OWLViTDetector.py
[1.193s] -- Symlinking: /workspace/install/unified_vision_system/lib/python3.11/site-packages/unified_vision_system/perception/WorkSpaceValidator.py
[1.199s] -- Symlinking: /workspace/install/unified_vision_system/lib/python3.11/site-packages/unified_vision_system/perception/__init__.py
[1.208s] -- Symlinking: /workspace/install/unified_vision_system/lib/python3.11/site-packages/unified_vision_system/system/UnifiedVisionSystem.py
[1.219s] -- Symlinking: /workspace/install/unified_vision_system/lib/python3.11/site-packages/unified_vision_system/system/UnifiedVisionSystemSim.py
[1.229s] -- Symlinking: /workspace/install/unified_vision_system/lib/python3.11/site-packages/unified_vision_system/system/__init__.py
[1.237s] -- Symlinking: /workspace/install/unified_vision_system/lib/unified_vision_system/unified_vision_system_node.py
[1.246s] -- Symlinking: /workspace/install/unified_vision_system/lib/unified_vision_system/create_sim_calibration.py
[1.254s] -- Symlinking: /workspace/install/unified_vision_system/share/unified_vision_system/launch/.DS_Store
[1.261s] -- Symlinking: /workspace/install/unified_vision_system/share/unified_vision_system/launch/launch_gazebo_with_red_cube.py
[1.269s] -- Symlinking: /workspace/install/unified_vision_system/share/unified_vision_system/launch/test_unified_vision_system.py
[1.277s] -- Symlinking: /workspace/install/unified_vision_system/share/unified_vision_system/config/simulation_controllers.yaml
[1.284s] -- Symlinking: /workspace/install/unified_vision_system/share/unified_vision_system/config/simulation_controllers.yaml.sync
[1.292s] -- Symlinking: /workspace/install/unified_vision_system/share/unified_vision_system/config/ur30_robotiq.srdf.xacro
[1.299s] -- Symlinking: /workspace/install/unified_vision_system/share/unified_vision_system/config/ur30_vision_moveit.rviz
[1.308s] -- Symlinking: /workspace/install/unified_vision_system/share/unified_vision_system/urdf/.DS_Store
[1.319s] -- Symlinking: /workspace/install/unified_vision_system/share/unified_vision_system/urdf/robotiq_85_stable.urdf.xacro
[1.329s] -- Symlinking: /workspace/install/unified_vision_system/share/unified_vision_system/urdf/robotiq_arg85.urdf
[1.337s] -- Symlinking: /workspace/install/unified_vision_system/share/unified_vision_system/urdf/simple_parallel_gripper.urdf.xacro
[1.344s] -- Symlinking: /workspace/install/unified_vision_system/share/unified_vision_system/urdf/ur30_camera_only.urdf.xacro
[1.354s] -- Symlinking: /workspace/install/unified_vision_system/share/unified_vision_system/urdf/ur30_robotiq_realsense.urdf.xacro
[1.362s] -- Symlinking: /workspace/install/unified_vision_system/share/unified_vision_system/urdf/ur30_simple_gripper_camera.urdf.xacro
[1.370s] -- Symlinking: /workspace/install/unified_vision_system/share/unified_vision_system/urdf/ur30_simple_gripper_realsense.urdf.xacro
[1.379s] -- Symlinking: /workspace/install/unified_vision_system/share/unified_vision_system/worlds/ur30_vision_world.world
[1.388s] -- Symlinking: /workspace/install/unified_vision_system/share/unified_vision_system/meshes/inner_finger_coarse.STL
[1.395s] -- Symlinking: /workspace/install/unified_vision_system/share/unified_vision_system/meshes/inner_finger_fine.STL
[1.403s] -- Symlinking: /workspace/install/unified_vision_system/share/unified_vision_system/meshes/inner_knuckle_coarse.STL
[1.413s] -- Symlinking: /workspace/install/unified_vision_system/share/unified_vision_system/meshes/inner_knuckle_fine.STL
[1.422s] -- Symlinking: /workspace/install/unified_vision_system/share/unified_vision_system/meshes/outer_finger_coarse.STL
[1.431s] -- Symlinking: /workspace/install/unified_vision_system/share/unified_vision_system/meshes/outer_finger_fine.STL
[1.439s] -- Symlinking: /workspace/install/unified_vision_system/share/unified_vision_system/meshes/outer_knuckle_coarse.STL
[1.447s] -- Symlinking: /workspace/install/unified_vision_system/share/unified_vision_system/meshes/outer_knuckle_fine.STL
[1.455s] -- Symlinking: /workspace/install/unified_vision_system/share/unified_vision_system/meshes/robotiq_85_base_link_coarse.STL
[1.463s] -- Symlinking: /workspace/install/unified_vision_system/share/unified_vision_system/meshes/robotiq_85_base_link_fine.STL
[1.470s] -- Symlinking: /workspace/install/unified_vision_system/share/ament_index/resource_index/package_run_dependencies/unified_vision_system
[1.478s] -- Symlinking: /workspace/install/unified_vision_system/share/ament_index/resource_index/parent_prefix_path/unified_vision_system
[1.486s] -- Symlinking: /workspace/install/unified_vision_system/share/unified_vision_system/environment/ament_prefix_path.sh
[1.494s] -- Symlinking: /workspace/install/unified_vision_system/share/unified_vision_system/environment/ament_prefix_path.dsv
[1.501s] -- Symlinking: /workspace/install/unified_vision_system/share/unified_vision_system/environment/path.sh
[1.508s] -- Symlinking: /workspace/install/unified_vision_system/share/unified_vision_system/environment/path.dsv
[1.518s] -- Symlinking: /workspace/install/unified_vision_system/share/unified_vision_system/local_setup.bash
[1.526s] -- Symlinking: /workspace/install/unified_vision_system/share/unified_vision_system/local_setup.sh
[1.534s] -- Symlinking: /workspace/install/unified_vision_system/share/unified_vision_system/local_setup.zsh
[1.541s] -- Symlinking: /workspace/install/unified_vision_system/share/unified_vision_system/local_setup.dsv
[1.548s] -- Symlinking: /workspace/install/unified_vision_system/share/unified_vision_system/package.dsv
[1.555s] -- Symlinking: /workspace/install/unified_vision_system/share/ament_index/resource_index/packages/unified_vision_system
[1.562s] -- Symlinking: /workspace/install/unified_vision_system/share/unified_vision_system/cmake/ament_cmake_export_dependencies-extras.cmake
[1.569s] -- Symlinking: /workspace/install/unified_vision_system/share/unified_vision_system/cmake/unified_vision_systemConfig.cmake
[1.576s] -- Symlinking: /workspace/install/unified_vision_system/share/unified_vision_system/cmake/unified_vision_systemConfig-version.cmake
[1.584s] -- Symlinking: /workspace/install/unified_vision_system/share/unified_vision_system/package.xml
[1.655s] Listing '/workspace/install/unified_vision_system/lib/python3.11/site-packages/unified_vision_system'...
[1.655s] Compiling '/workspace/install/unified_vision_system/lib/python3.11/site-packages/unified_vision_system/__init__.py'...
[1.655s] Listing '/workspace/install/unified_vision_system/lib/python3.11/site-packages/unified_vision_system/calibration'...
[1.655s] Compiling '/workspace/install/unified_vision_system/lib/python3.11/site-packages/unified_vision_system/calibration/CameraCalibration.py'...
[1.655s] Compiling '/workspace/install/unified_vision_system/lib/python3.11/site-packages/unified_vision_system/calibration/EyeInHandSafetyChecker.py'...
[1.655s] Compiling '/workspace/install/unified_vision_system/lib/python3.11/site-packages/unified_vision_system/calibration/HandEyeCalibrator.py'...
[1.656s] Compiling '/workspace/install/unified_vision_system/lib/python3.11/site-packages/unified_vision_system/calibration/__init__.py'...
[1.656s] Listing '/workspace/install/unified_vision_system/lib/python3.11/site-packages/unified_vision_system/control'...
[1.656s] Compiling '/workspace/install/unified_vision_system/lib/python3.11/site-packages/unified_vision_system/control/HybridIKWrapper.py'...
[1.656s] Compiling '/workspace/install/unified_vision_system/lib/python3.11/site-packages/unified_vision_system/control/UR30Kinematics.py'...
[1.656s] Compiling '/workspace/install/unified_vision_system/lib/python3.11/site-packages/unified_vision_system/control/__init__.py'...
[1.656s] Compiling '/workspace/install/unified_vision_system/lib/python3.11/site-packages/unified_vision_system/control/ur30_grasp_controller.py'...
[1.656s] Compiling '/workspace/install/unified_vision_system/lib/python3.11/site-packages/unified_vision_system/control/ur30_robot_rtb.py'...
[1.656s] Listing '/workspace/install/unified_vision_system/lib/python3.11/site-packages/unified_vision_system/hri'...
[1.656s] Compiling '/workspace/install/unified_vision_system/lib/python3.11/site-packages/unified_vision_system/hri/ConstructionClarificationManager.py'...
[1.656s] Compiling '/workspace/install/unified_vision_system/lib/python3.11/site-packages/unified_vision_system/hri/ConstructionRasaNLP.py'...
[1.656s] Compiling '/workspace/install/unified_vision_system/lib/python3.11/site-packages/unified_vision_system/hri/ConstructionTTSManager.py'...
[1.656s] Compiling '/workspace/install/unified_vision_system/lib/python3.11/site-packages/unified_vision_system/hri/EnhancedConstructionRAG.py'...
[1.656s] Compiling '/workspace/install/unified_vision_system/lib/python3.11/site-packages/unified_vision_system/hri/ExperimentalController.py'...
[1.656s] Compiling '/workspace/install/unified_vision_system/lib/python3.11/site-packages/unified_vision_system/hri/SpeechCommandProcessor.py'...
[1.656s] Compiling '/workspace/install/unified_vision_system/lib/python3.11/site-packages/unified_vision_system/hri/__init__.py'...
[1.656s] Listing '/workspace/install/unified_vision_system/lib/python3.11/site-packages/unified_vision_system/metrics'...
[1.656s] Compiling '/workspace/install/unified_vision_system/lib/python3.11/site-packages/unified_vision_system/metrics/BehavioralMetrics.py'...
[1.656s] Compiling '/workspace/install/unified_vision_system/lib/python3.11/site-packages/unified_vision_system/metrics/NASATLXAssessment.py'...
[1.656s] Compiling '/workspace/install/unified_vision_system/lib/python3.11/site-packages/unified_vision_system/metrics/TrustQuestionnaire.py'...
[1.656s] Compiling '/workspace/install/unified_vision_system/lib/python3.11/site-packages/unified_vision_system/metrics/__init__.py'...
[1.656s] Listing '/workspace/install/unified_vision_system/lib/python3.11/site-packages/unified_vision_system/perception'...
[1.656s] Compiling '/workspace/install/unified_vision_system/lib/python3.11/site-packages/unified_vision_system/perception/DepthAwareDetector.py'...
[1.656s] Compiling '/workspace/install/unified_vision_system/lib/python3.11/site-packages/unified_vision_system/perception/GraspPointDetector.py'...
[1.656s] Compiling '/workspace/install/unified_vision_system/lib/python3.11/site-packages/unified_vision_system/perception/OWLViTDetector.py'...
[1.656s] Compiling '/workspace/install/unified_vision_system/lib/python3.11/site-packages/unified_vision_system/perception/WorkSpaceValidator.py'...
[1.656s] Compiling '/workspace/install/unified_vision_system/lib/python3.11/site-packages/unified_vision_system/perception/__init__.py'...
[1.656s] Listing '/workspace/install/unified_vision_system/lib/python3.11/site-packages/unified_vision_system/system'...
[1.656s] Compiling '/workspace/install/unified_vision_system/lib/python3.11/site-packages/unified_vision_system/system/UnifiedVisionSystem.py'...
[1.656s] Compiling '/workspace/install/unified_vision_system/lib/python3.11/site-packages/unified_vision_system/system/UnifiedVisionSystemSim.py'...
[1.657s] Compiling '/workspace/install/unified_vision_system/lib/python3.11/site-packages/unified_vision_system/system/__init__.py'...
[1.661s] Invoked command in '/workspace/build/unified_vision_system' returned '0': CMAKE_PREFIX_PATH=/workspace/install/ur_description:/workspace/install/robotiq_description:/opt/ros/humble:/workspace/install/robotiq_2f_85_gripper_visualization:/workspace/install/unified_vision_system:/workspace/install/robotiq_hardware_tests:/workspace/install/robotiq_driver:/workspace/install/serial:/workspace/install/robotiq_controllers CONDA_PROMPT_MODIFIER=(base) /usr/bin/cmake --install /workspace/build/unified_vision_system
