-- The C compiler identification is GNU 11.4.0
-- The CXX compiler identification is GNU 11.4.0
-- Detecting C compiler ABI info
-- Detecting C compiler ABI info - done
-- Check for working C compiler: /usr/bin/cc - skipped
-- Detecting C compile features
-- Detecting C compile features - done
-- Detecting CXX compiler ABI info
-- Detecting CXX compiler ABI info - done
-- Check for working CXX compiler: /usr/bin/c++ - skipped
-- Detecting CXX compile features
-- Detecting CXX compile features - done
-- Found ament_cmake: 1.3.12 (/opt/ros/humble/share/ament_cmake/cmake)
-- Found Python3: /opt/miniconda3/bin/python3 (found version "3.11.5") found components: Interpreter 
-- Override CMake install command with custom implementation using symlinks instead of copying resources
-- Configuring done
-- Generating done
-- Build files have been written to: /workspace/build/serial
[ 75%] Building CXX object CMakeFiles/serial.dir/src/impl/unix.cc.o
[ 75%] Building CXX object CMakeFiles/serial.dir/src/impl/list_ports/list_ports_linux.cc.o
[ 75%] Building CXX object CMakeFiles/serial.dir/src/serial.cc.o
[100%] Linking CXX static library libserial.a
[100%] Built target serial
-- Install configuration: ""
-- Execute custom install script
-- Symlinking: /workspace/install/serial/include/serial/impl/unix.h
-- Symlinking: /workspace/install/serial/include/serial/impl/win.h
-- Symlinking: /workspace/install/serial/include/serial/serial.h
-- Symlinking: /workspace/install/serial/include/serial/v8stdint.h
-- Symlinking: /workspace/install/serial/share/serial/environment/library_path.sh
-- Symlinking: /workspace/install/serial/share/serial/environment/library_path.dsv
-- Symlinking: /workspace/install/serial/share/ament_index/resource_index/package_run_dependencies/serial
-- Symlinking: /workspace/install/serial/share/ament_index/resource_index/parent_prefix_path/serial
-- Symlinking: /workspace/install/serial/share/serial/environment/ament_prefix_path.sh
-- Symlinking: /workspace/install/serial/share/serial/environment/ament_prefix_path.dsv
-- Symlinking: /workspace/install/serial/share/serial/environment/path.sh
-- Symlinking: /workspace/install/serial/share/serial/environment/path.dsv
-- Symlinking: /workspace/install/serial/share/serial/local_setup.bash
-- Symlinking: /workspace/install/serial/share/serial/local_setup.sh
-- Symlinking: /workspace/install/serial/share/serial/local_setup.zsh
-- Symlinking: /workspace/install/serial/share/serial/local_setup.dsv
-- Symlinking: /workspace/install/serial/share/serial/package.dsv
-- Symlinking: /workspace/install/serial/share/ament_index/resource_index/packages/serial
-- Symlinking: /workspace/install/serial/share/serial/cmake/ament_cmake_export_include_directories-extras.cmake
-- Symlinking: /workspace/install/serial/share/serial/cmake/ament_cmake_export_libraries-extras.cmake
-- Symlinking: /workspace/install/serial/share/serial/cmake/ament_cmake_export_targets-extras.cmake
-- Symlinking: /workspace/install/serial/share/serial/cmake/serialConfig.cmake
-- Symlinking: /workspace/install/serial/share/serial/cmake/serialConfig-version.cmake
-- Symlinking: /workspace/install/serial/share/serial/package.xml
-- Installing: /workspace/install/serial/lib/libserial.a
-- Installing: /workspace/install/serial/share/serial/cmake/export_serialExport.cmake
-- Installing: /workspace/install/serial/share/serial/cmake/export_serialExport-noconfig.cmake
