[0.019s] Invoking command in '/workspace/build/serial': CMAKE_PREFIX_PATH=/opt/ros/humble /usr/bin/cmake /workspace/src/serial -DAMENT_CMAKE_SYMLINK_INSTALL=1 -DCMAKE_INSTALL_PREFIX=/workspace/install/serial
[0.117s] -- The C compiler identification is GNU 11.4.0
[0.184s] -- The CXX compiler identification is GNU 11.4.0
[0.192s] -- Detecting C compiler ABI info
[0.255s] -- Detecting C compiler ABI info - done
[0.260s] -- Check for working C compiler: /usr/bin/cc - skipped
[0.260s] -- Detecting C compile features
[0.260s] -- Detecting C compile features - done
[0.262s] -- Detecting CXX compiler ABI info
[0.329s] -- Detecting CXX compiler ABI info - done
[0.334s] -- Check for working CXX compiler: /usr/bin/c++ - skipped
[0.334s] -- Detecting CXX compile features
[0.334s] -- Detecting CXX compile features - done
[0.347s] -- Found ament_cmake: 1.3.12 (/opt/ros/humble/share/ament_cmake/cmake)
[0.635s] -- Found Python3: /opt/miniconda3/bin/python3 (found version "3.11.5") found components: Interpreter 
[0.687s] -- Override CMake install command with custom implementation using symlinks instead of copying resources
[0.796s] -- Configuring done
[0.800s] -- Generating done
[0.803s] -- Build files have been written to: /workspace/build/serial
[0.805s] Invoked command in '/workspace/build/serial' returned '0': CMAKE_PREFIX_PATH=/opt/ros/humble /usr/bin/cmake /workspace/src/serial -DAMENT_CMAKE_SYMLINK_INSTALL=1 -DCMAKE_INSTALL_PREFIX=/workspace/install/serial
[0.806s] Invoking command in '/workspace/build/serial': CMAKE_PREFIX_PATH=/opt/ros/humble /usr/bin/cmake --build /workspace/build/serial -- -j12 -l12
[0.849s] [ 75%] Building CXX object CMakeFiles/serial.dir/src/impl/unix.cc.o
[0.849s] [ 75%] Building CXX object CMakeFiles/serial.dir/src/impl/list_ports/list_ports_linux.cc.o
[0.849s] [ 75%] Building CXX object CMakeFiles/serial.dir/src/serial.cc.o
[1.233s] [100%] Linking CXX static library libserial.a
[1.264s] [100%] Built target serial
[1.273s] Invoked command in '/workspace/build/serial' returned '0': CMAKE_PREFIX_PATH=/opt/ros/humble /usr/bin/cmake --build /workspace/build/serial -- -j12 -l12
[1.273s] Invoking command in '/workspace/build/serial': CMAKE_PREFIX_PATH=/opt/ros/humble /usr/bin/cmake --install /workspace/build/serial
[1.279s] -- Install configuration: ""
[1.279s] -- Execute custom install script
[1.280s] -- Symlinking: /workspace/install/serial/include/serial/impl/unix.h
[1.286s] -- Symlinking: /workspace/install/serial/include/serial/impl/win.h
[1.293s] -- Symlinking: /workspace/install/serial/include/serial/serial.h
[1.300s] -- Symlinking: /workspace/install/serial/include/serial/v8stdint.h
[1.308s] -- Symlinking: /workspace/install/serial/share/serial/environment/library_path.sh
[1.315s] -- Symlinking: /workspace/install/serial/share/serial/environment/library_path.dsv
[1.322s] -- Symlinking: /workspace/install/serial/share/ament_index/resource_index/package_run_dependencies/serial
[1.330s] -- Symlinking: /workspace/install/serial/share/ament_index/resource_index/parent_prefix_path/serial
[1.337s] -- Symlinking: /workspace/install/serial/share/serial/environment/ament_prefix_path.sh
[1.344s] -- Symlinking: /workspace/install/serial/share/serial/environment/ament_prefix_path.dsv
[1.351s] -- Symlinking: /workspace/install/serial/share/serial/environment/path.sh
[1.358s] -- Symlinking: /workspace/install/serial/share/serial/environment/path.dsv
[1.365s] -- Symlinking: /workspace/install/serial/share/serial/local_setup.bash
[1.372s] -- Symlinking: /workspace/install/serial/share/serial/local_setup.sh
[1.379s] -- Symlinking: /workspace/install/serial/share/serial/local_setup.zsh
[1.386s] -- Symlinking: /workspace/install/serial/share/serial/local_setup.dsv
[1.394s] -- Symlinking: /workspace/install/serial/share/serial/package.dsv
[1.401s] -- Symlinking: /workspace/install/serial/share/ament_index/resource_index/packages/serial
[1.409s] -- Symlinking: /workspace/install/serial/share/serial/cmake/ament_cmake_export_include_directories-extras.cmake
[1.422s] -- Symlinking: /workspace/install/serial/share/serial/cmake/ament_cmake_export_libraries-extras.cmake
[1.424s] -- Symlinking: /workspace/install/serial/share/serial/cmake/ament_cmake_export_targets-extras.cmake
[1.431s] -- Symlinking: /workspace/install/serial/share/serial/cmake/serialConfig.cmake
[1.438s] -- Symlinking: /workspace/install/serial/share/serial/cmake/serialConfig-version.cmake
[1.445s] -- Symlinking: /workspace/install/serial/share/serial/package.xml
[1.452s] -- Installing: /workspace/install/serial/lib/libserial.a
[1.453s] -- Installing: /workspace/install/serial/share/serial/cmake/export_serialExport.cmake
[1.453s] -- Installing: /workspace/install/serial/share/serial/cmake/export_serialExport-noconfig.cmake
[1.455s] Invoked command in '/workspace/build/serial' returned '0': CMAKE_PREFIX_PATH=/opt/ros/humble /usr/bin/cmake --install /workspace/build/serial
