[0.013s] Invoking command in '/home/ur5e_user/workspace/build/unified_vision_system': AMENT_PREFIX_PATH=/home/ur5e_user/workspace/install/robotiq_description:${AMENT_PREFIX_PATH} CMAKE_PREFIX_PATH=/home/ur5e_user/workspace/install/robotiq_description:/opt/ros/humble:/home/ur5e_user/workspace/install/robotiq_2f_85_gripper_visualization:${CMAKE_PREFIX_PATH} CONDA_PROMPT_MODIFIER=(ur5e_vlm_environment) PKG_CONFIG_PATH=/home/ur5e_user/workspace/install/robotiq_2f_85_gripper_visualization/lib/x86_64-linux-gnu/pkgconfig:/home/ur5e_user/workspace/install/robotiq_2f_85_gripper_visualization/lib/pkgconfig ROS_PACKAGE_PATH=/home/ur5e_user/workspace/install/robotiq_2f_85_gripper_visualization/share /opt/miniconda3/envs/ur5e_vlm_environment/bin/cmake --build /home/ur5e_user/workspace/build/unified_vision_system -- -j12 -l12
[0.038s] -- Found ament_cmake: 1.3.12 (/opt/ros/humble/share/ament_cmake/cmake)
[0.291s] -- Configuring done
[0.296s] -- Generating done
[0.298s] -- Build files have been written to: /home/ur5e_user/workspace/build/unified_vision_system
[0.338s] Built target ament_cmake_python_copy_unified_vision_system
[0.472s] running egg_info
[0.479s] writing unified_vision_system.egg-info/PKG-INFO
[0.479s] writing dependency_links to unified_vision_system.egg-info/dependency_links.txt
[0.479s] writing top-level names to unified_vision_system.egg-info/top_level.txt
[0.496s] reading manifest file 'unified_vision_system.egg-info/SOURCES.txt'
[0.497s] writing manifest file 'unified_vision_system.egg-info/SOURCES.txt'
[0.525s] Built target ament_cmake_python_build_unified_vision_system_egg
[0.537s] Invoked command in '/home/ur5e_user/workspace/build/unified_vision_system' returned '0': AMENT_PREFIX_PATH=/home/ur5e_user/workspace/install/robotiq_description:${AMENT_PREFIX_PATH} CMAKE_PREFIX_PATH=/home/ur5e_user/workspace/install/robotiq_description:/opt/ros/humble:/home/ur5e_user/workspace/install/robotiq_2f_85_gripper_visualization:${CMAKE_PREFIX_PATH} CONDA_PROMPT_MODIFIER=(ur5e_vlm_environment) PKG_CONFIG_PATH=/home/ur5e_user/workspace/install/robotiq_2f_85_gripper_visualization/lib/x86_64-linux-gnu/pkgconfig:/home/ur5e_user/workspace/install/robotiq_2f_85_gripper_visualization/lib/pkgconfig ROS_PACKAGE_PATH=/home/ur5e_user/workspace/install/robotiq_2f_85_gripper_visualization/share /opt/miniconda3/envs/ur5e_vlm_environment/bin/cmake --build /home/ur5e_user/workspace/build/unified_vision_system -- -j12 -l12
[0.545s] Invoking command in '/home/ur5e_user/workspace/build/unified_vision_system': AMENT_PREFIX_PATH=/home/ur5e_user/workspace/install/robotiq_description:${AMENT_PREFIX_PATH} CMAKE_PREFIX_PATH=/home/ur5e_user/workspace/install/robotiq_description:/opt/ros/humble:/home/ur5e_user/workspace/install/robotiq_2f_85_gripper_visualization:${CMAKE_PREFIX_PATH} CONDA_PROMPT_MODIFIER=(ur5e_vlm_environment) PKG_CONFIG_PATH=/home/ur5e_user/workspace/install/robotiq_2f_85_gripper_visualization/lib/x86_64-linux-gnu/pkgconfig:/home/ur5e_user/workspace/install/robotiq_2f_85_gripper_visualization/lib/pkgconfig ROS_PACKAGE_PATH=/home/ur5e_user/workspace/install/robotiq_2f_85_gripper_visualization/share /opt/miniconda3/envs/ur5e_vlm_environment/bin/cmake --install /home/ur5e_user/workspace/build/unified_vision_system
[0.551s] -- Install configuration: ""
[0.552s] -- Up-to-date: /home/ur5e_user/workspace/install/unified_vision_system/share/unified_vision_system/environment/pythonpath.sh
[0.552s] -- Installing: /home/ur5e_user/workspace/install/unified_vision_system/share/unified_vision_system/environment/pythonpath.dsv
[0.552s] -- Up-to-date: /home/ur5e_user/workspace/install/unified_vision_system/lib/python3.11/site-packages/unified_vision_system-1.0.0-py3.11.egg-info
[0.552s] -- Installing: /home/ur5e_user/workspace/install/unified_vision_system/lib/python3.11/site-packages/unified_vision_system-1.0.0-py3.11.egg-info/PKG-INFO
[0.552s] -- Installing: /home/ur5e_user/workspace/install/unified_vision_system/lib/python3.11/site-packages/unified_vision_system-1.0.0-py3.11.egg-info/SOURCES.txt
[0.552s] -- Installing: /home/ur5e_user/workspace/install/unified_vision_system/lib/python3.11/site-packages/unified_vision_system-1.0.0-py3.11.egg-info/top_level.txt
[0.553s] -- Installing: /home/ur5e_user/workspace/install/unified_vision_system/lib/python3.11/site-packages/unified_vision_system-1.0.0-py3.11.egg-info/dependency_links.txt
[0.553s] -- Up-to-date: /home/ur5e_user/workspace/install/unified_vision_system/lib/python3.11/site-packages/unified_vision_system
[0.553s] -- Up-to-date: /home/ur5e_user/workspace/install/unified_vision_system/lib/python3.11/site-packages/unified_vision_system/__init__.py
[0.584s] Listing '/home/ur5e_user/workspace/install/unified_vision_system/lib/python3.11/site-packages/unified_vision_system'...
[0.596s] -- Up-to-date: /home/ur5e_user/workspace/install/unified_vision_system/lib/unified_vision_system/unified_vision_system_node.py
[0.596s] -- Up-to-date: /home/ur5e_user/workspace/install/unified_vision_system/lib/unified_vision_system/create_sim_calibration.py
[0.596s] -- Up-to-date: /home/ur5e_user/workspace/install/unified_vision_system/share/unified_vision_system/launch
[0.596s] -- Up-to-date: /home/ur5e_user/workspace/install/unified_vision_system/share/unified_vision_system/launch/test_unified_vision_system.py
[0.596s] -- Up-to-date: /home/ur5e_user/workspace/install/unified_vision_system/share/unified_vision_system/launch/.DS_Store
[0.596s] -- Up-to-date: /home/ur5e_user/workspace/install/unified_vision_system/share/unified_vision_system/launch/__pycache__
[0.596s] -- Up-to-date: /home/ur5e_user/workspace/install/unified_vision_system/share/unified_vision_system/launch/__pycache__/launch_gazebo_with_red_cube.cpython-313.pyc
[0.596s] -- Up-to-date: /home/ur5e_user/workspace/install/unified_vision_system/share/unified_vision_system/launch/__pycache__/test_unified_vision_system.cpython-313.pyc
[0.596s] -- Up-to-date: /home/ur5e_user/workspace/install/unified_vision_system/share/unified_vision_system/launch/launch_gazebo_with_red_cube.py
[0.596s] -- Up-to-date: /home/ur5e_user/workspace/install/unified_vision_system/share/unified_vision_system/config
[0.596s] -- Up-to-date: /home/ur5e_user/workspace/install/unified_vision_system/share/unified_vision_system/config/simulation_controllers.yaml
[0.596s] -- Up-to-date: /home/ur5e_user/workspace/install/unified_vision_system/share/unified_vision_system/config/ur5e_robotiq.srdf.xacro
[0.596s] -- Up-to-date: /home/ur5e_user/workspace/install/unified_vision_system/share/unified_vision_system/config/ur30_robotiq.srdf.xacro
[0.596s] -- Up-to-date: /home/ur5e_user/workspace/install/unified_vision_system/share/unified_vision_system/config/simulation_controllers.yaml.sync
[0.596s] -- Up-to-date: /home/ur5e_user/workspace/install/unified_vision_system/share/unified_vision_system/urdf
[0.597s] -- Up-to-date: /home/ur5e_user/workspace/install/unified_vision_system/share/unified_vision_system/urdf/ur5e_robotiq_realsense.urdf.xacro.sync
[0.597s] -- Installing: /home/ur5e_user/workspace/install/unified_vision_system/share/unified_vision_system/urdf/ur30_robotiq_realsense.urdf.xacro
[0.597s] -- Up-to-date: /home/ur5e_user/workspace/install/unified_vision_system/share/unified_vision_system/urdf/robotiq_arg85.urdf
[0.597s] -- Up-to-date: /home/ur5e_user/workspace/install/unified_vision_system/share/unified_vision_system/urdf/ur5e_robotiq_realsense.urdf.xacro
[0.597s] -- Up-to-date: /home/ur5e_user/workspace/install/unified_vision_system/share/unified_vision_system/urdf/ur5e_with_realsense.urdf.xacro
[0.597s] -- Up-to-date: /home/ur5e_user/workspace/install/unified_vision_system/share/unified_vision_system/urdf/.DS_Store
[0.597s] -- Up-to-date: /home/ur5e_user/workspace/install/unified_vision_system/share/unified_vision_system/urdf/ur5e_robotiq_realsense.urdf.xacro.backup
[0.597s] -- Up-to-date: /home/ur5e_user/workspace/install/unified_vision_system/share/unified_vision_system/urdf/robotiq_85_stable.urdf.xacro
[0.597s] -- Up-to-date: /home/ur5e_user/workspace/install/unified_vision_system/share/unified_vision_system/urdf/ur5e_robotiq_realsense.urdf.xacro.backup.old
[0.597s] -- Up-to-date: /home/ur5e_user/workspace/install/unified_vision_system/share/unified_vision_system/worlds
[0.597s] -- Up-to-date: /home/ur5e_user/workspace/install/unified_vision_system/share/unified_vision_system/worlds/ur5e_vision_world.world
[0.597s] -- Up-to-date: /home/ur5e_user/workspace/install/unified_vision_system/share/unified_vision_system/meshes
[0.597s] -- Up-to-date: /home/ur5e_user/workspace/install/unified_vision_system/share/unified_vision_system/meshes/outer_knuckle_coarse.STL
[0.597s] -- Up-to-date: /home/ur5e_user/workspace/install/unified_vision_system/share/unified_vision_system/meshes/inner_knuckle_coarse.STL
[0.597s] -- Up-to-date: /home/ur5e_user/workspace/install/unified_vision_system/share/unified_vision_system/meshes/outer_finger_fine.STL
[0.597s] -- Up-to-date: /home/ur5e_user/workspace/install/unified_vision_system/share/unified_vision_system/meshes/inner_finger_fine.STL
[0.597s] -- Up-to-date: /home/ur5e_user/workspace/install/unified_vision_system/share/unified_vision_system/meshes/robotiq_85_base_link_fine.STL
[0.597s] -- Up-to-date: /home/ur5e_user/workspace/install/unified_vision_system/share/unified_vision_system/meshes/inner_finger_coarse.STL
[0.597s] -- Up-to-date: /home/ur5e_user/workspace/install/unified_vision_system/share/unified_vision_system/meshes/inner_knuckle_fine.STL
[0.597s] -- Up-to-date: /home/ur5e_user/workspace/install/unified_vision_system/share/unified_vision_system/meshes/robotiq_85_base_link_coarse.STL
[0.597s] -- Up-to-date: /home/ur5e_user/workspace/install/unified_vision_system/share/unified_vision_system/meshes/outer_finger_coarse.STL
[0.597s] -- Up-to-date: /home/ur5e_user/workspace/install/unified_vision_system/share/unified_vision_system/meshes/outer_knuckle_fine.STL
[0.597s] -- Installing: /home/ur5e_user/workspace/install/unified_vision_system/share/ament_index/resource_index/package_run_dependencies/unified_vision_system
[0.597s] -- Installing: /home/ur5e_user/workspace/install/unified_vision_system/share/ament_index/resource_index/parent_prefix_path/unified_vision_system
[0.597s] -- Up-to-date: /home/ur5e_user/workspace/install/unified_vision_system/share/unified_vision_system/environment/ament_prefix_path.sh
[0.598s] -- Installing: /home/ur5e_user/workspace/install/unified_vision_system/share/unified_vision_system/environment/ament_prefix_path.dsv
[0.598s] -- Up-to-date: /home/ur5e_user/workspace/install/unified_vision_system/share/unified_vision_system/environment/path.sh
[0.598s] -- Installing: /home/ur5e_user/workspace/install/unified_vision_system/share/unified_vision_system/environment/path.dsv
[0.598s] -- Up-to-date: /home/ur5e_user/workspace/install/unified_vision_system/share/unified_vision_system/local_setup.bash
[0.598s] -- Up-to-date: /home/ur5e_user/workspace/install/unified_vision_system/share/unified_vision_system/local_setup.sh
[0.598s] -- Up-to-date: /home/ur5e_user/workspace/install/unified_vision_system/share/unified_vision_system/local_setup.zsh
[0.598s] -- Installing: /home/ur5e_user/workspace/install/unified_vision_system/share/unified_vision_system/local_setup.dsv
[0.598s] -- Installing: /home/ur5e_user/workspace/install/unified_vision_system/share/unified_vision_system/package.dsv
[0.598s] -- Up-to-date: /home/ur5e_user/workspace/install/unified_vision_system/share/ament_index/resource_index/packages/unified_vision_system
[0.598s] -- Installing: /home/ur5e_user/workspace/install/unified_vision_system/share/unified_vision_system/cmake/ament_cmake_export_dependencies-extras.cmake
[0.598s] -- Installing: /home/ur5e_user/workspace/install/unified_vision_system/share/unified_vision_system/cmake/unified_vision_systemConfig.cmake
[0.598s] -- Up-to-date: /home/ur5e_user/workspace/install/unified_vision_system/share/unified_vision_system/cmake/unified_vision_systemConfig-version.cmake
[0.598s] -- Installing: /home/ur5e_user/workspace/install/unified_vision_system/share/unified_vision_system/package.xml
[0.599s] Invoked command in '/home/ur5e_user/workspace/build/unified_vision_system' returned '0': AMENT_PREFIX_PATH=/home/ur5e_user/workspace/install/robotiq_description:${AMENT_PREFIX_PATH} CMAKE_PREFIX_PATH=/home/ur5e_user/workspace/install/robotiq_description:/opt/ros/humble:/home/ur5e_user/workspace/install/robotiq_2f_85_gripper_visualization:${CMAKE_PREFIX_PATH} CONDA_PROMPT_MODIFIER=(ur5e_vlm_environment) PKG_CONFIG_PATH=/home/ur5e_user/workspace/install/robotiq_2f_85_gripper_visualization/lib/x86_64-linux-gnu/pkgconfig:/home/ur5e_user/workspace/install/robotiq_2f_85_gripper_visualization/lib/pkgconfig ROS_PACKAGE_PATH=/home/ur5e_user/workspace/install/robotiq_2f_85_gripper_visualization/share /opt/miniconda3/envs/ur5e_vlm_environment/bin/cmake --install /home/ur5e_user/workspace/build/unified_vision_system
