-- Found ament_cmake: 1.3.12 (/opt/ros/humble/share/ament_cmake/cmake)
-- Found Python3: /opt/miniconda3/bin/python3 (found version "3.11.5") found components: Interpreter 
-- Configuring done
-- Generating done
-- Build files have been written to: /home/ur5e_user/workspace/build/unified_vision_system
Built target ament_cmake_python_copy_unified_vision_system
running egg_info
creating unified_vision_system.egg-info
writing unified_vision_system.egg-info/PKG-INFO
writing dependency_links to unified_vision_system.egg-info/dependency_links.txt
writing top-level names to unified_vision_system.egg-info/top_level.txt
writing manifest file 'unified_vision_system.egg-info/SOURCES.txt'
reading manifest file 'unified_vision_system.egg-info/SOURCES.txt'
writing manifest file 'unified_vision_system.egg-info/SOURCES.txt'
Built target ament_cmake_python_build_unified_vision_system_egg
-- Install configuration: ""
-- Installing: /home/ur5e_user/workspace/install/unified_vision_system/share/unified_vision_system/environment/pythonpath.sh
-- Installing: /home/ur5e_user/workspace/install/unified_vision_system/share/unified_vision_system/environment/pythonpath.dsv
-- Installing: /home/ur5e_user/workspace/install/unified_vision_system/lib/python3.11/site-packages/unified_vision_system-1.0.0-py3.11.egg-info
-- Installing: /home/ur5e_user/workspace/install/unified_vision_system/lib/python3.11/site-packages/unified_vision_system-1.0.0-py3.11.egg-info/PKG-INFO
-- Installing: /home/ur5e_user/workspace/install/unified_vision_system/lib/python3.11/site-packages/unified_vision_system-1.0.0-py3.11.egg-info/SOURCES.txt
-- Installing: /home/ur5e_user/workspace/install/unified_vision_system/lib/python3.11/site-packages/unified_vision_system-1.0.0-py3.11.egg-info/top_level.txt
-- Installing: /home/ur5e_user/workspace/install/unified_vision_system/lib/python3.11/site-packages/unified_vision_system-1.0.0-py3.11.egg-info/dependency_links.txt
-- Installing: /home/ur5e_user/workspace/install/unified_vision_system/lib/python3.11/site-packages/unified_vision_system
-- Installing: /home/ur5e_user/workspace/install/unified_vision_system/lib/python3.11/site-packages/unified_vision_system/__init__.py
Listing '/home/ur5e_user/workspace/install/unified_vision_system/lib/python3.11/site-packages/unified_vision_system'...
Compiling '/home/ur5e_user/workspace/install/unified_vision_system/lib/python3.11/site-packages/unified_vision_system/__init__.py'...
-- Installing: /home/ur5e_user/workspace/install/unified_vision_system/lib/unified_vision_system/unified_vision_system_node.py
-- Installing: /home/ur5e_user/workspace/install/unified_vision_system/lib/unified_vision_system/create_sim_calibration.py
-- Installing: /home/ur5e_user/workspace/install/unified_vision_system/share/unified_vision_system/launch
-- Installing: /home/ur5e_user/workspace/install/unified_vision_system/share/unified_vision_system/launch/test_unified_vision_system.py
-- Installing: /home/ur5e_user/workspace/install/unified_vision_system/share/unified_vision_system/launch/.DS_Store
-- Installing: /home/ur5e_user/workspace/install/unified_vision_system/share/unified_vision_system/launch/__pycache__
-- Installing: /home/ur5e_user/workspace/install/unified_vision_system/share/unified_vision_system/launch/__pycache__/launch_gazebo_with_red_cube.cpython-313.pyc
-- Installing: /home/ur5e_user/workspace/install/unified_vision_system/share/unified_vision_system/launch/__pycache__/test_unified_vision_system.cpython-313.pyc
-- Installing: /home/ur5e_user/workspace/install/unified_vision_system/share/unified_vision_system/launch/launch_gazebo_with_red_cube.py
-- Installing: /home/ur5e_user/workspace/install/unified_vision_system/share/unified_vision_system/config
-- Installing: /home/ur5e_user/workspace/install/unified_vision_system/share/unified_vision_system/config/simulation_controllers.yaml
-- Installing: /home/ur5e_user/workspace/install/unified_vision_system/share/unified_vision_system/config/simulation_controllers.yaml.sync
-- Installing: /home/ur5e_user/workspace/install/unified_vision_system/share/unified_vision_system/urdf
-- Installing: /home/ur5e_user/workspace/install/unified_vision_system/share/unified_vision_system/urdf/ur5e_robotiq_realsense.urdf.xacro.sync
-- Installing: /home/ur5e_user/workspace/install/unified_vision_system/share/unified_vision_system/urdf/robotiq_arg85.urdf
-- Installing: /home/ur5e_user/workspace/install/unified_vision_system/share/unified_vision_system/urdf/ur5e_robotiq_realsense.urdf.xacro
-- Installing: /home/ur5e_user/workspace/install/unified_vision_system/share/unified_vision_system/urdf/ur5e_with_realsense.urdf.xacro
-- Installing: /home/ur5e_user/workspace/install/unified_vision_system/share/unified_vision_system/urdf/.DS_Store
-- Installing: /home/ur5e_user/workspace/install/unified_vision_system/share/unified_vision_system/urdf/ur5e_robotiq_realsense.urdf.xacro.backup
-- Installing: /home/ur5e_user/workspace/install/unified_vision_system/share/unified_vision_system/urdf/ur5e_robotiq_realsense.urdf.xacro.backup.old
-- Installing: /home/ur5e_user/workspace/install/unified_vision_system/share/unified_vision_system/worlds
-- Installing: /home/ur5e_user/workspace/install/unified_vision_system/share/unified_vision_system/worlds/ur5e_vision_world.world
-- Installing: /home/ur5e_user/workspace/install/unified_vision_system/share/unified_vision_system/meshes
-- Installing: /home/ur5e_user/workspace/install/unified_vision_system/share/unified_vision_system/meshes/outer_knuckle_coarse.STL
-- Installing: /home/ur5e_user/workspace/install/unified_vision_system/share/unified_vision_system/meshes/inner_knuckle_coarse.STL
-- Installing: /home/ur5e_user/workspace/install/unified_vision_system/share/unified_vision_system/meshes/outer_finger_fine.STL
-- Installing: /home/ur5e_user/workspace/install/unified_vision_system/share/unified_vision_system/meshes/inner_finger_fine.STL
-- Installing: /home/ur5e_user/workspace/install/unified_vision_system/share/unified_vision_system/meshes/robotiq_85_base_link_fine.STL
-- Installing: /home/ur5e_user/workspace/install/unified_vision_system/share/unified_vision_system/meshes/inner_finger_coarse.STL
-- Installing: /home/ur5e_user/workspace/install/unified_vision_system/share/unified_vision_system/meshes/inner_knuckle_fine.STL
-- Installing: /home/ur5e_user/workspace/install/unified_vision_system/share/unified_vision_system/meshes/robotiq_85_base_link_coarse.STL
-- Installing: /home/ur5e_user/workspace/install/unified_vision_system/share/unified_vision_system/meshes/outer_finger_coarse.STL
-- Installing: /home/ur5e_user/workspace/install/unified_vision_system/share/unified_vision_system/meshes/outer_knuckle_fine.STL
-- Installing: /home/ur5e_user/workspace/install/unified_vision_system/share/ament_index/resource_index/package_run_dependencies/unified_vision_system
-- Installing: /home/ur5e_user/workspace/install/unified_vision_system/share/ament_index/resource_index/parent_prefix_path/unified_vision_system
-- Installing: /home/ur5e_user/workspace/install/unified_vision_system/share/unified_vision_system/environment/ament_prefix_path.sh
-- Installing: /home/ur5e_user/workspace/install/unified_vision_system/share/unified_vision_system/environment/ament_prefix_path.dsv
-- Installing: /home/ur5e_user/workspace/install/unified_vision_system/share/unified_vision_system/environment/path.sh
-- Installing: /home/ur5e_user/workspace/install/unified_vision_system/share/unified_vision_system/environment/path.dsv
-- Installing: /home/ur5e_user/workspace/install/unified_vision_system/share/unified_vision_system/local_setup.bash
-- Installing: /home/ur5e_user/workspace/install/unified_vision_system/share/unified_vision_system/local_setup.sh
-- Installing: /home/ur5e_user/workspace/install/unified_vision_system/share/unified_vision_system/local_setup.zsh
-- Installing: /home/ur5e_user/workspace/install/unified_vision_system/share/unified_vision_system/local_setup.dsv
-- Installing: /home/ur5e_user/workspace/install/unified_vision_system/share/unified_vision_system/package.dsv
-- Installing: /home/ur5e_user/workspace/install/unified_vision_system/share/ament_index/resource_index/packages/unified_vision_system
-- Installing: /home/ur5e_user/workspace/install/unified_vision_system/share/unified_vision_system/cmake/unified_vision_systemConfig.cmake
-- Installing: /home/ur5e_user/workspace/install/unified_vision_system/share/unified_vision_system/cmake/unified_vision_systemConfig-version.cmake
-- Installing: /home/ur5e_user/workspace/install/unified_vision_system/share/unified_vision_system/package.xml
