[0.000000] (-) TimerEvent: {}
[0.000102] (-) JobUnselected: {'identifier': 'robotiq_2f_85_gripper_visualization'}
[0.000139] (-) JobUnselected: {'identifier': 'robotiq_controllers'}
[0.000209] (-) JobUnselected: {'identifier': 'robotiq_description'}
[0.000233] (-) JobUnselected: {'identifier': 'robotiq_driver'}
[0.000257] (-) JobUnselected: {'identifier': 'robotiq_hardware_tests'}
[0.000279] (-) JobUnselected: {'identifier': 'serial'}
[0.000299] (-) JobUnselected: {'identifier': 'ur_description'}
[0.000324] (unified_vision_system) JobQueued: {'identifier': 'unified_vision_system', 'dependencies': OrderedDict([('robotiq_2f_85_gripper_visualization', '/workspace/install/robotiq_2f_85_gripper_visualization'), ('robotiq_description', '/workspace/install/robotiq_description'), ('ur_description', '/workspace/install/ur_description')])}
[0.000404] (unified_vision_system) JobStarted: {'identifier': 'unified_vision_system'}
[0.010607] (unified_vision_system) JobProgress: {'identifier': 'unified_vision_system', 'progress': 'cmake'}
[0.010958] (unified_vision_system) JobProgress: {'identifier': 'unified_vision_system', 'progress': 'build'}
[0.011372] (unified_vision_system) Command: {'cmd': ['/usr/bin/cmake', '--build', '/workspace/build/unified_vision_system', '--', '-j12', '-l12'], 'cwd': '/workspace/build/unified_vision_system', 'env': OrderedDict([('LIBRARY_PATH', '/usr/local/cuda/lib64/stubs'), ('MINICONDA_VERSION', 'py311_23.11.0-2'), ('NV_LIBCUBLAS_VERSION', '12.1.0.26-1'), ('NV_NVPROF_DEV_PACKAGE', 'cuda-nvprof-12-1=12.1.55-1'), ('NV_CUDA_COMPAT_PACKAGE', 'cuda-compat-12-1'), ('NV_CUDA_NSIGHT_COMPUTE_VERSION', '12.1.0-1'), ('HOSTNAME', 'ishaan-Victus-by-HP-Gaming-Laptop-16-s1xxx'), ('ROS_PACKAGE_PATH', '/workspace/install/robotiq_2f_85_gripper_visualization/share'), ('NVIDIA_CUDA_END_OF_LIFE', '1'), ('SHLVL', '0'), ('LD_LIBRARY_PATH', '/workspace/install/robotiq_driver/lib:/workspace/install/serial/lib:/workspace/install/robotiq_controllers/lib:/usr/lib/x86_64-linux-gnu/gazebo-11/plugins:/opt/ros/humble/opt/rviz_ogre_vendor/lib:/opt/ros/humble/lib/x86_64-linux-gnu:/opt/ros/humble/lib:/usr/local/nvidia/lib:/usr/local/nvidia/lib64'), ('NV_LIBNCCL_PACKAGE_VERSION', '2.17.1-1'), ('HOME', '/home/ur5e_user'), ('OLDPWD', '/workspace'), ('NV_LIBCUBLAS_DEV_VERSION', '12.1.0.26-1'), ('ROS_PYTHON_VERSION', '3'), ('NV_LIBNCCL_DEV_PACKAGE_VERSION', '2.17.1-1'), ('NV_LIBNPP_PACKAGE', 'libnpp-12-1=12.0.2.50-1'), ('CUDA_VERSION', '12.1.0'), ('COLCON_PREFIX_PATH', '/workspace/install'), ('NV_NVPROF_VERSION', '12.1.55-1'), ('ROS_DISTRO', 'humble'), ('NV_LIBCUBLAS_PACKAGE_NAME', 'libcublas-12-1'), ('NVIDIA_REQUIRE_CUDA', 'cuda>=12.1 brand=tesla,driver>=470,driver<471 brand=unknown,driver>=470,driver<471 brand=nvidia,driver>=470,driver<471 brand=nvidiartx,driver>=470,driver<471 brand=geforce,driver>=470,driver<471 brand=geforcertx,driver>=470,driver<471 brand=quadro,driver>=470,driver<471 brand=quadrortx,driver>=470,driver<471 brand=titan,driver>=470,driver<471 brand=titanrtx,driver>=470,driver<471 brand=tesla,driver>=525,driver<526 brand=unknown,driver>=525,driver<526 brand=nvidia,driver>=525,driver<526 brand=nvidiartx,driver>=525,driver<526 brand=geforce,driver>=525,driver<526 brand=geforcertx,driver>=525,driver<526 brand=quadro,driver>=525,driver<526 brand=quadrortx,driver>=525,driver<526 brand=titan,driver>=525,driver<526 brand=titanrtx,driver>=525,driver<526'), ('_', '/usr/bin/colcon'), ('ROS_VERSION', '2'), ('PKG_CONFIG_PATH', '/workspace/install/robotiq_2f_85_gripper_visualization/lib/x86_64-linux-gnu/pkgconfig:/workspace/install/robotiq_2f_85_gripper_visualization/lib/pkgconfig'), ('NV_LIBCUSPARSE_VERSION', '12.0.2.55-1'), ('NVIDIA_DRIVER_CAPABILITIES', 'compute,utility'), ('NV_CUDA_LIB_VERSION', '12.1.0-1'), ('NV_LIBNCCL_PACKAGE_NAME', 'libnccl2'), ('NV_NVML_DEV_VERSION', '12.1.55-1'), ('NV_LIBNPP_DEV_PACKAGE', 'libnpp-dev-12-1=12.0.2.50-1'), ('NV_CUDA_CUDART_VERSION', '12.1.55-1'), ('ROS_LOCALHOST_ONLY', '0'), ('PATH', '/opt/ros/humble/bin:/opt/miniconda3/bin:/usr/local/nvidia/bin:/usr/local/cuda/bin:/usr/local/sbin:/usr/local/bin:/usr/sbin:/usr/bin:/sbin:/bin'), ('NV_LIBCUBLAS_DEV_PACKAGE_NAME', 'libcublas-dev-12-1'), ('NV_LIBCUBLAS_PACKAGE', 'libcublas-12-1=12.1.0.26-1'), ('NVARCH', 'x86_64'), ('NV_LIBNCCL_DEV_PACKAGE_NAME', 'libnccl-dev'), ('NV_LIBCUSPARSE_DEV_VERSION', '12.0.2.55-1'), ('DISPLAY', ':1'), ('NV_LIBNCCL_PACKAGE', 'libnccl2=2.17.1-1+cuda12.1'), ('NVIDIA_PRODUCT_NAME', 'CUDA'), ('LANG', 'en_US.UTF-8'), ('RMW_IMPLEMENTATION', 'rmw_fastrtps_cpp'), ('NV_CUDA_CUDART_DEV_VERSION', '12.1.55-1'), ('ROS_DOMAIN_ID', '0'), ('AMENT_PREFIX_PATH', '/workspace/install/unified_vision_system:/workspace/install/ur_description:/workspace/install/robotiq_hardware_tests:/workspace/install/robotiq_driver:/workspace/install/serial:/workspace/install/robotiq_description:/workspace/install/robotiq_controllers:/opt/ros/humble'), ('DEBIAN_FRONTEND', 'noninteractive'), ('NV_LIBCUBLAS_DEV_PACKAGE', 'libcublas-dev-12-1=12.1.0.26-1'), ('NV_CUDA_NSIGHT_COMPUTE_DEV_PACKAGE', 'cuda-nsight-compute-12-1=12.1.0-1'), ('NV_LIBNCCL_DEV_PACKAGE', 'libnccl-dev=2.17.1-1+cuda12.1'), ('NV_NVTX_VERSION', '12.1.66-1'), ('NV_LIBNPP_VERSION', '12.0.2.50-1'), ('PWD', '/workspace/build/unified_vision_system'), ('LC_ALL', 'en_US.UTF-8'), ('PYTHONPATH', '/workspace/install/unified_vision_system/lib/python3.11/site-packages:/opt/ros/humble/lib/python3.10/site-packages:/opt/ros/humble/local/lib/python3.10/dist-packages'), ('NVIDIA_VISIBLE_DEVICES', 'all'), ('NCCL_VERSION', '2.17.1-1'), ('TZ', 'America/Toronto'), ('COLCON', '1'), ('NV_LIBNPP_DEV_VERSION', '12.0.2.50-1'), ('CMAKE_PREFIX_PATH', '/workspace/install/ur_description:/workspace/install/robotiq_description:/opt/ros/humble:/workspace/install/robotiq_2f_85_gripper_visualization:/workspace/install/unified_vision_system:/workspace/install/robotiq_hardware_tests:/workspace/install/robotiq_driver:/workspace/install/serial:/workspace/install/robotiq_controllers')]), 'shell': False}
[0.068887] (unified_vision_system) StdoutLine: {'line': b'Built target ament_cmake_python_symlink_unified_vision_system\n'}
[0.099369] (-) TimerEvent: {}
[0.185583] (unified_vision_system) StdoutLine: {'line': b'running egg_info\n'}
[0.191463] (unified_vision_system) StdoutLine: {'line': b'writing unified_vision_system.egg-info/PKG-INFO\n'}
[0.191875] (unified_vision_system) StdoutLine: {'line': b'writing dependency_links to unified_vision_system.egg-info/dependency_links.txt\n'}
[0.192075] (unified_vision_system) StdoutLine: {'line': b'writing top-level names to unified_vision_system.egg-info/top_level.txt\n'}
[0.199438] (-) TimerEvent: {}
[0.208885] (unified_vision_system) StdoutLine: {'line': b"reading manifest file 'unified_vision_system.egg-info/SOURCES.txt'\n"}
[0.209668] (unified_vision_system) StdoutLine: {'line': b"writing manifest file 'unified_vision_system.egg-info/SOURCES.txt'\n"}
[0.237071] (unified_vision_system) StdoutLine: {'line': b'Built target ament_cmake_python_build_unified_vision_system_egg\n'}
[0.248040] (unified_vision_system) CommandEnded: {'returncode': 0}
[0.248740] (unified_vision_system) JobProgress: {'identifier': 'unified_vision_system', 'progress': 'install'}
[0.257515] (unified_vision_system) Command: {'cmd': ['/usr/bin/cmake', '--install', '/workspace/build/unified_vision_system'], 'cwd': '/workspace/build/unified_vision_system', 'env': OrderedDict([('LIBRARY_PATH', '/usr/local/cuda/lib64/stubs'), ('MINICONDA_VERSION', 'py311_23.11.0-2'), ('NV_LIBCUBLAS_VERSION', '12.1.0.26-1'), ('NV_NVPROF_DEV_PACKAGE', 'cuda-nvprof-12-1=12.1.55-1'), ('NV_CUDA_COMPAT_PACKAGE', 'cuda-compat-12-1'), ('NV_CUDA_NSIGHT_COMPUTE_VERSION', '12.1.0-1'), ('HOSTNAME', 'ishaan-Victus-by-HP-Gaming-Laptop-16-s1xxx'), ('ROS_PACKAGE_PATH', '/workspace/install/robotiq_2f_85_gripper_visualization/share'), ('NVIDIA_CUDA_END_OF_LIFE', '1'), ('SHLVL', '0'), ('LD_LIBRARY_PATH', '/workspace/install/robotiq_driver/lib:/workspace/install/serial/lib:/workspace/install/robotiq_controllers/lib:/usr/lib/x86_64-linux-gnu/gazebo-11/plugins:/opt/ros/humble/opt/rviz_ogre_vendor/lib:/opt/ros/humble/lib/x86_64-linux-gnu:/opt/ros/humble/lib:/usr/local/nvidia/lib:/usr/local/nvidia/lib64'), ('NV_LIBNCCL_PACKAGE_VERSION', '2.17.1-1'), ('HOME', '/home/ur5e_user'), ('OLDPWD', '/workspace'), ('NV_LIBCUBLAS_DEV_VERSION', '12.1.0.26-1'), ('ROS_PYTHON_VERSION', '3'), ('NV_LIBNCCL_DEV_PACKAGE_VERSION', '2.17.1-1'), ('NV_LIBNPP_PACKAGE', 'libnpp-12-1=12.0.2.50-1'), ('CUDA_VERSION', '12.1.0'), ('COLCON_PREFIX_PATH', '/workspace/install'), ('NV_NVPROF_VERSION', '12.1.55-1'), ('ROS_DISTRO', 'humble'), ('NV_LIBCUBLAS_PACKAGE_NAME', 'libcublas-12-1'), ('NVIDIA_REQUIRE_CUDA', 'cuda>=12.1 brand=tesla,driver>=470,driver<471 brand=unknown,driver>=470,driver<471 brand=nvidia,driver>=470,driver<471 brand=nvidiartx,driver>=470,driver<471 brand=geforce,driver>=470,driver<471 brand=geforcertx,driver>=470,driver<471 brand=quadro,driver>=470,driver<471 brand=quadrortx,driver>=470,driver<471 brand=titan,driver>=470,driver<471 brand=titanrtx,driver>=470,driver<471 brand=tesla,driver>=525,driver<526 brand=unknown,driver>=525,driver<526 brand=nvidia,driver>=525,driver<526 brand=nvidiartx,driver>=525,driver<526 brand=geforce,driver>=525,driver<526 brand=geforcertx,driver>=525,driver<526 brand=quadro,driver>=525,driver<526 brand=quadrortx,driver>=525,driver<526 brand=titan,driver>=525,driver<526 brand=titanrtx,driver>=525,driver<526'), ('_', '/usr/bin/colcon'), ('ROS_VERSION', '2'), ('PKG_CONFIG_PATH', '/workspace/install/robotiq_2f_85_gripper_visualization/lib/x86_64-linux-gnu/pkgconfig:/workspace/install/robotiq_2f_85_gripper_visualization/lib/pkgconfig'), ('NV_LIBCUSPARSE_VERSION', '12.0.2.55-1'), ('NVIDIA_DRIVER_CAPABILITIES', 'compute,utility'), ('NV_CUDA_LIB_VERSION', '12.1.0-1'), ('NV_LIBNCCL_PACKAGE_NAME', 'libnccl2'), ('NV_NVML_DEV_VERSION', '12.1.55-1'), ('NV_LIBNPP_DEV_PACKAGE', 'libnpp-dev-12-1=12.0.2.50-1'), ('NV_CUDA_CUDART_VERSION', '12.1.55-1'), ('ROS_LOCALHOST_ONLY', '0'), ('PATH', '/opt/ros/humble/bin:/opt/miniconda3/bin:/usr/local/nvidia/bin:/usr/local/cuda/bin:/usr/local/sbin:/usr/local/bin:/usr/sbin:/usr/bin:/sbin:/bin'), ('NV_LIBCUBLAS_DEV_PACKAGE_NAME', 'libcublas-dev-12-1'), ('NV_LIBCUBLAS_PACKAGE', 'libcublas-12-1=12.1.0.26-1'), ('NVARCH', 'x86_64'), ('NV_LIBNCCL_DEV_PACKAGE_NAME', 'libnccl-dev'), ('NV_LIBCUSPARSE_DEV_VERSION', '12.0.2.55-1'), ('DISPLAY', ':1'), ('NV_LIBNCCL_PACKAGE', 'libnccl2=2.17.1-1+cuda12.1'), ('NVIDIA_PRODUCT_NAME', 'CUDA'), ('LANG', 'en_US.UTF-8'), ('RMW_IMPLEMENTATION', 'rmw_fastrtps_cpp'), ('NV_CUDA_CUDART_DEV_VERSION', '12.1.55-1'), ('ROS_DOMAIN_ID', '0'), ('AMENT_PREFIX_PATH', '/workspace/install/unified_vision_system:/workspace/install/ur_description:/workspace/install/robotiq_hardware_tests:/workspace/install/robotiq_driver:/workspace/install/serial:/workspace/install/robotiq_description:/workspace/install/robotiq_controllers:/opt/ros/humble'), ('DEBIAN_FRONTEND', 'noninteractive'), ('NV_LIBCUBLAS_DEV_PACKAGE', 'libcublas-dev-12-1=12.1.0.26-1'), ('NV_CUDA_NSIGHT_COMPUTE_DEV_PACKAGE', 'cuda-nsight-compute-12-1=12.1.0-1'), ('NV_LIBNCCL_DEV_PACKAGE', 'libnccl-dev=2.17.1-1+cuda12.1'), ('NV_NVTX_VERSION', '12.1.66-1'), ('NV_LIBNPP_VERSION', '12.0.2.50-1'), ('PWD', '/workspace/build/unified_vision_system'), ('LC_ALL', 'en_US.UTF-8'), ('PYTHONPATH', '/workspace/install/unified_vision_system/lib/python3.11/site-packages:/opt/ros/humble/lib/python3.10/site-packages:/opt/ros/humble/local/lib/python3.10/dist-packages'), ('NVIDIA_VISIBLE_DEVICES', 'all'), ('NCCL_VERSION', '2.17.1-1'), ('TZ', 'America/Toronto'), ('COLCON', '1'), ('NV_LIBNPP_DEV_VERSION', '12.0.2.50-1'), ('CMAKE_PREFIX_PATH', '/workspace/install/ur_description:/workspace/install/robotiq_description:/opt/ros/humble:/workspace/install/robotiq_2f_85_gripper_visualization:/workspace/install/unified_vision_system:/workspace/install/robotiq_hardware_tests:/workspace/install/robotiq_driver:/workspace/install/serial:/workspace/install/robotiq_controllers')]), 'shell': False}
[0.264934] (unified_vision_system) StdoutLine: {'line': b'-- Install configuration: ""\n'}
[0.265296] (unified_vision_system) StdoutLine: {'line': b'-- Execute custom install script\n'}
[0.265460] (unified_vision_system) StdoutLine: {'line': b'-- Up-to-date symlink: /workspace/install/unified_vision_system/share/unified_vision_system/environment/pythonpath.sh\n'}
[0.265590] (unified_vision_system) StdoutLine: {'line': b'-- Up-to-date symlink: /workspace/install/unified_vision_system/share/unified_vision_system/environment/pythonpath.dsv\n'}
[0.265722] (unified_vision_system) StdoutLine: {'line': b'-- Up-to-date symlink: /workspace/install/unified_vision_system/lib/python3.11/site-packages/unified_vision_system-1.0.0-py3.11.egg-info/PKG-INFO\n'}
[0.265871] (unified_vision_system) StdoutLine: {'line': b'-- Up-to-date symlink: /workspace/install/unified_vision_system/lib/python3.11/site-packages/unified_vision_system-1.0.0-py3.11.egg-info/SOURCES.txt\n'}
[0.265955] (unified_vision_system) StdoutLine: {'line': b'-- Up-to-date symlink: /workspace/install/unified_vision_system/lib/python3.11/site-packages/unified_vision_system-1.0.0-py3.11.egg-info/dependency_links.txt\n'}
[0.266006] (unified_vision_system) StdoutLine: {'line': b'-- Up-to-date symlink: /workspace/install/unified_vision_system/lib/python3.11/site-packages/unified_vision_system-1.0.0-py3.11.egg-info/top_level.txt\n'}
[0.267636] (unified_vision_system) StdoutLine: {'line': b'-- Up-to-date symlink: /workspace/install/unified_vision_system/lib/python3.11/site-packages/unified_vision_system/__init__.py\n'}
[0.267746] (unified_vision_system) StdoutLine: {'line': b'-- Up-to-date symlink: /workspace/install/unified_vision_system/lib/python3.11/site-packages/unified_vision_system/calibration/CameraCalibration.py\n'}
[0.267777] (unified_vision_system) StdoutLine: {'line': b'-- Up-to-date symlink: /workspace/install/unified_vision_system/lib/python3.11/site-packages/unified_vision_system/calibration/EyeInHandSafetyChecker.py\n'}
[0.267833] (unified_vision_system) StdoutLine: {'line': b'-- Up-to-date symlink: /workspace/install/unified_vision_system/lib/python3.11/site-packages/unified_vision_system/calibration/HandEyeCalibrator.py\n'}
[0.267886] (unified_vision_system) StdoutLine: {'line': b'-- Up-to-date symlink: /workspace/install/unified_vision_system/lib/python3.11/site-packages/unified_vision_system/calibration/__init__.py\n'}
[0.267946] (unified_vision_system) StdoutLine: {'line': b'-- Up-to-date symlink: /workspace/install/unified_vision_system/lib/python3.11/site-packages/unified_vision_system/control/HybridIKWrapper.py\n'}
[0.268015] (unified_vision_system) StdoutLine: {'line': b'-- Up-to-date symlink: /workspace/install/unified_vision_system/lib/python3.11/site-packages/unified_vision_system/control/UR30Kinematics.py\n'}
[0.268079] (unified_vision_system) StdoutLine: {'line': b'-- Up-to-date symlink: /workspace/install/unified_vision_system/lib/python3.11/site-packages/unified_vision_system/control/__init__.py\n'}
[0.268145] (unified_vision_system) StdoutLine: {'line': b'-- Up-to-date symlink: /workspace/install/unified_vision_system/lib/python3.11/site-packages/unified_vision_system/control/ur30_grasp_controller.py\n'}
[0.268212] (unified_vision_system) StdoutLine: {'line': b'-- Up-to-date symlink: /workspace/install/unified_vision_system/lib/python3.11/site-packages/unified_vision_system/control/ur30_robot_rtb.py\n'}
[0.268280] (unified_vision_system) StdoutLine: {'line': b'-- Up-to-date symlink: /workspace/install/unified_vision_system/lib/python3.11/site-packages/unified_vision_system/hri/ConstructionClarificationManager.py\n'}
[0.268348] (unified_vision_system) StdoutLine: {'line': b'-- Up-to-date symlink: /workspace/install/unified_vision_system/lib/python3.11/site-packages/unified_vision_system/hri/ConstructionRasaNLP.py\n'}
[0.268416] (unified_vision_system) StdoutLine: {'line': b'-- Up-to-date symlink: /workspace/install/unified_vision_system/lib/python3.11/site-packages/unified_vision_system/hri/ConstructionTTSManager.py\n'}
[0.268482] (unified_vision_system) StdoutLine: {'line': b'-- Up-to-date symlink: /workspace/install/unified_vision_system/lib/python3.11/site-packages/unified_vision_system/hri/EnhancedConstructionRAG.py\n'}
[0.268551] (unified_vision_system) StdoutLine: {'line': b'-- Up-to-date symlink: /workspace/install/unified_vision_system/lib/python3.11/site-packages/unified_vision_system/hri/ExperimentalController.py\n'}
[0.268618] (unified_vision_system) StdoutLine: {'line': b'-- Up-to-date symlink: /workspace/install/unified_vision_system/lib/python3.11/site-packages/unified_vision_system/hri/SpeechCommandProcessor.py\n'}
[0.268685] (unified_vision_system) StdoutLine: {'line': b'-- Up-to-date symlink: /workspace/install/unified_vision_system/lib/python3.11/site-packages/unified_vision_system/hri/__init__.py\n'}
[0.268758] (unified_vision_system) StdoutLine: {'line': b'-- Up-to-date symlink: /workspace/install/unified_vision_system/lib/python3.11/site-packages/unified_vision_system/metrics/BehavioralMetrics.py\n'}
[0.268816] (unified_vision_system) StdoutLine: {'line': b'-- Up-to-date symlink: /workspace/install/unified_vision_system/lib/python3.11/site-packages/unified_vision_system/metrics/NASATLXAssessment.py\n'}
[0.268882] (unified_vision_system) StdoutLine: {'line': b'-- Up-to-date symlink: /workspace/install/unified_vision_system/lib/python3.11/site-packages/unified_vision_system/metrics/TrustQuestionnaire.py\n'}
[0.268947] (unified_vision_system) StdoutLine: {'line': b'-- Up-to-date symlink: /workspace/install/unified_vision_system/lib/python3.11/site-packages/unified_vision_system/metrics/__init__.py\n'}
[0.269026] (unified_vision_system) StdoutLine: {'line': b'-- Up-to-date symlink: /workspace/install/unified_vision_system/lib/python3.11/site-packages/unified_vision_system/perception/DepthAwareDetector.py\n'}
[0.269093] (unified_vision_system) StdoutLine: {'line': b'-- Up-to-date symlink: /workspace/install/unified_vision_system/lib/python3.11/site-packages/unified_vision_system/perception/GraspPointDetector.py\n'}
[0.269158] (unified_vision_system) StdoutLine: {'line': b'-- Up-to-date symlink: /workspace/install/unified_vision_system/lib/python3.11/site-packages/unified_vision_system/perception/OWLViTDetector.py\n'}
[0.269220] (unified_vision_system) StdoutLine: {'line': b'-- Up-to-date symlink: /workspace/install/unified_vision_system/lib/python3.11/site-packages/unified_vision_system/perception/WorkSpaceValidator.py\n'}
[0.269281] (unified_vision_system) StdoutLine: {'line': b'-- Up-to-date symlink: /workspace/install/unified_vision_system/lib/python3.11/site-packages/unified_vision_system/perception/__init__.py\n'}
[0.269350] (unified_vision_system) StdoutLine: {'line': b'-- Up-to-date symlink: /workspace/install/unified_vision_system/lib/python3.11/site-packages/unified_vision_system/system/UnifiedVisionSystem.py\n'}
[0.269415] (unified_vision_system) StdoutLine: {'line': b'-- Up-to-date symlink: /workspace/install/unified_vision_system/lib/python3.11/site-packages/unified_vision_system/system/UnifiedVisionSystemSim.py\n'}
[0.269508] (unified_vision_system) StdoutLine: {'line': b'-- Up-to-date symlink: /workspace/install/unified_vision_system/lib/python3.11/site-packages/unified_vision_system/system/__init__.py\n'}
[0.269624] (unified_vision_system) StdoutLine: {'line': b'-- Up-to-date symlink: /workspace/install/unified_vision_system/lib/unified_vision_system/unified_vision_system_node.py\n'}
[0.270747] (unified_vision_system) StdoutLine: {'line': b'-- Up-to-date symlink: /workspace/install/unified_vision_system/lib/unified_vision_system/create_sim_calibration.py\n'}
[0.270844] (unified_vision_system) StdoutLine: {'line': b'-- Up-to-date symlink: /workspace/install/unified_vision_system/share/unified_vision_system/launch/.DS_Store\n'}
[0.270898] (unified_vision_system) StdoutLine: {'line': b'-- Up-to-date symlink: /workspace/install/unified_vision_system/share/unified_vision_system/launch/launch_gazebo_with_red_cube.py\n'}
[0.270946] (unified_vision_system) StdoutLine: {'line': b'-- Up-to-date symlink: /workspace/install/unified_vision_system/share/unified_vision_system/launch/test_unified_vision_system.py\n'}
[0.271072] (unified_vision_system) StdoutLine: {'line': b'-- Up-to-date symlink: /workspace/install/unified_vision_system/share/unified_vision_system/config/simulation_controllers.yaml\n'}
[0.271213] (unified_vision_system) StdoutLine: {'line': b'-- Up-to-date symlink: /workspace/install/unified_vision_system/share/unified_vision_system/config/simulation_controllers.yaml.sync\n'}
[0.271293] (unified_vision_system) StdoutLine: {'line': b'-- Up-to-date symlink: /workspace/install/unified_vision_system/share/unified_vision_system/config/ur30_robotiq.srdf.xacro\n'}
[0.271339] (unified_vision_system) StdoutLine: {'line': b'-- Up-to-date symlink: /workspace/install/unified_vision_system/share/unified_vision_system/config/ur30_vision_moveit.rviz\n'}
[0.271384] (unified_vision_system) StdoutLine: {'line': b'-- Up-to-date symlink: /workspace/install/unified_vision_system/share/unified_vision_system/urdf/.DS_Store\n'}
[0.271423] (unified_vision_system) StdoutLine: {'line': b'-- Up-to-date symlink: /workspace/install/unified_vision_system/share/unified_vision_system/urdf/robotiq_85_stable.urdf.xacro\n'}
[0.271464] (unified_vision_system) StdoutLine: {'line': b'-- Up-to-date symlink: /workspace/install/unified_vision_system/share/unified_vision_system/urdf/robotiq_arg85.urdf\n'}
[0.271503] (unified_vision_system) StdoutLine: {'line': b'-- Up-to-date symlink: /workspace/install/unified_vision_system/share/unified_vision_system/urdf/simple_parallel_gripper.urdf.xacro\n'}
[0.271545] (unified_vision_system) StdoutLine: {'line': b'-- Up-to-date symlink: /workspace/install/unified_vision_system/share/unified_vision_system/urdf/ur30_camera_only.urdf.xacro\n'}
[0.271581] (unified_vision_system) StdoutLine: {'line': b'-- Up-to-date symlink: /workspace/install/unified_vision_system/share/unified_vision_system/urdf/ur30_robotiq_realsense.urdf.xacro\n'}
[0.271687] (unified_vision_system) StdoutLine: {'line': b'-- Up-to-date symlink: /workspace/install/unified_vision_system/share/unified_vision_system/urdf/ur30_simple_gripper_camera.urdf.xacro\n'}
[0.271761] (unified_vision_system) StdoutLine: {'line': b'-- Up-to-date symlink: /workspace/install/unified_vision_system/share/unified_vision_system/urdf/ur30_simple_gripper_realsense.urdf.xacro\n'}
[0.271807] (unified_vision_system) StdoutLine: {'line': b'-- Up-to-date symlink: /workspace/install/unified_vision_system/share/unified_vision_system/worlds/ur30_vision_world.world\n'}
[0.271991] (unified_vision_system) StdoutLine: {'line': b'-- Up-to-date symlink: /workspace/install/unified_vision_system/share/unified_vision_system/meshes/inner_finger_coarse.STL\n'}
[0.272106] (unified_vision_system) StdoutLine: {'line': b'-- Up-to-date symlink: /workspace/install/unified_vision_system/share/unified_vision_system/meshes/inner_finger_fine.STL\n'}
[0.272216] (unified_vision_system) StdoutLine: {'line': b'-- Up-to-date symlink: /workspace/install/unified_vision_system/share/unified_vision_system/meshes/inner_knuckle_coarse.STL\n'}
[0.272306] (unified_vision_system) StdoutLine: {'line': b'-- Up-to-date symlink: /workspace/install/unified_vision_system/share/unified_vision_system/meshes/inner_knuckle_fine.STL\n'}
[0.272397] (unified_vision_system) StdoutLine: {'line': b'-- Up-to-date symlink: /workspace/install/unified_vision_system/share/unified_vision_system/meshes/outer_finger_coarse.STL\n'}
[0.272473] (unified_vision_system) StdoutLine: {'line': b'-- Up-to-date symlink: /workspace/install/unified_vision_system/share/unified_vision_system/meshes/outer_finger_fine.STL\n'}
[0.272545] (unified_vision_system) StdoutLine: {'line': b'-- Up-to-date symlink: /workspace/install/unified_vision_system/share/unified_vision_system/meshes/outer_knuckle_coarse.STL\n'}
[0.272619] (unified_vision_system) StdoutLine: {'line': b'-- Up-to-date symlink: /workspace/install/unified_vision_system/share/unified_vision_system/meshes/outer_knuckle_fine.STL\n'}
[0.273049] (unified_vision_system) StdoutLine: {'line': b'-- Up-to-date symlink: /workspace/install/unified_vision_system/share/unified_vision_system/meshes/robotiq_85_base_link_coarse.STL\n'}
[0.273112] (unified_vision_system) StdoutLine: {'line': b'-- Up-to-date symlink: /workspace/install/unified_vision_system/share/unified_vision_system/meshes/robotiq_85_base_link_fine.STL\n'}
[0.273170] (unified_vision_system) StdoutLine: {'line': b'-- Up-to-date symlink: /workspace/install/unified_vision_system/share/ament_index/resource_index/package_run_dependencies/unified_vision_system\n'}
[0.273281] (unified_vision_system) StdoutLine: {'line': b'-- Up-to-date symlink: /workspace/install/unified_vision_system/share/ament_index/resource_index/parent_prefix_path/unified_vision_system\n'}
[0.273324] (unified_vision_system) StdoutLine: {'line': b'-- Up-to-date symlink: /workspace/install/unified_vision_system/share/unified_vision_system/environment/ament_prefix_path.sh\n'}
[0.273400] (unified_vision_system) StdoutLine: {'line': b'-- Up-to-date symlink: /workspace/install/unified_vision_system/share/unified_vision_system/environment/ament_prefix_path.dsv\n'}
[0.273565] (unified_vision_system) StdoutLine: {'line': b'-- Up-to-date symlink: /workspace/install/unified_vision_system/share/unified_vision_system/environment/path.sh\n'}
[0.274062] (unified_vision_system) StdoutLine: {'line': b'-- Up-to-date symlink: /workspace/install/unified_vision_system/share/unified_vision_system/environment/path.dsv\n'}
[0.275042] (unified_vision_system) StdoutLine: {'line': b'-- Up-to-date symlink: /workspace/install/unified_vision_system/share/unified_vision_system/local_setup.bash\n'}
[0.275109] (unified_vision_system) StdoutLine: {'line': b'-- Up-to-date symlink: /workspace/install/unified_vision_system/share/unified_vision_system/local_setup.sh\n'}
[0.275151] (unified_vision_system) StdoutLine: {'line': b'-- Up-to-date symlink: /workspace/install/unified_vision_system/share/unified_vision_system/local_setup.zsh\n'}
[0.275195] (unified_vision_system) StdoutLine: {'line': b'-- Up-to-date symlink: /workspace/install/unified_vision_system/share/unified_vision_system/local_setup.dsv\n'}
[0.275232] (unified_vision_system) StdoutLine: {'line': b'-- Symlinking: /workspace/install/unified_vision_system/share/unified_vision_system/package.dsv\n'}
[0.285329] (unified_vision_system) StdoutLine: {'line': b'-- Up-to-date symlink: /workspace/install/unified_vision_system/share/ament_index/resource_index/packages/unified_vision_system\n'}
[0.285621] (unified_vision_system) StdoutLine: {'line': b'-- Up-to-date symlink: /workspace/install/unified_vision_system/share/unified_vision_system/cmake/ament_cmake_export_dependencies-extras.cmake\n'}
[0.285681] (unified_vision_system) StdoutLine: {'line': b'-- Up-to-date symlink: /workspace/install/unified_vision_system/share/unified_vision_system/cmake/unified_vision_systemConfig.cmake\n'}
[0.285716] (unified_vision_system) StdoutLine: {'line': b'-- Up-to-date symlink: /workspace/install/unified_vision_system/share/unified_vision_system/cmake/unified_vision_systemConfig-version.cmake\n'}
[0.285751] (unified_vision_system) StdoutLine: {'line': b'-- Up-to-date symlink: /workspace/install/unified_vision_system/share/unified_vision_system/package.xml\n'}
[0.299568] (-) TimerEvent: {}
[0.314552] (unified_vision_system) StdoutLine: {'line': b"Listing '/workspace/install/unified_vision_system/lib/python3.11/site-packages/unified_vision_system'...\n"}
[0.314720] (unified_vision_system) StdoutLine: {'line': b"Listing '/workspace/install/unified_vision_system/lib/python3.11/site-packages/unified_vision_system/calibration'...\n"}
[0.314776] (unified_vision_system) StdoutLine: {'line': b"Listing '/workspace/install/unified_vision_system/lib/python3.11/site-packages/unified_vision_system/control'...\n"}
[0.314822] (unified_vision_system) StdoutLine: {'line': b"Listing '/workspace/install/unified_vision_system/lib/python3.11/site-packages/unified_vision_system/hri'...\n"}
[0.314866] (unified_vision_system) StdoutLine: {'line': b"Listing '/workspace/install/unified_vision_system/lib/python3.11/site-packages/unified_vision_system/metrics'...\n"}
[0.314907] (unified_vision_system) StdoutLine: {'line': b"Listing '/workspace/install/unified_vision_system/lib/python3.11/site-packages/unified_vision_system/perception'...\n"}
[0.314949] (unified_vision_system) StdoutLine: {'line': b"Listing '/workspace/install/unified_vision_system/lib/python3.11/site-packages/unified_vision_system/system'...\n"}
[0.321784] (unified_vision_system) CommandEnded: {'returncode': 0}
[0.337924] (unified_vision_system) JobEnded: {'identifier': 'unified_vision_system', 'rc': 0}
[0.338414] (-) EventReactorShutdown: {}
