[0.031s] Invoking command in '/workspace/build/robotiq_driver': AMENT_PREFIX_PATH=/workspace/install/serial:${AMENT_PREFIX_PATH} CMAKE_PREFIX_PATH=/workspace/install/serial:/opt/ros/humble LD_LIBRARY_PATH=/workspace/install/serial/lib:${LD_LIBRARY_PATH} /usr/bin/cmake --build /workspace/build/robotiq_driver -- -j12 -l12
[0.063s] -- Found ament_cmake: 1.3.12 (/opt/ros/humble/share/ament_cmake/cmake)
[0.159s] -- Override CMake install command with custom implementation using symlinks instead of copying resources
[0.166s] -- Found hardware_interface: 2.51.0 (/opt/ros/humble/share/hardware_interface/cmake)
[0.188s] -- Found rosidl_generator_c: 3.1.7 (/opt/ros/humble/share/rosidl_generator_c/cmake)
[0.190s] -- Found rosidl_adapter: 3.1.7 (/opt/ros/humble/share/rosidl_adapter/cmake)
[0.196s] -- Found rosidl_generator_cpp: 3.1.7 (/opt/ros/humble/share/rosidl_generator_cpp/cmake)
[0.203s] -- Using all available rosidl_typesupport_c: rosidl_typesupport_fastrtps_c;rosidl_typesupport_introspection_c
[0.212s] -- Using all available rosidl_typesupport_cpp: rosidl_typesupport_fastrtps_cpp;rosidl_typesupport_introspection_cpp
[0.337s] -- Found rmw_implementation_cmake: 6.1.2 (/opt/ros/humble/share/rmw_implementation_cmake/cmake)
[0.338s] -- Found rmw_fastrtps_cpp: 6.2.8 (/opt/ros/humble/share/rmw_fastrtps_cpp/cmake)
[0.351s] -- Found TinyXML2 via Config file: TinyXML2_DIR-NOTFOUND
[0.358s] -- Found TinyXML2 via Config file: TinyXML2_DIR-NOTFOUND
[0.373s] -- Found TinyXML2 via Config file: TinyXML2_DIR-NOTFOUND
[0.380s] -- Found TinyXML2 via Config file: TinyXML2_DIR-NOTFOUND
[0.390s] -- Using RMW implementation 'rmw_fastrtps_cpp' as default
[0.423s] -- Found serial: 1.2.1 (/workspace/install/serial/share/serial/cmake)
[0.435s] -- Found ament_cmake_gtest: 1.3.12 (/opt/ros/humble/share/ament_cmake_gtest/cmake)
[0.436s] -- Found ament_cmake_gmock: 1.3.12 (/opt/ros/humble/share/ament_cmake_gmock/cmake)
[0.437s] -- Found ament_lint_auto: 0.12.14 (/opt/ros/humble/share/ament_lint_auto/cmake)
[0.437s] -- Found ros2_control_test_assets: 2.51.0 (/opt/ros/humble/share/ros2_control_test_assets/cmake)
[0.533s] -- Found gmock sources under '/opt/ros/humble/src/gmock_vendor': C++ tests using 'Google Mock' will be built
[0.536s] -- Found gtest sources under '/opt/ros/humble/src/gtest_vendor': C++ tests using 'Google Test' will be built
[0.605s] -- Configuring done
[0.735s] -- Generating done
[0.754s] -- Build files have been written to: /workspace/build/robotiq_driver
[0.781s] [35m[1mConsolidate compiler generated dependencies of target gmock_main[0m
[0.782s] [35m[1mConsolidate compiler generated dependencies of target gmock[0m
[0.789s] [35m[1mConsolidate compiler generated dependencies of target robotiq_driver[0m
[0.797s] [  8%] Built target gmock_main
[0.800s] [ 20%] Built target gmock
[0.814s] [ 25%] [32m[1mLinking CXX shared library librobotiq_driver.so[0m
[0.981s] [ 58%] Built target robotiq_driver
[0.993s] [35m[1mConsolidate compiler generated dependencies of target test_robotiq_gripper_hardware_interface[0m
[0.994s] [35m[1mConsolidate compiler generated dependencies of target test_default_serial_factory[0m
[0.995s] [35m[1mConsolidate compiler generated dependencies of target test_default_driver_factory[0m
[0.995s] [35m[1mConsolidate compiler generated dependencies of target test_crc_utils[0m
[0.996s] [35m[1mConsolidate compiler generated dependencies of target test_data_utils[0m
[1.007s] [ 62%] [32m[1mLinking CXX executable test_default_serial_factory[0m
[1.008s] [ 66%] [32m[1mLinking CXX executable test_crc_utils[0m
[1.008s] [ 70%] [32m[1mLinking CXX executable test_data_utils[0m
[1.010s] [ 75%] [32m[1mLinking CXX executable test_robotiq_gripper_hardware_interface[0m
[1.011s] [ 79%] [32m[1mLinking CXX executable test_default_driver_factory[0m
[1.259s] [ 83%] Built target test_robotiq_gripper_hardware_interface
[1.261s] [ 87%] Built target test_data_utils
[1.276s] [ 91%] Built target test_crc_utils
[1.318s] [ 95%] Built target test_default_driver_factory
[1.323s] [100%] Built target test_default_serial_factory
[1.334s] Invoked command in '/workspace/build/robotiq_driver' returned '0': AMENT_PREFIX_PATH=/workspace/install/serial:${AMENT_PREFIX_PATH} CMAKE_PREFIX_PATH=/workspace/install/serial:/opt/ros/humble LD_LIBRARY_PATH=/workspace/install/serial/lib:${LD_LIBRARY_PATH} /usr/bin/cmake --build /workspace/build/robotiq_driver -- -j12 -l12
[1.336s] Invoking command in '/workspace/build/robotiq_driver': AMENT_PREFIX_PATH=/workspace/install/serial:${AMENT_PREFIX_PATH} CMAKE_PREFIX_PATH=/workspace/install/serial:/opt/ros/humble LD_LIBRARY_PATH=/workspace/install/serial/lib:${LD_LIBRARY_PATH} /usr/bin/cmake --install /workspace/build/robotiq_driver
[1.343s] -- Install configuration: ""
[1.343s] -- Execute custom install script
[1.343s] -- Up-to-date symlink: /workspace/install/robotiq_driver/share/robotiq_driver//hardware_interface_plugin.xml
[1.343s] -- Up-to-date symlink: /workspace/install/robotiq_driver/share/robotiq_driver/environment/library_path.sh
[1.343s] -- Up-to-date symlink: /workspace/install/robotiq_driver/share/robotiq_driver/environment/library_path.dsv
[1.344s] -- Up-to-date symlink: /workspace/install/robotiq_driver/include/robotiq_driver/crc_utils.hpp
[1.344s] -- Up-to-date symlink: /workspace/install/robotiq_driver/include/robotiq_driver/data_utils.hpp
[1.344s] -- Up-to-date symlink: /workspace/install/robotiq_driver/include/robotiq_driver/default_driver.hpp
[1.344s] -- Up-to-date symlink: /workspace/install/robotiq_driver/include/robotiq_driver/default_driver_factory.hpp
[1.344s] -- Up-to-date symlink: /workspace/install/robotiq_driver/include/robotiq_driver/default_serial.hpp
[1.344s] -- Up-to-date symlink: /workspace/install/robotiq_driver/include/robotiq_driver/default_serial_factory.hpp
[1.344s] -- Up-to-date symlink: /workspace/install/robotiq_driver/include/robotiq_driver/driver.hpp
[1.344s] -- Up-to-date symlink: /workspace/install/robotiq_driver/include/robotiq_driver/driver_exception.hpp
[1.344s] -- Up-to-date symlink: /workspace/install/robotiq_driver/include/robotiq_driver/driver_factory.hpp
[1.344s] -- Up-to-date symlink: /workspace/install/robotiq_driver/include/robotiq_driver/fake/fake_driver.hpp
[1.344s] -- Up-to-date symlink: /workspace/install/robotiq_driver/include/robotiq_driver/hardware_interface.hpp
[1.344s] -- Up-to-date symlink: /workspace/install/robotiq_driver/include/robotiq_driver/serial.hpp
[1.344s] -- Up-to-date symlink: /workspace/install/robotiq_driver/include/robotiq_driver/serial_factory.hpp
[1.344s] -- Up-to-date symlink: /workspace/install/robotiq_driver/include/robotiq_driver/visibility_control.hpp
[1.345s] -- Up-to-date symlink: /workspace/install/robotiq_driver/share/ament_index/resource_index/package_run_dependencies/robotiq_driver
[1.345s] -- Up-to-date symlink: /workspace/install/robotiq_driver/share/ament_index/resource_index/parent_prefix_path/robotiq_driver
[1.345s] -- Up-to-date symlink: /workspace/install/robotiq_driver/share/robotiq_driver/environment/ament_prefix_path.sh
[1.345s] -- Up-to-date symlink: /workspace/install/robotiq_driver/share/robotiq_driver/environment/ament_prefix_path.dsv
[1.345s] -- Up-to-date symlink: /workspace/install/robotiq_driver/share/robotiq_driver/environment/path.sh
[1.345s] -- Up-to-date symlink: /workspace/install/robotiq_driver/share/robotiq_driver/environment/path.dsv
[1.345s] -- Up-to-date symlink: /workspace/install/robotiq_driver/share/robotiq_driver/local_setup.bash
[1.345s] -- Up-to-date symlink: /workspace/install/robotiq_driver/share/robotiq_driver/local_setup.sh
[1.346s] -- Up-to-date symlink: /workspace/install/robotiq_driver/share/robotiq_driver/local_setup.zsh
[1.346s] -- Up-to-date symlink: /workspace/install/robotiq_driver/share/robotiq_driver/local_setup.dsv
[1.346s] -- Symlinking: /workspace/install/robotiq_driver/share/robotiq_driver/package.dsv
[1.353s] -- Up-to-date symlink: /workspace/install/robotiq_driver/share/ament_index/resource_index/packages/robotiq_driver
[1.353s] -- Up-to-date symlink: /workspace/install/robotiq_driver/share/ament_index/resource_index/hardware_interface__pluginlib__plugin/robotiq_driver
[1.353s] -- Up-to-date symlink: /workspace/install/robotiq_driver/share/robotiq_driver/cmake/ament_cmake_export_targets-extras.cmake
[1.354s] -- Up-to-date symlink: /workspace/install/robotiq_driver/share/robotiq_driver/cmake/ament_cmake_export_dependencies-extras.cmake
[1.354s] -- Up-to-date symlink: /workspace/install/robotiq_driver/share/robotiq_driver/cmake/ament_cmake_export_include_directories-extras.cmake
[1.354s] -- Up-to-date symlink: /workspace/install/robotiq_driver/share/robotiq_driver/cmake/ament_cmake_export_libraries-extras.cmake
[1.354s] -- Up-to-date symlink: /workspace/install/robotiq_driver/share/robotiq_driver/cmake/robotiq_driverConfig.cmake
[1.354s] -- Up-to-date symlink: /workspace/install/robotiq_driver/share/robotiq_driver/cmake/robotiq_driverConfig-version.cmake
[1.354s] -- Up-to-date symlink: /workspace/install/robotiq_driver/share/robotiq_driver/package.xml
[1.354s] -- Installing: /workspace/install/robotiq_driver/lib/librobotiq_driver.so
[1.356s] -- Set runtime path of "/workspace/install/robotiq_driver/lib/librobotiq_driver.so" to ""
[1.356s] -- Up-to-date: /workspace/install/robotiq_driver/share/robotiq_driver/cmake/robotiq_driver_targetsExport.cmake
[1.356s] -- Up-to-date: /workspace/install/robotiq_driver/share/robotiq_driver/cmake/robotiq_driver_targetsExport-noconfig.cmake
[1.358s] Invoked command in '/workspace/build/robotiq_driver' returned '0': AMENT_PREFIX_PATH=/workspace/install/serial:${AMENT_PREFIX_PATH} CMAKE_PREFIX_PATH=/workspace/install/serial:/opt/ros/humble LD_LIBRARY_PATH=/workspace/install/serial/lib:${LD_LIBRARY_PATH} /usr/bin/cmake --install /workspace/build/robotiq_driver
