[0.050s] Invoking command in '/home/ur5e_user/workspace/build/robotiq_driver': CMAKE_PREFIX_PATH=/home/ur5e_user/workspace/install/robotiq_description:/opt/ros/humble:/home/ur5e_user/workspace/install/robotiq_2f_85_gripper_visualization:/home/ur5e_user/workspace/install/unified_vision_system:/opt/miniconda3/envs/ur5e_vlm_environment:/opt/miniconda3/envs/ur5e_vlm_environment/x86_64-conda-linux-gnu/sysroot/usr CONDA_PROMPT_MODIFIER=(ur5e_vlm_environment) /opt/miniconda3/envs/ur5e_vlm_environment/bin/cmake /home/ur5e_user/workspace/src/ros2_robotiq_gripper/robotiq_driver -DAMENT_CMAKE_SYMLINK_INSTALL=1 -DCMAKE_INSTALL_PREFIX=/home/ur5e_user/workspace/install/robotiq_driver
[0.085s] [0mCMake Deprecation Warning at CMakeLists.txt:3 (cmake_minimum_required):
[0.085s]   Compatibility with CMake < 3.10 will be removed from a future version of
[0.085s]   CMake.
[0.085s] 
[0.085s]   Update the VERSION argument <min> value.  Or, use the <min>...<max> syntax
[0.085s]   to tell CMake that the project requires at least <min> but has been updated
[0.085s]   to work with policies introduced by <max> or earlier.
[0.085s] 
[0.085s] [0m
[0.271s] -- The CXX compiler identification is GNU 15.1.0
[0.283s] -- Detecting CXX compiler ABI info
[0.402s] -- Detecting CXX compiler ABI info - done
[0.427s] -- Check for working CXX compiler: /opt/miniconda3/envs/ur5e_vlm_environment/bin/x86_64-conda-linux-gnu-c++ - skipped
[0.427s] -- Detecting CXX compile features
[0.428s] -- Detecting CXX compile features - done
[0.452s] -- Found ament_cmake: 1.3.12 (/opt/ros/humble/share/ament_cmake/cmake)
[0.555s] -- Found Python3: /opt/miniconda3/envs/ur5e_vlm_environment/bin/python3 (found version "3.11.13") found components: Interpreter
[0.610s] -- Override CMake install command with custom implementation using symlinks instead of copying resources
[0.654s] -- Found hardware_interface: 2.51.0 (/opt/ros/humble/share/hardware_interface/cmake)
[0.726s] -- Found rosidl_generator_c: 3.1.7 (/opt/ros/humble/share/rosidl_generator_c/cmake)
[0.735s] -- Found rosidl_adapter: 3.1.7 (/opt/ros/humble/share/rosidl_adapter/cmake)
[0.750s] -- Found rosidl_generator_cpp: 3.1.7 (/opt/ros/humble/share/rosidl_generator_cpp/cmake)
[0.770s] -- Using all available rosidl_typesupport_c: rosidl_typesupport_fastrtps_c;rosidl_typesupport_introspection_c
[0.793s] -- Using all available rosidl_typesupport_cpp: rosidl_typesupport_fastrtps_cpp;rosidl_typesupport_introspection_cpp
[1.027s] [31mCMake Error at /opt/ros/humble/share/class_loader/cmake/ament_cmake_export_dependencies-extras.cmake:21 (find_package):
[1.027s]   By not providing "Findconsole_bridge.cmake" in CMAKE_MODULE_PATH this
[1.027s]   project has asked CMake to find a package configuration file provided by
[1.027s]   "console_bridge", but CMake did not find one.
[1.027s] 
[1.028s]   Could not find a package configuration file provided by "console_bridge"
[1.028s]   with any of the following names:
[1.028s] 
[1.028s]     console_bridgeConfig.cmake
[1.028s]     console_bridge-config.cmake
[1.028s] 
[1.028s]   Add the installation prefix of "console_bridge" to CMAKE_PREFIX_PATH or set
[1.028s]   "console_bridge_DIR" to a directory containing one of the above files.  If
[1.028s]   "console_bridge" provides a separate development package or SDK, be sure it
[1.028s]   has been installed.
[1.028s] Call Stack (most recent call first):
[1.028s]   /opt/ros/humble/share/class_loader/cmake/class_loaderConfig.cmake:41 (include)
[1.028s]   /opt/ros/humble/share/pluginlib/cmake/ament_cmake_export_dependencies-extras.cmake:21 (find_package)
[1.028s]   /opt/ros/humble/share/pluginlib/cmake/pluginlibConfig.cmake:41 (include)
[1.028s]   /opt/ros/humble/share/hardware_interface/cmake/ament_cmake_export_dependencies-extras.cmake:21 (find_package)
[1.028s]   /opt/ros/humble/share/hardware_interface/cmake/hardware_interfaceConfig.cmake:41 (include)
[1.028s]   CMakeLists.txt:14 (find_package)
[1.028s] 
[1.028s] [0m
[1.029s] -- Configuring incomplete, errors occurred!
