-- The C compiler identification is GNU 11.4.0
-- The CXX compiler identification is GNU 11.4.0
-- Detecting C compiler ABI info
-- Detecting C compiler ABI info - done
-- Check for working C compiler: /usr/bin/cc - skipped
-- Detecting C compile features
-- Detecting C compile features - done
-- Detecting CXX compiler ABI info
-- Detecting CXX compiler ABI info - done
-- Check for working CXX compiler: /usr/bin/c++ - skipped
-- Detecting CXX compile features
-- Detecting CXX compile features - done
-- Found ament_cmake: 1.3.12 (/opt/ros/humble/share/ament_cmake/cmake)
-- Found Python3: /opt/miniconda3/bin/python3 (found version "3.11.5") found components: Interpreter 
Traceback (most recent call last):
  File "/opt/ros/humble/share/ament_cmake_core/cmake/core/package_xml_2_cmake.py", line 22, in <module>
    from catkin_pkg.package import parse_package_string
  File "/home/ur5e_user/.local/lib/python3.11/site-packages/catkin_pkg/package.py", line 44, in <module>
    from catkin_pkg.condition import evaluate_condition
  File "/home/ur5e_user/.local/lib/python3.11/site-packages/catkin_pkg/condition.py", line 17, in <module>
    import pyparsing as pp
ModuleNotFoundError: No module named 'pyparsing'
CMake Error at /opt/ros/humble/share/ament_cmake_core/cmake/core/ament_package_xml.cmake:95 (message):
  execute_process(/opt/miniconda3/bin/python3
  /opt/ros/humble/share/ament_cmake_core/cmake/core/package_xml_2_cmake.py
  /home/ur5e_user/workspace/vision/package.xml
  /home/ur5e_user/workspace/build/unified_vision_system/ament_cmake_core/package.cmake)
  returned error code 1
Call Stack (most recent call first):
  /opt/ros/humble/share/ament_cmake_core/cmake/core/ament_package_xml.cmake:49 (_ament_package_xml)
  /opt/ros/humble/share/ament_cmake_python/cmake/ament_python_install_package.cmake:60 (ament_package_xml)
  /opt/ros/humble/share/ament_cmake_python/cmake/ament_python_install_package.cmake:39 (_ament_cmake_python_install_package)
  CMakeLists.txt:8 (ament_python_install_package)


-- Configuring incomplete, errors occurred!
See also "/home/ur5e_user/workspace/build/unified_vision_system/CMakeFiles/CMakeOutput.log".
