[0.008s] Invoking command in '/home/ur5e_user/workspace/build/unified_vision_system': CMAKE_PREFIX_PATH=/opt/ros/humble /usr/bin/cmake /home/ur5e_user/workspace/vision -DCMAKE_INSTALL_PREFIX=/home/ur5e_user/workspace/install/unified_vision_system
[0.103s] -- The C compiler identification is GNU 11.4.0
[0.184s] -- The CXX compiler identification is GNU 11.4.0
[0.191s] -- Detecting C compiler ABI info
[0.256s] -- Detecting C compiler ABI info - done
[0.263s] -- Check for working C compiler: /usr/bin/cc - skipped
[0.263s] -- Detecting C compile features
[0.263s] -- Detecting C compile features - done
[0.264s] -- Detecting CXX compiler ABI info
[0.338s] -- Detecting CXX compiler ABI info - done
[0.342s] -- Check for working CXX compiler: /usr/bin/c++ - skipped
[0.343s] -- Detecting CXX compile features
[0.343s] -- Detecting CXX compile features - done
[0.346s] -- Found ament_cmake: 1.3.12 (/opt/ros/humble/share/ament_cmake/cmake)
[0.646s] -- Found Python3: /opt/miniconda3/bin/python3 (found version "3.11.5") found components: Interpreter 
[0.771s] Traceback (most recent call last):
[0.771s]   File "/opt/ros/humble/share/ament_cmake_core/cmake/core/package_xml_2_cmake.py", line 22, in <module>
[0.771s]     from catkin_pkg.package import parse_package_string
[0.771s]   File "/home/ur5e_user/.local/lib/python3.11/site-packages/catkin_pkg/package.py", line 44, in <module>
[0.771s]     from catkin_pkg.condition import evaluate_condition
[0.771s]   File "/home/ur5e_user/.local/lib/python3.11/site-packages/catkin_pkg/condition.py", line 17, in <module>
[0.771s]     import pyparsing as pp
[0.771s] ModuleNotFoundError: No module named 'pyparsing'
[0.775s] CMake Error at /opt/ros/humble/share/ament_cmake_core/cmake/core/ament_package_xml.cmake:95 (message):
[0.776s]   execute_process(/opt/miniconda3/bin/python3
[0.776s]   /opt/ros/humble/share/ament_cmake_core/cmake/core/package_xml_2_cmake.py
[0.776s]   /home/ur5e_user/workspace/vision/package.xml
[0.776s]   /home/ur5e_user/workspace/build/unified_vision_system/ament_cmake_core/package.cmake)
[0.776s]   returned error code 1
[0.776s] Call Stack (most recent call first):
[0.776s]   /opt/ros/humble/share/ament_cmake_core/cmake/core/ament_package_xml.cmake:49 (_ament_package_xml)
[0.776s]   /opt/ros/humble/share/ament_cmake_python/cmake/ament_python_install_package.cmake:60 (ament_package_xml)
[0.776s]   /opt/ros/humble/share/ament_cmake_python/cmake/ament_python_install_package.cmake:39 (_ament_cmake_python_install_package)
[0.776s]   CMakeLists.txt:8 (ament_python_install_package)
[0.776s] 
[0.776s] 
[0.776s] -- Configuring incomplete, errors occurred!
[0.776s] See also "/home/ur5e_user/workspace/build/unified_vision_system/CMakeFiles/CMakeOutput.log".
[0.780s] Invoked command in '/home/ur5e_user/workspace/build/unified_vision_system' returned '1': CMAKE_PREFIX_PATH=/opt/ros/humble /usr/bin/cmake /home/ur5e_user/workspace/vision -DCMAKE_INSTALL_PREFIX=/home/ur5e_user/workspace/install/unified_vision_system
