[0.011s] Invoking command in '/workspace/build/unified_vision_system': CMAKE_PREFIX_PATH=/workspace/install/ur_description:/workspace/install/robotiq_description:/opt/ros/humble:/workspace/install/robotiq_2f_85_gripper_visualization:/workspace/install/unified_vision_system:/workspace/install/robotiq_hardware_tests:/workspace/install/robotiq_driver:/workspace/install/serial:/workspace/install/robotiq_controllers /usr/bin/cmake /workspace/src/unified_vision_system -DCMAKE_INSTALL_PREFIX=/workspace/install/unified_vision_system
[0.062s] -- The C compiler identification is GNU 11.4.0
[0.107s] -- The CXX compiler identification is GNU 11.4.0
[0.113s] -- Detecting C compiler ABI info
[0.174s] -- Detecting C compiler ABI info - done
[0.178s] -- Check for working C compiler: /usr/bin/cc - skipped
[0.178s] -- Detecting C compile features
[0.178s] -- Detecting C compile features - done
[0.181s] -- Detecting CXX compiler ABI info
[0.249s] -- Detecting CXX compiler ABI info - done
[0.253s] -- Check for working CXX compiler: /usr/bin/c++ - skipped
[0.253s] -- Detecting CXX compile features
[0.254s] -- Detecting CXX compile features - done
[0.257s] -- Found ament_cmake: 1.3.12 (/opt/ros/humble/share/ament_cmake/cmake)
[0.476s] -- Found Python3: /opt/miniconda3/bin/python3 (found version "3.11.5") found components: Interpreter 
[0.682s] -- Configuring done
[0.685s] -- Generating done
[0.686s] -- Build files have been written to: /workspace/build/unified_vision_system
[0.690s] Invoked command in '/workspace/build/unified_vision_system' returned '0': CMAKE_PREFIX_PATH=/workspace/install/ur_description:/workspace/install/robotiq_description:/opt/ros/humble:/workspace/install/robotiq_2f_85_gripper_visualization:/workspace/install/unified_vision_system:/workspace/install/robotiq_hardware_tests:/workspace/install/robotiq_driver:/workspace/install/serial:/workspace/install/robotiq_controllers /usr/bin/cmake /workspace/src/unified_vision_system -DCMAKE_INSTALL_PREFIX=/workspace/install/unified_vision_system
[0.691s] Invoking command in '/workspace/build/unified_vision_system': CMAKE_PREFIX_PATH=/workspace/install/ur_description:/workspace/install/robotiq_description:/opt/ros/humble:/workspace/install/robotiq_2f_85_gripper_visualization:/workspace/install/unified_vision_system:/workspace/install/robotiq_hardware_tests:/workspace/install/robotiq_driver:/workspace/install/serial:/workspace/install/robotiq_controllers /usr/bin/cmake --build /workspace/build/unified_vision_system -- -j12 -l12
[0.751s] Built target ament_cmake_python_copy_unified_vision_system
[0.860s] running egg_info
[0.860s] creating unified_vision_system.egg-info
[0.865s] writing unified_vision_system.egg-info/PKG-INFO
[0.865s] writing dependency_links to unified_vision_system.egg-info/dependency_links.txt
[0.866s] writing top-level names to unified_vision_system.egg-info/top_level.txt
[0.866s] writing manifest file 'unified_vision_system.egg-info/SOURCES.txt'
[0.882s] reading manifest file 'unified_vision_system.egg-info/SOURCES.txt'
[0.883s] writing manifest file 'unified_vision_system.egg-info/SOURCES.txt'
[0.909s] Built target ament_cmake_python_build_unified_vision_system_egg
[0.919s] Invoked command in '/workspace/build/unified_vision_system' returned '0': CMAKE_PREFIX_PATH=/workspace/install/ur_description:/workspace/install/robotiq_description:/opt/ros/humble:/workspace/install/robotiq_2f_85_gripper_visualization:/workspace/install/unified_vision_system:/workspace/install/robotiq_hardware_tests:/workspace/install/robotiq_driver:/workspace/install/serial:/workspace/install/robotiq_controllers /usr/bin/cmake --build /workspace/build/unified_vision_system -- -j12 -l12
[0.928s] Invoking command in '/workspace/build/unified_vision_system': CMAKE_PREFIX_PATH=/workspace/install/ur_description:/workspace/install/robotiq_description:/opt/ros/humble:/workspace/install/robotiq_2f_85_gripper_visualization:/workspace/install/unified_vision_system:/workspace/install/robotiq_hardware_tests:/workspace/install/robotiq_driver:/workspace/install/serial:/workspace/install/robotiq_controllers /usr/bin/cmake --install /workspace/build/unified_vision_system
[0.935s] -- Install configuration: ""
[0.935s] -- Installing: /workspace/install/unified_vision_system/share/unified_vision_system/environment/pythonpath.sh
[0.935s] -- Installing: /workspace/install/unified_vision_system/share/unified_vision_system/environment/pythonpath.dsv
[0.935s] -- Up-to-date: /workspace/install/unified_vision_system/lib/python3.11/site-packages/unified_vision_system-1.0.0-py3.11.egg-info
[0.935s] -- Installing: /workspace/install/unified_vision_system/lib/python3.11/site-packages/unified_vision_system-1.0.0-py3.11.egg-info/PKG-INFO
[0.935s] -- Installing: /workspace/install/unified_vision_system/lib/python3.11/site-packages/unified_vision_system-1.0.0-py3.11.egg-info/SOURCES.txt
[0.936s] -- Installing: /workspace/install/unified_vision_system/lib/python3.11/site-packages/unified_vision_system-1.0.0-py3.11.egg-info/top_level.txt
[0.936s] -- Installing: /workspace/install/unified_vision_system/lib/python3.11/site-packages/unified_vision_system-1.0.0-py3.11.egg-info/dependency_links.txt
[0.936s] -- Up-to-date: /workspace/install/unified_vision_system/lib/python3.11/site-packages/unified_vision_system
[0.936s] -- Up-to-date: /workspace/install/unified_vision_system/lib/python3.11/site-packages/unified_vision_system/system
[0.936s] -- Up-to-date: /workspace/install/unified_vision_system/lib/python3.11/site-packages/unified_vision_system/system/UnifiedVisionSystem.py
[0.936s] -- Up-to-date: /workspace/install/unified_vision_system/lib/python3.11/site-packages/unified_vision_system/system/UnifiedVisionSystemSim.py
[0.936s] -- Up-to-date: /workspace/install/unified_vision_system/lib/python3.11/site-packages/unified_vision_system/system/__init__.py
[0.936s] -- Up-to-date: /workspace/install/unified_vision_system/lib/python3.11/site-packages/unified_vision_system/calibration
[0.936s] -- Up-to-date: /workspace/install/unified_vision_system/lib/python3.11/site-packages/unified_vision_system/calibration/CameraCalibration.py
[0.936s] -- Up-to-date: /workspace/install/unified_vision_system/lib/python3.11/site-packages/unified_vision_system/calibration/EyeInHandSafetyChecker.py
[0.936s] -- Up-to-date: /workspace/install/unified_vision_system/lib/python3.11/site-packages/unified_vision_system/calibration/__init__.py
[0.937s] -- Up-to-date: /workspace/install/unified_vision_system/lib/python3.11/site-packages/unified_vision_system/calibration/HandEyeCalibrator.py
[0.937s] -- Up-to-date: /workspace/install/unified_vision_system/lib/python3.11/site-packages/unified_vision_system/perception
[0.937s] -- Up-to-date: /workspace/install/unified_vision_system/lib/python3.11/site-packages/unified_vision_system/perception/OWLViTDetector.py
[0.937s] -- Up-to-date: /workspace/install/unified_vision_system/lib/python3.11/site-packages/unified_vision_system/perception/GraspPointDetector.py
[0.937s] -- Up-to-date: /workspace/install/unified_vision_system/lib/python3.11/site-packages/unified_vision_system/perception/WorkSpaceValidator.py
[0.937s] -- Up-to-date: /workspace/install/unified_vision_system/lib/python3.11/site-packages/unified_vision_system/perception/__init__.py
[0.937s] -- Up-to-date: /workspace/install/unified_vision_system/lib/python3.11/site-packages/unified_vision_system/perception/DepthAwareDetector.py
[0.937s] -- Up-to-date: /workspace/install/unified_vision_system/lib/python3.11/site-packages/unified_vision_system/hri
[0.937s] -- Up-to-date: /workspace/install/unified_vision_system/lib/python3.11/site-packages/unified_vision_system/hri/ExperimentalController.py
[0.937s] -- Up-to-date: /workspace/install/unified_vision_system/lib/python3.11/site-packages/unified_vision_system/hri/EnhancedConstructionRAG.py
[0.937s] -- Up-to-date: /workspace/install/unified_vision_system/lib/python3.11/site-packages/unified_vision_system/hri/SpeechCommandProcessor.py
[0.937s] -- Up-to-date: /workspace/install/unified_vision_system/lib/python3.11/site-packages/unified_vision_system/hri/ConstructionRasaNLP.py
[0.937s] -- Up-to-date: /workspace/install/unified_vision_system/lib/python3.11/site-packages/unified_vision_system/hri/ConstructionClarificationManager.py
[0.937s] -- Up-to-date: /workspace/install/unified_vision_system/lib/python3.11/site-packages/unified_vision_system/hri/__init__.py
[0.937s] -- Up-to-date: /workspace/install/unified_vision_system/lib/python3.11/site-packages/unified_vision_system/hri/ConstructionTTSManager.py
[0.937s] -- Up-to-date: /workspace/install/unified_vision_system/lib/python3.11/site-packages/unified_vision_system/__init__.py
[0.937s] -- Up-to-date: /workspace/install/unified_vision_system/lib/python3.11/site-packages/unified_vision_system/control
[0.937s] -- Up-to-date: /workspace/install/unified_vision_system/lib/python3.11/site-packages/unified_vision_system/control/HybridIKWrapper.py
[0.937s] -- Up-to-date: /workspace/install/unified_vision_system/lib/python3.11/site-packages/unified_vision_system/control/UR30Kinematics.py
[0.937s] -- Up-to-date: /workspace/install/unified_vision_system/lib/python3.11/site-packages/unified_vision_system/control/ur30_robot_rtb.py
[0.937s] -- Up-to-date: /workspace/install/unified_vision_system/lib/python3.11/site-packages/unified_vision_system/control/__init__.py
[0.937s] -- Up-to-date: /workspace/install/unified_vision_system/lib/python3.11/site-packages/unified_vision_system/control/ur30_grasp_controller.py
[0.937s] -- Up-to-date: /workspace/install/unified_vision_system/lib/python3.11/site-packages/unified_vision_system/metrics
[0.937s] -- Up-to-date: /workspace/install/unified_vision_system/lib/python3.11/site-packages/unified_vision_system/metrics/TrustQuestionnaire.py
[0.937s] -- Up-to-date: /workspace/install/unified_vision_system/lib/python3.11/site-packages/unified_vision_system/metrics/NASATLXAssessment.py
[0.937s] -- Up-to-date: /workspace/install/unified_vision_system/lib/python3.11/site-packages/unified_vision_system/metrics/BehavioralMetrics.py
[0.937s] -- Up-to-date: /workspace/install/unified_vision_system/lib/python3.11/site-packages/unified_vision_system/metrics/__init__.py
[0.960s] Listing '/workspace/install/unified_vision_system/lib/python3.11/site-packages/unified_vision_system'...
[0.960s] Listing '/workspace/install/unified_vision_system/lib/python3.11/site-packages/unified_vision_system/calibration'...
[0.960s] Listing '/workspace/install/unified_vision_system/lib/python3.11/site-packages/unified_vision_system/control'...
[0.960s] Listing '/workspace/install/unified_vision_system/lib/python3.11/site-packages/unified_vision_system/hri'...
[0.960s] Listing '/workspace/install/unified_vision_system/lib/python3.11/site-packages/unified_vision_system/metrics'...
[0.960s] Listing '/workspace/install/unified_vision_system/lib/python3.11/site-packages/unified_vision_system/perception'...
[0.960s] Listing '/workspace/install/unified_vision_system/lib/python3.11/site-packages/unified_vision_system/system'...
[0.964s] -- Up-to-date: /workspace/install/unified_vision_system/lib/unified_vision_system/unified_vision_system_node.py
[0.964s] -- Up-to-date: /workspace/install/unified_vision_system/lib/unified_vision_system/create_sim_calibration.py
[0.964s] -- Up-to-date: /workspace/install/unified_vision_system/share/unified_vision_system/launch
[0.964s] -- Up-to-date: /workspace/install/unified_vision_system/share/unified_vision_system/launch/test_unified_vision_system.py
[0.964s] -- Up-to-date: /workspace/install/unified_vision_system/share/unified_vision_system/launch/.DS_Store
[0.964s] -- Up-to-date: /workspace/install/unified_vision_system/share/unified_vision_system/launch/launch_gazebo_with_red_cube.py
[0.965s] -- Up-to-date: /workspace/install/unified_vision_system/share/unified_vision_system/config
[0.965s] -- Up-to-date: /workspace/install/unified_vision_system/share/unified_vision_system/config/simulation_controllers.yaml
[0.965s] -- Up-to-date: /workspace/install/unified_vision_system/share/unified_vision_system/config/ur30_vision_moveit.rviz
[0.965s] -- Up-to-date: /workspace/install/unified_vision_system/share/unified_vision_system/config/ur30_robotiq.srdf.xacro
[0.965s] -- Up-to-date: /workspace/install/unified_vision_system/share/unified_vision_system/config/simulation_controllers.yaml.sync
[0.965s] -- Up-to-date: /workspace/install/unified_vision_system/share/unified_vision_system/urdf
[0.965s] -- Up-to-date: /workspace/install/unified_vision_system/share/unified_vision_system/urdf/ur30_simple_gripper_realsense.urdf.xacro
[0.965s] -- Up-to-date: /workspace/install/unified_vision_system/share/unified_vision_system/urdf/ur30_robotiq_realsense.urdf.xacro
[0.965s] -- Installing: /workspace/install/unified_vision_system/share/unified_vision_system/urdf/ur30_simple_gripper_camera.urdf.xacro
[0.965s] -- Up-to-date: /workspace/install/unified_vision_system/share/unified_vision_system/urdf/robotiq_arg85.urdf
[0.965s] -- Up-to-date: /workspace/install/unified_vision_system/share/unified_vision_system/urdf/.DS_Store
[0.965s] -- Up-to-date: /workspace/install/unified_vision_system/share/unified_vision_system/urdf/ur30_camera_only.urdf.xacro
[0.965s] -- Up-to-date: /workspace/install/unified_vision_system/share/unified_vision_system/urdf/simple_parallel_gripper.urdf.xacro
[0.965s] -- Up-to-date: /workspace/install/unified_vision_system/share/unified_vision_system/urdf/robotiq_85_stable.urdf.xacro
[0.965s] -- Up-to-date: /workspace/install/unified_vision_system/share/unified_vision_system/worlds
[0.965s] -- Up-to-date: /workspace/install/unified_vision_system/share/unified_vision_system/worlds/ur30_vision_world.world
[0.966s] -- Up-to-date: /workspace/install/unified_vision_system/share/unified_vision_system/meshes
[0.966s] -- Up-to-date: /workspace/install/unified_vision_system/share/unified_vision_system/meshes/outer_knuckle_coarse.STL
[0.966s] -- Up-to-date: /workspace/install/unified_vision_system/share/unified_vision_system/meshes/inner_knuckle_coarse.STL
[0.966s] -- Up-to-date: /workspace/install/unified_vision_system/share/unified_vision_system/meshes/outer_finger_fine.STL
[0.966s] -- Up-to-date: /workspace/install/unified_vision_system/share/unified_vision_system/meshes/inner_finger_fine.STL
[0.966s] -- Up-to-date: /workspace/install/unified_vision_system/share/unified_vision_system/meshes/robotiq_85_base_link_fine.STL
[0.966s] -- Up-to-date: /workspace/install/unified_vision_system/share/unified_vision_system/meshes/inner_finger_coarse.STL
[0.966s] -- Up-to-date: /workspace/install/unified_vision_system/share/unified_vision_system/meshes/inner_knuckle_fine.STL
[0.966s] -- Up-to-date: /workspace/install/unified_vision_system/share/unified_vision_system/meshes/robotiq_85_base_link_coarse.STL
[0.966s] -- Up-to-date: /workspace/install/unified_vision_system/share/unified_vision_system/meshes/outer_finger_coarse.STL
[0.966s] -- Up-to-date: /workspace/install/unified_vision_system/share/unified_vision_system/meshes/outer_knuckle_fine.STL
[0.966s] -- Installing: /workspace/install/unified_vision_system/share/ament_index/resource_index/package_run_dependencies/unified_vision_system
[0.966s] -- Installing: /workspace/install/unified_vision_system/share/ament_index/resource_index/parent_prefix_path/unified_vision_system
[0.966s] -- Up-to-date: /workspace/install/unified_vision_system/share/unified_vision_system/environment/ament_prefix_path.sh
[0.966s] -- Installing: /workspace/install/unified_vision_system/share/unified_vision_system/environment/ament_prefix_path.dsv
[0.966s] -- Up-to-date: /workspace/install/unified_vision_system/share/unified_vision_system/environment/path.sh
[0.966s] -- Installing: /workspace/install/unified_vision_system/share/unified_vision_system/environment/path.dsv
[0.966s] -- Installing: /workspace/install/unified_vision_system/share/unified_vision_system/local_setup.bash
[0.966s] -- Installing: /workspace/install/unified_vision_system/share/unified_vision_system/local_setup.sh
[0.966s] -- Installing: /workspace/install/unified_vision_system/share/unified_vision_system/local_setup.zsh
[0.966s] -- Installing: /workspace/install/unified_vision_system/share/unified_vision_system/local_setup.dsv
[0.966s] -- Installing: /workspace/install/unified_vision_system/share/unified_vision_system/package.dsv
[0.966s] -- Installing: /workspace/install/unified_vision_system/share/ament_index/resource_index/packages/unified_vision_system
[0.967s] -- Installing: /workspace/install/unified_vision_system/share/unified_vision_system/cmake/ament_cmake_export_dependencies-extras.cmake
[0.967s] -- Installing: /workspace/install/unified_vision_system/share/unified_vision_system/cmake/unified_vision_systemConfig.cmake
[0.967s] -- Installing: /workspace/install/unified_vision_system/share/unified_vision_system/cmake/unified_vision_systemConfig-version.cmake
[0.967s] -- Up-to-date: /workspace/install/unified_vision_system/share/unified_vision_system/package.xml
[0.969s] Invoked command in '/workspace/build/unified_vision_system' returned '0': CMAKE_PREFIX_PATH=/workspace/install/ur_description:/workspace/install/robotiq_description:/opt/ros/humble:/workspace/install/robotiq_2f_85_gripper_visualization:/workspace/install/unified_vision_system:/workspace/install/robotiq_hardware_tests:/workspace/install/robotiq_driver:/workspace/install/serial:/workspace/install/robotiq_controllers /usr/bin/cmake --install /workspace/build/unified_vision_system
